[ 2016-03-29T13:58:42+08:00 ] ::1 /studentMange/index.php/Student/Login/login_judge.shtml
INFO: [ app_begin ] --START--
INFO: Run Behavior\ReadHtmlCacheBehavior [ RunTime:0.001000s ]
INFO: [ app_begin ] --END-- [ RunTime:0.001000s ]
SQL: SHOW COLUMNS FROM `sm_teacher` [ RunTime:0.0220s ]
SQL: SHOW COLUMNS FROM `sm_teacher_course` [ RunTime:0.0070s ]
SQL: SELECT `tname` FROM `sm_teacher` WHERE ( tid=1208010126 ) LIMIT 1   [ RunTime:0.0020s ]
NOTIC: [8] Undefined offset: 1 E:\xampp0\htdocs\studentMange\Application\Student\Controller\JsSpiderController.class.php 第 95 行.

[ 2016-03-29T13:58:46+08:00 ] ::1 /studentMange/index.php/Student/Login/login_judge.shtml
INFO: [ app_begin ] --START--
INFO: Run Behavior\ReadHtmlCacheBehavior [ RunTime:0.001000s ]
INFO: [ app_begin ] --END-- [ RunTime:0.001000s ]
SQL: SHOW COLUMNS FROM `sm_student` [ RunTime:0.0080s ]
SQL: SHOW COLUMNS FROM `sm_student_course` [ RunTime:0.0110s ]
SQL: SELECT `sname` FROM `sm_student` WHERE ( sid=1208010126 ) LIMIT 1   [ RunTime:0.0010s ]
SQL: SELECT `cname`,`tname` FROM `sm_student_course` WHERE ( sid=1208010126 )  [ RunTime:0.0000s ]
NOTIC: [8] A session had already been started - ignoring session_start() E:\xampp0\htdocs\studentMange\ThinkPHP\Common\functions.php 第 1263 行.

[ 2016-03-29T14:21:38+08:00 ] ::1 /studentMange/index.php/Student/Login/login_judge.shtml
INFO: [ app_begin ] --START--
INFO: Run Behavior\ReadHtmlCacheBehavior [ RunTime:0.001000s ]
INFO: [ app_begin ] --END-- [ RunTime:0.002000s ]
SQL: SHOW COLUMNS FROM `sm_student` [ RunTime:0.0120s ]
SQL: SHOW COLUMNS FROM `sm_student_course` [ RunTime:0.0070s ]
SQL: SELECT `sname` FROM `sm_student` WHERE ( sid=1208010126 ) LIMIT 1   [ RunTime:0.0010s ]
SQL: SELECT `cname`,`tname` FROM `sm_student_course` WHERE ( sid=1208010126 )  [ RunTime:0.0000s ]
NOTIC: [8] A session had already been started - ignoring session_start() E:\xampp0\htdocs\studentMange\ThinkPHP\Common\functions.php 第 1263 行.

[ 2016-03-29T15:21:15+08:00 ] ::1 /studentMange/index.php/Student/task/send_task/task_id/21
INFO: [ app_begin ] --START--
INFO: Run Behavior\ReadHtmlCacheBehavior [ RunTime:0.000000s ]
INFO: [ app_begin ] --END-- [ RunTime:0.000000s ]

[ 2016-03-29T15:21:18+08:00 ] ::1 /studentMange/index.php/Student/task/send_task/task_id/21
INFO: [ app_begin ] --START--
INFO: Run Behavior\ReadHtmlCacheBehavior [ RunTime:0.001000s ]
INFO: [ app_begin ] --END-- [ RunTime:0.001000s ]

[ 2016-03-29T15:21:19+08:00 ] ::1 /studentMange/index.php/Student/task/send_task/task_id/21
INFO: [ app_begin ] --START--
INFO: Run Behavior\ReadHtmlCacheBehavior [ RunTime:0.001000s ]
INFO: [ app_begin ] --END-- [ RunTime:0.001000s ]

[ 2016-03-29T15:21:19+08:00 ] ::1 /studentMange/index.php/Student/task/send_task/task_id/21
INFO: [ app_begin ] --START--
INFO: Run Behavior\ReadHtmlCacheBehavior [ RunTime:0.000000s ]
INFO: [ app_begin ] --END-- [ RunTime:0.000000s ]

[ 2016-03-29T15:22:31+08:00 ] ::1 /studentMange/index.php/Student/task/send_task/task_id/21
INFO: [ app_begin ] --START--
INFO: Run Behavior\ReadHtmlCacheBehavior [ RunTime:0.001000s ]
INFO: [ app_begin ] --END-- [ RunTime:0.001000s ]

[ 2016-03-29T15:33:25+08:00 ] ::1 /studentMange/index.php/Student/task/send_task/task_id/21/task_type/%E8%AF%BE%E5%89%8D
INFO: [ app_begin ] --START--
INFO: Run Behavior\ReadHtmlCacheBehavior [ RunTime:0.001000s ]
INFO: [ app_begin ] --END-- [ RunTime:0.002000s ]
SQL: SHOW COLUMNS FROM `sm_stask` [ RunTime:0.0040s ]
SQL: INSERT INTO `sm_stask` (`sid`,`task_id`,`sname`,`submit_time`,`is_mark`,`type`) VALUES ('1208010126','21','周章毅','1459236805','0','课前') [ RunTime:0.0000s ]

[ 2016-03-29T15:35:59+08:00 ] ::1 /studentMange/index.php/Student/task/send_task/task_id/21/task_type/%E8%AF%BE%E5%89%8D
INFO: [ app_begin ] --START--
INFO: Run Behavior\ReadHtmlCacheBehavior [ RunTime:0.001000s ]
INFO: [ app_begin ] --END-- [ RunTime:0.001000s ]
SQL: SHOW COLUMNS FROM `sm_stask` [ RunTime:0.0030s ]
SQL: INSERT INTO `sm_stask` (`content`,`sid`,`task_id`,`sname`,`submit_time`,`is_mark`,`type`) VALUES ('&lt;p&gt;ffff&lt;/p&gt;','1208010126','21','周章毅','1459236959','0','课前') [ RunTime:0.0010s ]

[ 2016-03-29T15:48:01+08:00 ] ::1 /studentMange/index.php/Student/Course/index/course/UNIX%E7%A8%8B%E5%BA%8F%E8%AE%BE%E8%AE%A1/tname/%E6%9B%B9%E7%8E%B2.shtml
ERR: 1054:Unknown column 'tid' in 'where clause'
 [ SQL语句 ] : SELECT * FROM `sm_stask` WHERE ( sid=1208010126 AND tid=1 ) LIMIT 1  

[ 2016-03-29T15:48:02+08:00 ] ::1 /studentMange/index.php/Student/Course/index/course/UNIX%E7%A8%8B%E5%BA%8F%E8%AE%BE%E8%AE%A1/tname/%E6%9B%B9%E7%8E%B2.shtml
ERR: 1054:Unknown column 'tid' in 'where clause'
 [ SQL语句 ] : SELECT * FROM `sm_stask` WHERE ( sid=1208010126 AND tid=1 ) LIMIT 1  

[ 2016-03-29T15:48:02+08:00 ] ::1 /studentMange/index.php/Student/Course/index/course/UNIX%E7%A8%8B%E5%BA%8F%E8%AE%BE%E8%AE%A1/tname/%E6%9B%B9%E7%8E%B2.shtml
ERR: 1054:Unknown column 'tid' in 'where clause'
 [ SQL语句 ] : SELECT * FROM `sm_stask` WHERE ( sid=1208010126 AND tid=1 ) LIMIT 1  

[ 2016-03-29T15:48:02+08:00 ] ::1 /studentMange/index.php/Student/Course/index/course/UNIX%E7%A8%8B%E5%BA%8F%E8%AE%BE%E8%AE%A1/tname/%E6%9B%B9%E7%8E%B2.shtml
ERR: 1054:Unknown column 'tid' in 'where clause'
 [ SQL语句 ] : SELECT * FROM `sm_stask` WHERE ( sid=1208010126 AND tid=1 ) LIMIT 1  

[ 2016-03-29T15:48:19+08:00 ] ::1 /studentMange/index.php/Student/Course/index/course/UNIX%E7%A8%8B%E5%BA%8F%E8%AE%BE%E8%AE%A1/tname/%E6%9B%B9%E7%8E%B2.shtml
ERR: 1054:Unknown column 'tid' in 'where clause'
 [ SQL语句 ] : SELECT * FROM `sm_stask` WHERE ( sid=1208010126 AND tid=16 ) LIMIT 1  

[ 2016-03-29T15:48:21+08:00 ] ::1 /studentMange/index.php/Student/Course/index/course/UNIX%E7%A8%8B%E5%BA%8F%E8%AE%BE%E8%AE%A1/tname/%E6%9B%B9%E7%8E%B2.shtml
ERR: 1054:Unknown column 'tid' in 'where clause'
 [ SQL语句 ] : SELECT * FROM `sm_stask` WHERE ( sid=1208010126 AND tid=16 ) LIMIT 1  

[ 2016-03-29T15:48:21+08:00 ] ::1 /studentMange/index.php/Student/Course/index/course/UNIX%E7%A8%8B%E5%BA%8F%E8%AE%BE%E8%AE%A1/tname/%E6%9B%B9%E7%8E%B2.shtml
ERR: 1054:Unknown column 'tid' in 'where clause'
 [ SQL语句 ] : SELECT * FROM `sm_stask` WHERE ( sid=1208010126 AND tid=16 ) LIMIT 1  

[ 2016-03-29T15:48:21+08:00 ] ::1 /studentMange/index.php/Student/Course/index/course/UNIX%E7%A8%8B%E5%BA%8F%E8%AE%BE%E8%AE%A1/tname/%E6%9B%B9%E7%8E%B2.shtml
ERR: 1054:Unknown column 'tid' in 'where clause'
 [ SQL语句 ] : SELECT * FROM `sm_stask` WHERE ( sid=1208010126 AND tid=16 ) LIMIT 1  

[ 2016-03-29T15:48:21+08:00 ] ::1 /studentMange/index.php/Student/Course/index/course/UNIX%E7%A8%8B%E5%BA%8F%E8%AE%BE%E8%AE%A1/tname/%E6%9B%B9%E7%8E%B2.shtml
ERR: 1054:Unknown column 'tid' in 'where clause'
 [ SQL语句 ] : SELECT * FROM `sm_stask` WHERE ( sid=1208010126 AND tid=16 ) LIMIT 1  

[ 2016-03-29T15:48:21+08:00 ] ::1 /studentMange/index.php/Student/Course/index/course/UNIX%E7%A8%8B%E5%BA%8F%E8%AE%BE%E8%AE%A1/tname/%E6%9B%B9%E7%8E%B2.shtml
ERR: 1054:Unknown column 'tid' in 'where clause'
 [ SQL语句 ] : SELECT * FROM `sm_stask` WHERE ( sid=1208010126 AND tid=16 ) LIMIT 1  

[ 2016-03-29T15:48:21+08:00 ] ::1 /studentMange/index.php/Student/Course/index/course/UNIX%E7%A8%8B%E5%BA%8F%E8%AE%BE%E8%AE%A1/tname/%E6%9B%B9%E7%8E%B2.shtml
ERR: 1054:Unknown column 'tid' in 'where clause'
 [ SQL语句 ] : SELECT * FROM `sm_stask` WHERE ( sid=1208010126 AND tid=16 ) LIMIT 1  

[ 2016-03-29T15:51:04+08:00 ] ::1 /studentMange/index.php/Student/Course/index/course/UNIX%E7%A8%8B%E5%BA%8F%E8%AE%BE%E8%AE%A1/tname/%E6%9B%B9%E7%8E%B2.shtml
ERR: 1064:You have an error in your SQL syntax; check the manual that corresponds to your MariaDB server version for the right syntax to use near '('sid') AND task_id=16 ) LIMIT 1' at line 1
 [ SQL语句 ] : SELECT * FROM `sm_stask` WHERE ( sid=session('sid') AND task_id=16 ) LIMIT 1  

[ 2016-03-29T16:06:01+08:00 ] ::1 /studentMange/index.php/Student/task/index/s_task_id/v.shtml
ERR: 1054:Unknown column 'v' in 'where clause'
 [ SQL语句 ] : SELECT * FROM `sm_stask` WHERE ( id=v ) LIMIT 1  

[ 2016-03-29T16:37:34+08:00 ] ::1 /studentMange/index.php/Student/task/send_task/task_id/21/task_type/%E8%AF%BE%E5%89%8D
INFO: [ app_begin ] --START--
INFO: Run Behavior\ReadHtmlCacheBehavior [ RunTime:0.001000s ]
INFO: [ app_begin ] --END-- [ RunTime:0.001000s ]
SQL: SHOW COLUMNS FROM `sm_stask` [ RunTime:0.0040s ]
SQL: UPDATE `sm_stask` SET `content`='&lt;p&gt;ffff fasdfasdfasdf&lt;/p&gt;&lt;p id=&quot;default_c&quot;&gt;&lt;br/&gt;&lt;/p&gt;' WHERE ( id=2 ) [ RunTime:0.0000s ]

[ 2016-03-29T16:42:18+08:00 ] ::1 /studentMange/index.php/Student/task/send_task/task_id/16/task_type/%E8%AF%BE%E5%90%8E
INFO: [ app_begin ] --START--
INFO: Run Behavior\ReadHtmlCacheBehavior [ RunTime:0.001000s ]
INFO: [ app_begin ] --END-- [ RunTime:0.001000s ]
SQL: SHOW COLUMNS FROM `sm_stask` [ RunTime:0.0040s ]
SQL: INSERT INTO `sm_stask` (`content`,`sid`,`task_id`,`sname`,`submit_time`,`is_mark`,`type`) VALUES ('&lt;p&gt;fffffffffffffffffffffffffffffffffffffffffffffffffffffffffffffffffffffffffffffffffffffffffffffffffffffffffffffffffffffffffffffffffffffffffffffff&lt;/p&gt;','1208010126','16','周章毅','1459240938','0','课后') [ RunTime:0.0000s ]

[ 2016-03-29T16:42:34+08:00 ] ::1 /studentMange/index.php/Student/task/send_task/task_id/16/task_type/%E8%AF%BE%E5%90%8E
INFO: [ app_begin ] --START--
INFO: Run Behavior\ReadHtmlCacheBehavior [ RunTime:0.000000s ]
INFO: [ app_begin ] --END-- [ RunTime:0.000000s ]
SQL: SHOW COLUMNS FROM `sm_stask` [ RunTime:0.0040s ]
SQL: UPDATE `sm_stask` SET `content`='&lt;p&gt;fffffffffffffffffffffffffffffffffffffffffffffffffffffffffffffffffffffffffffffffffffffffffffffffffffffffffffffffffffffffffffffffffffffffffffffffssssssssssssssssssssssssssssssssssssss&lt;/p&gt;&lt;p id=&quot;default_c&quot;&gt;&lt;br/&gt;&lt;/p&gt;' WHERE ( id=3 ) [ RunTime:0.0010s ]

[ 2016-03-29T17:01:10+08:00 ] ::1 /studentMange/index.php/Student/index/logout
INFO: [ app_begin ] --START--
INFO: Run Behavior\ReadHtmlCacheBehavior [ RunTime:0.001000s ]
INFO: [ app_begin ] --END-- [ RunTime:0.002000s ]

[ 2016-03-29T17:01:14+08:00 ] ::1 /studentMange/index.php/Student/Course/index/course/UNIX%E7%A8%8B%E5%BA%8F%E8%AE%BE%E8%AE%A1/tname/%E6%9B%B9%E7%8E%B2.shtml
ERR: 1064:You have an error in your SQL syntax; check the manual that corresponds to your MariaDB server version for the right syntax to use near 'AND task_id=16 ) LIMIT 1' at line 1
 [ SQL语句 ] : SELECT `id` FROM `sm_stask` WHERE ( sid= AND task_id=16 ) LIMIT 1  

[ 2016-03-29T17:01:22+08:00 ] ::1 /studentMange/index.php/Student/Course/index/course/UNIX%E7%A8%8B%E5%BA%8F%E8%AE%BE%E8%AE%A1/tname/%E6%9B%B9%E7%8E%B2.shtml
ERR: 1064:You have an error in your SQL syntax; check the manual that corresponds to your MariaDB server version for the right syntax to use near 'AND task_id=16 ) LIMIT 1' at line 1
 [ SQL语句 ] : SELECT `id` FROM `sm_stask` WHERE ( sid= AND task_id=16 ) LIMIT 1  

[ 2016-03-29T17:01:23+08:00 ] ::1 /studentMange/index.php/Student/Course/index/course/UNIX%E7%A8%8B%E5%BA%8F%E8%AE%BE%E8%AE%A1/tname/%E6%9B%B9%E7%8E%B2.shtml
ERR: 1064:You have an error in your SQL syntax; check the manual that corresponds to your MariaDB server version for the right syntax to use near 'AND task_id=16 ) LIMIT 1' at line 1
 [ SQL语句 ] : SELECT `id` FROM `sm_stask` WHERE ( sid= AND task_id=16 ) LIMIT 1  

[ 2016-03-29T17:01:23+08:00 ] ::1 /studentMange/index.php/Student/Course/index/course/UNIX%E7%A8%8B%E5%BA%8F%E8%AE%BE%E8%AE%A1/tname/%E6%9B%B9%E7%8E%B2.shtml
ERR: 1064:You have an error in your SQL syntax; check the manual that corresponds to your MariaDB server version for the right syntax to use near 'AND task_id=16 ) LIMIT 1' at line 1
 [ SQL语句 ] : SELECT `id` FROM `sm_stask` WHERE ( sid= AND task_id=16 ) LIMIT 1  

[ 2016-03-29T17:01:23+08:00 ] ::1 /studentMange/index.php/Student/Course/index/course/UNIX%E7%A8%8B%E5%BA%8F%E8%AE%BE%E8%AE%A1/tname/%E6%9B%B9%E7%8E%B2.shtml
ERR: 1064:You have an error in your SQL syntax; check the manual that corresponds to your MariaDB server version for the right syntax to use near 'AND task_id=16 ) LIMIT 1' at line 1
 [ SQL语句 ] : SELECT `id` FROM `sm_stask` WHERE ( sid= AND task_id=16 ) LIMIT 1  

[ 2016-03-29T17:01:32+08:00 ] ::1 /studentMange/index.php/Student/Course/index/course/UNIX%E7%A8%8B%E5%BA%8F%E8%AE%BE%E8%AE%A1/tname/%E6%9B%B9%E7%8E%B2.shtml
ERR: 1064:You have an error in your SQL syntax; check the manual that corresponds to your MariaDB server version for the right syntax to use near 'AND task_id=16 ) LIMIT 1' at line 1
 [ SQL语句 ] : SELECT `id` FROM `sm_stask` WHERE ( sid= AND task_id=16 ) LIMIT 1  

[ 2016-03-29T17:02:17+08:00 ] ::1 /studentMange/index.php/Student/Login/login_judge.shtml
INFO: [ app_begin ] --START--
INFO: Run Behavior\ReadHtmlCacheBehavior [ RunTime:0.002000s ]
INFO: [ app_begin ] --END-- [ RunTime:0.002000s ]
SQL: SHOW COLUMNS FROM `sm_student` [ RunTime:0.0070s ]
SQL: SHOW COLUMNS FROM `sm_student_course` [ RunTime:0.0050s ]
SQL: SELECT `sname` FROM `sm_student` WHERE ( sid=1208010126 ) LIMIT 1   [ RunTime:0.0010s ]
SQL: SELECT `cname`,`tname` FROM `sm_student_course` WHERE ( sid=1208010126 )  [ RunTime:0.0000s ]
NOTIC: [8] A session had already been started - ignoring session_start() E:\xampp0\htdocs\studentMange\ThinkPHP\Common\functions.php 第 1263 行.

[ 2016-03-29T17:02:40+08:00 ] ::1 /studentMange/index.php/Student/task/send_task/task_id/21/task_type/%E8%AF%BE%E5%89%8D
INFO: [ app_begin ] --START--
INFO: Run Behavior\ReadHtmlCacheBehavior [ RunTime:0.001000s ]
INFO: [ app_begin ] --END-- [ RunTime:0.002000s ]
SQL: SHOW COLUMNS FROM `sm_stask` [ RunTime:0.0030s ]
SQL: UPDATE `sm_stask` SET `content`='&lt;p&gt;ffff fasdfasdfasdffasd&amp;nbsp;&lt;/p&gt;&lt;p id=&quot;default_c&quot;&gt;sadfas&lt;/p&gt;&lt;p id=&quot;default_c&quot;&gt;&lt;br/&gt;&lt;/p&gt;' WHERE ( id=2 ) [ RunTime:0.0000s ]

[ 2016-03-29T17:05:44+08:00 ] ::1 /studentMange/index.php/Student/task/send_task/task_id/21/task_type/%E8%AF%BE%E5%89%8D
INFO: [ app_begin ] --START--
INFO: Run Behavior\ReadHtmlCacheBehavior [ RunTime:0.001000s ]
INFO: [ app_begin ] --END-- [ RunTime:0.001000s ]
SQL: SHOW COLUMNS FROM `sm_stask` [ RunTime:0.0030s ]
SQL: INSERT INTO `sm_stask` (`content`,`sid`,`task_id`,`sname`,`submit_time`,`is_mark`,`type`) VALUES ('&lt;p id=&quot;default_c&quot;&gt;请将您的作业内容写在这里&lt;/p&gt;','1208010126','21','周章毅','1459242344','0','课前') [ RunTime:0.0010s ]

[ 2016-03-29T17:07:10+08:00 ] ::1 /studentMange/index.php/Student/task/send_task/task_id/19/task_type/%E8%AF%BE%E5%89%8D
INFO: [ app_begin ] --START--
INFO: Run Behavior\ReadHtmlCacheBehavior [ RunTime:0.001000s ]
INFO: [ app_begin ] --END-- [ RunTime:0.001000s ]
SQL: SHOW COLUMNS FROM `sm_stask` [ RunTime:0.0040s ]
SQL: INSERT INTO `sm_stask` (`content`,`sid`,`task_id`,`sname`,`submit_time`,`is_mark`,`type`) VALUES ('&lt;p id=&quot;default_c&quot;&gt;请将您的作业内容写在这里&lt;/p&gt;','1208010126','19','周章毅','1459242430','0','课前') [ RunTime:0.0010s ]

[ 2016-03-29T17:08:15+08:00 ] ::1 /studentMange/index.php/Student/task/send_task/task_id/20/task_type/%E8%AF%BE%E5%89%8D
INFO: [ app_begin ] --START--
INFO: Run Behavior\ReadHtmlCacheBehavior [ RunTime:0.002000s ]
INFO: [ app_begin ] --END-- [ RunTime:0.002000s ]
SQL: SHOW COLUMNS FROM `sm_stask` [ RunTime:0.0030s ]
SQL: INSERT INTO `sm_stask` (`content`,`sid`,`task_id`,`sname`,`submit_time`,`is_mark`,`type`) VALUES ('&lt;p id=&quot;default_c&quot;&gt;请将您的作业内容写在这里飞飞飞&lt;/p&gt;','1208010126','20','周章毅','1459242495','0','课前') [ RunTime:0.0010s ]

[ 2016-03-29T17:33:47+08:00 ] ::1 /studentMange/index.php/Student/task/send_task/task_id/15/task_type/%E8%AF%BE%E5%89%8D
INFO: [ app_begin ] --START--
INFO: Run Behavior\ReadHtmlCacheBehavior [ RunTime:0.001000s ]
INFO: [ app_begin ] --END-- [ RunTime:0.001000s ]
SQL: SHOW COLUMNS FROM `sm_stask` [ RunTime:0.0040s ]
SQL: INSERT INTO `sm_stask` (`content`,`sid`,`task_id`,`sname`,`submit_time`,`is_mark`,`type`) VALUES ('&lt;p id=&quot;default_c&quot;&gt;请将您的作业内容写在这里&lt;/p&gt;','1208010126','15','周章毅','1459244027','0','课前') [ RunTime:0.0010s ]

[ 2016-03-29T17:35:40+08:00 ] ::1 /studentMange/index.php/Student/Login/login_judge.shtml
INFO: [ app_begin ] --START--
INFO: Run Behavior\ReadHtmlCacheBehavior [ RunTime:0.001000s ]
INFO: [ app_begin ] --END-- [ RunTime:0.001000s ]
SQL: SHOW COLUMNS FROM `sm_teacher` [ RunTime:0.0030s ]
SQL: SHOW COLUMNS FROM `sm_teacher_course` [ RunTime:0.0040s ]
SQL: SELECT `tname` FROM `sm_teacher` WHERE ( tid=080135 ) LIMIT 1   [ RunTime:0.0000s ]
SQL: SELECT `cname` FROM `sm_teacher_course` WHERE ( tid=080135 )  [ RunTime:0.0020s ]
NOTIC: [8] A session had already been started - ignoring session_start() E:\xampp0\htdocs\studentMange\ThinkPHP\Common\functions.php 第 1263 行.

[ 2016-03-29T19:15:04+08:00 ] ::1 /studentMange/index.php/Student/Login/login_judge.shtml
INFO: [ app_begin ] --START--
INFO: Run Behavior\ReadHtmlCacheBehavior [ RunTime:0.001000s ]
INFO: [ app_begin ] --END-- [ RunTime:0.001000s ]
SQL: SHOW COLUMNS FROM `sm_student` [ RunTime:0.0040s ]
SQL: SHOW COLUMNS FROM `sm_student_course` [ RunTime:0.0040s ]
SQL: SELECT `sname` FROM `sm_student` WHERE ( sid=1208010126 ) LIMIT 1   [ RunTime:0.0010s ]
SQL: SELECT `cname`,`tname` FROM `sm_student_course` WHERE ( sid=1208010126 )  [ RunTime:0.0010s ]
NOTIC: [8] A session had already been started - ignoring session_start() E:\xampp0\htdocs\studentMange\ThinkPHP\Common\functions.php 第 1263 行.

[ 2016-03-29T19:35:54+08:00 ] ::1 /studentMange/index.php/Student/spider
ERR: 非法操作:index

[ 2016-03-29T19:36:13+08:00 ] ::1 /studentMange/index.php/Student/Spider/js/My97DatePicker/WdatePicker.js
ERR: 非法操作:js

[ 2016-03-29T19:36:13+08:00 ] ::1 /studentMange/index.php/Student/Spider/style/base/jw.css
ERR: 非法操作:style

[ 2016-03-29T19:36:13+08:00 ] ::1 /studentMange/index.php/Student/Spider/readimagexs.aspx?xh=1208010126
ERR: 非法操作:readimagexs.aspx

[ 2016-03-29T19:36:13+08:00 ] ::1 /studentMange/index.php/Student/Spider/style/standard/jw.css
ERR: 非法操作:style

[ 2016-03-29T19:36:13+08:00 ] ::1 /studentMange/index.php/Student/Spider/readimagexs.aspx?xh=1208010126
ERR: 非法操作:readimagexs.aspx

[ 2016-03-29T19:36:22+08:00 ] ::1 /studentMange/index.php/Student/Spider/style/standard/jw.css
ERR: 非法操作:style

[ 2016-03-29T19:36:22+08:00 ] ::1 /studentMange/index.php/Student/Spider/style/base/jw.css
ERR: 非法操作:style

[ 2016-03-29T19:42:56+08:00 ] ::1 /studentMange/index.php/Student/Spider/transfer
ERR: 参数错误或者未定义:sid

[ 2016-03-29T19:44:24+08:00 ] ::1 /studentMange/index.php/Student/Login/login_judge.shtml
INFO: [ app_begin ] --START--
INFO: Run Behavior\ReadHtmlCacheBehavior [ RunTime:0.001000s ]
INFO: [ app_begin ] --END-- [ RunTime:0.001000s ]
SQL: SHOW COLUMNS FROM `sm_student` [ RunTime:0.0060s ]
SQL: SHOW COLUMNS FROM `sm_student_course` [ RunTime:0.0050s ]
SQL: SELECT `sname` FROM `sm_student` WHERE ( sid=1208010126 ) LIMIT 1   [ RunTime:0.0010s ]
NOTIC: [8] Undefined offset: 1 E:\xampp0\htdocs\studentMange\Application\Student\Controller\SpiderController.class.php 第 94 行.
NOTIC: [8] Undefined variable: sid E:\xampp0\htdocs\studentMange\Application\Student\Controller\SpiderController.class.php 第 168 行.
NOTIC: [8] Undefined offset: 1 E:\xampp0\htdocs\studentMange\Application\Student\Controller\SpiderController.class.php 第 179 行.
NOTIC: [8] Undefined offset: 1 E:\xampp0\htdocs\studentMange\Application\Student\Controller\SpiderController.class.php 第 181 行.
NOTIC: [8] Undefined offset: 1 E:\xampp0\htdocs\studentMange\Application\Student\Controller\SpiderController.class.php 第 183 行.
NOTIC: [8] Undefined offset: 1 E:\xampp0\htdocs\studentMange\Application\Student\Controller\SpiderController.class.php 第 185 行.
NOTIC: [8] Undefined offset: 1 E:\xampp0\htdocs\studentMange\Application\Student\Controller\SpiderController.class.php 第 187 行.
NOTIC: [8] Undefined offset: 1 E:\xampp0\htdocs\studentMange\Application\Student\Controller\SpiderController.class.php 第 189 行.
NOTIC: [8] Undefined variable: sid E:\xampp0\htdocs\studentMange\Application\Student\Controller\SpiderController.class.php 第 122 行.

[ 2016-03-29T19:44:32+08:00 ] ::1 /studentMange/index.php/Student/Login/login_judge.shtml
INFO: [ app_begin ] --START--
INFO: Run Behavior\ReadHtmlCacheBehavior [ RunTime:0.001000s ]
INFO: [ app_begin ] --END-- [ RunTime:0.001000s ]
SQL: SHOW COLUMNS FROM `sm_student` [ RunTime:0.0060s ]
SQL: SHOW COLUMNS FROM `sm_student_course` [ RunTime:0.0030s ]
SQL: SELECT `sname` FROM `sm_student` WHERE ( sid=1208010126 ) LIMIT 1   [ RunTime:0.0010s ]
NOTIC: [8] Undefined offset: 1 E:\xampp0\htdocs\studentMange\Application\Student\Controller\SpiderController.class.php 第 94 行.
NOTIC: [8] Undefined variable: sid E:\xampp0\htdocs\studentMange\Application\Student\Controller\SpiderController.class.php 第 168 行.
NOTIC: [8] Undefined offset: 1 E:\xampp0\htdocs\studentMange\Application\Student\Controller\SpiderController.class.php 第 179 行.
NOTIC: [8] Undefined offset: 1 E:\xampp0\htdocs\studentMange\Application\Student\Controller\SpiderController.class.php 第 181 行.
NOTIC: [8] Undefined offset: 1 E:\xampp0\htdocs\studentMange\Application\Student\Controller\SpiderController.class.php 第 183 行.
NOTIC: [8] Undefined offset: 1 E:\xampp0\htdocs\studentMange\Application\Student\Controller\SpiderController.class.php 第 185 行.
NOTIC: [8] Undefined offset: 1 E:\xampp0\htdocs\studentMange\Application\Student\Controller\SpiderController.class.php 第 187 行.
NOTIC: [8] Undefined offset: 1 E:\xampp0\htdocs\studentMange\Application\Student\Controller\SpiderController.class.php 第 189 行.
NOTIC: [8] Undefined variable: sid E:\xampp0\htdocs\studentMange\Application\Student\Controller\SpiderController.class.php 第 122 行.

[ 2016-03-29T19:44:35+08:00 ] ::1 /studentMange/index.php/Student/Login/login_judge.shtml
INFO: [ app_begin ] --START--
INFO: Run Behavior\ReadHtmlCacheBehavior [ RunTime:0.001000s ]
INFO: [ app_begin ] --END-- [ RunTime:0.001000s ]
SQL: SHOW COLUMNS FROM `sm_student` [ RunTime:0.0050s ]
SQL: SHOW COLUMNS FROM `sm_student_course` [ RunTime:0.0040s ]
SQL: SELECT `sname` FROM `sm_student` WHERE ( sid=1208010126 ) LIMIT 1   [ RunTime:0.0000s ]
NOTIC: [8] Undefined offset: 1 E:\xampp0\htdocs\studentMange\Application\Student\Controller\SpiderController.class.php 第 94 行.
NOTIC: [8] Undefined variable: sid E:\xampp0\htdocs\studentMange\Application\Student\Controller\SpiderController.class.php 第 168 行.
NOTIC: [8] Undefined offset: 1 E:\xampp0\htdocs\studentMange\Application\Student\Controller\SpiderController.class.php 第 179 行.
NOTIC: [8] Undefined offset: 1 E:\xampp0\htdocs\studentMange\Application\Student\Controller\SpiderController.class.php 第 181 行.
NOTIC: [8] Undefined offset: 1 E:\xampp0\htdocs\studentMange\Application\Student\Controller\SpiderController.class.php 第 183 行.
NOTIC: [8] Undefined offset: 1 E:\xampp0\htdocs\studentMange\Application\Student\Controller\SpiderController.class.php 第 185 行.
NOTIC: [8] Undefined offset: 1 E:\xampp0\htdocs\studentMange\Application\Student\Controller\SpiderController.class.php 第 187 行.
NOTIC: [8] Undefined offset: 1 E:\xampp0\htdocs\studentMange\Application\Student\Controller\SpiderController.class.php 第 189 行.
NOTIC: [8] Undefined variable: sid E:\xampp0\htdocs\studentMange\Application\Student\Controller\SpiderController.class.php 第 122 行.

[ 2016-03-29T19:44:45+08:00 ] ::1 /studentMange/index.php/Student/Login/login_judge.shtml
INFO: [ app_begin ] --START--
INFO: Run Behavior\ReadHtmlCacheBehavior [ RunTime:0.001000s ]
INFO: [ app_begin ] --END-- [ RunTime:0.001000s ]
SQL: SHOW COLUMNS FROM `sm_student` [ RunTime:0.0030s ]
SQL: SHOW COLUMNS FROM `sm_student_course` [ RunTime:0.0050s ]
SQL: SELECT `sname` FROM `sm_student` WHERE ( sid=1208010126 ) LIMIT 1   [ RunTime:0.0010s ]
NOTIC: [8] Undefined offset: 1 E:\xampp0\htdocs\studentMange\Application\Student\Controller\SpiderController.class.php 第 94 行.
NOTIC: [8] Undefined variable: sid E:\xampp0\htdocs\studentMange\Application\Student\Controller\SpiderController.class.php 第 168 行.
NOTIC: [8] Undefined offset: 1 E:\xampp0\htdocs\studentMange\Application\Student\Controller\SpiderController.class.php 第 179 行.
NOTIC: [8] Undefined offset: 1 E:\xampp0\htdocs\studentMange\Application\Student\Controller\SpiderController.class.php 第 181 行.
NOTIC: [8] Undefined offset: 1 E:\xampp0\htdocs\studentMange\Application\Student\Controller\SpiderController.class.php 第 183 行.
NOTIC: [8] Undefined offset: 1 E:\xampp0\htdocs\studentMange\Application\Student\Controller\SpiderController.class.php 第 185 行.
NOTIC: [8] Undefined offset: 1 E:\xampp0\htdocs\studentMange\Application\Student\Controller\SpiderController.class.php 第 187 行.
NOTIC: [8] Undefined offset: 1 E:\xampp0\htdocs\studentMange\Application\Student\Controller\SpiderController.class.php 第 189 行.
NOTIC: [8] Undefined variable: sid E:\xampp0\htdocs\studentMange\Application\Student\Controller\SpiderController.class.php 第 122 行.

[ 2016-03-29T19:45:12+08:00 ] ::1 /studentMange/index.php/Student/Login/login_judge.shtml
INFO: [ app_begin ] --START--
INFO: Run Behavior\ReadHtmlCacheBehavior [ RunTime:0.001000s ]
INFO: [ app_begin ] --END-- [ RunTime:0.002000s ]
SQL: SHOW COLUMNS FROM `sm_student` [ RunTime:0.0070s ]
SQL: SHOW COLUMNS FROM `sm_student_course` [ RunTime:0.0040s ]
SQL: SELECT `sname` FROM `sm_student` WHERE ( sid=1208010126 ) LIMIT 1   [ RunTime:0.0010s ]
NOTIC: [8] Undefined offset: 1 E:\xampp0\htdocs\studentMange\Application\Student\Controller\SpiderController.class.php 第 94 行.
NOTIC: [8] Undefined variable: sid E:\xampp0\htdocs\studentMange\Application\Student\Controller\SpiderController.class.php 第 168 行.
NOTIC: [8] Undefined offset: 1 E:\xampp0\htdocs\studentMange\Application\Student\Controller\SpiderController.class.php 第 179 行.
NOTIC: [8] Undefined offset: 1 E:\xampp0\htdocs\studentMange\Application\Student\Controller\SpiderController.class.php 第 181 行.
NOTIC: [8] Undefined offset: 1 E:\xampp0\htdocs\studentMange\Application\Student\Controller\SpiderController.class.php 第 183 行.
NOTIC: [8] Undefined offset: 1 E:\xampp0\htdocs\studentMange\Application\Student\Controller\SpiderController.class.php 第 185 行.
NOTIC: [8] Undefined offset: 1 E:\xampp0\htdocs\studentMange\Application\Student\Controller\SpiderController.class.php 第 187 行.
NOTIC: [8] Undefined offset: 1 E:\xampp0\htdocs\studentMange\Application\Student\Controller\SpiderController.class.php 第 189 行.
NOTIC: [8] Undefined variable: sid E:\xampp0\htdocs\studentMange\Application\Student\Controller\SpiderController.class.php 第 122 行.

[ 2016-03-29T19:46:31+08:00 ] ::1 /studentMange/index.php/Student/Login/login_judge.shtml
INFO: [ app_begin ] --START--
INFO: Run Behavior\ReadHtmlCacheBehavior [ RunTime:0.002000s ]
INFO: [ app_begin ] --END-- [ RunTime:0.002000s ]
SQL: SHOW COLUMNS FROM `sm_student` [ RunTime:0.0090s ]
SQL: SHOW COLUMNS FROM `sm_student_course` [ RunTime:0.0060s ]
SQL: SELECT `sname` FROM `sm_student` WHERE ( sid=1208010126 ) LIMIT 1   [ RunTime:0.0010s ]
NOTIC: [8] Undefined offset: 1 E:\xampp0\htdocs\studentMange\Application\Student\Controller\SpiderController.class.php 第 94 行.
NOTIC: [8] Undefined variable: sid E:\xampp0\htdocs\studentMange\Application\Student\Controller\SpiderController.class.php 第 168 行.
NOTIC: [8] Undefined offset: 1 E:\xampp0\htdocs\studentMange\Application\Student\Controller\SpiderController.class.php 第 179 行.
NOTIC: [8] Undefined offset: 1 E:\xampp0\htdocs\studentMange\Application\Student\Controller\SpiderController.class.php 第 181 行.
NOTIC: [8] Undefined offset: 1 E:\xampp0\htdocs\studentMange\Application\Student\Controller\SpiderController.class.php 第 183 行.
NOTIC: [8] Undefined offset: 1 E:\xampp0\htdocs\studentMange\Application\Student\Controller\SpiderController.class.php 第 185 行.
NOTIC: [8] Undefined offset: 1 E:\xampp0\htdocs\studentMange\Application\Student\Controller\SpiderController.class.php 第 187 行.
NOTIC: [8] Undefined offset: 1 E:\xampp0\htdocs\studentMange\Application\Student\Controller\SpiderController.class.php 第 189 行.
NOTIC: [8] Undefined variable: sid E:\xampp0\htdocs\studentMange\Application\Student\Controller\SpiderController.class.php 第 122 行.

[ 2016-03-29T19:46:35+08:00 ] ::1 /studentMange/index.php/Student/Login/login_judge.shtml
INFO: [ app_begin ] --START--
INFO: Run Behavior\ReadHtmlCacheBehavior [ RunTime:0.001000s ]
INFO: [ app_begin ] --END-- [ RunTime:0.001000s ]
SQL: SHOW COLUMNS FROM `sm_student` [ RunTime:0.0040s ]
SQL: SHOW COLUMNS FROM `sm_student_course` [ RunTime:0.0060s ]
SQL: SELECT `sname` FROM `sm_student` WHERE ( sid=1208010126 ) LIMIT 1   [ RunTime:0.0000s ]
NOTIC: [8] Undefined offset: 1 E:\xampp0\htdocs\studentMange\Application\Student\Controller\SpiderController.class.php 第 94 行.
NOTIC: [8] Undefined variable: sid E:\xampp0\htdocs\studentMange\Application\Student\Controller\SpiderController.class.php 第 168 行.
NOTIC: [8] Undefined offset: 1 E:\xampp0\htdocs\studentMange\Application\Student\Controller\SpiderController.class.php 第 179 行.
NOTIC: [8] Undefined offset: 1 E:\xampp0\htdocs\studentMange\Application\Student\Controller\SpiderController.class.php 第 181 行.
NOTIC: [8] Undefined offset: 1 E:\xampp0\htdocs\studentMange\Application\Student\Controller\SpiderController.class.php 第 183 行.
NOTIC: [8] Undefined offset: 1 E:\xampp0\htdocs\studentMange\Application\Student\Controller\SpiderController.class.php 第 185 行.
NOTIC: [8] Undefined offset: 1 E:\xampp0\htdocs\studentMange\Application\Student\Controller\SpiderController.class.php 第 187 行.
NOTIC: [8] Undefined offset: 1 E:\xampp0\htdocs\studentMange\Application\Student\Controller\SpiderController.class.php 第 189 行.
NOTIC: [8] Undefined variable: sid E:\xampp0\htdocs\studentMange\Application\Student\Controller\SpiderController.class.php 第 122 行.

[ 2016-03-29T19:49:30+08:00 ] ::1 /studentMange/index.php/Student/Login/CheckCode.aspx
ERR: 非法操作:CheckCode.aspx

[ 2016-03-29T19:49:30+08:00 ] ::1 /studentMange/index.php/Student/Login/style/base/jw.css
ERR: 非法操作:style

[ 2016-03-29T19:49:30+08:00 ] ::1 /studentMange/index.php/Student/Login/style/standard/jw.css
ERR: 非法操作:style

[ 2016-03-29T19:49:30+08:00 ] ::1 /studentMange/index.php/Student/Login/CheckCode.aspx
ERR: 非法操作:CheckCode.aspx

[ 2016-03-29T19:55:41+08:00 ] ::1 /studentMange/index.php/Student/Login/login_judge.shtml
ERR: 1054:Unknown column 'password' in 'field list'
 [ SQL语句 ] : SELECT `password` FROM `sm_student` WHERE ( sid=1208010126 ) LIMIT 1  

[ 2016-03-29T19:56:12+08:00 ] ::1 /studentMange/index.php/Student/Login/login_judge.shtml
ERR: 1054:Unknown column 'password' in 'field list'
 [ SQL语句 ] : SELECT `password` FROM `sm_student` WHERE ( sid=1208010126 ) LIMIT 1  

[ 2016-03-29T20:01:19+08:00 ] ::1 /studentMange/index.php/Student/Login/login_judge.shtml
INFO: [ app_begin ] --START--
INFO: Run Behavior\ReadHtmlCacheBehavior [ RunTime:0.002000s ]
INFO: [ app_begin ] --END-- [ RunTime:0.002000s ]
SQL: SHOW COLUMNS FROM `sm_student` [ RunTime:0.0020s ]
SQL: SHOW COLUMNS FROM `sm_student_course` [ RunTime:0.0030s ]
SQL: SELECT `sname` FROM `sm_student` WHERE ( sid=1208010126 ) LIMIT 1   [ RunTime:0.0000s ]
NOTIC: [8] Undefined variable: sid E:\xampp0\htdocs\studentMange\Application\Student\Controller\SpiderController.class.php 第 168 行.
NOTIC: [8] Undefined variable: sid E:\xampp0\htdocs\studentMange\Application\Student\Controller\SpiderController.class.php 第 122 行.
NOTIC: [8] Use of undefined constant status - assumed 'status' E:\xampp0\htdocs\studentMange\Application\Student\Controller\SpiderController.class.php 第 216 行.
SQL: INSERT INTO `sm_student` (`sid`,`password`,`sname`,`depart`,`profession`,`class`,`phone`,`photo`) VALUES ('1208010126','12','周章毅','信息科学技术学院','计算机科学与技术','计算131','18212287637','./Public/photo_img/1208010126.jpg') [ RunTime:0.0010s ]
SQL: INSERT INTO `sm_student_course` (`cname`,`tname`,`sid`) VALUES ('嵌入式系统原理','马兴录','1208010126') [ RunTime:0.0000s ]
SQL: INSERT INTO `sm_student_course` (`cname`,`tname`,`sid`) VALUES ('网络工程与仿真技术','周丽雅','1208010126') [ RunTime:0.0000s ]
SQL: INSERT INTO `sm_student_course` (`cname`,`tname`,`sid`) VALUES ('UNIX程序设计','曹玲','1208010126') [ RunTime:0.0000s ]
SQL: INSERT INTO `sm_student_course` (`cname`,`tname`,`sid`) VALUES ('微机原理与应用A','曲英杰','1208010126') [ RunTime:0.0000s ]
SQL: INSERT INTO `sm_student_course` (`cname`,`tname`,`sid`) VALUES ('编译原理','宫生文','1208010126') [ RunTime:0.0000s ]
SQL: INSERT INTO `sm_student_course` (`cname`,`tname`,`sid`) VALUES ('计算机密码学基础','刘国柱','1208010126') [ RunTime:0.0010s ]
SQL: INSERT INTO `sm_student_course` (`cname`,`tname`,`sid`) VALUES ('计算机图形学B(双语)','史操','1208010126') [ RunTime:0.0010s ]
NOTIC: [8] A session had already been started - ignoring session_start() E:\xampp0\htdocs\studentMange\ThinkPHP\Common\functions.php 第 1263 行.
NOTIC: [8] Undefined variable: student_course E:\xampp0\htdocs\studentMange\Application\Student\Controller\LoginController.class.php 第 121 行.

[ 2016-03-29T20:04:44+08:00 ] ::1 /studentMange/index.php/Student/index/logout
INFO: [ app_begin ] --START--
INFO: Run Behavior\ReadHtmlCacheBehavior [ RunTime:0.001000s ]
INFO: [ app_begin ] --END-- [ RunTime:0.001000s ]

[ 2016-03-29T20:18:51+08:00 ] ::1 /studentMange/index.php/Student/Login/login_judge.shtml
ERR: 1064:You have an error in your SQL syntax; check the manual that corresponds to your MariaDB server version for the right syntax to use near ') LIMIT 1' at line 1
 [ SQL语句 ] : SELECT `tname` FROM `sm_teacher` WHERE ( tid= ) LIMIT 1  

[ 2016-03-29T20:18:52+08:00 ] ::1 /studentMange/index.php/Student/Login/login_judge.shtml
ERR: 1064:You have an error in your SQL syntax; check the manual that corresponds to your MariaDB server version for the right syntax to use near ') LIMIT 1' at line 1
 [ SQL语句 ] : SELECT `tname` FROM `sm_teacher` WHERE ( tid= ) LIMIT 1  

[ 2016-03-29T20:38:14+08:00 ] ::1 /studentMange/index.php/Student/Login/login_judge.shtml
INFO: [ app_begin ] --START--
INFO: Run Behavior\ReadHtmlCacheBehavior [ RunTime:0.001000s ]
INFO: [ app_begin ] --END-- [ RunTime:0.001000s ]
SQL: SHOW COLUMNS FROM `sm_student` [ RunTime:0.0050s ]
SQL: SHOW COLUMNS FROM `sm_student_course` [ RunTime:0.0060s ]
SQL: SELECT `sname` FROM `sm_student` WHERE ( sid=1208010126 ) LIMIT 1   [ RunTime:0.0000s ]
NOTIC: [8] Undefined variable: sid E:\xampp0\htdocs\studentMange\Application\Student\Controller\SpiderController.class.php 第 168 行.
NOTIC: [8] Undefined variable: sid E:\xampp0\htdocs\studentMange\Application\Student\Controller\SpiderController.class.php 第 122 行.
NOTIC: [8] Use of undefined constant status - assumed 'status' E:\xampp0\htdocs\studentMange\Application\Student\Controller\SpiderController.class.php 第 216 行.
SQL: INSERT INTO `sm_student` (`sid`,`password`,`sname`,`depart`,`profession`,`class`,`phone`,`photo`) VALUES ('1208010126','12MyZSV0XBE7A','周章毅','信息科学技术学院','计算机科学与技术','计算131','18212287637','./Public/photo_img/1208010126.jpg') [ RunTime:0.0010s ]
SQL: INSERT INTO `sm_student_course` (`cname`,`tname`,`sid`) VALUES ('嵌入式系统原理','马兴录','1208010126') [ RunTime:0.0000s ]
SQL: INSERT INTO `sm_student_course` (`cname`,`tname`,`sid`) VALUES ('网络工程与仿真技术','周丽雅','1208010126') [ RunTime:0.0000s ]
SQL: INSERT INTO `sm_student_course` (`cname`,`tname`,`sid`) VALUES ('UNIX程序设计','曹玲','1208010126') [ RunTime:0.0010s ]
SQL: INSERT INTO `sm_student_course` (`cname`,`tname`,`sid`) VALUES ('微机原理与应用A','曲英杰','1208010126') [ RunTime:0.0010s ]
SQL: INSERT INTO `sm_student_course` (`cname`,`tname`,`sid`) VALUES ('编译原理','宫生文','1208010126') [ RunTime:0.0000s ]
SQL: INSERT INTO `sm_student_course` (`cname`,`tname`,`sid`) VALUES ('计算机密码学基础','刘国柱','1208010126') [ RunTime:0.0000s ]
SQL: INSERT INTO `sm_student_course` (`cname`,`tname`,`sid`) VALUES ('计算机图形学B(双语)','史操','1208010126') [ RunTime:0.0010s ]
NOTIC: [8] A session had already been started - ignoring session_start() E:\xampp0\htdocs\studentMange\ThinkPHP\Common\functions.php 第 1263 行.

[ 2016-03-29T20:38:37+08:00 ] ::1 /studentMange/index.php/Student/Login/login_judge.shtml
INFO: [ app_begin ] --START--
INFO: Run Behavior\ReadHtmlCacheBehavior [ RunTime:0.002000s ]
INFO: [ app_begin ] --END-- [ RunTime:0.002000s ]
SQL: SHOW COLUMNS FROM `sm_teacher` [ RunTime:0.0060s ]
SQL: SHOW COLUMNS FROM `sm_teacher_course` [ RunTime:0.0080s ]
SQL: SELECT `tname` FROM `sm_teacher` WHERE ( tid=080135 ) LIMIT 1   [ RunTime:0.0010s ]
SQL: SELECT `password` FROM `sm_teacher` WHERE ( tid=080135 ) LIMIT 1   [ RunTime:0.0010s ]

[ 2016-03-29T20:38:43+08:00 ] ::1 /studentMange/index.php/Student/Login/login_judge.shtml
INFO: [ app_begin ] --START--
INFO: Run Behavior\ReadHtmlCacheBehavior [ RunTime:0.002000s ]
INFO: [ app_begin ] --END-- [ RunTime:0.002000s ]
SQL: SHOW COLUMNS FROM `sm_teacher` [ RunTime:0.0070s ]
SQL: SHOW COLUMNS FROM `sm_teacher_course` [ RunTime:0.0060s ]
SQL: SELECT `tname` FROM `sm_teacher` WHERE ( tid=080135 ) LIMIT 1   [ RunTime:0.0010s ]
SQL: SELECT `password` FROM `sm_teacher` WHERE ( tid=080135 ) LIMIT 1   [ RunTime:0.0010s ]

[ 2016-03-29T20:38:46+08:00 ] ::1 /studentMange/index.php/Student/Login/login_judge.shtml
INFO: [ app_begin ] --START--
INFO: Run Behavior\ReadHtmlCacheBehavior [ RunTime:0.001000s ]
INFO: [ app_begin ] --END-- [ RunTime:0.001000s ]
SQL: SHOW COLUMNS FROM `sm_teacher` [ RunTime:0.0050s ]
SQL: SHOW COLUMNS FROM `sm_teacher_course` [ RunTime:0.0050s ]
SQL: SELECT `tname` FROM `sm_teacher` WHERE ( tid=080135 ) LIMIT 1   [ RunTime:0.0010s ]
SQL: SELECT `password` FROM `sm_teacher` WHERE ( tid=080135 ) LIMIT 1   [ RunTime:0.0000s ]

[ 2016-03-29T20:39:51+08:00 ] ::1 /studentMange/index.php/Student/Login/login_judge.shtml
INFO: [ app_begin ] --START--
INFO: Run Behavior\ReadHtmlCacheBehavior [ RunTime:0.002000s ]
INFO: [ app_begin ] --END-- [ RunTime:0.002000s ]
SQL: SHOW COLUMNS FROM `sm_teacher` [ RunTime:0.0030s ]
SQL: SHOW COLUMNS FROM `sm_teacher_course` [ RunTime:0.0050s ]
SQL: SELECT `tname` FROM `sm_teacher` WHERE ( tid=080135 ) LIMIT 1   [ RunTime:0.0000s ]
SQL: INSERT INTO `sm_teacher` (`tid`,`password`,`tname`) VALUES ('80135','8','曹玲') [ RunTime:0.0010s ]
SQL: INSERT INTO `sm_teacher_course` (`cname`,`tname`,`tid`) VALUES ('操作系统原理A','曹玲','80135') [ RunTime:0.0000s ]
SQL: INSERT INTO `sm_teacher_course` (`cname`,`tname`,`tid`) VALUES ('操作系统实验','曹玲','80135') [ RunTime:0.0000s ]
SQL: INSERT INTO `sm_teacher_course` (`cname`,`tname`,`tid`) VALUES ('UNIX程序设计','曹玲','80135') [ RunTime:0.0010s ]

[ 2016-03-29T20:39:51+08:00 ] ::1 /studentMange/index.php/Student/Login/login_judge.shtml
INFO: [ app_begin ] --START--
INFO: Run Behavior\ReadHtmlCacheBehavior [ RunTime:0.001000s ]
INFO: [ app_begin ] --END-- [ RunTime:0.001000s ]
SQL: SHOW COLUMNS FROM `sm_teacher` [ RunTime:0.0050s ]
SQL: SHOW COLUMNS FROM `sm_teacher_course` [ RunTime:0.0040s ]
SQL: SELECT `tname` FROM `sm_teacher` WHERE ( tid=080135 ) LIMIT 1   [ RunTime:0.0010s ]
SQL: SELECT `password` FROM `sm_teacher` WHERE ( tid=080135 ) LIMIT 1   [ RunTime:0.0010s ]

[ 2016-03-29T20:41:15+08:00 ] ::1 /studentMange/index.php/Student/Login/login_judge.shtml
INFO: [ app_begin ] --START--
INFO: Run Behavior\ReadHtmlCacheBehavior [ RunTime:0.002001s ]
INFO: [ app_begin ] --END-- [ RunTime:0.003001s ]
SQL: SHOW COLUMNS FROM `sm_teacher` [ RunTime:0.0060s ]
SQL: SHOW COLUMNS FROM `sm_teacher_course` [ RunTime:0.0040s ]
SQL: SELECT `tname` FROM `sm_teacher` WHERE ( tid=080135 ) LIMIT 1   [ RunTime:0.0000s ]
SQL: INSERT INTO `sm_teacher` (`tid`,`password`,`tname`) VALUES ('80135','08/0TzXr1c9mI','曹玲') [ RunTime:0.0010s ]
SQL: INSERT INTO `sm_teacher_course` (`cname`,`tname`,`tid`) VALUES ('操作系统原理A','曹玲','80135') [ RunTime:0.0010s ]
SQL: INSERT INTO `sm_teacher_course` (`cname`,`tname`,`tid`) VALUES ('操作系统实验','曹玲','80135') [ RunTime:0.0010s ]
SQL: INSERT INTO `sm_teacher_course` (`cname`,`tname`,`tid`) VALUES ('UNIX程序设计','曹玲','80135') [ RunTime:0.0010s ]

[ 2016-03-29T20:41:15+08:00 ] ::1 /studentMange/index.php/Student/Login/login_judge.shtml
INFO: [ app_begin ] --START--
INFO: Run Behavior\ReadHtmlCacheBehavior [ RunTime:0.001000s ]
INFO: [ app_begin ] --END-- [ RunTime:0.002000s ]
SQL: SHOW COLUMNS FROM `sm_teacher` [ RunTime:0.0070s ]
SQL: SHOW COLUMNS FROM `sm_teacher_course` [ RunTime:0.0070s ]
SQL: SELECT `tname` FROM `sm_teacher` WHERE ( tid=080135 ) LIMIT 1   [ RunTime:0.0010s ]
SQL: SELECT `password` FROM `sm_teacher` WHERE ( tid=080135 ) LIMIT 1   [ RunTime:0.0000s ]
SQL: SELECT `cname` FROM `sm_teacher_course` WHERE ( tid=080135 )  [ RunTime:0.0000s ]
NOTIC: [8] A session had already been started - ignoring session_start() E:\xampp0\htdocs\studentMange\ThinkPHP\Common\functions.php 第 1263 行.

[ 2016-03-29T20:48:16+08:00 ] ::1 /studentMange/index.php/Student/Login/login_judge.shtml
INFO: [ app_begin ] --START--
INFO: Run Behavior\ReadHtmlCacheBehavior [ RunTime:0.000000s ]
INFO: [ app_begin ] --END-- [ RunTime:0.000000s ]
SQL: SHOW COLUMNS FROM `sm_student` [ RunTime:0.0030s ]
SQL: SHOW COLUMNS FROM `sm_student_course` [ RunTime:0.0050s ]
SQL: SELECT `sname` FROM `sm_student` WHERE ( sid=080135 ) LIMIT 1   [ RunTime:0.0000s ]
NOTIC: [8] Undefined offset: 1 E:\xampp0\htdocs\studentMange\Application\Student\Controller\SpiderController.class.php 第 94 行.
NOTIC: [8] Undefined variable: sid E:\xampp0\htdocs\studentMange\Application\Student\Controller\SpiderController.class.php 第 168 行.
NOTIC: [8] Undefined offset: 1 E:\xampp0\htdocs\studentMange\Application\Student\Controller\SpiderController.class.php 第 179 行.
NOTIC: [8] Undefined offset: 1 E:\xampp0\htdocs\studentMange\Application\Student\Controller\SpiderController.class.php 第 181 行.
NOTIC: [8] Undefined offset: 1 E:\xampp0\htdocs\studentMange\Application\Student\Controller\SpiderController.class.php 第 183 行.
NOTIC: [8] Undefined offset: 1 E:\xampp0\htdocs\studentMange\Application\Student\Controller\SpiderController.class.php 第 185 行.
NOTIC: [8] Undefined offset: 1 E:\xampp0\htdocs\studentMange\Application\Student\Controller\SpiderController.class.php 第 187 行.
NOTIC: [8] Undefined offset: 1 E:\xampp0\htdocs\studentMange\Application\Student\Controller\SpiderController.class.php 第 189 行.
NOTIC: [8] Undefined variable: sid E:\xampp0\htdocs\studentMange\Application\Student\Controller\SpiderController.class.php 第 122 行.

[ 2016-03-29T20:48:19+08:00 ] ::1 /studentMange/index.php/Student/Login/login_judge.shtml
INFO: [ app_begin ] --START--
INFO: Run Behavior\ReadHtmlCacheBehavior [ RunTime:0.001000s ]
INFO: [ app_begin ] --END-- [ RunTime:0.001000s ]
SQL: SHOW COLUMNS FROM `sm_teacher` [ RunTime:0.0040s ]
SQL: SHOW COLUMNS FROM `sm_teacher_course` [ RunTime:0.0060s ]
SQL: SELECT `tname` FROM `sm_teacher` WHERE ( tid=080135 ) LIMIT 1   [ RunTime:0.0010s ]
SQL: SELECT `password` FROM `sm_teacher` WHERE ( tid=080135 ) LIMIT 1   [ RunTime:0.0010s ]
SQL: SELECT `cname` FROM `sm_teacher_course` WHERE ( tid=080135 )  [ RunTime:0.0000s ]
NOTIC: [8] A session had already been started - ignoring session_start() E:\xampp0\htdocs\studentMange\ThinkPHP\Common\functions.php 第 1263 行.

[ 2016-03-29T20:50:52+08:00 ] ::1 /studentMange/index.php/Student/Login/login_judge.shtml
INFO: [ app_begin ] --START--
INFO: Run Behavior\ReadHtmlCacheBehavior [ RunTime:0.001000s ]
INFO: [ app_begin ] --END-- [ RunTime:0.001000s ]
SQL: SHOW COLUMNS FROM `sm_teacher` [ RunTime:0.0100s ]
SQL: SHOW COLUMNS FROM `sm_teacher_course` [ RunTime:0.0050s ]
SQL: SELECT `tname` FROM `sm_teacher` WHERE ( tid=1208010126 ) LIMIT 1   [ RunTime:0.0010s ]
NOTIC: [8] Undefined offset: 1 E:\xampp0\htdocs\studentMange\Application\Student\Controller\JsSpiderController.class.php 第 95 行.

[ 2016-03-29T20:50:54+08:00 ] ::1 /studentMange/index.php/Student/Login/login_judge.shtml
INFO: [ app_begin ] --START--
INFO: Run Behavior\ReadHtmlCacheBehavior [ RunTime:0.000000s ]
INFO: [ app_begin ] --END-- [ RunTime:0.000000s ]
SQL: SHOW COLUMNS FROM `sm_student` [ RunTime:0.0030s ]
SQL: SHOW COLUMNS FROM `sm_student_course` [ RunTime:0.0060s ]
SQL: SELECT `sname` FROM `sm_student` WHERE ( sid=1208010126 ) LIMIT 1   [ RunTime:0.0000s ]
SQL: SELECT `password` FROM `sm_student` WHERE ( sid=1208010126 ) LIMIT 1   [ RunTime:0.0010s ]
SQL: SELECT `cname`,`tname` FROM `sm_student_course` WHERE ( sid=1208010126 )  [ RunTime:0.0000s ]
NOTIC: [8] A session had already been started - ignoring session_start() E:\xampp0\htdocs\studentMange\ThinkPHP\Common\functions.php 第 1263 行.

[ 2016-03-29T20:51:26+08:00 ] ::1 /studentMange/index.php/Student/task/send_task/task_id/16/task_type/%E8%AF%BE%E5%89%8D
INFO: [ app_begin ] --START--
INFO: Run Behavior\ReadHtmlCacheBehavior [ RunTime:0.000000s ]
INFO: [ app_begin ] --END-- [ RunTime:0.000000s ]
SQL: SHOW COLUMNS FROM `sm_stask` [ RunTime:0.0030s ]
SQL: INSERT INTO `sm_stask` (`content`,`sid`,`task_id`,`sname`,`submit_time`,`is_mark`,`type`) VALUES ('&lt;p&gt;sdfsa&lt;/p&gt;','1208010126','16','周章毅','1459255886','0','课前') [ RunTime:0.0010s ]

[ 2016-03-29T21:36:37+08:00 ] ::1 /studentMange/index.php/Student/task/send_task/task_id/20/task_type/%E8%AF%BE%E5%90%8E
INFO: [ app_begin ] --START--
INFO: Run Behavior\ReadHtmlCacheBehavior [ RunTime:0.001000s ]
INFO: [ app_begin ] --END-- [ RunTime:0.001000s ]
SQL: SHOW COLUMNS FROM `sm_stask` [ RunTime:0.0030s ]
SQL: UPDATE `sm_stask` SET `content`='&lt;p id=&quot;default_c&quot;&gt;请将您的作业内容写在这里飞飞飞&lt;/p&gt;&lt;p id=&quot;default_c&quot;&gt;&lt;br/&gt;&lt;/p&gt;' WHERE ( id=6 ) [ RunTime:0.0000s ]

[ 2016-03-29T21:37:48+08:00 ] ::1 /studentMange/index.php/Student/index/logout
INFO: [ app_begin ] --START--
INFO: Run Behavior\ReadHtmlCacheBehavior [ RunTime:0.001000s ]
INFO: [ app_begin ] --END-- [ RunTime:0.001000s ]

[ 2016-03-29T21:38:06+08:00 ] ::1 /studentMange/index.php/Student/Login/login_judge.shtml
INFO: [ app_begin ] --START--
INFO: Run Behavior\ReadHtmlCacheBehavior [ RunTime:0.001000s ]
INFO: [ app_begin ] --END-- [ RunTime:0.002000s ]
SQL: SHOW COLUMNS FROM `sm_teacher` [ RunTime:0.0060s ]
SQL: SHOW COLUMNS FROM `sm_teacher_course` [ RunTime:0.0080s ]
SQL: SELECT `tname` FROM `sm_teacher` WHERE ( tid=080135 ) LIMIT 1   [ RunTime:0.0010s ]
SQL: SELECT `password` FROM `sm_teacher` WHERE ( tid=080135 ) LIMIT 1   [ RunTime:0.0000s ]

[ 2016-03-29T21:38:23+08:00 ] ::1 /studentMange/index.php/Student/Login/login_judge.shtml
INFO: [ app_begin ] --START--
INFO: Run Behavior\ReadHtmlCacheBehavior [ RunTime:0.001000s ]
INFO: [ app_begin ] --END-- [ RunTime:0.001000s ]
SQL: SHOW COLUMNS FROM `sm_teacher` [ RunTime:0.0060s ]
SQL: SHOW COLUMNS FROM `sm_teacher_course` [ RunTime:0.0070s ]
SQL: SELECT `tname` FROM `sm_teacher` WHERE ( tid=080135 ) LIMIT 1   [ RunTime:0.0000s ]
SQL: SELECT `password` FROM `sm_teacher` WHERE ( tid=080135 ) LIMIT 1   [ RunTime:0.0000s ]
SQL: SELECT `cname` FROM `sm_teacher_course` WHERE ( tid=080135 )  [ RunTime:0.0000s ]
NOTIC: [8] A session had already been started - ignoring session_start() E:\xampp0\htdocs\studentMange\ThinkPHP\Common\functions.php 第 1263 行.

[ 2016-03-29T22:58:04+08:00 ] ::1 /studentMange/index.php/Student/Login/login_judge.shtml
INFO: [ app_begin ] --START--
INFO: Run Behavior\ReadHtmlCacheBehavior [ RunTime:0.001000s ]
INFO: [ app_begin ] --END-- [ RunTime:0.001000s ]
SQL: SHOW COLUMNS FROM `sm_student` [ RunTime:0.0070s ]
SQL: SHOW COLUMNS FROM `sm_student_course` [ RunTime:0.0050s ]
SQL: SELECT `sname` FROM `sm_student` WHERE ( sid=1208010126 ) LIMIT 1   [ RunTime:0.0010s ]
SQL: SELECT `password` FROM `sm_student` WHERE ( sid=1208010126 ) LIMIT 1   [ RunTime:0.0010s ]
SQL: SELECT `cname`,`tname` FROM `sm_student_course` WHERE ( sid=1208010126 )  [ RunTime:0.0010s ]
NOTIC: [8] A session had already been started - ignoring session_start() E:\xampp0\htdocs\studentMange\ThinkPHP\Common\functions.php 第 1263 行.

