[ 2016-04-07T11:17:05+08:00 ] ::1 /studentMange/index.php/Student/Login/login_judge.shtml
INFO: [ app_begin ] --START--
INFO: Run Behavior\ReadHtmlCacheBehavior [ RunTime:0.001001s ]
INFO: [ app_begin ] --END-- [ RunTime:0.001001s ]
SQL: SHOW COLUMNS FROM `sm_student` [ RunTime:0.0130s ]
SQL: SHOW COLUMNS FROM `sm_student_course` [ RunTime:0.0030s ]
SQL: SELECT `sname` FROM `sm_student` WHERE ( sid=1208010126 ) LIMIT 1   [ RunTime:0.0020s ]
SQL: SELECT `password` FROM `sm_student` WHERE ( sid=1208010126 ) LIMIT 1   [ RunTime:0.0010s ]
SQL: SELECT `cname`,`tname` FROM `sm_student_course` WHERE ( sid=1208010126 )  [ RunTime:0.0010s ]
NOTIC: [8] Undefined variable: sid E:\xampp0\htdocs\studentMange\Application\Student\Controller\SpiderController.class.php 第 168 行.
NOTIC: [8] Undefined variable: sid E:\xampp0\htdocs\studentMange\Application\Student\Controller\SpiderController.class.php 第 122 行.
NOTIC: [8] Use of undefined constant status - assumed 'status' E:\xampp0\htdocs\studentMange\Application\Student\Controller\SpiderController.class.php 第 216 行.
NOTIC: [8] A session had already been started - ignoring session_start() E:\xampp0\htdocs\studentMange\ThinkPHP\Common\functions.php 第 1263 行.

[ 2016-04-07T11:17:06+08:00 ] ::1 /studentMange/Public/index_select_course/follow.js
ERR: 无法加载控制器:Public

[ 2016-04-07T11:17:22+08:00 ] ::1 /studentMange/index.php/Student/index/view_announcement
INFO: [ app_begin ] --START--
INFO: Run Behavior\ReadHtmlCacheBehavior [ RunTime:0.001000s ]
INFO: [ app_begin ] --END-- [ RunTime:0.001000s ]
SQL: SHOW COLUMNS FROM `sm_announcement` [ RunTime:0.0070s ]
SQL: SELECT `content` FROM `sm_announcement` WHERE ( course='微机原理与应用B' AND tname='曲英杰' ) LIMIT 1   [ RunTime:0.0000s ]

[ 2016-04-07T11:17:28+08:00 ] ::1 /studentMange/index.php/Student/index/view_announcement
INFO: [ app_begin ] --START--
INFO: Run Behavior\ReadHtmlCacheBehavior [ RunTime:0.000000s ]
INFO: [ app_begin ] --END-- [ RunTime:0.000000s ]
SQL: SHOW COLUMNS FROM `sm_announcement` [ RunTime:0.0040s ]
SQL: SELECT `content` FROM `sm_announcement` WHERE ( course='网络工程与仿真技术' AND tname='周丽雅' ) LIMIT 1   [ RunTime:0.0000s ]

[ 2016-04-07T11:18:03+08:00 ] ::1 /studentMange/index.php/Student/Login/login_judge.shtml
INFO: [ app_begin ] --START--
INFO: Run Behavior\ReadHtmlCacheBehavior [ RunTime:0.000000s ]
INFO: [ app_begin ] --END-- [ RunTime:0.000000s ]
SQL: SHOW COLUMNS FROM `sm_teacher` [ RunTime:0.0050s ]
SQL: SHOW COLUMNS FROM `sm_teacher_course` [ RunTime:0.0030s ]
SQL: SELECT `tname` FROM `sm_teacher` WHERE ( tid=080135 ) LIMIT 1   [ RunTime:0.0000s ]
SQL: SELECT `password` FROM `sm_teacher` WHERE ( tid=080135 ) LIMIT 1   [ RunTime:0.0010s ]
SQL: SELECT `cname` FROM `sm_teacher_course` WHERE ( tid=080135 )  [ RunTime:0.0000s ]
NOTIC: [8] A session had already been started - ignoring session_start() E:\xampp0\htdocs\studentMange\ThinkPHP\Common\functions.php 第 1263 行.

[ 2016-04-07T21:06:03+08:00 ] ::1 /studentMange/index.php/Student/Login/login_judge.shtml
INFO: [ app_begin ] --START--
INFO: Run Behavior\ReadHtmlCacheBehavior [ RunTime:0.001000s ]
INFO: [ app_begin ] --END-- [ RunTime:0.001000s ]
SQL: SHOW COLUMNS FROM `sm_teacher` [ RunTime:0.0040s ]
SQL: SHOW COLUMNS FROM `sm_teacher_course` [ RunTime:0.0030s ]
SQL: SELECT `tname` FROM `sm_teacher` WHERE ( tid=080135 ) LIMIT 1   [ RunTime:0.0000s ]
SQL: SELECT `password` FROM `sm_teacher` WHERE ( tid=080135 ) LIMIT 1   [ RunTime:0.0000s ]
SQL: SELECT `cname` FROM `sm_teacher_course` WHERE ( tid=080135 )  [ RunTime:0.0020s ]
NOTIC: [8] A session had already been started - ignoring session_start() E:\xampp0\htdocs\studentMange\ThinkPHP\Common\functions.php 第 1263 行.

