[ 2016-04-01T13:30:04+08:00 ] ::1 /studentMange/index.php/Student/Login/login_judge.shtml
INFO: [ app_begin ] --START--
INFO: Run Behavior\ReadHtmlCacheBehavior [ RunTime:0.002000s ]
INFO: [ app_begin ] --END-- [ RunTime:0.002000s ]
SQL: SHOW COLUMNS FROM `sm_teacher` [ RunTime:0.0090s ]
SQL: SHOW COLUMNS FROM `sm_teacher_course` [ RunTime:0.0060s ]
SQL: SELECT `tname` FROM `sm_teacher` WHERE ( tid=080135 ) LIMIT 1   [ RunTime:0.0020s ]
SQL: SELECT `password` FROM `sm_teacher` WHERE ( tid=080135 ) LIMIT 1   [ RunTime:0.0010s ]
SQL: SELECT `cname` FROM `sm_teacher_course` WHERE ( tid=080135 )  [ RunTime:0.0010s ]
NOTIC: [8] A session had already been started - ignoring session_start() E:\xampp0\htdocs\studentMange\ThinkPHP\Common\functions.php 第 1263 行.

[ 2016-04-01T13:30:07+08:00 ] ::1 /studentMange/Public/startbootstrap/bower_components/datatables-responsive/css/dataTables.responsive.css
ERR: 无法加载控制器:Public

[ 2016-04-01T13:30:15+08:00 ] ::1 /studentMange/Public/startbootstrap/bower_components/datatables-responsive/css/dataTables.responsive.css
ERR: 无法加载控制器:Public

[ 2016-04-01T13:30:22+08:00 ] ::1 /studentMange/Public/startbootstrap/bower_components/datatables-responsive/css/dataTables.responsive.css
ERR: 无法加载控制器:Public

[ 2016-04-01T13:35:51+08:00 ] ::1 /studentMange/Public/startbootstrap/bower_components/datatables-responsive/css/dataTables.responsive.css
ERR: 无法加载控制器:Public

[ 2016-04-01T13:35:52+08:00 ] ::1 /studentMange/Public/startbootstrap/bower_components/datatables-responsive/css/dataTables.responsive.css
ERR: 无法加载控制器:Public

[ 2016-04-01T13:35:54+08:00 ] ::1 /studentMange/Public/startbootstrap/bower_components/datatables-responsive/css/dataTables.responsive.css
ERR: 无法加载控制器:Public

[ 2016-04-01T13:36:04+08:00 ] ::1 /studentMange/Public/startbootstrap/bower_components/datatables-responsive/css/dataTables.responsive.css
ERR: 无法加载控制器:Public

[ 2016-04-01T13:36:06+08:00 ] ::1 /studentMange/Public/startbootstrap/bower_components/datatables-responsive/css/dataTables.responsive.css
ERR: 无法加载控制器:Public

[ 2016-04-01T13:36:07+08:00 ] ::1 /studentMange/Public/startbootstrap/bower_components/datatables-responsive/css/dataTables.responsive.css
ERR: 无法加载控制器:Public

[ 2016-04-01T13:36:19+08:00 ] ::1 /studentMange/Public/startbootstrap/bower_components/datatables-responsive/css/dataTables.responsive.css
ERR: 无法加载控制器:Public

[ 2016-04-01T13:36:22+08:00 ] ::1 /studentMange/Public/startbootstrap/bower_components/datatables-responsive/css/dataTables.responsive.css
ERR: 无法加载控制器:Public

[ 2016-04-01T13:36:22+08:00 ] ::1 /studentMange/Public/startbootstrap/bower_components/datatables-responsive/css/dataTables.responsive.css
ERR: 无法加载控制器:Public

[ 2016-04-01T13:36:30+08:00 ] ::1 /studentMange/Public/startbootstrap/bower_components/datatables-responsive/css/dataTables.responsive.css
ERR: 无法加载控制器:Public

[ 2016-04-01T13:36:48+08:00 ] ::1 /studentMange/Public/startbootstrap/bower_components/datatables-responsive/css/dataTables.responsive.css
ERR: 无法加载控制器:Public

[ 2016-04-01T13:36:50+08:00 ] ::1 /studentMange/Public/startbootstrap/bower_components/datatables-responsive/css/dataTables.responsive.css
ERR: 无法加载控制器:Public

[ 2016-04-01T13:36:55+08:00 ] ::1 /studentMange/Public/startbootstrap/bower_components/datatables-responsive/css/dataTables.responsive.css
ERR: 无法加载控制器:Public

[ 2016-04-01T13:37:03+08:00 ] ::1 /studentMange/Public/startbootstrap/bower_components/datatables-responsive/css/dataTables.responsive.css
ERR: 无法加载控制器:Public

[ 2016-04-01T13:37:04+08:00 ] ::1 /studentMange/Public/startbootstrap/bower_components/datatables-responsive/css/dataTables.responsive.css
ERR: 无法加载控制器:Public

[ 2016-04-01T13:37:06+08:00 ] ::1 /studentMange/Public/startbootstrap/bower_components/datatables-responsive/css/dataTables.responsive.css
ERR: 无法加载控制器:Public

[ 2016-04-01T13:37:14+08:00 ] ::1 /studentMange/Public/startbootstrap/bower_components/datatables-responsive/css/dataTables.responsive.css
ERR: 无法加载控制器:Public

[ 2016-04-01T13:37:23+08:00 ] ::1 /studentMange/Public/startbootstrap/bower_components/datatables-responsive/css/dataTables.responsive.css
ERR: 无法加载控制器:Public

[ 2016-04-01T13:38:06+08:00 ] ::1 /studentMange/Public/startbootstrap/bower_components/datatables-responsive/css/dataTables.responsive.css
ERR: 无法加载控制器:Public

[ 2016-04-01T13:38:27+08:00 ] ::1 /studentMange/Public/startbootstrap/bower_components/datatables-responsive/css/dataTables.responsive.css
ERR: 无法加载控制器:Public

[ 2016-04-01T13:38:29+08:00 ] ::1 /studentMange/Public/startbootstrap/bower_components/datatables-responsive/css/dataTables.responsive.css
ERR: 无法加载控制器:Public

[ 2016-04-01T13:38:31+08:00 ] ::1 /studentMange/Public/startbootstrap/bower_components/datatables-responsive/css/dataTables.responsive.css
ERR: 无法加载控制器:Public

[ 2016-04-01T13:38:34+08:00 ] ::1 /studentMange/Public/startbootstrap/bower_components/datatables-responsive/css/dataTables.responsive.css
ERR: 无法加载控制器:Public

[ 2016-04-01T13:39:03+08:00 ] ::1 /studentMange/Public/startbootstrap/bower_components/datatables-responsive/css/dataTables.responsive.css
ERR: 无法加载控制器:Public

[ 2016-04-01T13:39:06+08:00 ] ::1 /studentMange/Public/startbootstrap/bower_components/datatables-responsive/css/dataTables.responsive.css
ERR: 无法加载控制器:Public

[ 2016-04-01T13:39:06+08:00 ] ::1 /studentMange/Public/startbootstrap/bower_components/datatables-responsive/css/dataTables.responsive.css
ERR: 无法加载控制器:Public

[ 2016-04-01T13:39:51+08:00 ] ::1 /studentMange/Public/startbootstrap/bower_components/datatables-responsive/css/dataTables.responsive.css
ERR: 无法加载控制器:Public

[ 2016-04-01T13:39:53+08:00 ] ::1 /studentMange/Public/startbootstrap/bower_components/datatables-responsive/css/dataTables.responsive.css
ERR: 无法加载控制器:Public

[ 2016-04-01T13:39:56+08:00 ] ::1 /studentMange/Public/startbootstrap/bower_components/datatables-responsive/css/dataTables.responsive.css
ERR: 无法加载控制器:Public

[ 2016-04-01T13:39:59+08:00 ] ::1 /studentMange/Public/startbootstrap/bower_components/datatables-responsive/css/dataTables.responsive.css
ERR: 无法加载控制器:Public

[ 2016-04-01T13:40:01+08:00 ] ::1 /studentMange/Public/startbootstrap/bower_components/datatables-responsive/css/dataTables.responsive.css
ERR: 无法加载控制器:Public

[ 2016-04-01T13:40:04+08:00 ] ::1 /studentMange/Public/startbootstrap/bower_components/datatables-responsive/css/dataTables.responsive.css
ERR: 无法加载控制器:Public

[ 2016-04-01T13:40:05+08:00 ] ::1 /studentMange/Public/startbootstrap/bower_components/datatables-responsive/css/dataTables.responsive.css
ERR: 无法加载控制器:Public

[ 2016-04-01T13:40:07+08:00 ] ::1 /studentMange/Public/startbootstrap/bower_components/datatables-responsive/css/dataTables.responsive.css
ERR: 无法加载控制器:Public

[ 2016-04-01T13:40:14+08:00 ] ::1 /studentMange/Public/startbootstrap/bower_components/datatables-responsive/css/dataTables.responsive.css
ERR: 无法加载控制器:Public

[ 2016-04-01T13:40:16+08:00 ] ::1 /studentMange/Public/startbootstrap/bower_components/datatables-responsive/css/dataTables.responsive.css
ERR: 无法加载控制器:Public

[ 2016-04-01T13:40:22+08:00 ] ::1 /studentMange/Public/startbootstrap/bower_components/datatables-responsive/css/dataTables.responsive.css
ERR: 无法加载控制器:Public

[ 2016-04-01T13:40:24+08:00 ] ::1 /studentMange/Public/startbootstrap/bower_components/datatables-responsive/css/dataTables.responsive.css
ERR: 无法加载控制器:Public

[ 2016-04-01T13:40:44+08:00 ] ::1 /studentMange/Public/startbootstrap/bower_components/datatables-responsive/css/dataTables.responsive.css
ERR: 无法加载控制器:Public

[ 2016-04-01T13:40:47+08:00 ] ::1 /studentMange/Public/startbootstrap/bower_components/datatables-responsive/css/dataTables.responsive.css
ERR: 无法加载控制器:Public

[ 2016-04-01T13:41:19+08:00 ] ::1 /studentMange/Public/startbootstrap/bower_components/datatables-responsive/css/dataTables.responsive.css
ERR: 无法加载控制器:Public

[ 2016-04-01T13:42:57+08:00 ] ::1 /studentMange/Public/startbootstrap/bower_components/datatables-responsive/css/dataTables.responsive.css
ERR: 无法加载控制器:Public

[ 2016-04-01T13:42:58+08:00 ] ::1 /studentMange/Public/startbootstrap/bower_components/datatables-responsive/css/dataTables.responsive.css
ERR: 无法加载控制器:Public

[ 2016-04-01T13:43:47+08:00 ] ::1 /studentMange/Public/startbootstrap/bower_components/datatables-responsive/css/dataTables.responsive.css
ERR: 无法加载控制器:Public

[ 2016-04-01T13:44:25+08:00 ] ::1 /studentMange/Public/startbootstrap/bower_components/datatables-responsive/css/dataTables.responsive.css
ERR: 无法加载控制器:Public

[ 2016-04-01T13:44:28+08:00 ] ::1 /studentMange/Public/startbootstrap/bower_components/datatables-responsive/css/dataTables.responsive.css
ERR: 无法加载控制器:Public

[ 2016-04-01T13:44:29+08:00 ] ::1 /studentMange/Public/startbootstrap/bower_components/datatables-responsive/css/dataTables.responsive.css
ERR: 无法加载控制器:Public

[ 2016-04-01T13:44:50+08:00 ] ::1 /studentMange/Public/startbootstrap/bower_components/datatables-responsive/css/dataTables.responsive.css
ERR: 无法加载控制器:Public

[ 2016-04-01T13:44:52+08:00 ] ::1 /studentMange/Public/startbootstrap/bower_components/datatables-responsive/css/dataTables.responsive.css
ERR: 无法加载控制器:Public

[ 2016-04-01T13:44:59+08:00 ] ::1 /studentMange/Public/startbootstrap/bower_components/datatables-responsive/css/dataTables.responsive.css
ERR: 无法加载控制器:Public

[ 2016-04-01T20:20:39+08:00 ] ::1 /studentMange/index.php/Student/Login/login_judge.shtml
INFO: [ app_begin ] --START--
INFO: Run Behavior\ReadHtmlCacheBehavior [ RunTime:0.001000s ]
INFO: [ app_begin ] --END-- [ RunTime:0.001000s ]
SQL: SHOW COLUMNS FROM `sm_teacher` [ RunTime:0.0030s ]
SQL: SHOW COLUMNS FROM `sm_teacher_course` [ RunTime:0.0040s ]
SQL: SELECT `tname` FROM `sm_teacher` WHERE ( tid=080135 ) LIMIT 1   [ RunTime:0.0010s ]
SQL: SELECT `password` FROM `sm_teacher` WHERE ( tid=080135 ) LIMIT 1   [ RunTime:0.0000s ]
SQL: SELECT `cname` FROM `sm_teacher_course` WHERE ( tid=080135 )  [ RunTime:0.0010s ]
NOTIC: [8] A session had already been started - ignoring session_start() E:\xampp0\htdocs\studentMange\ThinkPHP\Common\functions.php 第 1263 行.

[ 2016-04-01T20:51:52+08:00 ] ::1 /studentMange/index.php/Student/Login/login_judge.shtml
INFO: [ app_begin ] --START--
INFO: Run Behavior\ReadHtmlCacheBehavior [ RunTime:0.001000s ]
INFO: [ app_begin ] --END-- [ RunTime:0.001000s ]
SQL: SHOW COLUMNS FROM `sm_student` [ RunTime:0.0030s ]
SQL: SHOW COLUMNS FROM `sm_student_course` [ RunTime:0.0020s ]
SQL: SELECT `sname` FROM `sm_student` WHERE ( sid=1208010126 ) LIMIT 1   [ RunTime:0.0010s ]
SQL: SELECT `password` FROM `sm_student` WHERE ( sid=1208010126 ) LIMIT 1   [ RunTime:0.0000s ]
SQL: SELECT `cname`,`tname` FROM `sm_student_course` WHERE ( sid=1208010126 )  [ RunTime:0.0010s ]
NOTIC: [8] A session had already been started - ignoring session_start() E:\xampp0\htdocs\studentMange\ThinkPHP\Common\functions.php 第 1263 行.

