[ 2016-03-30T10:05:41+08:00 ] ::1 /studentMange/index.php/Student/Login/login_judge.shtml
INFO: [ app_begin ] --START--
INFO: Run Behavior\ReadHtmlCacheBehavior [ RunTime:0.001000s ]
INFO: [ app_begin ] --END-- [ RunTime:0.001000s ]
SQL: SHOW COLUMNS FROM `sm_student` [ RunTime:0.0030s ]
SQL: SHOW COLUMNS FROM `sm_student_course` [ RunTime:0.0140s ]
SQL: SELECT `sname` FROM `sm_student` WHERE ( sid=1208010126 ) LIMIT 1   [ RunTime:0.0010s ]
SQL: SELECT `password` FROM `sm_student` WHERE ( sid=1208010126 ) LIMIT 1   [ RunTime:0.0010s ]
SQL: SELECT `cname`,`tname` FROM `sm_student_course` WHERE ( sid=1208010126 )  [ RunTime:0.0010s ]
NOTIC: [8] A session had already been started - ignoring session_start() E:\xampp0\htdocs\studentMange\ThinkPHP\Common\functions.php 第 1263 行.

[ 2016-03-30T10:08:15+08:00 ] ::1 /studentMange/index.php/Student/Login/login_judge.shtml
INFO: [ app_begin ] --START--
INFO: Run Behavior\ReadHtmlCacheBehavior [ RunTime:0.002000s ]
INFO: [ app_begin ] --END-- [ RunTime:0.002000s ]
SQL: SHOW COLUMNS FROM `sm_teacher` [ RunTime:0.0110s ]
SQL: SHOW COLUMNS FROM `sm_teacher_course` [ RunTime:0.0060s ]
SQL: SELECT `tname` FROM `sm_teacher` WHERE ( tid=080135 ) LIMIT 1   [ RunTime:0.0000s ]
SQL: SELECT `password` FROM `sm_teacher` WHERE ( tid=080135 ) LIMIT 1   [ RunTime:0.0010s ]
SQL: SELECT `cname` FROM `sm_teacher_course` WHERE ( tid=080135 )  [ RunTime:0.0000s ]
NOTIC: [8] A session had already been started - ignoring session_start() E:\xampp0\htdocs\studentMange\ThinkPHP\Common\functions.php 第 1263 行.

[ 2016-03-30T10:09:41+08:00 ] ::1 /studentMange/index.php/Student/task/send_task/task_id/16/task_type/%E8%AF%BE%E5%90%8E
INFO: [ app_begin ] --START--
INFO: Run Behavior\ReadHtmlCacheBehavior [ RunTime:0.002000s ]
INFO: [ app_begin ] --END-- [ RunTime:0.002000s ]
SQL: SHOW COLUMNS FROM `sm_stask` [ RunTime:0.0040s ]
SQL: UPDATE `sm_stask` SET `content`='&lt;p&gt;fffffffffffffffffffffffffffffffffffffffffffffffffffffffffffffffffffffffffffffffffffffffffffffffffffffffffffffffffffffffffffffffffffffffffffffffssssssssssssssssssssssssssssssssssssss&lt;/p&gt;&lt;p id=&quot;default_c&quot;&gt;&lt;br/&gt;&lt;/p&gt;&lt;p id=&quot;default_c&quot;&gt;反反复复反反复复方法反反复复反反复复方法发&lt;/p&gt;' WHERE ( id=3 ) [ RunTime:0.0000s ]

[ 2016-03-30T21:03:50+08:00 ] ::1 /studentMange/index.php/T
ERR: 无法加载控制器:T

[ 2016-03-30T21:04:33+08:00 ] ::1 /studentMange/index.php/Student/Login/login_judge.shtml
INFO: [ app_begin ] --START--
INFO: Run Behavior\ReadHtmlCacheBehavior [ RunTime:0.001000s ]
INFO: [ app_begin ] --END-- [ RunTime:0.001000s ]
SQL: SHOW COLUMNS FROM `sm_teacher` [ RunTime:0.0260s ]
SQL: SHOW COLUMNS FROM `sm_teacher_course` [ RunTime:0.0120s ]
SQL: SELECT `tname` FROM `sm_teacher` WHERE ( tid=080135 ) LIMIT 1   [ RunTime:0.0020s ]
SQL: SELECT `password` FROM `sm_teacher` WHERE ( tid=080135 ) LIMIT 1   [ RunTime:0.0000s ]
SQL: SELECT `cname` FROM `sm_teacher_course` WHERE ( tid=080135 )  [ RunTime:0.0000s ]
NOTIC: [8] A session had already been started - ignoring session_start() E:\xampp0\htdocs\studentMange\ThinkPHP\Common\functions.php 第 1263 行.

[ 2016-03-30T21:04:47+08:00 ] ::1 /studentMange/Public/leftsp/follow.js
ERR: 无法加载控制器:Public

[ 2016-03-30T21:04:47+08:00 ] ::1 /studentMange/Public/leftspjs/jquery.js
ERR: 无法加载控制器:Public

[ 2016-03-30T21:04:47+08:00 ] ::1 /studentMange/Public/leftsp/gg_bd_ad_720x90.js
ERR: 无法加载控制器:Public

[ 2016-03-30T21:05:23+08:00 ] ::1 /studentMange/Public/leftsp/gg_bd_ad_720x90.js
ERR: 无法加载控制器:Public

[ 2016-03-30T21:05:23+08:00 ] ::1 /studentMange/Public/leftsp/follow.js
ERR: 无法加载控制器:Public

[ 2016-03-30T21:05:23+08:00 ] ::1 /studentMange/Public/leftspjs/jquery.js
ERR: 无法加载控制器:Public

[ 2016-03-30T21:05:24+08:00 ] ::1 /studentMange/Public/leftsp/follow.js
ERR: 无法加载控制器:Public

[ 2016-03-30T21:05:24+08:00 ] ::1 /studentMange/Public/leftspjs/jquery.js
ERR: 无法加载控制器:Public

[ 2016-03-30T21:05:24+08:00 ] ::1 /studentMange/Public/leftsp/gg_bd_ad_720x90.js
ERR: 无法加载控制器:Public

[ 2016-03-30T21:05:30+08:00 ] ::1 /studentMange/Public/leftsp/gg_bd_ad_720x90.js
ERR: 无法加载控制器:Public

[ 2016-03-30T21:05:30+08:00 ] ::1 /studentMange/Public/leftsp/follow.js
ERR: 无法加载控制器:Public

[ 2016-03-30T21:05:30+08:00 ] ::1 /studentMange/Public/leftspjs/jquery.js
ERR: 无法加载控制器:Public

[ 2016-03-30T21:05:30+08:00 ] ::1 /studentMange/Public/leftspjs/jquery.js
ERR: 无法加载控制器:Public

[ 2016-03-30T21:05:30+08:00 ] ::1 /studentMange/Public/leftsp/follow.js
ERR: 无法加载控制器:Public

[ 2016-03-30T21:05:30+08:00 ] ::1 /studentMange/Public/leftsp/gg_bd_ad_720x90.js
ERR: 无法加载控制器:Public

[ 2016-03-30T21:05:48+08:00 ] ::1 /studentMange/Public/leftsp/gg_bd_ad_720x90.js
ERR: 无法加载控制器:Public

[ 2016-03-30T21:05:48+08:00 ] ::1 /studentMange/Public/leftsp/follow.js
ERR: 无法加载控制器:Public

[ 2016-03-30T21:05:48+08:00 ] ::1 /studentMange/Public/leftspjs/jquery.js
ERR: 无法加载控制器:Public

[ 2016-03-30T21:05:49+08:00 ] ::1 /studentMange/Public/leftsp/follow.js
ERR: 无法加载控制器:Public

[ 2016-03-30T21:05:49+08:00 ] ::1 /studentMange/Public/leftspjs/jquery.js
ERR: 无法加载控制器:Public

[ 2016-03-30T21:06:30+08:00 ] ::1 /studentMange/Public/leftsp/gg_bd_ad_720x90.js
ERR: 无法加载控制器:Public

[ 2016-03-30T21:06:30+08:00 ] ::1 /studentMange/Public/leftsp/follow.js
ERR: 无法加载控制器:Public

[ 2016-03-30T21:06:30+08:00 ] ::1 /studentMange/Public/leftspjs/jquery.js
ERR: 无法加载控制器:Public

[ 2016-03-30T21:06:31+08:00 ] ::1 /studentMange/Public/leftsp/gg_bd_ad_720x90.js
ERR: 无法加载控制器:Public

[ 2016-03-30T21:06:31+08:00 ] ::1 /studentMange/Public/leftsp/follow.js
ERR: 无法加载控制器:Public

[ 2016-03-30T21:06:31+08:00 ] ::1 /studentMange/Public/leftspjs/jquery.js
ERR: 无法加载控制器:Public

[ 2016-03-30T21:07:01+08:00 ] ::1 /studentMange/Public/leftsp/follow.js
ERR: 无法加载控制器:Public

[ 2016-03-30T21:07:01+08:00 ] ::1 /studentMange/Public/leftspjs/jquery.js
ERR: 无法加载控制器:Public

[ 2016-03-30T21:07:01+08:00 ] ::1 /studentMange/Public/leftsp/gg_bd_ad_720x90.js
ERR: 无法加载控制器:Public

[ 2016-03-30T21:07:01+08:00 ] ::1 /studentMange/Public/leftsp/gg_bd_ad_720x90.js
ERR: 无法加载控制器:Public

[ 2016-03-30T21:07:01+08:00 ] ::1 /studentMange/Public/leftsp/follow.js
ERR: 无法加载控制器:Public

[ 2016-03-30T21:07:01+08:00 ] ::1 /studentMange/Public/leftspjs/jquery.js
ERR: 无法加载控制器:Public

[ 2016-03-30T21:07:30+08:00 ] ::1 /studentMange/Public/leftsp/follow.js
ERR: 无法加载控制器:Public

[ 2016-03-30T21:07:30+08:00 ] ::1 /studentMange/Public/leftsp/gg_bd_ad_720x90.js
ERR: 无法加载控制器:Public

[ 2016-03-30T21:07:30+08:00 ] ::1 /studentMange/Public/leftspjs/jquery.js
ERR: 无法加载控制器:Public

[ 2016-03-30T21:07:46+08:00 ] ::1 /studentMange/Public/leftsp/gg_bd_ad_720x90.js
ERR: 无法加载控制器:Public

[ 2016-03-30T21:07:46+08:00 ] ::1 /studentMange/Public/leftsp/follow.js
ERR: 无法加载控制器:Public

[ 2016-03-30T21:07:46+08:00 ] ::1 /studentMange/Public/leftsp/follow.js
ERR: 无法加载控制器:Public

[ 2016-03-30T21:07:46+08:00 ] ::1 /studentMange/Public/leftsp/gg_bd_ad_720x90.js
ERR: 无法加载控制器:Public

[ 2016-03-30T21:09:08+08:00 ] ::1 /studentMange/Public/leftsp/follow.js
ERR: 无法加载控制器:Public

