[ 2016-03-31T13:39:51+08:00 ] ::1 /studentMange/index.php/Student/Login/login_judge.shtml
INFO: [ app_begin ] --START--
INFO: Run Behavior\ReadHtmlCacheBehavior [ RunTime:0.003000s ]
INFO: [ app_begin ] --END-- [ RunTime:0.003000s ]
SQL: SHOW COLUMNS FROM `sm_teacher` [ RunTime:0.0060s ]
SQL: SHOW COLUMNS FROM `sm_teacher_course` [ RunTime:0.0110s ]
SQL: SELECT `tname` FROM `sm_teacher` WHERE ( tid=080135 ) LIMIT 1   [ RunTime:0.0000s ]
SQL: SELECT `password` FROM `sm_teacher` WHERE ( tid=080135 ) LIMIT 1   [ RunTime:0.0000s ]
SQL: SELECT `cname` FROM `sm_teacher_course` WHERE ( tid=080135 )  [ RunTime:0.0000s ]
NOTIC: [8] A session had already been started - ignoring session_start() E:\xampp0\htdocs\studentMange\ThinkPHP\Common\functions.php 第 1263 行.

[ 2016-03-31T14:19:55+08:00 ] ::1 /studentMange/index.php/Student/Login/login_judge.shtml
INFO: [ app_begin ] --START--
INFO: Run Behavior\ReadHtmlCacheBehavior [ RunTime:0.000000s ]
INFO: [ app_begin ] --END-- [ RunTime:0.000000s ]
SQL: SHOW COLUMNS FROM `sm_teacher` [ RunTime:0.0030s ]
SQL: SHOW COLUMNS FROM `sm_teacher_course` [ RunTime:0.0090s ]
SQL: SELECT `tname` FROM `sm_teacher` WHERE ( tid=080135 ) LIMIT 1   [ RunTime:0.0000s ]
SQL: SELECT `password` FROM `sm_teacher` WHERE ( tid=080135 ) LIMIT 1   [ RunTime:0.0010s ]
SQL: SELECT `cname` FROM `sm_teacher_course` WHERE ( tid=080135 )  [ RunTime:0.0000s ]
NOTIC: [8] A session had already been started - ignoring session_start() E:\xampp0\htdocs\studentMange\ThinkPHP\Common\functions.php 第 1263 行.

[ 2016-03-31T14:20:56+08:00 ] ::1 /studentMange/index.php/Student/Login/login_judge.shtml
INFO: [ app_begin ] --START--
INFO: Run Behavior\ReadHtmlCacheBehavior [ RunTime:0.001000s ]
INFO: [ app_begin ] --END-- [ RunTime:0.001000s ]
SQL: SHOW COLUMNS FROM `sm_teacher` [ RunTime:0.0050s ]
SQL: SHOW COLUMNS FROM `sm_teacher_course` [ RunTime:0.0060s ]
SQL: SELECT `tname` FROM `sm_teacher` WHERE ( tid=080135 ) LIMIT 1   [ RunTime:0.0010s ]
SQL: SELECT `password` FROM `sm_teacher` WHERE ( tid=080135 ) LIMIT 1   [ RunTime:0.0000s ]
SQL: SELECT `cname` FROM `sm_teacher_course` WHERE ( tid=080135 )  [ RunTime:0.0010s ]
NOTIC: [8] A session had already been started - ignoring session_start() E:\xampp0\htdocs\studentMange\ThinkPHP\Common\functions.php 第 1263 行.

[ 2016-03-31T14:21:33+08:00 ] ::1 /studentMange/index.php/Student/Login/login_judge.shtml
INFO: [ app_begin ] --START--
INFO: Run Behavior\ReadHtmlCacheBehavior [ RunTime:0.000000s ]
INFO: [ app_begin ] --END-- [ RunTime:0.000000s ]
SQL: SHOW COLUMNS FROM `sm_teacher` [ RunTime:0.0090s ]
SQL: SHOW COLUMNS FROM `sm_teacher_course` [ RunTime:0.0040s ]
SQL: SELECT `tname` FROM `sm_teacher` WHERE ( tid=080135 ) LIMIT 1   [ RunTime:0.0000s ]
SQL: SELECT `password` FROM `sm_teacher` WHERE ( tid=080135 ) LIMIT 1   [ RunTime:0.0000s ]
SQL: SELECT `cname` FROM `sm_teacher_course` WHERE ( tid=080135 )  [ RunTime:0.0010s ]
NOTIC: [8] A session had already been started - ignoring session_start() E:\xampp0\htdocs\studentMange\ThinkPHP\Common\functions.php 第 1263 行.

[ 2016-03-31T14:41:49+08:00 ] ::1 /studentMange/Public/startbootstrap/bower_components/datatables-responsive/css/dataTables.responsive.css
ERR: 无法加载控制器:Public

[ 2016-03-31T14:41:50+08:00 ] ::1 /studentMange/Public/startbootstrap/bower_components/datatables-responsive/css/dataTables.responsive.css
ERR: 无法加载控制器:Public

[ 2016-03-31T14:43:02+08:00 ] ::1 /studentMange/Public/startbootstrap/bower_components/datatables-responsive/css/dataTables.responsive.css
ERR: 无法加载控制器:Public

[ 2016-03-31T14:43:04+08:00 ] ::1 /studentMange/Public/startbootstrap/bower_components/datatables-responsive/css/dataTables.responsive.css
ERR: 无法加载控制器:Public

[ 2016-03-31T14:43:06+08:00 ] ::1 /studentMange/Public/startbootstrap/bower_components/datatables-responsive/css/dataTables.responsive.css
ERR: 无法加载控制器:Public

[ 2016-03-31T14:43:07+08:00 ] ::1 /studentMange/Public/startbootstrap/bower_components/datatables-responsive/css/dataTables.responsive.css
ERR: 无法加载控制器:Public

[ 2016-03-31T14:43:39+08:00 ] ::1 /studentMange/Public/startbootstrap/bower_components/datatables-responsive/css/dataTables.responsive.css
ERR: 无法加载控制器:Public

[ 2016-03-31T14:43:40+08:00 ] ::1 /studentMange/Public/startbootstrap/bower_components/datatables-responsive/css/dataTables.responsive.css
ERR: 无法加载控制器:Public

[ 2016-03-31T14:43:42+08:00 ] ::1 /studentMange/Public/startbootstrap/bower_components/datatables-responsive/css/dataTables.responsive.css
ERR: 无法加载控制器:Public

[ 2016-03-31T14:43:45+08:00 ] ::1 /studentMange/Public/startbootstrap/bower_components/datatables-responsive/css/dataTables.responsive.css
ERR: 无法加载控制器:Public

[ 2016-03-31T14:43:58+08:00 ] ::1 /studentMange/Public/startbootstrap/bower_components/datatables-responsive/css/dataTables.responsive.css
ERR: 无法加载控制器:Public

[ 2016-03-31T14:55:09+08:00 ] ::1 /studentMange/Public/startbootstrap/bower_component/bootstrap/dist/css/bootstrap.min.css
ERR: 无法加载控制器:Public

[ 2016-03-31T14:55:09+08:00 ] ::1 /studentMange/Public/startbootstrap/bower_component/metisMenu/dist/metisMenu.min.css
ERR: 无法加载控制器:Public

[ 2016-03-31T14:55:09+08:00 ] ::1 /studentMange/Public/startbootstrap/bower_component/datatables-responsive/css/dataTables.responsive.css
ERR: 无法加载控制器:Public

[ 2016-03-31T14:55:09+08:00 ] ::1 /studentMange/Public/startbootstrap/bower_component/font-awesome/css/font-awesome.min.css
ERR: 无法加载控制器:Public

[ 2016-03-31T14:55:09+08:00 ] ::1 /studentMange/Public/startbootstrap/bower_component/metisMenu/dist/metisMenu.min.js
ERR: 无法加载控制器:Public

[ 2016-03-31T14:55:09+08:00 ] ::1 /studentMange/Public/startbootstrap/bower_component/bootstrap/dist/js/bootstrap.min.js
ERR: 无法加载控制器:Public

[ 2016-03-31T14:55:09+08:00 ] ::1 /studentMange/Public/startbootstrap/bower_component/datatables/media/js/jquery.dataTables.min.js
ERR: 无法加载控制器:Public

[ 2016-03-31T14:55:09+08:00 ] ::1 /studentMange/Public/startbootstrap/bower_component/datatables-plugins/integration/bootstrap/3/dataTables.bootstrap.min.js
ERR: 无法加载控制器:Public

[ 2016-03-31T14:55:09+08:00 ] ::1 /studentMange/Public/startbootstrap/bower_component/jquery/dist/jquery.min.js
ERR: 无法加载控制器:Public

[ 2016-03-31T14:55:09+08:00 ] ::1 /studentMange/Public/startbootstrap/bower_component/datatables-plugins/integration/bootstrap/3/dataTables.bootstrap.css
ERR: 无法加载控制器:Public

[ 2016-03-31T14:55:11+08:00 ] ::1 /studentMange/Public/startbootstrap/bower_component/bootstrap/dist/css/bootstrap.min.css
ERR: 无法加载控制器:Public

[ 2016-03-31T14:55:11+08:00 ] ::1 /studentMange/Public/startbootstrap/bower_component/datatables-responsive/css/dataTables.responsive.css
ERR: 无法加载控制器:Public

[ 2016-03-31T14:55:11+08:00 ] ::1 /studentMange/Public/startbootstrap/bower_component/datatables-plugins/integration/bootstrap/3/dataTables.bootstrap.css
ERR: 无法加载控制器:Public

[ 2016-03-31T14:55:11+08:00 ] ::1 /studentMange/Public/startbootstrap/bower_component/jquery/dist/jquery.min.js
ERR: 无法加载控制器:Public

[ 2016-03-31T14:55:11+08:00 ] ::1 /studentMange/Public/startbootstrap/bower_component/font-awesome/css/font-awesome.min.css
ERR: 无法加载控制器:Public

[ 2016-03-31T14:55:11+08:00 ] ::1 /studentMange/Public/startbootstrap/bower_component/metisMenu/dist/metisMenu.min.css
ERR: 无法加载控制器:Public

[ 2016-03-31T14:55:11+08:00 ] ::1 /studentMange/Public/startbootstrap/bower_component/metisMenu/dist/metisMenu.min.js
ERR: 无法加载控制器:Public

[ 2016-03-31T14:55:11+08:00 ] ::1 /studentMange/Public/startbootstrap/bower_component/bootstrap/dist/js/bootstrap.min.js
ERR: 无法加载控制器:Public

[ 2016-03-31T14:55:11+08:00 ] ::1 /studentMange/Public/startbootstrap/bower_component/datatables/media/js/jquery.dataTables.min.js
ERR: 无法加载控制器:Public

[ 2016-03-31T14:55:11+08:00 ] ::1 /studentMange/Public/startbootstrap/bower_component/datatables-plugins/integration/bootstrap/3/dataTables.bootstrap.min.js
ERR: 无法加载控制器:Public

[ 2016-03-31T14:55:11+08:00 ] ::1 /studentMange/Public/startbootstrap/bower_component/metisMenu/dist/metisMenu.min.css
ERR: 无法加载控制器:Public

[ 2016-03-31T14:55:11+08:00 ] ::1 /studentMange/Public/startbootstrap/bower_component/datatables-plugins/integration/bootstrap/3/dataTables.bootstrap.css
ERR: 无法加载控制器:Public

[ 2016-03-31T14:55:11+08:00 ] ::1 /studentMange/Public/startbootstrap/bower_component/font-awesome/css/font-awesome.min.css
ERR: 无法加载控制器:Public

[ 2016-03-31T14:55:11+08:00 ] ::1 /studentMange/Public/startbootstrap/bower_component/jquery/dist/jquery.min.js
ERR: 无法加载控制器:Public

[ 2016-03-31T14:55:11+08:00 ] ::1 /studentMange/Public/startbootstrap/bower_component/datatables-responsive/css/dataTables.responsive.css
ERR: 无法加载控制器:Public

[ 2016-03-31T14:55:11+08:00 ] ::1 /studentMange/Public/startbootstrap/bower_component/bootstrap/dist/css/bootstrap.min.css
ERR: 无法加载控制器:Public

[ 2016-03-31T14:55:11+08:00 ] ::1 /studentMange/Public/startbootstrap/bower_component/bootstrap/dist/js/bootstrap.min.js
ERR: 无法加载控制器:Public

[ 2016-03-31T14:55:11+08:00 ] ::1 /studentMange/Public/startbootstrap/bower_component/datatables-plugins/integration/bootstrap/3/dataTables.bootstrap.min.js
ERR: 无法加载控制器:Public

[ 2016-03-31T14:55:11+08:00 ] ::1 /studentMange/Public/startbootstrap/bower_component/datatables/media/js/jquery.dataTables.min.js
ERR: 无法加载控制器:Public

[ 2016-03-31T14:55:11+08:00 ] ::1 /studentMange/Public/startbootstrap/bower_component/metisMenu/dist/metisMenu.min.js
ERR: 无法加载控制器:Public

[ 2016-03-31T14:55:39+08:00 ] ::1 /studentMange/Public/startbootstrap/bower_component/bootstrap/dist/css/bootstrap.min.css
ERR: 无法加载控制器:Public

[ 2016-03-31T14:55:39+08:00 ] ::1 /studentMange/Public/startbootstrap/bower_component/font-awesome/css/font-awesome.min.css
ERR: 无法加载控制器:Public

[ 2016-03-31T14:55:39+08:00 ] ::1 /studentMange/Public/startbootstrap/bower_component/metisMenu/dist/metisMenu.min.css
ERR: 无法加载控制器:Public

[ 2016-03-31T14:55:39+08:00 ] ::1 /studentMange/Public/startbootstrap/bower_component/datatables-responsive/css/dataTables.responsive.css
ERR: 无法加载控制器:Public

[ 2016-03-31T14:55:39+08:00 ] ::1 /studentMange/Public/startbootstrap/bower_component/datatables-plugins/integration/bootstrap/3/dataTables.bootstrap.css
ERR: 无法加载控制器:Public

[ 2016-03-31T14:55:39+08:00 ] ::1 /studentMange/Public/startbootstrap/bower_component/bootstrap/dist/js/bootstrap.min.js
ERR: 无法加载控制器:Public

[ 2016-03-31T14:55:39+08:00 ] ::1 /studentMange/Public/startbootstrap/bower_component/jquery/dist/jquery.min.js
ERR: 无法加载控制器:Public

[ 2016-03-31T14:55:39+08:00 ] ::1 /studentMange/Public/startbootstrap/bower_component/datatables/media/js/jquery.dataTables.min.js
ERR: 无法加载控制器:Public

[ 2016-03-31T14:55:39+08:00 ] ::1 /studentMange/Public/startbootstrap/bower_component/metisMenu/dist/metisMenu.min.js
ERR: 无法加载控制器:Public

[ 2016-03-31T14:55:39+08:00 ] ::1 /studentMange/Public/startbootstrap/bower_component/datatables-plugins/integration/bootstrap/3/dataTables.bootstrap.min.js
ERR: 无法加载控制器:Public

[ 2016-03-31T14:55:40+08:00 ] ::1 /studentMange/Public/startbootstrap/bower_component/datatables-plugins/integration/bootstrap/3/dataTables.bootstrap.css
ERR: 无法加载控制器:Public

[ 2016-03-31T14:55:40+08:00 ] ::1 /studentMange/Public/startbootstrap/bower_component/bootstrap/dist/css/bootstrap.min.css
ERR: 无法加载控制器:Public

[ 2016-03-31T14:55:40+08:00 ] ::1 /studentMange/Public/startbootstrap/bower_component/datatables-responsive/css/dataTables.responsive.css
ERR: 无法加载控制器:Public

[ 2016-03-31T14:55:40+08:00 ] ::1 /studentMange/Public/startbootstrap/bower_component/metisMenu/dist/metisMenu.min.css
ERR: 无法加载控制器:Public

[ 2016-03-31T14:55:40+08:00 ] ::1 /studentMange/Public/startbootstrap/bower_component/jquery/dist/jquery.min.js
ERR: 无法加载控制器:Public

[ 2016-03-31T14:55:40+08:00 ] ::1 /studentMange/Public/startbootstrap/bower_component/bootstrap/dist/js/bootstrap.min.js
ERR: 无法加载控制器:Public

[ 2016-03-31T14:55:40+08:00 ] ::1 /studentMange/Public/startbootstrap/bower_component/metisMenu/dist/metisMenu.min.js
ERR: 无法加载控制器:Public

[ 2016-03-31T14:55:40+08:00 ] ::1 /studentMange/Public/startbootstrap/bower_component/datatables-plugins/integration/bootstrap/3/dataTables.bootstrap.min.js
ERR: 无法加载控制器:Public

[ 2016-03-31T14:55:40+08:00 ] ::1 /studentMange/Public/startbootstrap/bower_component/datatables/media/js/jquery.dataTables.min.js
ERR: 无法加载控制器:Public

[ 2016-03-31T14:55:40+08:00 ] ::1 /studentMange/Public/startbootstrap/bower_component/font-awesome/css/font-awesome.min.css
ERR: 无法加载控制器:Public

[ 2016-03-31T14:56:02+08:00 ] ::1 /studentMange/Public/startbootstrap/bower_component/bootstrap/dist/css/bootstrap.min.css
ERR: 无法加载控制器:Public

[ 2016-03-31T14:56:02+08:00 ] ::1 /studentMange/Public/startbootstrap/bower_component/datatables-plugins/integration/bootstrap/3/dataTables.bootstrap.css
ERR: 无法加载控制器:Public

[ 2016-03-31T14:56:02+08:00 ] ::1 /studentMange/Public/startbootstrap/bower_component/font-awesome/css/font-awesome.min.css
ERR: 无法加载控制器:Public

[ 2016-03-31T14:56:02+08:00 ] ::1 /studentMange/Public/startbootstrap/bower_component/datatables-responsive/css/dataTables.responsive.css
ERR: 无法加载控制器:Public

[ 2016-03-31T14:56:02+08:00 ] ::1 /studentMange/Public/startbootstrap/bower_component/metisMenu/dist/metisMenu.min.css
ERR: 无法加载控制器:Public

[ 2016-03-31T14:56:04+08:00 ] ::1 /studentMange/Public/startbootstrap/bower_component/metisMenu/dist/metisMenu.min.css
ERR: 无法加载控制器:Public

[ 2016-03-31T14:56:04+08:00 ] ::1 /studentMange/Public/startbootstrap/bower_component/datatables-plugins/integration/bootstrap/3/dataTables.bootstrap.css
ERR: 无法加载控制器:Public

[ 2016-03-31T14:56:04+08:00 ] ::1 /studentMange/Public/startbootstrap/bower_component/bootstrap/dist/css/bootstrap.min.css
ERR: 无法加载控制器:Public

[ 2016-03-31T14:56:04+08:00 ] ::1 /studentMange/Public/startbootstrap/bower_component/datatables-responsive/css/dataTables.responsive.css
ERR: 无法加载控制器:Public

[ 2016-03-31T14:56:04+08:00 ] ::1 /studentMange/Public/startbootstrap/bower_component/font-awesome/css/font-awesome.min.css
ERR: 无法加载控制器:Public

[ 2016-03-31T14:56:04+08:00 ] ::1 /studentMange/Public/startbootstrap/bower_component/bootstrap/dist/js/bootstrap.min.js
ERR: 无法加载控制器:Public

[ 2016-03-31T14:56:04+08:00 ] ::1 /studentMange/Public/startbootstrap/bower_component/metisMenu/dist/metisMenu.min.js
ERR: 无法加载控制器:Public

[ 2016-03-31T14:56:04+08:00 ] ::1 /studentMange/Public/startbootstrap/bower_component/jquery/dist/jquery.min.js
ERR: 无法加载控制器:Public

[ 2016-03-31T14:56:04+08:00 ] ::1 /studentMange/Public/startbootstrap/bower_component/datatables/media/js/jquery.dataTables.min.js
ERR: 无法加载控制器:Public

[ 2016-03-31T14:56:04+08:00 ] ::1 /studentMange/Public/startbootstrap/bower_component/datatables-plugins/integration/bootstrap/3/dataTables.bootstrap.min.js
ERR: 无法加载控制器:Public

[ 2016-03-31T14:57:22+08:00 ] ::1 /studentMange/Public/startbootstrap/bower_component/bootstrap/dist/css/bootstrap.min.css
ERR: 无法加载控制器:Public

[ 2016-03-31T14:57:22+08:00 ] ::1 /studentMange/Public/startbootstrap/bower_component/datatables-responsive/css/dataTables.responsive.css
ERR: 无法加载控制器:Public

[ 2016-03-31T14:57:22+08:00 ] ::1 /studentMange/Public/startbootstrap/bower_component/jquery/dist/jquery.min.js
ERR: 无法加载控制器:Public

[ 2016-03-31T14:57:22+08:00 ] ::1 /studentMange/Public/startbootstrap/bower_component/datatables-plugins/integration/bootstrap/3/dataTables.bootstrap.css
ERR: 无法加载控制器:Public

[ 2016-03-31T14:57:22+08:00 ] ::1 /studentMange/Public/startbootstrap/bower_component/font-awesome/css/font-awesome.min.css
ERR: 无法加载控制器:Public

[ 2016-03-31T14:57:22+08:00 ] ::1 /studentMange/Public/startbootstrap/bower_component/bootstrap/dist/js/bootstrap.min.js
ERR: 无法加载控制器:Public

[ 2016-03-31T14:57:22+08:00 ] ::1 /studentMange/Public/startbootstrap/bower_component/metisMenu/dist/metisMenu.min.js
ERR: 无法加载控制器:Public

[ 2016-03-31T14:57:22+08:00 ] ::1 /studentMange/Public/startbootstrap/bower_component/datatables/media/js/jquery.dataTables.min.js
ERR: 无法加载控制器:Public

[ 2016-03-31T14:57:22+08:00 ] ::1 /studentMange/Public/startbootstrap/bower_component/metisMenu/dist/metisMenu.min.css
ERR: 无法加载控制器:Public

[ 2016-03-31T14:57:22+08:00 ] ::1 /studentMange/Public/startbootstrap/bower_component/datatables-plugins/integration/bootstrap/3/dataTables.bootstrap.min.js
ERR: 无法加载控制器:Public

[ 2016-03-31T14:57:26+08:00 ] ::1 /studentMange/Public/startbootstrap/bower_component/bootstrap/dist/css/bootstrap.min.css
ERR: 无法加载控制器:Public

[ 2016-03-31T14:57:26+08:00 ] ::1 /studentMange/Public/startbootstrap/bower_component/datatables-plugins/integration/bootstrap/3/dataTables.bootstrap.css
ERR: 无法加载控制器:Public

[ 2016-03-31T14:57:26+08:00 ] ::1 /studentMange/Public/startbootstrap/bower_component/jquery/dist/jquery.min.js
ERR: 无法加载控制器:Public

[ 2016-03-31T14:57:27+08:00 ] ::1 /studentMange/Public/startbootstrap/bower_component/datatables-responsive/css/dataTables.responsive.css
ERR: 无法加载控制器:Public

[ 2016-03-31T14:57:27+08:00 ] ::1 /studentMange/Public/startbootstrap/bower_component/bootstrap/dist/js/bootstrap.min.js
ERR: 无法加载控制器:Public

[ 2016-03-31T14:57:27+08:00 ] ::1 /studentMange/Public/startbootstrap/bower_component/datatables/media/js/jquery.dataTables.min.js
ERR: 无法加载控制器:Public

[ 2016-03-31T14:57:27+08:00 ] ::1 /studentMange/Public/startbootstrap/bower_component/metisMenu/dist/metisMenu.min.js
ERR: 无法加载控制器:Public

[ 2016-03-31T14:57:27+08:00 ] ::1 /studentMange/Public/startbootstrap/bower_component/font-awesome/css/font-awesome.min.css
ERR: 无法加载控制器:Public

[ 2016-03-31T14:57:27+08:00 ] ::1 /studentMange/Public/startbootstrap/bower_component/datatables-plugins/integration/bootstrap/3/dataTables.bootstrap.min.js
ERR: 无法加载控制器:Public

[ 2016-03-31T14:57:27+08:00 ] ::1 /studentMange/Public/startbootstrap/bower_component/metisMenu/dist/metisMenu.min.css
ERR: 无法加载控制器:Public

[ 2016-03-31T15:01:02+08:00 ] ::1 /studentMange/Public/startbootstrap/bower_components/datatables-responsive/css/dataTables.responsive.css
ERR: 无法加载控制器:Public

[ 2016-03-31T15:01:07+08:00 ] ::1 /studentMange/Public/startbootstrap/bower_components/datatables-responsive/css/dataTables.responsive.css
ERR: 无法加载控制器:Public

[ 2016-03-31T15:01:12+08:00 ] ::1 /studentMange/Public/startbootstrap/bower_components/datatables-responsive/css/dataTables.responsive.css
ERR: 无法加载控制器:Public

[ 2016-03-31T15:01:17+08:00 ] ::1 /studentMange/Public/startbootstrap/bower_components/datatables-responsive/css/dataTables.responsive.css
ERR: 无法加载控制器:Public

[ 2016-03-31T15:02:40+08:00 ] ::1 /studentMange/Public/startbootstrap/bower_components/datatables-responsive/css/dataTables.responsive.css
ERR: 无法加载控制器:Public

[ 2016-03-31T15:02:57+08:00 ] ::1 /studentMange/Public/startbootstrap/bower_components/datatables-responsive/css/dataTables.responsive.css
ERR: 无法加载控制器:Public

[ 2016-03-31T15:03:03+08:00 ] ::1 /studentMange/Public/startbootstrap/bower_components/datatables-responsive/css/dataTables.responsive.css
ERR: 无法加载控制器:Public

[ 2016-03-31T15:03:04+08:00 ] ::1 /studentMange/Public/startbootstrap/bower_components/datatables-responsive/css/dataTables.responsive.css
ERR: 无法加载控制器:Public

[ 2016-03-31T15:03:19+08:00 ] ::1 /studentMange/Public/startbootstrap/bower_components/datatables-responsive/css/dataTables.responsive.css
ERR: 无法加载控制器:Public

[ 2016-03-31T15:03:20+08:00 ] ::1 /studentMange/Public/startbootstrap/bower_components/datatables-responsive/css/dataTables.responsive.css
ERR: 无法加载控制器:Public

[ 2016-03-31T15:03:38+08:00 ] ::1 /studentMange/Public/startbootstrap/bower_components/datatables-responsive/css/dataTables.responsive.css
ERR: 无法加载控制器:Public

[ 2016-03-31T15:03:43+08:00 ] ::1 /studentMange/Public/startbootstrap/bower_components/datatables-responsive/css/dataTables.responsive.css
ERR: 无法加载控制器:Public

[ 2016-03-31T15:04:31+08:00 ] ::1 /studentMange/Public/startbootstrap/bower_components/datatables-responsive/css/dataTables.responsive.css
ERR: 无法加载控制器:Public

[ 2016-03-31T15:04:33+08:00 ] ::1 /studentMange/Public/startbootstrap/bower_components/datatables-responsive/css/dataTables.responsive.css
ERR: 无法加载控制器:Public

[ 2016-03-31T15:04:34+08:00 ] ::1 /studentMange/Public/startbootstrap/bower_components/datatables-responsive/css/dataTables.responsive.css
ERR: 无法加载控制器:Public

[ 2016-03-31T15:04:44+08:00 ] ::1 /studentMange/Public/startbootstrap/bower_components/datatables-responsive/css/dataTables.responsive.css
ERR: 无法加载控制器:Public

[ 2016-03-31T15:05:08+08:00 ] ::1 /studentMange/Public/startbootstrap/bower_components/datatables-responsive/css/dataTables.responsive.css
ERR: 无法加载控制器:Public

[ 2016-03-31T15:07:57+08:00 ] ::1 /studentMange/Public/startbootstrap/bower_components/datatables-responsive/css/dataTables.responsive.css
ERR: 无法加载控制器:Public

[ 2016-03-31T15:08:10+08:00 ] ::1 /studentMange/Public/startbootstrap/bower_components/datatables-responsive/css/dataTables.responsive.css
ERR: 无法加载控制器:Public

[ 2016-03-31T15:08:18+08:00 ] ::1 /studentMange/Public/startbootstrap/bower_components/datatables-responsive/css/dataTables.responsive.css
ERR: 无法加载控制器:Public

[ 2016-03-31T15:08:54+08:00 ] ::1 /studentMange/Public/startbootstrap/bower_components/datatables-responsive/css/dataTables.responsive.css
ERR: 无法加载控制器:Public

[ 2016-03-31T15:09:46+08:00 ] ::1 /studentMange/Public/startbootstrap/bower_components/datatables-responsive/css/dataTables.responsive.css
ERR: 无法加载控制器:Public

[ 2016-03-31T15:09:48+08:00 ] ::1 /studentMange/Public/startbootstrap/bower_components/datatables-responsive/css/dataTables.responsive.css
ERR: 无法加载控制器:Public

[ 2016-03-31T15:10:25+08:00 ] ::1 /studentMange/Public/startbootstrap/bower_components/datatables-responsive/css/dataTables.responsive.css
ERR: 无法加载控制器:Public

[ 2016-03-31T16:38:49+08:00 ] ::1 /studentMange/index.php/Student/Login/login_judge.shtml
ERR: 1064:You have an error in your SQL syntax; check the manual that corresponds to your MariaDB server version for the right syntax to use near ') LIMIT 1' at line 1
 [ SQL语句 ] : SELECT `tname` FROM `sm_teacher` WHERE ( tid= ) LIMIT 1  

[ 2016-03-31T16:39:44+08:00 ] ::1 /studentMange/index.php/Student/Login/login_judge.shtml
INFO: [ app_begin ] --START--
INFO: Run Behavior\ReadHtmlCacheBehavior [ RunTime:0.000000s ]
INFO: [ app_begin ] --END-- [ RunTime:0.000000s ]
SQL: SHOW COLUMNS FROM `sm_teacher` [ RunTime:0.0040s ]
SQL: SHOW COLUMNS FROM `sm_teacher_course` [ RunTime:0.0020s ]
SQL: SELECT `tname` FROM `sm_teacher` WHERE ( tid=080135 ) LIMIT 1   [ RunTime:0.0000s ]
SQL: SELECT `password` FROM `sm_teacher` WHERE ( tid=080135 ) LIMIT 1   [ RunTime:0.0000s ]
SQL: SELECT `cname` FROM `sm_teacher_course` WHERE ( tid=080135 )  [ RunTime:0.0000s ]
NOTIC: [8] A session had already been started - ignoring session_start() E:\xampp0\htdocs\studentMange\ThinkPHP\Common\functions.php 第 1263 行.

[ 2016-03-31T16:39:47+08:00 ] ::1 /studentMange/Public/startbootstrap/bower_components/datatables-responsive/css/dataTables.responsive.css
ERR: 无法加载控制器:Public

[ 2016-03-31T16:39:59+08:00 ] ::1 /studentMange/Public/startbootstrap/bower_components/datatables-responsive/css/dataTables.responsive.css
ERR: 无法加载控制器:Public

[ 2016-03-31T16:49:35+08:00 ] ::1 /studentMange/Public/startbootstrap/bower_components/datatables-responsive/css/dataTables.responsive.css
ERR: 无法加载控制器:Public

[ 2016-03-31T16:49:43+08:00 ] ::1 /studentMange/Public/startbootstrap/bower_components/datatables-responsive/css/dataTables.responsive.css
ERR: 无法加载控制器:Public

[ 2016-03-31T17:03:52+08:00 ] ::1 /studentMange/Public/startbootstrap/bower_components/datatables-responsive/css/dataTables.responsive.css
ERR: 无法加载控制器:Public

[ 2016-03-31T17:03:53+08:00 ] ::1 /studentMange/Public/startbootstrap/bower_components/datatables-responsive/css/dataTables.responsive.css
ERR: 无法加载控制器:Public

[ 2016-03-31T17:03:56+08:00 ] ::1 /studentMange/Public/startbootstrap/bower_components/datatables-responsive/css/dataTables.responsive.css
ERR: 无法加载控制器:Public

[ 2016-03-31T17:03:57+08:00 ] ::1 /studentMange/Public/startbootstrap/bower_components/datatables-responsive/css/dataTables.responsive.css
ERR: 无法加载控制器:Public

[ 2016-03-31T17:06:57+08:00 ] ::1 /studentMange/Public/startbootstrap/bower_components/datatables-responsive/css/dataTables.responsive.css
ERR: 无法加载控制器:Public

[ 2016-03-31T17:07:07+08:00 ] ::1 /studentMange/Public/startbootstrap/bower_components/datatables-responsive/css/dataTables.responsive.css
ERR: 无法加载控制器:Public

[ 2016-03-31T17:09:49+08:00 ] ::1 /studentMange/Public/startbootstrap/bower_components/datatables-responsive/css/dataTables.responsive.css
ERR: 无法加载控制器:Public

[ 2016-03-31T17:12:06+08:00 ] ::1 /studentMange/Public/startbootstrap/bower_components/datatables-responsive/css/dataTables.responsive.css
ERR: 无法加载控制器:Public

[ 2016-03-31T17:12:37+08:00 ] ::1 /studentMange/Public/startbootstrap/bower_components/datatables-responsive/css/dataTables.responsive.css
ERR: 无法加载控制器:Public

[ 2016-03-31T17:13:30+08:00 ] ::1 /studentMange/Public/startbootstrap/bower_components/datatables-responsive/css/dataTables.responsive.css
ERR: 无法加载控制器:Public

[ 2016-03-31T17:13:31+08:00 ] ::1 /studentMange/Public/startbootstrap/bower_components/datatables-responsive/css/dataTables.responsive.css
ERR: 无法加载控制器:Public

[ 2016-03-31T17:13:40+08:00 ] ::1 /studentMange/Public/startbootstrap/bower_components/datatables-responsive/css/dataTables.responsive.css
ERR: 无法加载控制器:Public

[ 2016-03-31T17:14:15+08:00 ] ::1 /studentMange/Public/startbootstrap/bower_components/datatables-responsive/css/dataTables.responsive.css
ERR: 无法加载控制器:Public

[ 2016-03-31T17:14:29+08:00 ] ::1 /studentMange/Public/startbootstrap/bower_components/datatables-responsive/css/dataTables.responsive.css
ERR: 无法加载控制器:Public

[ 2016-03-31T17:14:50+08:00 ] ::1 /studentMange/Public/startbootstrap/bower_components/datatables-responsive/css/dataTables.responsive.css
ERR: 无法加载控制器:Public

[ 2016-03-31T17:14:56+08:00 ] ::1 /studentMange/Public/startbootstrap/bower_components/datatables-responsive/css/dataTables.responsive.css
ERR: 无法加载控制器:Public

[ 2016-03-31T17:14:57+08:00 ] ::1 /studentMange/Public/startbootstrap/bower_components/datatables-responsive/css/dataTables.responsive.css
ERR: 无法加载控制器:Public

[ 2016-03-31T17:15:39+08:00 ] ::1 /studentMange/Public/startbootstrap/bower_components/datatables-responsive/css/dataTables.responsive.css
ERR: 无法加载控制器:Public

[ 2016-03-31T17:16:05+08:00 ] ::1 /studentMange/Public/startbootstrap/bower_components/datatables-responsive/css/dataTables.responsive.css
ERR: 无法加载控制器:Public

[ 2016-03-31T17:16:11+08:00 ] ::1 /studentMange/Public/startbootstrap/bower_components/datatables-responsive/css/dataTables.responsive.css
ERR: 无法加载控制器:Public

[ 2016-03-31T17:16:12+08:00 ] ::1 /studentMange/Public/startbootstrap/bower_components/datatables-responsive/css/dataTables.responsive.css
ERR: 无法加载控制器:Public

[ 2016-03-31T17:16:13+08:00 ] ::1 /studentMange/Public/startbootstrap/bower_components/datatables-responsive/css/dataTables.responsive.css
ERR: 无法加载控制器:Public

[ 2016-03-31T17:16:33+08:00 ] ::1 /studentMange/Public/startbootstrap/bower_components/datatables-responsive/css/dataTables.responsive.css
ERR: 无法加载控制器:Public

[ 2016-03-31T17:16:54+08:00 ] ::1 /studentMange/Public/startbootstrap/bower_components/datatables-responsive/css/dataTables.responsive.css
ERR: 无法加载控制器:Public

[ 2016-03-31T17:17:03+08:00 ] ::1 /studentMange/Public/startbootstrap/bower_components/datatables-responsive/css/dataTables.responsive.css
ERR: 无法加载控制器:Public

[ 2016-03-31T17:17:13+08:00 ] ::1 /studentMange/Public/startbootstrap/bower_components/datatables-responsive/css/dataTables.responsive.css
ERR: 无法加载控制器:Public

[ 2016-03-31T17:17:48+08:00 ] ::1 /studentMange/Public/startbootstrap/bower_components/datatables-responsive/css/dataTables.responsive.css
ERR: 无法加载控制器:Public

[ 2016-03-31T17:22:47+08:00 ] ::1 /studentMange/Public/startbootstrap/bower_components/datatables-responsive/css/dataTables.responsive.css
ERR: 无法加载控制器:Public

[ 2016-03-31T17:22:50+08:00 ] ::1 /studentMange/Public/startbootstrap/bower_components/datatables-responsive/css/dataTables.responsive.css
ERR: 无法加载控制器:Public

[ 2016-03-31T17:25:14+08:00 ] ::1 /studentMange/Public/startbootstrap/bower_components/datatables-responsive/css/dataTables.responsive.css
ERR: 无法加载控制器:Public

[ 2016-03-31T17:25:15+08:00 ] ::1 /studentMange/Public/startbootstrap/bower_components/datatables-responsive/css/dataTables.responsive.css
ERR: 无法加载控制器:Public

[ 2016-03-31T17:25:17+08:00 ] ::1 /studentMange/Public/startbootstrap/bower_components/datatables-responsive/css/dataTables.responsive.css
ERR: 无法加载控制器:Public

[ 2016-03-31T17:25:18+08:00 ] ::1 /studentMange/Public/startbootstrap/bower_components/datatables-responsive/css/dataTables.responsive.css
ERR: 无法加载控制器:Public

[ 2016-03-31T17:25:28+08:00 ] ::1 /studentMange/Public/startbootstrap/bower_components/datatables-responsive/css/dataTables.responsive.css
ERR: 无法加载控制器:Public

[ 2016-03-31T17:29:00+08:00 ] ::1 /studentMange/Public/startbootstrap/bower_components/datatables-responsive/css/dataTables.responsive.css
ERR: 无法加载控制器:Public

[ 2016-03-31T17:30:30+08:00 ] ::1 /studentMange/Public/startbootstrap/bower_components/datatables-responsive/css/dataTables.responsive.css
ERR: 无法加载控制器:Public

[ 2016-03-31T17:36:00+08:00 ] ::1 /studentMange/Public/startbootstrap/bower_components/datatables-responsive/css/dataTables.responsive.css
ERR: 无法加载控制器:Public

[ 2016-03-31T17:36:18+08:00 ] ::1 /studentMange/Public/startbootstrap/bower_components/datatables-responsive/css/dataTables.responsive.css
ERR: 无法加载控制器:Public

[ 2016-03-31T17:36:26+08:00 ] ::1 /studentMange/Public/startbootstrap/bower_components/datatables-responsive/css/dataTables.responsive.css
ERR: 无法加载控制器:Public

[ 2016-03-31T17:37:02+08:00 ] ::1 /studentMange/Public/startbootstrap/bower_components/datatables-responsive/css/dataTables.responsive.css
ERR: 无法加载控制器:Public

[ 2016-03-31T17:37:09+08:00 ] ::1 /studentMange/Public/startbootstrap/bower_components/datatables-responsive/css/dataTables.responsive.css
ERR: 无法加载控制器:Public

[ 2016-03-31T17:37:26+08:00 ] ::1 /studentMange/Public/startbootstrap/bower_components/datatables-responsive/css/dataTables.responsive.css
ERR: 无法加载控制器:Public

[ 2016-03-31T17:38:44+08:00 ] ::1 /studentMange/Public/startbootstrap/bower_components/datatables-responsive/css/dataTables.responsive.css
ERR: 无法加载控制器:Public

[ 2016-03-31T17:38:58+08:00 ] ::1 /studentMange/Public/startbootstrap/bower_components/datatables-responsive/css/dataTables.responsive.css
ERR: 无法加载控制器:Public

[ 2016-03-31T18:02:10+08:00 ] ::1 /studentMange/Public/startbootstrap/bower_components/datatables-responsive/css/dataTables.responsive.css
ERR: 无法加载控制器:Public

[ 2016-03-31T18:02:20+08:00 ] ::1 /studentMange/Public/startbootstrap/bower_components/datatables-responsive/css/dataTables.responsive.css
ERR: 无法加载控制器:Public

[ 2016-03-31T18:03:14+08:00 ] ::1 /studentMange/Public/startbootstrap/bower_components/datatables-responsive/css/dataTables.responsive.css
ERR: 无法加载控制器:Public

[ 2016-03-31T18:03:22+08:00 ] ::1 /studentMange/Public/startbootstrap/bower_components/datatables-responsive/css/dataTables.responsive.css
ERR: 无法加载控制器:Public

[ 2016-03-31T18:03:33+08:00 ] ::1 /studentMange/Public/startbootstrap/bower_components/datatables-responsive/css/dataTables.responsive.css
ERR: 无法加载控制器:Public

[ 2016-03-31T18:04:23+08:00 ] ::1 /studentMange/Public/startbootstrap/bower_components/datatables-responsive/css/dataTables.responsive.css
ERR: 无法加载控制器:Public

[ 2016-03-31T18:04:55+08:00 ] ::1 /studentMange/Public/startbootstrap/bower_components/datatables-responsive/css/dataTables.responsive.css
ERR: 无法加载控制器:Public

[ 2016-03-31T18:05:06+08:00 ] ::1 /studentMange/Public/startbootstrap/bower_components/datatables-responsive/css/dataTables.responsive.css
ERR: 无法加载控制器:Public

[ 2016-03-31T18:06:10+08:00 ] ::1 /studentMange/Public/startbootstrap/bower_components/datatables-responsive/css/dataTables.responsive.css
ERR: 无法加载控制器:Public

[ 2016-03-31T18:06:33+08:00 ] ::1 /studentMange/Public/startbootstrap/bower_components/datatables-responsive/css/dataTables.responsive.css
ERR: 无法加载控制器:Public

[ 2016-03-31T18:06:38+08:00 ] ::1 /studentMange/Public/startbootstrap/bower_components/datatables-responsive/css/dataTables.responsive.css
ERR: 无法加载控制器:Public

[ 2016-03-31T18:06:43+08:00 ] ::1 /studentMange/Public/startbootstrap/bower_components/datatables-responsive/css/dataTables.responsive.css
ERR: 无法加载控制器:Public

[ 2016-03-31T18:06:48+08:00 ] ::1 /studentMange/Public/startbootstrap/bower_components/datatables-responsive/css/dataTables.responsive.css
ERR: 无法加载控制器:Public

[ 2016-03-31T18:07:00+08:00 ] ::1 /studentMange/Public/startbootstrap/bower_components/datatables-responsive/css/dataTables.responsive.css
ERR: 无法加载控制器:Public

[ 2016-03-31T18:07:32+08:00 ] ::1 /studentMange/Public/startbootstrap/bower_components/datatables-responsive/css/dataTables.responsive.css
ERR: 无法加载控制器:Public

[ 2016-03-31T18:07:37+08:00 ] ::1 /studentMange/Public/startbootstrap/bower_components/datatables-responsive/css/dataTables.responsive.css
ERR: 无法加载控制器:Public

[ 2016-03-31T18:07:45+08:00 ] ::1 /studentMange/Public/startbootstrap/bower_components/datatables-responsive/css/dataTables.responsive.css
ERR: 无法加载控制器:Public

[ 2016-03-31T18:20:41+08:00 ] ::1 /studentMange/Public/startbootstrap/bower_components/datatables-responsive/css/dataTables.responsive.css
ERR: 无法加载控制器:Public

[ 2016-03-31T18:28:10+08:00 ] ::1 /studentMange/Public/startbootstrap/bower_components/datatables-responsive/css/dataTables.responsive.css
ERR: 无法加载控制器:Public

[ 2016-03-31T18:29:36+08:00 ] ::1 /studentMange/Public/startbootstrap/bower_components/datatables-responsive/css/dataTables.responsive.css
ERR: 无法加载控制器:Public

[ 2016-03-31T18:42:48+08:00 ] ::1 /studentMange/Public/startbootstrap/bower_components/datatables-responsive/css/dataTables.responsive.css
ERR: 无法加载控制器:Public

[ 2016-03-31T18:42:58+08:00 ] ::1 /studentMange/Public/startbootstrap/bower_components/datatables-responsive/css/dataTables.responsive.css
ERR: 无法加载控制器:Public

[ 2016-03-31T18:46:18+08:00 ] ::1 /studentMange/Public/startbootstrap/bower_components/datatables-responsive/css/dataTables.responsive.css
ERR: 无法加载控制器:Public

[ 2016-03-31T18:47:06+08:00 ] ::1 /studentMange/Public/startbootstrap/bower_components/datatables-responsive/css/dataTables.responsive.css
ERR: 无法加载控制器:Public

[ 2016-03-31T18:47:45+08:00 ] ::1 /studentMange/Public/startbootstrap/bower_components/datatables-responsive/css/dataTables.responsive.css
ERR: 无法加载控制器:Public

[ 2016-03-31T18:48:29+08:00 ] ::1 /studentMange/Public/startbootstrap/bower_components/datatables-responsive/css/dataTables.responsive.css
ERR: 无法加载控制器:Public

[ 2016-03-31T18:48:50+08:00 ] ::1 /studentMange/Public/startbootstrap/bower_components/datatables-responsive/css/dataTables.responsive.css
ERR: 无法加载控制器:Public

[ 2016-03-31T18:49:43+08:00 ] ::1 /studentMange/Public/startbootstrap/bower_components/datatables-responsive/css/dataTables.responsive.css
ERR: 无法加载控制器:Public

[ 2016-03-31T18:50:02+08:00 ] ::1 /studentMange/Public/startbootstrap/bower_components/datatables-responsive/css/dataTables.responsive.css
ERR: 无法加载控制器:Public

[ 2016-03-31T18:51:54+08:00 ] ::1 /studentMange/Public/startbootstrap/bower_components/datatables-responsive/css/dataTables.responsive.css
ERR: 无法加载控制器:Public

[ 2016-03-31T18:52:12+08:00 ] ::1 /studentMange/Public/startbootstrap/bower_components/datatables-responsive/css/dataTables.responsive.css
ERR: 无法加载控制器:Public

[ 2016-03-31T18:53:16+08:00 ] ::1 /studentMange/Public/startbootstrap/bower_components/datatables-responsive/css/dataTables.responsive.css
ERR: 无法加载控制器:Public

[ 2016-03-31T18:53:27+08:00 ] ::1 /studentMange/Public/startbootstrap/bower_components/datatables-responsive/css/dataTables.responsive.css
ERR: 无法加载控制器:Public

[ 2016-03-31T18:53:40+08:00 ] ::1 /studentMange/Public/startbootstrap/bower_components/datatables-responsive/css/dataTables.responsive.css
ERR: 无法加载控制器:Public

[ 2016-03-31T18:54:36+08:00 ] ::1 /studentMange/Public/startbootstrap/bower_components/datatables-responsive/css/dataTables.responsive.css
ERR: 无法加载控制器:Public

[ 2016-03-31T18:58:25+08:00 ] ::1 /studentMange/Public/startbootstrap/bower_components/datatables-responsive/css/dataTables.responsive.css
ERR: 无法加载控制器:Public

[ 2016-03-31T18:58:43+08:00 ] ::1 /studentMange/Public/startbootstrap/bower_components/datatables-responsive/css/dataTables.responsive.css
ERR: 无法加载控制器:Public

[ 2016-03-31T18:59:17+08:00 ] ::1 /studentMange/Public/startbootstrap/bower_components/datatables-responsive/css/dataTables.responsive.css
ERR: 无法加载控制器:Public

[ 2016-03-31T19:57:08+08:00 ] ::1 /studentMange/index.php/Student/Login/login_judge.shtml
INFO: [ app_begin ] --START--
INFO: Run Behavior\ReadHtmlCacheBehavior [ RunTime:0.003000s ]
INFO: [ app_begin ] --END-- [ RunTime:0.003000s ]
SQL: SHOW COLUMNS FROM `sm_teacher` [ RunTime:0.0070s ]
SQL: SHOW COLUMNS FROM `sm_teacher_course` [ RunTime:0.0050s ]
SQL: SELECT `tname` FROM `sm_teacher` WHERE ( tid=080135 ) LIMIT 1   [ RunTime:0.0010s ]
SQL: SELECT `password` FROM `sm_teacher` WHERE ( tid=080135 ) LIMIT 1   [ RunTime:0.0010s ]
SQL: SELECT `cname` FROM `sm_teacher_course` WHERE ( tid=080135 )  [ RunTime:0.0000s ]
NOTIC: [8] A session had already been started - ignoring session_start() E:\xampp0\htdocs\studentMange\ThinkPHP\Common\functions.php 第 1263 行.

[ 2016-03-31T20:19:03+08:00 ] ::1 /studentMange/Public/startbootstrap/bower_components/datatables-responsive/css/dataTables.responsive.css
ERR: 无法加载控制器:Public

[ 2016-03-31T20:19:06+08:00 ] ::1 /studentMange/Public/startbootstrap/bower_components/datatables-responsive/css/dataTables.responsive.css
ERR: 无法加载控制器:Public

[ 2016-03-31T20:19:29+08:00 ] ::1 /studentMange/Public/startbootstrap/bower_components/datatables-responsive/css/dataTables.responsive.css
ERR: 无法加载控制器:Public

[ 2016-03-31T20:19:57+08:00 ] ::1 /studentMange/Public/startbootstrap/bower_components/datatables-responsive/css/dataTables.responsive.css
ERR: 无法加载控制器:Public

[ 2016-03-31T20:21:06+08:00 ] ::1 /studentMange/Public/startbootstrap/bower_components/datatables-responsive/css/dataTables.responsive.css
ERR: 无法加载控制器:Public

[ 2016-03-31T20:25:21+08:00 ] ::1 /studentMange/Public/startbootstrap/bower_components/datatables-responsive/css/dataTables.responsive.css
ERR: 无法加载控制器:Public

[ 2016-03-31T20:25:57+08:00 ] ::1 /studentMange/Public/startbootstrap/bower_components/datatables-responsive/css/dataTables.responsive.css
ERR: 无法加载控制器:Public

[ 2016-03-31T20:29:12+08:00 ] ::1 /studentMange/Public/startbootstrap/bower_components/datatables-responsive/css/dataTables.responsive.css
ERR: 无法加载控制器:Public

[ 2016-03-31T20:31:39+08:00 ] ::1 /studentMange/Public/startbootstrap/bower_components/datatables-responsive/css/dataTables.responsive.css
ERR: 无法加载控制器:Public

[ 2016-03-31T20:32:24+08:00 ] ::1 /studentMange/Public/startbootstrap/bower_components/datatables-responsive/css/dataTables.responsive.css
ERR: 无法加载控制器:Public

[ 2016-03-31T20:33:52+08:00 ] ::1 /studentMange/Public/startbootstrap/bower_components/datatables-responsive/css/dataTables.responsive.css
ERR: 无法加载控制器:Public

[ 2016-03-31T20:35:14+08:00 ] ::1 /studentMange/Public/startbootstrap/bower_components/datatables-responsive/css/dataTables.responsive.css
ERR: 无法加载控制器:Public

[ 2016-03-31T20:35:19+08:00 ] ::1 /studentMange/Public/startbootstrap/bower_components/datatables-responsive/css/dataTables.responsive.css
ERR: 无法加载控制器:Public

[ 2016-03-31T20:35:21+08:00 ] ::1 /studentMange/Public/startbootstrap/bower_components/datatables-responsive/css/dataTables.responsive.css
ERR: 无法加载控制器:Public

[ 2016-03-31T20:35:54+08:00 ] ::1 /studentMange/Public/startbootstrap/bower_components/datatables-responsive/css/dataTables.responsive.css
ERR: 无法加载控制器:Public

[ 2016-03-31T20:36:03+08:00 ] ::1 /studentMange/Public/startbootstrap/bower_components/datatables-responsive/css/dataTables.responsive.css
ERR: 无法加载控制器:Public

[ 2016-03-31T20:36:20+08:00 ] ::1 /studentMange/Public/startbootstrap/bower_components/datatables-responsive/css/dataTables.responsive.css
ERR: 无法加载控制器:Public

[ 2016-03-31T20:36:34+08:00 ] ::1 /studentMange/Public/startbootstrap/bower_components/datatables-responsive/css/dataTables.responsive.css
ERR: 无法加载控制器:Public

[ 2016-03-31T20:36:47+08:00 ] ::1 /studentMange/Public/startbootstrap/bower_components/datatables-responsive/css/dataTables.responsive.css
ERR: 无法加载控制器:Public

[ 2016-03-31T20:36:53+08:00 ] ::1 /studentMange/Public/startbootstrap/bower_components/datatables-responsive/css/dataTables.responsive.css
ERR: 无法加载控制器:Public

[ 2016-03-31T20:37:05+08:00 ] ::1 /studentMange/Public/startbootstrap/bower_components/datatables-responsive/css/dataTables.responsive.css
ERR: 无法加载控制器:Public

[ 2016-03-31T20:37:07+08:00 ] ::1 /studentMange/Public/startbootstrap/bower_components/datatables-responsive/css/dataTables.responsive.css
ERR: 无法加载控制器:Public

[ 2016-03-31T20:37:09+08:00 ] ::1 /studentMange/Public/startbootstrap/bower_components/datatables-responsive/css/dataTables.responsive.css
ERR: 无法加载控制器:Public

[ 2016-03-31T20:37:10+08:00 ] ::1 /studentMange/Public/startbootstrap/bower_components/datatables-responsive/css/dataTables.responsive.css
ERR: 无法加载控制器:Public

[ 2016-03-31T20:37:12+08:00 ] ::1 /studentMange/Public/startbootstrap/bower_components/datatables-responsive/css/dataTables.responsive.css
ERR: 无法加载控制器:Public

[ 2016-03-31T20:37:33+08:00 ] ::1 /studentMange/Public/startbootstrap/bower_components/datatables-responsive/css/dataTables.responsive.css
ERR: 无法加载控制器:Public

[ 2016-03-31T20:37:41+08:00 ] ::1 /studentMange/Public/startbootstrap/bower_components/datatables-responsive/css/dataTables.responsive.css
ERR: 无法加载控制器:Public

[ 2016-03-31T20:37:44+08:00 ] ::1 /studentMange/Public/startbootstrap/bower_components/datatables-responsive/css/dataTables.responsive.css
ERR: 无法加载控制器:Public

[ 2016-03-31T20:39:32+08:00 ] ::1 /studentMange/Public/startbootstrap/bower_components/datatables-responsive/css/dataTables.responsive.css
ERR: 无法加载控制器:Public

[ 2016-03-31T20:39:34+08:00 ] ::1 /studentMange/Public/startbootstrap/bower_components/datatables-responsive/css/dataTables.responsive.css
ERR: 无法加载控制器:Public

[ 2016-03-31T20:39:35+08:00 ] ::1 /studentMange/Public/startbootstrap/bower_components/datatables-responsive/css/dataTables.responsive.css
ERR: 无法加载控制器:Public

[ 2016-03-31T20:39:38+08:00 ] ::1 /studentMange/Public/startbootstrap/bower_components/datatables-responsive/css/dataTables.responsive.css
ERR: 无法加载控制器:Public

[ 2016-03-31T20:39:40+08:00 ] ::1 /studentMange/Public/startbootstrap/bower_components/datatables-responsive/css/dataTables.responsive.css
ERR: 无法加载控制器:Public

[ 2016-03-31T20:39:43+08:00 ] ::1 /studentMange/Public/startbootstrap/bower_components/datatables-responsive/css/dataTables.responsive.css
ERR: 无法加载控制器:Public

[ 2016-03-31T20:40:26+08:00 ] ::1 /studentMange/Public/startbootstrap/bower_components/datatables-responsive/css/dataTables.responsive.css
ERR: 无法加载控制器:Public

[ 2016-03-31T20:41:33+08:00 ] ::1 /studentMange/Public/startbootstrap/bower_components/datatables-responsive/css/dataTables.responsive.css
ERR: 无法加载控制器:Public

[ 2016-03-31T20:41:35+08:00 ] ::1 /studentMange/Public/startbootstrap/bower_components/datatables-responsive/css/dataTables.responsive.css
ERR: 无法加载控制器:Public

[ 2016-03-31T20:41:36+08:00 ] ::1 /studentMange/Public/startbootstrap/bower_components/datatables-responsive/css/dataTables.responsive.css
ERR: 无法加载控制器:Public

[ 2016-03-31T20:41:38+08:00 ] ::1 /studentMange/Public/startbootstrap/bower_components/datatables-responsive/css/dataTables.responsive.css
ERR: 无法加载控制器:Public

[ 2016-03-31T20:42:13+08:00 ] ::1 /studentMange/Public/startbootstrap/bower_components/datatables-responsive/css/dataTables.responsive.css
ERR: 无法加载控制器:Public

[ 2016-03-31T20:43:34+08:00 ] ::1 /studentMange/Public/startbootstrap/bower_components/datatables-responsive/css/dataTables.responsive.css
ERR: 无法加载控制器:Public

[ 2016-03-31T20:43:35+08:00 ] ::1 /studentMange/Public/startbootstrap/bower_components/datatables-responsive/css/dataTables.responsive.css
ERR: 无法加载控制器:Public

[ 2016-03-31T20:44:57+08:00 ] ::1 /studentMange/Public/startbootstrap/bower_components/datatables-responsive/css/dataTables.responsive.css
ERR: 无法加载控制器:Public

[ 2016-03-31T20:44:59+08:00 ] ::1 /studentMange/Public/startbootstrap/bower_components/datatables-responsive/css/dataTables.responsive.css
ERR: 无法加载控制器:Public

[ 2016-03-31T20:45:00+08:00 ] ::1 /studentMange/Public/startbootstrap/bower_components/datatables-responsive/css/dataTables.responsive.css
ERR: 无法加载控制器:Public

[ 2016-03-31T20:45:01+08:00 ] ::1 /studentMange/Public/startbootstrap/bower_components/datatables-responsive/css/dataTables.responsive.css
ERR: 无法加载控制器:Public

[ 2016-03-31T20:51:14+08:00 ] ::1 /studentMange/Public/startbootstrap/bower_components/datatables-responsive/css/dataTables.responsive.css
ERR: 无法加载控制器:Public

[ 2016-03-31T20:51:17+08:00 ] ::1 /studentMange/Public/startbootstrap/bower_components/datatables-responsive/css/dataTables.responsive.css
ERR: 无法加载控制器:Public

[ 2016-03-31T20:52:44+08:00 ] ::1 /studentMange/Public/startbootstrap/bower_components/datatables-responsive/css/dataTables.responsive.css
ERR: 无法加载控制器:Public

[ 2016-03-31T20:54:48+08:00 ] ::1 /studentMange/Public/startbootstrap/bower_components/datatables-responsive/css/dataTables.responsive.css
ERR: 无法加载控制器:Public

[ 2016-03-31T20:55:01+08:00 ] ::1 /studentMange/Public/startbootstrap/bower_components/datatables-responsive/css/dataTables.responsive.css
ERR: 无法加载控制器:Public

[ 2016-03-31T20:57:04+08:00 ] ::1 /studentMange/Public/startbootstrap/bower_components/datatables-responsive/css/dataTables.responsive.css
ERR: 无法加载控制器:Public

[ 2016-03-31T20:57:14+08:00 ] ::1 /studentMange/Public/startbootstrap/bower_components/datatables-responsive/css/dataTables.responsive.css
ERR: 无法加载控制器:Public

[ 2016-03-31T20:57:16+08:00 ] ::1 /studentMange/Public/startbootstrap/bower_components/datatables-responsive/css/dataTables.responsive.css
ERR: 无法加载控制器:Public

[ 2016-03-31T20:57:18+08:00 ] ::1 /studentMange/Public/startbootstrap/bower_components/datatables-responsive/css/dataTables.responsive.css
ERR: 无法加载控制器:Public

[ 2016-03-31T21:04:34+08:00 ] ::1 /studentMange/Public/startbootstrap/bower_components/datatables-responsive/css/dataTables.responsive.css
ERR: 无法加载控制器:Public

[ 2016-03-31T21:04:37+08:00 ] ::1 /studentMange/Public/startbootstrap/bower_components/datatables-responsive/css/dataTables.responsive.css
ERR: 无法加载控制器:Public

[ 2016-03-31T21:04:39+08:00 ] ::1 /studentMange/Public/startbootstrap/bower_components/datatables-responsive/css/dataTables.responsive.css
ERR: 无法加载控制器:Public

[ 2016-03-31T21:04:41+08:00 ] ::1 /studentMange/Public/startbootstrap/bower_components/datatables-responsive/css/dataTables.responsive.css
ERR: 无法加载控制器:Public

[ 2016-03-31T21:04:43+08:00 ] ::1 /studentMange/Public/startbootstrap/bower_components/datatables-responsive/css/dataTables.responsive.css
ERR: 无法加载控制器:Public

[ 2016-03-31T21:05:40+08:00 ] ::1 /studentMange/Public/startbootstrap/bower_components/datatables-responsive/css/dataTables.responsive.css
ERR: 无法加载控制器:Public

[ 2016-03-31T21:05:41+08:00 ] ::1 /studentMange/Public/startbootstrap/bower_components/datatables-responsive/css/dataTables.responsive.css
ERR: 无法加载控制器:Public

[ 2016-03-31T21:05:42+08:00 ] ::1 /studentMange/Public/startbootstrap/bower_components/datatables-responsive/css/dataTables.responsive.css
ERR: 无法加载控制器:Public

[ 2016-03-31T21:05:53+08:00 ] ::1 /studentMange/Public/startbootstrap/bower_components/datatables-responsive/css/dataTables.responsive.css
ERR: 无法加载控制器:Public

[ 2016-03-31T21:06:05+08:00 ] ::1 /studentMange/Public/startbootstrap/bower_components/datatables-responsive/css/dataTables.responsive.css
ERR: 无法加载控制器:Public

[ 2016-03-31T21:06:18+08:00 ] ::1 /studentMange/Public/startbootstrap/bower_components/datatables-responsive/css/dataTables.responsive.css
ERR: 无法加载控制器:Public

[ 2016-03-31T21:06:20+08:00 ] ::1 /studentMange/Public/startbootstrap/bower_components/datatables-responsive/css/dataTables.responsive.css
ERR: 无法加载控制器:Public

[ 2016-03-31T21:06:27+08:00 ] ::1 /studentMange/Public/startbootstrap/bower_components/datatables-responsive/css/dataTables.responsive.css
ERR: 无法加载控制器:Public

[ 2016-03-31T21:06:37+08:00 ] ::1 /studentMange/Public/startbootstrap/bower_components/datatables-responsive/css/dataTables.responsive.css
ERR: 无法加载控制器:Public

[ 2016-03-31T21:06:38+08:00 ] ::1 /studentMange/Public/startbootstrap/bower_components/datatables-responsive/css/dataTables.responsive.css
ERR: 无法加载控制器:Public

[ 2016-03-31T21:06:39+08:00 ] ::1 /studentMange/Public/startbootstrap/bower_components/datatables-responsive/css/dataTables.responsive.css
ERR: 无法加载控制器:Public

[ 2016-03-31T21:24:56+08:00 ] ::1 /studentMange/Public/startbootstrap/bower_components/datatables-responsive/css/dataTables.responsive.css
ERR: 无法加载控制器:Public

[ 2016-03-31T21:24:59+08:00 ] ::1 /studentMange/Public/startbootstrap/bower_components/datatables-responsive/css/dataTables.responsive.css
ERR: 无法加载控制器:Public

[ 2016-03-31T21:25:09+08:00 ] ::1 /studentMange/Public/startbootstrap/bower_components/datatables-responsive/css/dataTables.responsive.css
ERR: 无法加载控制器:Public

[ 2016-03-31T21:26:55+08:00 ] ::1 /studentMange/Public/startbootstrap/bower_components/datatables-responsive/css/dataTables.responsive.css
ERR: 无法加载控制器:Public

[ 2016-03-31T21:27:26+08:00 ] ::1 /studentMange/Public/startbootstrap/bower_components/datatables-responsive/css/dataTables.responsive.css
ERR: 无法加载控制器:Public

[ 2016-03-31T21:27:39+08:00 ] ::1 /studentMange/Public/startbootstrap/bower_components/datatables-responsive/css/dataTables.responsive.css
ERR: 无法加载控制器:Public

[ 2016-03-31T21:27:49+08:00 ] ::1 /studentMange/Public/startbootstrap/bower_components/datatables-responsive/css/dataTables.responsive.css
ERR: 无法加载控制器:Public

[ 2016-03-31T21:27:56+08:00 ] ::1 /studentMange/Public/startbootstrap/bower_components/datatables-responsive/css/dataTables.responsive.css
ERR: 无法加载控制器:Public

[ 2016-03-31T21:28:00+08:00 ] ::1 /studentMange/Public/startbootstrap/bower_components/datatables-responsive/css/dataTables.responsive.css
ERR: 无法加载控制器:Public

[ 2016-03-31T21:28:04+08:00 ] ::1 /studentMange/Public/startbootstrap/bower_components/datatables-responsive/css/dataTables.responsive.css
ERR: 无法加载控制器:Public

[ 2016-03-31T21:28:41+08:00 ] ::1 /studentMange/Public/startbootstrap/bower_components/datatables-responsive/css/dataTables.responsive.css
ERR: 无法加载控制器:Public

[ 2016-03-31T21:28:49+08:00 ] ::1 /studentMange/Public/startbootstrap/bower_components/datatables-responsive/css/dataTables.responsive.css
ERR: 无法加载控制器:Public

[ 2016-03-31T21:31:00+08:00 ] ::1 /studentMange/Public/startbootstrap/bower_components/datatables-responsive/css/dataTables.responsive.css
ERR: 无法加载控制器:Public

[ 2016-03-31T21:31:02+08:00 ] ::1 /studentMange/Public/startbootstrap/bower_components/datatables-responsive/css/dataTables.responsive.css
ERR: 无法加载控制器:Public

[ 2016-03-31T21:31:15+08:00 ] ::1 /studentMange/Public/startbootstrap/bower_components/datatables-responsive/css/dataTables.responsive.css
ERR: 无法加载控制器:Public

[ 2016-03-31T21:31:17+08:00 ] ::1 /studentMange/Public/startbootstrap/bower_components/datatables-responsive/css/dataTables.responsive.css
ERR: 无法加载控制器:Public

[ 2016-03-31T21:31:36+08:00 ] ::1 /studentMange/Public/startbootstrap/bower_components/datatables-responsive/css/dataTables.responsive.css
ERR: 无法加载控制器:Public

[ 2016-03-31T21:31:55+08:00 ] ::1 /studentMange/Public/startbootstrap/bower_components/datatables-responsive/css/dataTables.responsive.css
ERR: 无法加载控制器:Public

[ 2016-03-31T21:33:09+08:00 ] ::1 /studentMange/Public/startbootstrap/bower_components/datatables-responsive/css/dataTables.responsive.css
ERR: 无法加载控制器:Public

[ 2016-03-31T21:33:10+08:00 ] ::1 /studentMange/Public/startbootstrap/bower_components/datatables-responsive/css/dataTables.responsive.css
ERR: 无法加载控制器:Public

[ 2016-03-31T21:33:12+08:00 ] ::1 /studentMange/Public/startbootstrap/bower_components/datatables-responsive/css/dataTables.responsive.css
ERR: 无法加载控制器:Public

[ 2016-03-31T21:34:29+08:00 ] ::1 /studentMange/Public/startbootstrap/bower_components/datatables-responsive/css/dataTables.responsive.css
ERR: 无法加载控制器:Public

[ 2016-03-31T21:34:39+08:00 ] ::1 /studentMange/Public/startbootstrap/bower_components/datatables-responsive/css/dataTables.responsive.css
ERR: 无法加载控制器:Public

[ 2016-03-31T21:34:45+08:00 ] ::1 /studentMange/Public/startbootstrap/bower_components/datatables-responsive/css/dataTables.responsive.css
ERR: 无法加载控制器:Public

[ 2016-03-31T21:36:55+08:00 ] ::1 /studentMange/Public/startbootstrap/bower_components/datatables-responsive/css/dataTables.responsive.css
ERR: 无法加载控制器:Public

[ 2016-03-31T21:37:53+08:00 ] ::1 /studentMange/Public/startbootstrap/bower_components/datatables-responsive/css/dataTables.responsive.css
ERR: 无法加载控制器:Public

[ 2016-03-31T21:39:09+08:00 ] ::1 /studentMange/Public/startbootstrap/bower_components/datatables-responsive/css/dataTables.responsive.css
ERR: 无法加载控制器:Public

[ 2016-03-31T21:39:10+08:00 ] ::1 /studentMange/Public/startbootstrap/bower_components/datatables-responsive/css/dataTables.responsive.css
ERR: 无法加载控制器:Public

[ 2016-03-31T21:39:18+08:00 ] ::1 /studentMange/Public/startbootstrap/bower_components/datatables-responsive/css/dataTables.responsive.css
ERR: 无法加载控制器:Public

[ 2016-03-31T21:39:21+08:00 ] ::1 /studentMange/Public/startbootstrap/bower_components/datatables-responsive/css/dataTables.responsive.css
ERR: 无法加载控制器:Public

[ 2016-03-31T21:39:43+08:00 ] ::1 /studentMange/Public/startbootstrap/bower_components/datatables-responsive/css/dataTables.responsive.css
ERR: 无法加载控制器:Public

[ 2016-03-31T21:39:44+08:00 ] ::1 /studentMange/Public/startbootstrap/bower_components/datatables-responsive/css/dataTables.responsive.css
ERR: 无法加载控制器:Public

[ 2016-03-31T21:39:45+08:00 ] ::1 /studentMange/Public/startbootstrap/bower_components/datatables-responsive/css/dataTables.responsive.css
ERR: 无法加载控制器:Public

[ 2016-03-31T21:40:17+08:00 ] ::1 /studentMange/Public/startbootstrap/bower_components/datatables-responsive/css/dataTables.responsive.css
ERR: 无法加载控制器:Public

[ 2016-03-31T21:40:33+08:00 ] ::1 /studentMange/Public/startbootstrap/bower_components/datatables-responsive/css/dataTables.responsive.css
ERR: 无法加载控制器:Public

[ 2016-03-31T21:41:05+08:00 ] ::1 /studentMange/Public/startbootstrap/bower_components/datatables-responsive/css/dataTables.responsive.css
ERR: 无法加载控制器:Public

[ 2016-03-31T21:41:08+08:00 ] ::1 /studentMange/Public/startbootstrap/bower_components/datatables-responsive/css/dataTables.responsive.css
ERR: 无法加载控制器:Public

[ 2016-03-31T21:41:23+08:00 ] ::1 /studentMange/Public/startbootstrap/bower_components/datatables-responsive/css/dataTables.responsive.css
ERR: 无法加载控制器:Public

[ 2016-03-31T21:41:31+08:00 ] ::1 /studentMange/Public/startbootstrap/bower_components/datatables-responsive/css/dataTables.responsive.css
ERR: 无法加载控制器:Public

[ 2016-03-31T21:41:44+08:00 ] ::1 /studentMange/Public/startbootstrap/bower_components/datatables-responsive/css/dataTables.responsive.css
ERR: 无法加载控制器:Public

[ 2016-03-31T21:41:54+08:00 ] ::1 /studentMange/Public/startbootstrap/bower_components/datatables-responsive/css/dataTables.responsive.css
ERR: 无法加载控制器:Public

[ 2016-03-31T21:42:15+08:00 ] ::1 /studentMange/Public/startbootstrap/bower_components/datatables-responsive/css/dataTables.responsive.css
ERR: 无法加载控制器:Public

[ 2016-03-31T21:42:18+08:00 ] ::1 /studentMange/Public/startbootstrap/bower_components/datatables-responsive/css/dataTables.responsive.css
ERR: 无法加载控制器:Public

[ 2016-03-31T21:42:30+08:00 ] ::1 /studentMange/Public/startbootstrap/bower_components/datatables-responsive/css/dataTables.responsive.css
ERR: 无法加载控制器:Public

[ 2016-03-31T21:42:33+08:00 ] ::1 /studentMange/Public/startbootstrap/bower_components/datatables-responsive/css/dataTables.responsive.css
ERR: 无法加载控制器:Public

[ 2016-03-31T21:43:12+08:00 ] ::1 /studentMange/index.php/Student/Login/login_judge.shtml
INFO: [ app_begin ] --START--
INFO: Run Behavior\ReadHtmlCacheBehavior [ RunTime:0.001000s ]
INFO: [ app_begin ] --END-- [ RunTime:0.001000s ]
SQL: SHOW COLUMNS FROM `sm_student` [ RunTime:0.0060s ]
SQL: SHOW COLUMNS FROM `sm_student_course` [ RunTime:0.0070s ]
SQL: SELECT `sname` FROM `sm_student` WHERE ( sid=1208010126 ) LIMIT 1   [ RunTime:0.0010s ]
SQL: SELECT `password` FROM `sm_student` WHERE ( sid=1208010126 ) LIMIT 1   [ RunTime:0.0000s ]
SQL: SELECT `cname`,`tname` FROM `sm_student_course` WHERE ( sid=1208010126 )  [ RunTime:0.0000s ]
NOTIC: [8] A session had already been started - ignoring session_start() E:\xampp0\htdocs\studentMange\ThinkPHP\Common\functions.php 第 1263 行.

[ 2016-03-31T21:54:16+08:00 ] ::1 /studentMange/Public/startbootstrap/bower_components/datatables-responsive/css/dataTables.responsive.css
ERR: 无法加载控制器:Public

[ 2016-03-31T21:55:59+08:00 ] ::1 /studentMange/Public/startbootstrap/bower_components/datatables-responsive/css/dataTables.responsive.css
ERR: 无法加载控制器:Public

[ 2016-03-31T21:56:34+08:00 ] ::1 /studentMange/Public/startbootstrap/bower_components/datatables-responsive/css/dataTables.responsive.css
ERR: 无法加载控制器:Public

[ 2016-03-31T21:57:36+08:00 ] ::1 /studentMange/Public/startbootstrap/bower_components/datatables-responsive/css/dataTables.responsive.css
ERR: 无法加载控制器:Public

[ 2016-03-31T21:58:31+08:00 ] ::1 /studentMange/Public/startbootstrap/bower_components/datatables-responsive/css/dataTables.responsive.css
ERR: 无法加载控制器:Public

[ 2016-03-31T21:58:45+08:00 ] ::1 /studentMange/Public/startbootstrap/bower_components/datatables-responsive/css/dataTables.responsive.css
ERR: 无法加载控制器:Public

[ 2016-03-31T21:58:46+08:00 ] ::1 /studentMange/Public/startbootstrap/bower_components/datatables-responsive/css/dataTables.responsive.css
ERR: 无法加载控制器:Public

[ 2016-03-31T21:58:47+08:00 ] ::1 /studentMange/Public/startbootstrap/bower_components/datatables-responsive/css/dataTables.responsive.css
ERR: 无法加载控制器:Public

[ 2016-03-31T21:58:49+08:00 ] ::1 /studentMange/Public/startbootstrap/bower_components/datatables-responsive/css/dataTables.responsive.css
ERR: 无法加载控制器:Public

[ 2016-03-31T21:58:50+08:00 ] ::1 /studentMange/Public/startbootstrap/bower_components/datatables-responsive/css/dataTables.responsive.css
ERR: 无法加载控制器:Public

[ 2016-03-31T21:58:52+08:00 ] ::1 /studentMange/Public/startbootstrap/bower_components/datatables-responsive/css/dataTables.responsive.css
ERR: 无法加载控制器:Public

[ 2016-03-31T22:01:58+08:00 ] ::1 /studentMange/Public/startbootstrap/bower_components/datatables-responsive/css/dataTables.responsive.css
ERR: 无法加载控制器:Public

[ 2016-03-31T22:03:12+08:00 ] ::1 /studentMange/Public/startbootstrap/bower_components/datatables-responsive/css/dataTables.responsive.css
ERR: 无法加载控制器:Public

[ 2016-03-31T22:04:30+08:00 ] ::1 /studentMange/Public/startbootstrap/bower_components/datatables-responsive/css/dataTables.responsive.css
ERR: 无法加载控制器:Public

[ 2016-03-31T22:12:35+08:00 ] ::1 /studentMange/Public/startbootstrap/bower_components/datatables-responsive/css/dataTables.responsive.css
ERR: 无法加载控制器:Public

[ 2016-03-31T22:12:38+08:00 ] ::1 /studentMange/Public/startbootstrap/bower_components/datatables-responsive/css/dataTables.responsive.css
ERR: 无法加载控制器:Public

[ 2016-03-31T22:12:46+08:00 ] ::1 /studentMange/index.php/Student/task/send_task/task_id/16/task_type/%E8%AF%BE%E5%90%8E
INFO: [ app_begin ] --START--
INFO: Run Behavior\ReadHtmlCacheBehavior [ RunTime:0.001000s ]
INFO: [ app_begin ] --END-- [ RunTime:0.001000s ]
SQL: SHOW COLUMNS FROM `sm_stask` [ RunTime:0.0050s ]
SQL: UPDATE `sm_stask` SET `content`='&lt;p&gt;fffffffffffffffffffffffffffffffffffffffffffffffffffffffffffffffffffffffffffffffffffffffffffffffffffffffffffffffffffffffffffffffffffffffffffffffssssssssssssssssssssssssssssssssssssss&lt;/p&gt;&lt;p id=&quot;default_c&quot;&gt;&lt;br/&gt;&lt;/p&gt;&lt;p id=&quot;default_c&quot;&gt;反反复复反反复复方法反反复复反反复复方法发&lt;/p&gt;&lt;p id=&quot;default_c&quot;&gt;&lt;br/&gt;&lt;/p&gt;' WHERE ( id=3 ) [ RunTime:0.0030s ]

[ 2016-03-31T22:12:52+08:00 ] ::1 /studentMange/index.php/Student/task/send_task/task_id/16/task_type/%E8%AF%BE%E5%90%8E
INFO: [ app_begin ] --START--
INFO: Run Behavior\ReadHtmlCacheBehavior [ RunTime:0.001000s ]
INFO: [ app_begin ] --END-- [ RunTime:0.001000s ]
SQL: SHOW COLUMNS FROM `sm_stask` [ RunTime:0.0040s ]
SQL: UPDATE `sm_stask` SET `content`='&lt;p&gt;fffffffffffffffffffffffffffffffffffffffffffffffffffffffffffffffffffffffffffffffffffffffffffffffffffffffffffffffffffffffffffffffffffffffffffffffssssssssssssssssssssssssssssssssssssss&lt;/p&gt;&lt;p id=&quot;default_c&quot;&gt;&lt;br/&gt;&lt;/p&gt;&lt;p id=&quot;default_c&quot;&gt;反反复复反反复复方法反反复复反反复复方法发爽爽爽爽爽爽爽爽爽爽爽爽爽爽爽爽爽爽爽爽爽爽爽爽爽爽爽爽水水水水水水水水水水水水水水&lt;/p&gt;&lt;p id=&quot;default_c&quot;&gt;&lt;br/&gt;&lt;/p&gt;' WHERE ( id=3 ) [ RunTime:0.0000s ]

[ 2016-03-31T22:12:55+08:00 ] ::1 /studentMange/Public/startbootstrap/bower_components/datatables-responsive/css/dataTables.responsive.css
ERR: 无法加载控制器:Public

[ 2016-03-31T22:13:59+08:00 ] ::1 /studentMange/Public/startbootstrap/bower_components/datatables-responsive/css/dataTables.responsive.css
ERR: 无法加载控制器:Public

[ 2016-03-31T22:14:05+08:00 ] ::1 /studentMange/Public/startbootstrap/bower_components/datatables-responsive/css/dataTables.responsive.css
ERR: 无法加载控制器:Public

[ 2016-03-31T22:16:31+08:00 ] ::1 /studentMange/Public/startbootstrap/bower_components/datatables-responsive/css/dataTables.responsive.css
ERR: 无法加载控制器:Public

[ 2016-03-31T22:18:51+08:00 ] ::1 /studentMange/Public/startbootstrap/bower_components/datatables-responsive/css/dataTables.responsive.css
ERR: 无法加载控制器:Public

[ 2016-03-31T22:20:48+08:00 ] ::1 /studentMange/Public/startbootstrap/bower_components/datatables-responsive/css/dataTables.responsive.css
ERR: 无法加载控制器:Public

[ 2016-03-31T22:22:12+08:00 ] ::1 /studentMange/Public/startbootstrap/bower_components/datatables-responsive/css/dataTables.responsive.css
ERR: 无法加载控制器:Public

[ 2016-03-31T22:26:52+08:00 ] ::1 /studentMange/Public/startbootstrap/bower_components/datatables-responsive/css/dataTables.responsive.css
ERR: 无法加载控制器:Public

[ 2016-03-31T22:27:58+08:00 ] ::1 /studentMange/Public/startbootstrap/bower_components/datatables-responsive/css/dataTables.responsive.css
ERR: 无法加载控制器:Public

[ 2016-03-31T22:33:37+08:00 ] ::1 /studentMange/Public/startbootstrap/bower_components/datatables-responsive/css/dataTables.responsive.css
ERR: 无法加载控制器:Public

[ 2016-03-31T22:33:38+08:00 ] ::1 /studentMange/Public/startbootstrap/bower_components/datatables-responsive/css/dataTables.responsive.css
ERR: 无法加载控制器:Public

[ 2016-03-31T22:33:39+08:00 ] ::1 /studentMange/Public/startbootstrap/bower_components/datatables-responsive/css/dataTables.responsive.css
ERR: 无法加载控制器:Public

[ 2016-03-31T22:33:45+08:00 ] ::1 /studentMange/Public/startbootstrap/bower_components/datatables-responsive/css/dataTables.responsive.css
ERR: 无法加载控制器:Public

[ 2016-03-31T22:34:02+08:00 ] ::1 /studentMange/Public/startbootstrap/bower_components/datatables-responsive/css/dataTables.responsive.css
ERR: 无法加载控制器:Public

[ 2016-03-31T22:34:12+08:00 ] ::1 /studentMange/Public/startbootstrap/bower_components/datatables-responsive/css/dataTables.responsive.css
ERR: 无法加载控制器:Public

[ 2016-03-31T22:34:14+08:00 ] ::1 /studentMange/Public/startbootstrap/bower_components/datatables-responsive/css/dataTables.responsive.css
ERR: 无法加载控制器:Public

[ 2016-03-31T22:34:15+08:00 ] ::1 /studentMange/Public/startbootstrap/bower_components/datatables-responsive/css/dataTables.responsive.css
ERR: 无法加载控制器:Public

[ 2016-03-31T22:34:30+08:00 ] ::1 /studentMange/Public/startbootstrap/bower_components/datatables-responsive/css/dataTables.responsive.css
ERR: 无法加载控制器:Public

[ 2016-03-31T22:34:31+08:00 ] ::1 /studentMange/Public/startbootstrap/bower_components/datatables-responsive/css/dataTables.responsive.css
ERR: 无法加载控制器:Public

[ 2016-03-31T22:34:32+08:00 ] ::1 /studentMange/Public/startbootstrap/bower_components/datatables-responsive/css/dataTables.responsive.css
ERR: 无法加载控制器:Public

[ 2016-03-31T22:34:33+08:00 ] ::1 /studentMange/Public/startbootstrap/bower_components/datatables-responsive/css/dataTables.responsive.css
ERR: 无法加载控制器:Public

[ 2016-03-31T22:34:48+08:00 ] ::1 /studentMange/Public/startbootstrap/bower_components/datatables-responsive/css/dataTables.responsive.css
ERR: 无法加载控制器:Public

[ 2016-03-31T22:34:53+08:00 ] ::1 /studentMange/Public/startbootstrap/bower_components/datatables-responsive/css/dataTables.responsive.css
ERR: 无法加载控制器:Public

[ 2016-03-31T22:37:31+08:00 ] ::1 /studentMange/Public/startbootstrap/bower_components/datatables-responsive/css/dataTables.responsive.css
ERR: 无法加载控制器:Public

[ 2016-03-31T22:43:51+08:00 ] ::1 /studentMange/Public/startbootstrap/bower_components/datatables-responsive/css/dataTables.responsive.css
ERR: 无法加载控制器:Public

[ 2016-03-31T22:48:50+08:00 ] ::1 /studentMange/Public/startbootstrap/bower_components/datatables-responsive/css/dataTables.responsive.css
ERR: 无法加载控制器:Public

[ 2016-03-31T22:48:52+08:00 ] ::1 /studentMange/Public/startbootstrap/bower_components/datatables-responsive/css/dataTables.responsive.css
ERR: 无法加载控制器:Public

[ 2016-03-31T22:48:53+08:00 ] ::1 /studentMange/Public/startbootstrap/bower_components/datatables-responsive/css/dataTables.responsive.css
ERR: 无法加载控制器:Public

[ 2016-03-31T22:48:55+08:00 ] ::1 /studentMange/Public/startbootstrap/bower_components/datatables-responsive/css/dataTables.responsive.css
ERR: 无法加载控制器:Public

[ 2016-03-31T22:48:57+08:00 ] ::1 /studentMange/Public/startbootstrap/bower_components/datatables-responsive/css/dataTables.responsive.css
ERR: 无法加载控制器:Public

[ 2016-03-31T22:48:59+08:00 ] ::1 /studentMange/Public/startbootstrap/bower_components/datatables-responsive/css/dataTables.responsive.css
ERR: 无法加载控制器:Public

[ 2016-03-31T22:49:07+08:00 ] ::1 /studentMange/Public/startbootstrap/bower_components/datatables-responsive/css/dataTables.responsive.css
ERR: 无法加载控制器:Public

[ 2016-03-31T22:52:45+08:00 ] ::1 /studentMange/Public/startbootstrap/bower_components/datatables-responsive/css/dataTables.responsive.css
ERR: 无法加载控制器:Public

[ 2016-03-31T22:55:47+08:00 ] ::1 /studentMange/Public/startbootstrap/bower_components/datatables-responsive/css/dataTables.responsive.css
ERR: 无法加载控制器:Public

[ 2016-03-31T22:55:51+08:00 ] ::1 /studentMange/Public/startbootstrap/bower_components/datatables-responsive/css/dataTables.responsive.css
ERR: 无法加载控制器:Public

[ 2016-03-31T22:56:21+08:00 ] ::1 /studentMange/Public/startbootstrap/bower_components/datatables-responsive/css/dataTables.responsive.css
ERR: 无法加载控制器:Public

[ 2016-03-31T22:56:23+08:00 ] ::1 /studentMange/Public/startbootstrap/bower_components/datatables-responsive/css/dataTables.responsive.css
ERR: 无法加载控制器:Public

[ 2016-03-31T22:56:25+08:00 ] ::1 /studentMange/Public/startbootstrap/bower_components/datatables-responsive/css/dataTables.responsive.css
ERR: 无法加载控制器:Public

[ 2016-03-31T22:56:26+08:00 ] ::1 /studentMange/Public/startbootstrap/bower_components/datatables-responsive/css/dataTables.responsive.css
ERR: 无法加载控制器:Public

[ 2016-03-31T22:56:36+08:00 ] ::1 /studentMange/Public/startbootstrap/bower_components/datatables-responsive/css/dataTables.responsive.css
ERR: 无法加载控制器:Public

[ 2016-03-31T22:56:37+08:00 ] ::1 /studentMange/Public/startbootstrap/bower_components/datatables-responsive/css/dataTables.responsive.css
ERR: 无法加载控制器:Public

[ 2016-03-31T22:57:03+08:00 ] ::1 /studentMange/Public/startbootstrap/bower_components/datatables-responsive/css/dataTables.responsive.css
ERR: 无法加载控制器:Public

[ 2016-03-31T22:57:04+08:00 ] ::1 /studentMange/Public/startbootstrap/bower_components/datatables-responsive/css/dataTables.responsive.css
ERR: 无法加载控制器:Public

[ 2016-03-31T22:57:12+08:00 ] ::1 /studentMange/Public/startbootstrap/bower_components/datatables-responsive/css/dataTables.responsive.css
ERR: 无法加载控制器:Public

[ 2016-03-31T22:57:15+08:00 ] ::1 /studentMange/Public/startbootstrap/bower_components/datatables-responsive/css/dataTables.responsive.css
ERR: 无法加载控制器:Public

[ 2016-03-31T22:57:16+08:00 ] ::1 /studentMange/Public/startbootstrap/bower_components/datatables-responsive/css/dataTables.responsive.css
ERR: 无法加载控制器:Public

[ 2016-03-31T22:57:24+08:00 ] ::1 /studentMange/Public/startbootstrap/bower_components/datatables-responsive/css/dataTables.responsive.css
ERR: 无法加载控制器:Public

[ 2016-03-31T22:57:33+08:00 ] ::1 /studentMange/Public/startbootstrap/bower_components/datatables-responsive/css/dataTables.responsive.css
ERR: 无法加载控制器:Public

[ 2016-03-31T22:57:45+08:00 ] ::1 /studentMange/Public/startbootstrap/bower_components/datatables-responsive/css/dataTables.responsive.css
ERR: 无法加载控制器:Public

[ 2016-03-31T22:57:59+08:00 ] ::1 /studentMange/Public/startbootstrap/bower_components/datatables-responsive/css/dataTables.responsive.css
ERR: 无法加载控制器:Public

[ 2016-03-31T22:58:41+08:00 ] ::1 /studentMange/Public/startbootstrap/bower_components/datatables-responsive/css/dataTables.responsive.css
ERR: 无法加载控制器:Public

[ 2016-03-31T22:59:54+08:00 ] ::1 /studentMange/Public/startbootstrap/bower_components/datatables-responsive/css/dataTables.responsive.css
ERR: 无法加载控制器:Public

[ 2016-03-31T23:02:35+08:00 ] ::1 /studentMange/Public/startbootstrap/bower_components/datatables-responsive/css/dataTables.responsive.css
ERR: 无法加载控制器:Public

[ 2016-03-31T23:06:59+08:00 ] ::1 /studentMange/Public/startbootstrap/bower_components/datatables-responsive/css/dataTables.responsive.css
ERR: 无法加载控制器:Public

[ 2016-03-31T23:07:00+08:00 ] ::1 /studentMange/Public/startbootstrap/bower_components/datatables-responsive/css/dataTables.responsive.css
ERR: 无法加载控制器:Public

[ 2016-03-31T23:07:13+08:00 ] ::1 /studentMange/Public/startbootstrap/bower_components/datatables-responsive/css/dataTables.responsive.css
ERR: 无法加载控制器:Public

[ 2016-03-31T23:14:11+08:00 ] ::1 /studentMange/Public/startbootstrap/bower_components/datatables-responsive/css/dataTables.responsive.css
ERR: 无法加载控制器:Public

[ 2016-03-31T23:14:22+08:00 ] ::1 /studentMange/Public/startbootstrap/bower_components/datatables-responsive/css/dataTables.responsive.css
ERR: 无法加载控制器:Public

[ 2016-03-31T23:20:17+08:00 ] ::1 /studentMange/Public/startbootstrap/bower_components/datatables-responsive/css/dataTables.responsive.css
ERR: 无法加载控制器:Public

[ 2016-03-31T23:20:20+08:00 ] ::1 /studentMange/Public/startbootstrap/bower_components/datatables-responsive/css/dataTables.responsive.css
ERR: 无法加载控制器:Public

[ 2016-03-31T23:20:21+08:00 ] ::1 /studentMange/Public/startbootstrap/bower_components/datatables-responsive/css/dataTables.responsive.css
ERR: 无法加载控制器:Public

[ 2016-03-31T23:20:24+08:00 ] ::1 /studentMange/Public/startbootstrap/bower_components/datatables-responsive/css/dataTables.responsive.css
ERR: 无法加载控制器:Public

[ 2016-03-31T23:20:25+08:00 ] ::1 /studentMange/Public/startbootstrap/bower_components/datatables-responsive/css/dataTables.responsive.css
ERR: 无法加载控制器:Public

[ 2016-03-31T23:20:39+08:00 ] ::1 /studentMange/Public/startbootstrap/bower_components/datatables-responsive/css/dataTables.responsive.css
ERR: 无法加载控制器:Public

[ 2016-03-31T23:21:34+08:00 ] ::1 /studentMange/Public/startbootstrap/bower_components/datatables-responsive/css/dataTables.responsive.css
ERR: 无法加载控制器:Public

