[ 2015-11-26T18:01:38+08:00 ] ::1 /youju/Image/index.html
ERR: 非法操作:index.html

[ 2015-11-26T18:03:09+08:00 ] ::1 /youju/Image/index.tpl
ERR: 非法操作:index.tpl

[ 2015-11-26T18:03:30+08:00 ] ::1 /youju/Image/index.html
ERR: 非法操作:index.html

[ 2015-11-26T18:04:08+08:00 ] ::1 /youju/Image/index.tpl
ERR: 非法操作:index.tpl

[ 2015-11-26T18:04:25+08:00 ] ::1 /youju/Image/index.tpl
ERR: 非法操作:index.tpl

[ 2015-11-26T18:04:26+08:00 ] ::1 /youju/Image/index.tpl
ERR: 非法操作:index.tpl

[ 2015-11-26T18:04:40+08:00 ] ::1 /youju/Image/index.xml
ERR: 非法操作:index.xml

[ 2015-11-26T18:07:37+08:00 ] ::1 /youju/index.php/Index/Image.shtml
ERR: 非法操作:Image

[ 2015-11-26T18:07:55+08:00 ] ::1 /youju/index.php/Index/Image.shtml
ERR: 非法操作:Image

[ 2015-11-26T18:07:58+08:00 ] ::1 /youju/index.php/Index/Image.shtml
ERR: 非法操作:Image

[ 2015-11-26T18:08:32+08:00 ] ::1 /youju/index.php/Index/Image.shtml
ERR: 非法操作:Image

