[ 2015-11-18T19:40:21+08:00 ] ::1 /youju/index.php
INFO: [ app_init ] --START--
INFO: Run Behavior\BuildLiteBehavior [ RunTime:0.000000s ]
INFO: [ app_init ] --END-- [ RunTime:0.027002s ]
INFO: [ app_begin ] --START--
INFO: Run Behavior\ReadHtmlCacheBehavior [ RunTime:0.112007s ]
INFO: [ app_begin ] --END-- [ RunTime:0.112007s ]
SQL: SHOW COLUMNS FROM `xuyu_article` [ RunTime:0.0270s ]

[ 2015-11-18T19:40:31+08:00 ] ::1 /youju/index.php
INFO: [ app_init ] --START--
INFO: Run Behavior\BuildLiteBehavior [ RunTime:0.000000s ]
INFO: [ app_init ] --END-- [ RunTime:0.003000s ]
INFO: [ app_begin ] --START--
INFO: Run Behavior\ReadHtmlCacheBehavior [ RunTime:0.003000s ]
INFO: [ app_begin ] --END-- [ RunTime:0.003000s ]
SQL: SHOW COLUMNS FROM `xuyu_article` [ RunTime:0.0430s ]
SQL: SELECT * FROM `xuyu_article`  [ RunTime:0.0330s ]

[ 2015-11-18T19:45:03+08:00 ] ::1 /youju/index.php/Home/image
INFO: [ app_init ] --START--
INFO: Run Behavior\BuildLiteBehavior [ RunTime:0.000000s ]
INFO: [ app_init ] --END-- [ RunTime:0.001001s ]
INFO: [ app_begin ] --START--
INFO: Run Behavior\ReadHtmlCacheBehavior [ RunTime:0.002000s ]
INFO: [ app_begin ] --END-- [ RunTime:0.003000s ]

[ 2015-11-18T19:45:26+08:00 ] ::1 /youju/index.php/Home/Image/index
INFO: [ app_init ] --START--
INFO: Run Behavior\BuildLiteBehavior [ RunTime:0.000000s ]
INFO: [ app_init ] --END-- [ RunTime:0.002001s ]
INFO: [ app_begin ] --START--
INFO: Run Behavior\ReadHtmlCacheBehavior [ RunTime:0.003000s ]
INFO: [ app_begin ] --END-- [ RunTime:0.003000s ]

[ 2015-11-18T19:49:49+08:00 ] ::1 /youju/index.php/Home/Image/index
INFO: [ app_init ] --START--
INFO: Run Behavior\BuildLiteBehavior [ RunTime:0.001000s ]
INFO: [ app_init ] --END-- [ RunTime:0.002000s ]
INFO: [ app_begin ] --START--
INFO: Run Behavior\ReadHtmlCacheBehavior [ RunTime:0.002000s ]
INFO: [ app_begin ] --END-- [ RunTime:0.002000s ]

[ 2015-11-18T19:49:51+08:00 ] ::1 /youju/index.php/Home/Image/index
INFO: [ app_init ] --START--
INFO: Run Behavior\BuildLiteBehavior [ RunTime:0.000000s ]
INFO: [ app_init ] --END-- [ RunTime:0.001000s ]
INFO: [ app_begin ] --START--
INFO: Run Behavior\ReadHtmlCacheBehavior [ RunTime:0.003000s ]
INFO: [ app_begin ] --END-- [ RunTime:0.003000s ]

[ 2015-11-18T19:49:51+08:00 ] ::1 /youju/index.php/Home/Image/index
INFO: [ app_init ] --START--
INFO: Run Behavior\BuildLiteBehavior [ RunTime:0.000000s ]
INFO: [ app_init ] --END-- [ RunTime:0.002000s ]
INFO: [ app_begin ] --START--
INFO: Run Behavior\ReadHtmlCacheBehavior [ RunTime:0.006000s ]
INFO: [ app_begin ] --END-- [ RunTime:0.006000s ]

[ 2015-11-18T19:49:51+08:00 ] ::1 /youju/index.php/Home/Image/index
INFO: [ app_init ] --START--
INFO: Run Behavior\BuildLiteBehavior [ RunTime:0.001000s ]
INFO: [ app_init ] --END-- [ RunTime:0.003000s ]
INFO: [ app_begin ] --START--
INFO: Run Behavior\ReadHtmlCacheBehavior [ RunTime:0.003000s ]
INFO: [ app_begin ] --END-- [ RunTime:0.003000s ]

[ 2015-11-18T19:49:51+08:00 ] ::1 /youju/index.php/Home/Image/index
INFO: [ app_init ] --START--
INFO: Run Behavior\BuildLiteBehavior [ RunTime:0.000000s ]
INFO: [ app_init ] --END-- [ RunTime:0.001000s ]
INFO: [ app_begin ] --START--
INFO: Run Behavior\ReadHtmlCacheBehavior [ RunTime:0.002000s ]
INFO: [ app_begin ] --END-- [ RunTime:0.002000s ]

[ 2015-11-18T19:50:10+08:00 ] ::1 /youju/index.php/Home/Image/index
INFO: [ app_init ] --START--
INFO: Run Behavior\BuildLiteBehavior [ RunTime:0.000000s ]
INFO: [ app_init ] --END-- [ RunTime:0.001000s ]
INFO: [ app_begin ] --START--
INFO: Run Behavior\ReadHtmlCacheBehavior [ RunTime:0.001000s ]
INFO: [ app_begin ] --END-- [ RunTime:0.001000s ]

[ 2015-11-18T19:50:11+08:00 ] ::1 /youju/index.php/Home/Image/index
INFO: [ app_init ] --START--
INFO: Run Behavior\BuildLiteBehavior [ RunTime:0.000000s ]
INFO: [ app_init ] --END-- [ RunTime:0.001000s ]
INFO: [ app_begin ] --START--
INFO: Run Behavior\ReadHtmlCacheBehavior [ RunTime:0.004000s ]
INFO: [ app_begin ] --END-- [ RunTime:0.004000s ]

[ 2015-11-18T19:54:14+08:00 ] ::1 /youju/index.php/Home/Image/index
INFO: [ app_init ] --START--
INFO: Run Behavior\BuildLiteBehavior [ RunTime:0.000000s ]
INFO: [ app_init ] --END-- [ RunTime:0.002000s ]
INFO: [ app_begin ] --START--
INFO: Run Behavior\ReadHtmlCacheBehavior [ RunTime:0.002000s ]
INFO: [ app_begin ] --END-- [ RunTime:0.002000s ]

[ 2015-11-18T19:54:15+08:00 ] ::1 /youju/index.php/Home/Image/index
INFO: [ app_init ] --START--
INFO: Run Behavior\BuildLiteBehavior [ RunTime:0.000000s ]
INFO: [ app_init ] --END-- [ RunTime:0.003000s ]
INFO: [ app_begin ] --START--
INFO: Run Behavior\ReadHtmlCacheBehavior [ RunTime:0.003000s ]
INFO: [ app_begin ] --END-- [ RunTime:0.003000s ]

[ 2015-11-18T19:54:16+08:00 ] ::1 /youju/index.php/Home/Image/index
INFO: [ app_init ] --START--
INFO: Run Behavior\BuildLiteBehavior [ RunTime:0.000000s ]
INFO: [ app_init ] --END-- [ RunTime:0.002001s ]
INFO: [ app_begin ] --START--
INFO: Run Behavior\ReadHtmlCacheBehavior [ RunTime:0.004000s ]
INFO: [ app_begin ] --END-- [ RunTime:0.005000s ]

[ 2015-11-18T19:54:16+08:00 ] ::1 /youju/index.php/Home/Image/index
INFO: [ app_init ] --START--
INFO: Run Behavior\BuildLiteBehavior [ RunTime:0.000000s ]
INFO: [ app_init ] --END-- [ RunTime:0.002000s ]
INFO: [ app_begin ] --START--
INFO: Run Behavior\ReadHtmlCacheBehavior [ RunTime:0.002000s ]
INFO: [ app_begin ] --END-- [ RunTime:0.003000s ]

[ 2015-11-18T19:54:16+08:00 ] ::1 /youju/index.php/Home/Image/index
INFO: [ app_init ] --START--
INFO: Run Behavior\BuildLiteBehavior [ RunTime:0.000000s ]
INFO: [ app_init ] --END-- [ RunTime:0.001000s ]
INFO: [ app_begin ] --START--
INFO: Run Behavior\ReadHtmlCacheBehavior [ RunTime:0.002000s ]
INFO: [ app_begin ] --END-- [ RunTime:0.002000s ]

[ 2015-11-18T19:54:16+08:00 ] ::1 /youju/index.php/Home/Image/index
INFO: [ app_init ] --START--
INFO: Run Behavior\BuildLiteBehavior [ RunTime:0.001000s ]
INFO: [ app_init ] --END-- [ RunTime:0.002000s ]
INFO: [ app_begin ] --START--
INFO: Run Behavior\ReadHtmlCacheBehavior [ RunTime:0.015001s ]
INFO: [ app_begin ] --END-- [ RunTime:0.015001s ]

[ 2015-11-18T19:54:16+08:00 ] ::1 /youju/index.php/Home/Image/index
INFO: [ app_init ] --START--
INFO: Run Behavior\BuildLiteBehavior [ RunTime:0.001000s ]
INFO: [ app_init ] --END-- [ RunTime:0.002000s ]
INFO: [ app_begin ] --START--
INFO: Run Behavior\ReadHtmlCacheBehavior [ RunTime:0.006001s ]
INFO: [ app_begin ] --END-- [ RunTime:0.006001s ]

[ 2015-11-18T19:54:16+08:00 ] ::1 /youju/index.php/Home/Image/index
INFO: [ app_init ] --START--
INFO: Run Behavior\BuildLiteBehavior [ RunTime:0.000000s ]
INFO: [ app_init ] --END-- [ RunTime:0.001000s ]
INFO: [ app_begin ] --START--
INFO: Run Behavior\ReadHtmlCacheBehavior [ RunTime:0.002000s ]
INFO: [ app_begin ] --END-- [ RunTime:0.003000s ]

[ 2015-11-18T19:54:16+08:00 ] ::1 /youju/index.php/Home/Image/index
INFO: [ app_init ] --START--
INFO: Run Behavior\BuildLiteBehavior [ RunTime:0.000000s ]
INFO: [ app_init ] --END-- [ RunTime:0.002000s ]
INFO: [ app_begin ] --START--
INFO: Run Behavior\ReadHtmlCacheBehavior [ RunTime:0.002000s ]
INFO: [ app_begin ] --END-- [ RunTime:0.003000s ]

[ 2015-11-18T19:54:16+08:00 ] ::1 /youju/index.php/Home/Image/index
INFO: [ app_init ] --START--
INFO: Run Behavior\BuildLiteBehavior [ RunTime:0.000000s ]
INFO: [ app_init ] --END-- [ RunTime:0.001000s ]
INFO: [ app_begin ] --START--
INFO: Run Behavior\ReadHtmlCacheBehavior [ RunTime:0.002000s ]
INFO: [ app_begin ] --END-- [ RunTime:0.002000s ]

[ 2015-11-18T19:54:16+08:00 ] ::1 /youju/index.php/Home/Image/index
INFO: [ app_init ] --START--
INFO: Run Behavior\BuildLiteBehavior [ RunTime:0.000000s ]
INFO: [ app_init ] --END-- [ RunTime:0.002000s ]
INFO: [ app_begin ] --START--
INFO: Run Behavior\ReadHtmlCacheBehavior [ RunTime:0.006001s ]
INFO: [ app_begin ] --END-- [ RunTime:0.006001s ]

[ 2015-11-18T19:54:16+08:00 ] ::1 /youju/index.php/Home/Image/index
INFO: [ app_init ] --START--
INFO: Run Behavior\BuildLiteBehavior [ RunTime:0.001000s ]
INFO: [ app_init ] --END-- [ RunTime:0.002000s ]
INFO: [ app_begin ] --START--
INFO: Run Behavior\ReadHtmlCacheBehavior [ RunTime:0.002000s ]
INFO: [ app_begin ] --END-- [ RunTime:0.002000s ]

[ 2015-11-18T19:54:16+08:00 ] ::1 /youju/index.php/Home/Image/index
INFO: [ app_init ] --START--
INFO: Run Behavior\BuildLiteBehavior [ RunTime:0.000000s ]
INFO: [ app_init ] --END-- [ RunTime:0.002000s ]
INFO: [ app_begin ] --START--
INFO: Run Behavior\ReadHtmlCacheBehavior [ RunTime:0.004000s ]
INFO: [ app_begin ] --END-- [ RunTime:0.004000s ]

[ 2015-11-18T19:54:16+08:00 ] ::1 /youju/index.php/Home/Image/index
INFO: [ app_init ] --START--
INFO: Run Behavior\BuildLiteBehavior [ RunTime:0.000000s ]
INFO: [ app_init ] --END-- [ RunTime:0.006000s ]
INFO: [ app_begin ] --START--
INFO: Run Behavior\ReadHtmlCacheBehavior [ RunTime:0.002001s ]
INFO: [ app_begin ] --END-- [ RunTime:0.002001s ]

[ 2015-11-18T19:54:16+08:00 ] ::1 /youju/index.php/Home/Image/index
INFO: [ app_init ] --START--
INFO: Run Behavior\BuildLiteBehavior [ RunTime:0.000000s ]
INFO: [ app_init ] --END-- [ RunTime:0.001000s ]
INFO: [ app_begin ] --START--
INFO: Run Behavior\ReadHtmlCacheBehavior [ RunTime:0.002000s ]
INFO: [ app_begin ] --END-- [ RunTime:0.003000s ]

[ 2015-11-18T19:54:40+08:00 ] ::1 /youju/index.php/Home/Image/index
INFO: [ app_init ] --START--
INFO: Run Behavior\BuildLiteBehavior [ RunTime:0.000000s ]
INFO: [ app_init ] --END-- [ RunTime:0.002000s ]
INFO: [ app_begin ] --START--
INFO: Run Behavior\ReadHtmlCacheBehavior [ RunTime:0.003001s ]
INFO: [ app_begin ] --END-- [ RunTime:0.003001s ]

[ 2015-11-18T19:57:06+08:00 ] ::1 /youju/index.php/Home/
INFO: [ app_init ] --START--
INFO: Run Behavior\BuildLiteBehavior [ RunTime:0.000000s ]
INFO: [ app_init ] --END-- [ RunTime:0.001000s ]
INFO: [ app_begin ] --START--
INFO: Run Behavior\ReadHtmlCacheBehavior [ RunTime:0.002000s ]
INFO: [ app_begin ] --END-- [ RunTime:0.002000s ]
SQL: SHOW COLUMNS FROM `xuyu_article` [ RunTime:0.0340s ]

[ 2015-11-18T20:04:38+08:00 ] ::1 /youju/index.php/Home/
INFO: [ app_init ] --START--
INFO: Run Behavior\BuildLiteBehavior [ RunTime:0.000000s ]
INFO: [ app_init ] --END-- [ RunTime:0.002000s ]
INFO: [ app_begin ] --START--
INFO: Run Behavior\ReadHtmlCacheBehavior [ RunTime:0.002000s ]
INFO: [ app_begin ] --END-- [ RunTime:0.002000s ]
SQL: SHOW COLUMNS FROM `xuyu_article` [ RunTime:0.0260s ]

[ 2015-11-18T20:04:44+08:00 ] ::1 /youju/index.php/Home/Image
INFO: [ app_init ] --START--
INFO: Run Behavior\BuildLiteBehavior [ RunTime:0.000000s ]
INFO: [ app_init ] --END-- [ RunTime:0.001000s ]
INFO: [ app_begin ] --START--
INFO: Run Behavior\ReadHtmlCacheBehavior [ RunTime:0.002000s ]
INFO: [ app_begin ] --END-- [ RunTime:0.002000s ]
SQL: SHOW COLUMNS FROM `xuyu_image` [ RunTime:0.0480s ]
SQL: SELECT * FROM `xuyu_image`  [ RunTime:0.0040s ]

[ 2015-11-18T20:04:54+08:00 ] ::1 /youju/index.php/Home/Image/index
INFO: [ app_init ] --START--
INFO: Run Behavior\BuildLiteBehavior [ RunTime:0.000000s ]
INFO: [ app_init ] --END-- [ RunTime:0.001001s ]
INFO: [ app_begin ] --START--
INFO: Run Behavior\ReadHtmlCacheBehavior [ RunTime:0.002000s ]
INFO: [ app_begin ] --END-- [ RunTime:0.003000s ]
SQL: SHOW COLUMNS FROM `xuyu_image` [ RunTime:0.0240s ]
SQL: SELECT * FROM `xuyu_image`  [ RunTime:0.0020s ]

[ 2015-11-18T20:05:36+08:00 ] ::1 /youju/index.php/Home/Image/index
INFO: [ app_init ] --START--
INFO: Run Behavior\BuildLiteBehavior [ RunTime:0.000000s ]
INFO: [ app_init ] --END-- [ RunTime:0.001001s ]
INFO: [ app_begin ] --START--
INFO: Run Behavior\ReadHtmlCacheBehavior [ RunTime:0.002000s ]
INFO: [ app_begin ] --END-- [ RunTime:0.002000s ]
ERR: 1146:Table 'xuyu.abc_image' doesn't exist
 [ SQL语句 ] : SHOW COLUMNS FROM `abc_image`
ERR: 1146:Table 'xuyu.abc_image' doesn't exist
 [ SQL语句 ] : SHOW COLUMNS FROM `abc_image`

[ 2015-11-18T20:05:58+08:00 ] ::1 /youju/index.php/Home/Image/index
ERR: 1146:Table 'xuyu.abc_image' doesn't exist
 [ SQL语句 ] : SHOW COLUMNS FROM `abc_image`

[ 2015-11-18T20:06:01+08:00 ] ::1 /youju/index.php/Home/Image/index
ERR: 1146:Table 'xuyu.abc_image' doesn't exist
 [ SQL语句 ] : SHOW COLUMNS FROM `abc_image`

[ 2015-11-18T20:06:31+08:00 ] ::1 /youju/index.php/Home/Image/index
ERR: 1146:Table 'xuyu.abc_123' doesn't exist
 [ SQL语句 ] : SHOW COLUMNS FROM `abc_123`

[ 2015-11-18T20:07:14+08:00 ] ::1 /youju/index.php/Home/Image/index
ERR: 1146:Table 'xuyu.111_234' doesn't exist
 [ SQL语句 ] : SHOW COLUMNS FROM `111_234`

[ 2015-11-18T20:08:00+08:00 ] ::1 /youju/index.php/Home/Image/index
ERR: 1146:Table 'xuyu.abc_123' doesn't exist
 [ SQL语句 ] : SHOW COLUMNS FROM `abc_123`

[ 2015-11-18T20:08:05+08:00 ] ::1 /youju/index.php/Home/Image/index
ERR: 1146:Table 'xuyu.abc_image' doesn't exist
 [ SQL语句 ] : SHOW COLUMNS FROM `abc_image`

[ 2015-11-18T20:08:57+08:00 ] ::1 /youju/index.php/Home/Image/index
ERR: 1146:Table '222.xuyu_image' doesn't exist
 [ SQL语句 ] : SHOW COLUMNS FROM `222`.`xuyu_image`

[ 2015-11-18T20:30:38+08:00 ] ::1 /youju/index.php/Home/
ERR: 1064:You have an error in your SQL syntax; check the manual that corresponds to your MySQL server version for the right syntax to use near '= 5' at line 1
 [ SQL语句 ] : select * from xuyu_articlewhere id = 5

[ 2015-11-18T21:10:21+08:00 ] ::1 /youju/index.php/Home/
ERR: Think\Model:checklength方法不存在！

[ 2015-11-18T21:14:51+08:00 ] ::1 /youju/index.php/Home/
ERR: Think\Model:checklength方法不存在！

[ 2015-11-18T21:19:36+08:00 ] ::1 /youju/index.php/Home/
ERR: Think\Model:checklength方法不存在！

[ 2015-11-18T21:27:31+08:00 ] ::1 /youju/index.php/Home/
ERR: Think\Model:checklength方法不存在！

[ 2015-11-18T21:29:41+08:00 ] ::1 /youju/index.php/Home/
ERR: Think\Model:checklength方法不存在！

