[ 2016-03-26T16:05:51+08:00 ] ::1 /studentMange/Home/JsSpider
ERR: 非法操作:index

[ 2016-03-26T16:05:58+08:00 ] ::1 /studentMange/Home/JsSpider/transfer
ERR: 参数错误或者未定义:sid

[ 2016-03-26T16:06:07+08:00 ] ::1 /studentMange/Home/JsSpider/transfer
ERR: 参数错误或者未定义:sid

[ 2016-03-26T16:06:08+08:00 ] ::1 /studentMange/Home/JsSpider/transfer
ERR: 参数错误或者未定义:sid

[ 2016-03-26T16:17:52+08:00 ] ::1 /studentMange/Home/login_teacher_judge
ERR: 无法加载控制器:Login_teacher_judge

[ 2016-03-26T16:18:08+08:00 ] ::1 /studentMange/Home/login/login_teacher_judge
ERR: 1048:Column 'announcement' cannot be null
 [ SQL语句 ] : INSERT INTO `sm_teacher` (`tid`,`tname`,`announcement`) VALUES ('80135','曹玲',NULL)

[ 2016-03-26T16:24:46+08:00 ] ::1 /studentMange/Home/login/teacher_login_judge
ERR: 非法操作:teacher_login_judge

[ 2016-03-26T16:31:53+08:00 ] ::1 /studentMange/index.php/login_teacher_judge
ERR: 无法加载控制器:Login_teacher_judge

[ 2016-03-26T17:04:38+08:00 ] ::1 /studentMange/index.php/Temp/test
ERR: 无法加载控制器:Temp

[ 2016-03-26T17:51:50+08:00 ] ::1 /studentMange/index.php/Index/teacher_course/cname/%E6%93%8D%E4%BD%9C%E7%B3%BB%E7%BB%9F%E5%8E%9F%E7%90%86A.shtml
ERR: 1054:Unknown column '操作系统原理A' in 'where clause'
 [ SQL语句 ] : SELECT `sid` FROM `sm_student_course` WHERE ( cname=操作系统原理A ) 

[ 2016-03-26T18:41:56+08:00 ] ::1 /studentMange/index.php/Course/teacher_course/cname/134.shtml
ERR: 无法加载控制器:Course

[ 2016-03-26T21:31:52+08:00 ] ::1 /studentMange/index.php/Home/Index.shtml
ERR: 非法操作:index

[ 2016-03-26T21:32:20+08:00 ] ::1 /studentMange/index.php/Home/Index.shtml
ERR: 非法操作:index

[ 2016-03-26T21:32:25+08:00 ] ::1 /studentMange/index.php/Home/Index.shtml
ERR: 非法操作:index

[ 2016-03-26T21:32:28+08:00 ] ::1 /studentMange/index.php/Home/Index.shtml
ERR: 非法操作:index

[ 2016-03-26T21:49:28+08:00 ] ::1 /studentMange/index.php/Home/Index.shtml
ERR: 非法操作:index

[ 2016-03-26T21:54:04+08:00 ] ::1 /studentMange/index.php/Home/$index_path.shtml
ERR: 无法加载控制器:$index_path

[ 2016-03-26T21:56:50+08:00 ] ::1 /studentMange/index.php/Home/index_teacher.shtml
ERR: 无法加载控制器:Index_teacher

[ 2016-03-26T21:59:01+08:00 ] ::1 /studentMange/index.php/Home/index_student.shtml
ERR: 无法加载控制器:Index_student

[ 2016-03-26T22:00:31+08:00 ] ::1 /studentMange/index.php/Home/index_teacher.shtml
ERR: 无法加载控制器:Index_teacher

[ 2016-03-26T22:01:00+08:00 ] ::1 /studentMange/index.php/Home/index_teacher.shtml
ERR: 无法加载控制器:Index_teacher

[ 2016-03-26T23:16:36+08:00 ] ::1 /studentMange/index.php/Home/Index/insert_announce.shtml
INFO: [ app_begin ] --START--
INFO: Run Behavior\ReadHtmlCacheBehavior [ RunTime:0.002000s ]
INFO: [ app_begin ] --END-- [ RunTime:0.002000s ]
SQL: SHOW COLUMNS FROM `sm_teacher` [ RunTime:0.0040s ]
SQL: UPDATE `sm_teacher` SET `announcement`='' WHERE ( tid=080135 ) [ RunTime:0.0010s ]
INFO: [ app_end ] --START--
INFO: Run Behavior\ShowPageTraceBehavior [ RunTime:0.001000s ]
INFO: [ app_end ] --END-- [ RunTime:0.001000s ]

[ 2016-03-26T23:20:30+08:00 ] ::1 /studentMange/index.php/Home/Index/insert_announce.shtml
INFO: [ app_begin ] --START--
INFO: Run Behavior\ReadHtmlCacheBehavior [ RunTime:0.002001s ]
INFO: [ app_begin ] --END-- [ RunTime:0.003001s ]
SQL: SHOW COLUMNS FROM `sm_teacher` [ RunTime:0.0050s ]
NOTIC: [8] Use of undefined constant name - assumed 'name' E:\xampp0\htdocs\studentMange\Application\Home\Controller\IndexController.class.php 第 39 行.

[ 2016-03-26T23:22:22+08:00 ] ::1 /studentMange/index.php/Home/Index/insert_announce.shtml
INFO: [ app_begin ] --START--
INFO: Run Behavior\ReadHtmlCacheBehavior [ RunTime:0.002000s ]
INFO: [ app_begin ] --END-- [ RunTime:0.002000s ]
SQL: SHOW COLUMNS FROM `sm_teacher` [ RunTime:0.0080s ]
NOTIC: [8] Use of undefined constant name - assumed 'name' E:\xampp0\htdocs\studentMange\Application\Home\Controller\IndexController.class.php 第 39 行.

[ 2016-03-26T23:23:47+08:00 ] ::1 /studentMange/index.php/Home/Index/insert_announce.shtml
INFO: [ app_begin ] --START--
INFO: Run Behavior\ReadHtmlCacheBehavior [ RunTime:0.001000s ]
INFO: [ app_begin ] --END-- [ RunTime:0.001000s ]
SQL: SHOW COLUMNS FROM `sm_teacher` [ RunTime:0.0040s ]
SQL: UPDATE `sm_teacher` SET `announcement`='' WHERE ( tid=080135 ) [ RunTime:0.0000s ]
INFO: [ app_end ] --START--
INFO: Run Behavior\ShowPageTraceBehavior [ RunTime:0.002000s ]
INFO: [ app_end ] --END-- [ RunTime:0.002000s ]

