[ 2016-03-27T10:00:19+08:00 ] ::1 /studentMange/index.php/Home/Index/insert_announce.shtml
INFO: [ app_begin ] --START--
INFO: Run Behavior\ReadHtmlCacheBehavior [ RunTime:0.001000s ]
INFO: [ app_begin ] --END-- [ RunTime:0.001000s ]
SQL: SHOW COLUMNS FROM `sm_teacher` [ RunTime:0.0020s ]
SQL: UPDATE `sm_teacher` SET `announcement`='ddd' WHERE ( tid=080135 ) [ RunTime:0.0020s ]

[ 2016-03-27T10:09:37+08:00 ] ::1 /studentMange/index.php/Home/Index/insert_announce
INFO: [ app_begin ] --START--
INFO: Run Behavior\ReadHtmlCacheBehavior [ RunTime:0.001000s ]
INFO: [ app_begin ] --END-- [ RunTime:0.001000s ]
SQL: SHOW COLUMNS FROM `sm_teacher` [ RunTime:0.0020s ]
SQL: UPDATE `sm_teacher` SET `announcement`='fff' WHERE ( tid=080135 ) [ RunTime:0.0000s ]

[ 2016-03-27T10:12:46+08:00 ] ::1 /studentMange/index.php/Home/Index/insert_announce
INFO: [ app_begin ] --START--
INFO: Run Behavior\ReadHtmlCacheBehavior [ RunTime:0.001000s ]
INFO: [ app_begin ] --END-- [ RunTime:0.001000s ]
SQL: SHOW COLUMNS FROM `sm_teacher` [ RunTime:0.0030s ]
SQL: UPDATE `sm_teacher` SET `announcement`='fff' WHERE ( tid=080135 ) [ RunTime:0.0000s ]
INFO: [ app_end ] --START--
INFO: Run Behavior\ShowPageTraceBehavior [ RunTime:0.001000s ]
INFO: [ app_end ] --END-- [ RunTime:0.001000s ]

[ 2016-03-27T10:13:17+08:00 ] ::1 /studentMange/index.php/Home/Index/insert_announce
INFO: [ app_begin ] --START--
INFO: Run Behavior\ReadHtmlCacheBehavior [ RunTime:0.001000s ]
INFO: [ app_begin ] --END-- [ RunTime:0.001000s ]
SQL: SHOW COLUMNS FROM `sm_teacher` [ RunTime:0.0020s ]
SQL: UPDATE `sm_teacher` SET `announcement`='fff' WHERE ( tid=080135 ) [ RunTime:0.0000s ]
INFO: [ app_end ] --START--
INFO: Run Behavior\ShowPageTraceBehavior [ RunTime:0.000000s ]
INFO: [ app_end ] --END-- [ RunTime:0.001000s ]

[ 2016-03-27T10:13:30+08:00 ] ::1 /studentMange/index.php/Home/Index/insert_announce
INFO: [ app_begin ] --START--
INFO: Run Behavior\ReadHtmlCacheBehavior [ RunTime:0.001000s ]
INFO: [ app_begin ] --END-- [ RunTime:0.001000s ]
SQL: SHOW COLUMNS FROM `sm_teacher` [ RunTime:0.0030s ]
SQL: UPDATE `sm_teacher` SET `announcement`='sss' WHERE ( tid=080135 ) [ RunTime:0.0000s ]

[ 2016-03-27T10:23:07+08:00 ] ::1 /studentMange/index.php/Index/index_teacher.shtml
ERR: Think\Model:getFeild方法不存在！

[ 2016-03-27T10:23:51+08:00 ] ::1 /studentMange/index.php/Home/Index/insert_announce
INFO: [ app_begin ] --START--
INFO: Run Behavior\ReadHtmlCacheBehavior [ RunTime:0.001000s ]
INFO: [ app_begin ] --END-- [ RunTime:0.001000s ]
SQL: SHOW COLUMNS FROM `sm_teacher` [ RunTime:0.0020s ]
SQL: UPDATE `sm_teacher` SET `announcement`='aaa' WHERE ( tid=080135 ) [ RunTime:0.0010s ]

[ 2016-03-27T10:26:29+08:00 ] ::1 /studentMange/index.php/Home/Index/insert_announce
INFO: [ app_begin ] --START--
INFO: Run Behavior\ReadHtmlCacheBehavior [ RunTime:0.001000s ]
INFO: [ app_begin ] --END-- [ RunTime:0.001000s ]
SQL: SHOW COLUMNS FROM `sm_teacher` [ RunTime:0.0020s ]
SQL: UPDATE `sm_teacher` SET `announcement`='sss' WHERE ( tid=080135 ) [ RunTime:0.0000s ]

[ 2016-03-27T10:26:36+08:00 ] ::1 /studentMange/index.php/Home/Index/insert_announce
INFO: [ app_begin ] --START--
INFO: Run Behavior\ReadHtmlCacheBehavior [ RunTime:0.001000s ]
INFO: [ app_begin ] --END-- [ RunTime:0.001000s ]
SQL: SHOW COLUMNS FROM `sm_teacher` [ RunTime:0.0020s ]
SQL: UPDATE `sm_teacher` SET `announcement`='bbbbbbbbbbbbbbbbbb' WHERE ( tid=080135 ) [ RunTime:0.0000s ]

[ 2016-03-27T10:26:40+08:00 ] ::1 /studentMange/index.php/Home/Index/insert_announce
INFO: [ app_begin ] --START--
INFO: Run Behavior\ReadHtmlCacheBehavior [ RunTime:0.001000s ]
INFO: [ app_begin ] --END-- [ RunTime:0.001000s ]
SQL: SHOW COLUMNS FROM `sm_teacher` [ RunTime:0.0020s ]
SQL: UPDATE `sm_teacher` SET `announcement`='fff' WHERE ( tid=080135 ) [ RunTime:0.0010s ]

[ 2016-03-27T10:30:04+08:00 ] ::1 /studentMange/index.php/Home/Index/insert_announce
INFO: [ app_begin ] --START--
INFO: Run Behavior\ReadHtmlCacheBehavior [ RunTime:0.001000s ]
INFO: [ app_begin ] --END-- [ RunTime:0.001000s ]
SQL: SHOW COLUMNS FROM `sm_teacher` [ RunTime:0.0020s ]
SQL: UPDATE `sm_teacher` SET `announcement`='fff' WHERE ( tid=080135 ) [ RunTime:0.0000s ]
INFO: [ app_end ] --START--
INFO: Run Behavior\ShowPageTraceBehavior [ RunTime:0.001000s ]
INFO: [ app_end ] --END-- [ RunTime:0.001000s ]

[ 2016-03-27T11:25:41+08:00 ] ::1 /studentMange/index.php/Home/Course/send_content
INFO: [ app_begin ] --START--
INFO: Run Behavior\ReadHtmlCacheBehavior [ RunTime:0.001000s ]
INFO: [ app_begin ] --END-- [ RunTime:0.001000s ]

[ 2016-03-27T11:25:44+08:00 ] ::1 /studentMange/index.php/Home/Course/send_content
INFO: [ app_begin ] --START--
INFO: Run Behavior\ReadHtmlCacheBehavior [ RunTime:0.001000s ]
INFO: [ app_begin ] --END-- [ RunTime:0.001000s ]

[ 2016-03-27T11:25:49+08:00 ] ::1 /studentMange/index.php/Home/Course/send_content
INFO: [ app_begin ] --START--
INFO: Run Behavior\ReadHtmlCacheBehavior [ RunTime:0.001000s ]
INFO: [ app_begin ] --END-- [ RunTime:0.001000s ]

[ 2016-03-27T11:25:58+08:00 ] ::1 /studentMange/index.php/Home/Course/send_content
INFO: [ app_begin ] --START--
INFO: Run Behavior\ReadHtmlCacheBehavior [ RunTime:0.001000s ]
INFO: [ app_begin ] --END-- [ RunTime:0.001000s ]

[ 2016-03-27T11:26:06+08:00 ] ::1 /studentMange/index.php/Home/Course/send_content
INFO: [ app_begin ] --START--
INFO: Run Behavior\ReadHtmlCacheBehavior [ RunTime:0.000000s ]
INFO: [ app_begin ] --END-- [ RunTime:0.001000s ]

[ 2016-03-27T11:32:48+08:00 ] ::1 /studentMange/index.php/Home/Course/send_content
INFO: [ app_begin ] --START--
INFO: Run Behavior\ReadHtmlCacheBehavior [ RunTime:0.001000s ]
INFO: [ app_begin ] --END-- [ RunTime:0.001000s ]

[ 2016-03-27T11:32:52+08:00 ] ::1 /studentMange/index.php/Home/Course/send_content
INFO: [ app_begin ] --START--
INFO: Run Behavior\ReadHtmlCacheBehavior [ RunTime:0.000000s ]
INFO: [ app_begin ] --END-- [ RunTime:0.000000s ]

[ 2016-03-27T11:33:06+08:00 ] ::1 /studentMange/index.php/Home/Course/send_content
INFO: [ app_begin ] --START--
INFO: Run Behavior\ReadHtmlCacheBehavior [ RunTime:0.001001s ]
INFO: [ app_begin ] --END-- [ RunTime:0.001001s ]

[ 2016-03-27T11:33:43+08:00 ] ::1 /studentMange/index.php/Home/Course/send_content
INFO: [ app_begin ] --START--
INFO: Run Behavior\ReadHtmlCacheBehavior [ RunTime:0.000000s ]
INFO: [ app_begin ] --END-- [ RunTime:0.001000s ]

[ 2016-03-27T11:35:26+08:00 ] ::1 /studentMange/index.php/Home/Index/insert_announce
INFO: [ app_begin ] --START--
INFO: Run Behavior\ReadHtmlCacheBehavior [ RunTime:0.000000s ]
INFO: [ app_begin ] --END-- [ RunTime:0.000000s ]
SQL: SHOW COLUMNS FROM `sm_teacher` [ RunTime:0.0030s ]
SQL: UPDATE `sm_teacher` SET `announcement`='msb' WHERE ( tid=080135 ) [ RunTime:0.0000s ]

[ 2016-03-27T11:35:39+08:00 ] ::1 /studentMange/index.php/Home/Index/insert_announce
INFO: [ app_begin ] --START--
INFO: Run Behavior\ReadHtmlCacheBehavior [ RunTime:0.000000s ]
INFO: [ app_begin ] --END-- [ RunTime:0.000000s ]
SQL: SHOW COLUMNS FROM `sm_teacher` [ RunTime:0.0040s ]
SQL: UPDATE `sm_teacher` SET `announcement`='assb' WHERE ( tid=080135 ) [ RunTime:0.0010s ]

[ 2016-03-27T11:35:48+08:00 ] ::1 /studentMange/index.php/Home/Index/insert_announce
INFO: [ app_begin ] --START--
INFO: Run Behavior\ReadHtmlCacheBehavior [ RunTime:0.001000s ]
INFO: [ app_begin ] --END-- [ RunTime:0.001000s ]
SQL: SHOW COLUMNS FROM `sm_teacher` [ RunTime:0.0030s ]
SQL: UPDATE `sm_teacher` SET `announcement`='ssbsbsbbsbsbsbssb' WHERE ( tid=080135 ) [ RunTime:0.0010s ]

[ 2016-03-27T11:35:58+08:00 ] ::1 /studentMange/index.php/Home/Index/insert_announce
INFO: [ app_begin ] --START--
INFO: Run Behavior\ReadHtmlCacheBehavior [ RunTime:0.000000s ]
INFO: [ app_begin ] --END-- [ RunTime:0.000000s ]
SQL: SHOW COLUMNS FROM `sm_teacher` [ RunTime:0.0030s ]
SQL: UPDATE `sm_teacher` SET `announcement`='sbsbsbsbsbsbsbsbsbbsbsbsbsbsbssbsbs' WHERE ( tid=080135 ) [ RunTime:0.0000s ]

[ 2016-03-27T11:36:58+08:00 ] ::1 /studentMange/index.php/Home/Index/insert_announce
INFO: [ app_begin ] --START--
INFO: Run Behavior\ReadHtmlCacheBehavior [ RunTime:0.001000s ]
INFO: [ app_begin ] --END-- [ RunTime:0.001000s ]
SQL: SHOW COLUMNS FROM `sm_teacher` [ RunTime:0.0040s ]
SQL: UPDATE `sm_teacher` SET `announcement`='&lt;script&gt;alert(\'sb\');&lt;/script&gt;' WHERE ( tid=080135 ) [ RunTime:0.0000s ]

[ 2016-03-27T11:37:49+08:00 ] ::1 /studentMange/index.php/Home/Index/insert_announce
INFO: [ app_begin ] --START--
INFO: Run Behavior\ReadHtmlCacheBehavior [ RunTime:0.001000s ]
INFO: [ app_begin ] --END-- [ RunTime:0.001000s ]
SQL: SHOW COLUMNS FROM `sm_teacher` [ RunTime:0.0030s ]
SQL: UPDATE `sm_teacher` SET `announcement`='msb' WHERE ( tid=080135 ) [ RunTime:0.0010s ]

[ 2016-03-27T13:01:44+08:00 ] ::1 /studentMange/index.php/Home/Index/index_teacher.shtml
ERR: 1064:You have an error in your SQL syntax; check the manual that corresponds to your MariaDB server version for the right syntax to use near ') LIMIT 1' at line 1
 [ SQL语句 ] : SELECT `announcement` FROM `sm_teacher` WHERE ( tid= ) LIMIT 1  

[ 2016-03-27T13:06:15+08:00 ] ::1 /studentMange/index.php/Hoem/login.shtml
ERR: 无法加载控制器:Hoem

[ 2016-03-27T13:37:57+08:00 ] ::1 /studentMange/index.php/Home/Course/send_content
INFO: [ app_begin ] --START--
INFO: Run Behavior\ReadHtmlCacheBehavior [ RunTime:0.001000s ]
INFO: [ app_begin ] --END-- [ RunTime:0.001000s ]

