[ 2016-03-19T19:51:31+08:00 ] ::1 /studentMange/Home/Controller/Spider/test
ERR: 无法加载控制器:Controller

[ 2016-03-19T20:01:25+08:00 ] ::1 /studentMange/Home/Spider/style/base/jw.css
ERR: 非法操作:style

[ 2016-03-19T20:01:25+08:00 ] ::1 /studentMange/Home/Spider/style/standard/jw.css
ERR: 非法操作:style

[ 2016-03-19T20:01:43+08:00 ] ::1 /studentMange/Home/Spider/style/base/jw.css
ERR: 非法操作:style

[ 2016-03-19T20:01:43+08:00 ] ::1 /studentMange/Home/Spider/style/standard/jw.css
ERR: 非法操作:style

[ 2016-03-19T20:13:54+08:00 ] ::1 /studentMange/Home/Spider/style/standard/jw.css
ERR: 非法操作:style

[ 2016-03-19T20:13:54+08:00 ] ::1 /studentMange/Home/Spider/style/base/jw.css
ERR: 非法操作:style

[ 2016-03-19T20:18:20+08:00 ] ::1 /studentMange/Home/Controller/Spider/test
ERR: 无法加载控制器:Controller

[ 2016-03-19T20:22:30+08:00 ] ::1 /studentMange/Home/Spider/style/base/jw.css
ERR: 非法操作:style

[ 2016-03-19T20:22:30+08:00 ] ::1 /studentMange/Home/Spider/style/standard/jw.css
ERR: 非法操作:style

[ 2016-03-19T21:02:46+08:00 ] ::1 /studentMange/Home/Controller/Spider/test
ERR: 无法加载控制器:Controller

[ 2016-03-19T21:02:48+08:00 ] ::1 /studentMange/Home/Controller/Spider/test
ERR: 无法加载控制器:Controller

[ 2016-03-19T21:14:14+08:00 ] ::1 /studentMange/Home/Controller/Spider/test
ERR: 无法加载控制器:Controller

[ 2016-03-19T21:14:17+08:00 ] ::1 /studentMange/Home/Controller/Spider/test
ERR: 无法加载控制器:Controller

[ 2016-03-19T21:14:18+08:00 ] ::1 /studentMange/Home/Controller/Spider/test
ERR: 无法加载控制器:Controller

[ 2016-03-19T21:14:18+08:00 ] ::1 /studentMange/Home/Controller/Spider/test
ERR: 无法加载控制器:Controller

[ 2016-03-19T21:14:18+08:00 ] ::1 /studentMange/Home/Controller/Spider/test
ERR: 无法加载控制器:Controller

[ 2016-03-19T21:14:18+08:00 ] ::1 /studentMange/Home/Controller/Spider/test
ERR: 无法加载控制器:Controller

[ 2016-03-19T21:14:18+08:00 ] ::1 /studentMange/Home/Controller/Spider/test
ERR: 无法加载控制器:Controller

[ 2016-03-19T21:14:18+08:00 ] ::1 /studentMange/Home/Controller/Spider/test
ERR: 无法加载控制器:Controller

[ 2016-03-19T21:14:18+08:00 ] ::1 /studentMange/Home/Controller/Spider/test
ERR: 无法加载控制器:Controller

[ 2016-03-19T21:14:21+08:00 ] ::1 /studentMange/Home/Controller/Spider/test
ERR: 无法加载控制器:Controller

[ 2016-03-19T21:14:30+08:00 ] ::1 /studentMange/Home/Controller/Spider/test
ERR: 无法加载控制器:Controller

[ 2016-03-19T21:14:31+08:00 ] ::1 /studentMange/Home/Controller/Spider/test
ERR: 无法加载控制器:Controller

[ 2016-03-19T21:14:31+08:00 ] ::1 /studentMange/Home/Controller/Spider/test
ERR: 无法加载控制器:Controller

[ 2016-03-19T21:14:31+08:00 ] ::1 /studentMange/Home/Controller/Spider/test
ERR: 无法加载控制器:Controller

[ 2016-03-19T21:14:31+08:00 ] ::1 /studentMange/Home/Controller/Spider/test
ERR: 无法加载控制器:Controller

[ 2016-03-19T21:14:31+08:00 ] ::1 /studentMange/Home/Controller/Spider/test
ERR: 无法加载控制器:Controller

[ 2016-03-19T21:14:32+08:00 ] ::1 /studentMange/Home/Controller/Spider/test
ERR: 无法加载控制器:Controller

[ 2016-03-19T21:14:32+08:00 ] ::1 /studentMange/Home/Controller/Spider/test
ERR: 无法加载控制器:Controller

[ 2016-03-19T21:14:32+08:00 ] ::1 /studentMange/Home/Controller/Spider/test
ERR: 无法加载控制器:Controller

[ 2016-03-19T21:14:32+08:00 ] ::1 /studentMange/Home/Controller/Spider/test
ERR: 无法加载控制器:Controller

[ 2016-03-19T21:14:32+08:00 ] ::1 /studentMange/Home/Controller/Spider/test
ERR: 无法加载控制器:Controller

[ 2016-03-19T21:14:56+08:00 ] ::1 /studentMange/Home/Controller/Spider/test
ERR: 无法加载控制器:Controller

[ 2016-03-19T21:15:06+08:00 ] ::1 /studentMange/Home/Controller/Spider/test
ERR: 无法加载控制器:Controller

[ 2016-03-19T21:15:42+08:00 ] ::1 /studentMange/Home/Controller/Spider/test
ERR: 无法加载控制器:Controller

[ 2016-03-19T21:15:43+08:00 ] ::1 /studentMange/Home/Controller/Spider/test
ERR: 无法加载控制器:Controller

[ 2016-03-19T21:15:44+08:00 ] ::1 /studentMange/Home/Controller/Spider/test
ERR: 无法加载控制器:Controller

[ 2016-03-19T21:15:44+08:00 ] ::1 /studentMange/Home/Controller/Spider/test
ERR: 无法加载控制器:Controller

[ 2016-03-19T21:15:44+08:00 ] ::1 /studentMange/Home/Controller/Spider/test
ERR: 无法加载控制器:Controller

[ 2016-03-19T21:15:44+08:00 ] ::1 /studentMange/Home/Controller/Spider/test
ERR: 无法加载控制器:Controller

[ 2016-03-19T21:15:44+08:00 ] ::1 /studentMange/Home/Controller/Spider/test
ERR: 无法加载控制器:Controller

[ 2016-03-19T21:15:44+08:00 ] ::1 /studentMange/Home/Controller/Spider/test
ERR: 无法加载控制器:Controller

[ 2016-03-19T21:15:44+08:00 ] ::1 /studentMange/Home/Controller/Spider/test
ERR: 无法加载控制器:Controller

[ 2016-03-19T21:15:44+08:00 ] ::1 /studentMange/Home/Controller/Spider/test
ERR: 无法加载控制器:Controller

[ 2016-03-19T21:15:44+08:00 ] ::1 /studentMange/Home/Controller/Spider/test
ERR: 无法加载控制器:Controller

[ 2016-03-19T21:15:44+08:00 ] ::1 /studentMange/Home/Controller/Spider/test
ERR: 无法加载控制器:Controller

[ 2016-03-19T21:15:44+08:00 ] ::1 /studentMange/Home/Controller/Spider/test
ERR: 无法加载控制器:Controller

[ 2016-03-19T21:18:23+08:00 ] ::1 /studentMange/Home/Controller/Spider/test
ERR: 无法加载控制器:Controller

[ 2016-03-19T21:18:25+08:00 ] ::1 /studentMange/Home/Controller/Spider/test
ERR: 无法加载控制器:Controller

[ 2016-03-19T21:18:34+08:00 ] ::1 /studentMange/Home/Controller/Spider/test
ERR: 无法加载控制器:Controller

[ 2016-03-19T21:18:59+08:00 ] ::1 /studentMange/Home/Controller/Spider/test
ERR: 无法加载控制器:Controller

[ 2016-03-19T21:19:00+08:00 ] ::1 /studentMange/Home/Controller/Spider/test
ERR: 无法加载控制器:Controller

[ 2016-03-19T21:19:01+08:00 ] ::1 /studentMange/Home/Controller/Spider/test
ERR: 无法加载控制器:Controller

[ 2016-03-19T21:19:01+08:00 ] ::1 /studentMange/Home/Controller/Spider/test
ERR: 无法加载控制器:Controller

[ 2016-03-19T21:19:01+08:00 ] ::1 /studentMange/Home/Controller/Spider/test
ERR: 无法加载控制器:Controller

[ 2016-03-19T21:19:01+08:00 ] ::1 /studentMange/Home/Controller/Spider/test
ERR: 无法加载控制器:Controller

[ 2016-03-19T21:19:01+08:00 ] ::1 /studentMange/Home/Controller/Spider/test
ERR: 无法加载控制器:Controller

[ 2016-03-19T21:19:01+08:00 ] ::1 /studentMange/Home/Controller/Spider/test
ERR: 无法加载控制器:Controller

[ 2016-03-19T21:19:01+08:00 ] ::1 /studentMange/Home/Controller/Spider/test
ERR: 无法加载控制器:Controller

[ 2016-03-19T21:19:01+08:00 ] ::1 /studentMange/Home/Controller/Spider/test
ERR: 无法加载控制器:Controller

[ 2016-03-19T21:19:01+08:00 ] ::1 /studentMange/Home/Controller/Spider/test
ERR: 无法加载控制器:Controller

[ 2016-03-19T21:21:04+08:00 ] ::1 /studentMange/Home/Controller/Spider/test
ERR: 无法加载控制器:Controller

[ 2016-03-19T21:21:05+08:00 ] ::1 /studentMange/Home/Controller/Spider/test
ERR: 无法加载控制器:Controller

[ 2016-03-19T21:21:06+08:00 ] ::1 /studentMange/Home/Controller/Spider/test
ERR: 无法加载控制器:Controller

[ 2016-03-19T21:21:06+08:00 ] ::1 /studentMange/Home/Controller/Spider/test
ERR: 无法加载控制器:Controller

[ 2016-03-19T21:21:06+08:00 ] ::1 /studentMange/Home/Controller/Spider/test
ERR: 无法加载控制器:Controller

[ 2016-03-19T21:21:06+08:00 ] ::1 /studentMange/Home/Controller/Spider/test
ERR: 无法加载控制器:Controller

[ 2016-03-19T21:21:06+08:00 ] ::1 /studentMange/Home/Controller/Spider/test
ERR: 无法加载控制器:Controller

[ 2016-03-19T21:21:06+08:00 ] ::1 /studentMange/Home/Controller/Spider/test
ERR: 无法加载控制器:Controller

[ 2016-03-19T21:21:06+08:00 ] ::1 /studentMange/Home/Controller/Spider/test
ERR: 无法加载控制器:Controller

[ 2016-03-19T21:21:06+08:00 ] ::1 /studentMange/Home/Controller/Spider/test
ERR: 无法加载控制器:Controller

[ 2016-03-19T21:21:06+08:00 ] ::1 /studentMange/Home/Controller/Spider/test
ERR: 无法加载控制器:Controller

[ 2016-03-19T21:21:06+08:00 ] ::1 /studentMange/Home/Controller/Spider/test
ERR: 无法加载控制器:Controller

[ 2016-03-19T21:21:06+08:00 ] ::1 /studentMange/Home/Controller/Spider/test
ERR: 无法加载控制器:Controller

[ 2016-03-19T21:21:06+08:00 ] ::1 /studentMange/Home/Controller/Spider/test
ERR: 无法加载控制器:Controller

[ 2016-03-19T21:21:07+08:00 ] ::1 /studentMange/Home/Controller/Spider/test
ERR: 无法加载控制器:Controller

[ 2016-03-19T21:21:07+08:00 ] ::1 /studentMange/Home/Controller/Spider/test
ERR: 无法加载控制器:Controller

[ 2016-03-19T21:21:07+08:00 ] ::1 /studentMange/Home/Controller/Spider/test
ERR: 无法加载控制器:Controller

[ 2016-03-19T21:21:07+08:00 ] ::1 /studentMange/Home/Controller/Spider/test
ERR: 无法加载控制器:Controller

[ 2016-03-19T21:21:07+08:00 ] ::1 /studentMange/Home/Controller/Spider/test
ERR: 无法加载控制器:Controller

[ 2016-03-19T21:21:52+08:00 ] ::1 /studentMange/Home/Controller/Spider/test
ERR: 无法加载控制器:Controller

[ 2016-03-19T21:21:53+08:00 ] ::1 /studentMange/Home/Controller/Spider/test
ERR: 无法加载控制器:Controller

[ 2016-03-19T21:21:53+08:00 ] ::1 /studentMange/Home/Controller/Spider/test
ERR: 无法加载控制器:Controller

[ 2016-03-19T21:21:53+08:00 ] ::1 /studentMange/Home/Controller/Spider/test
ERR: 无法加载控制器:Controller

[ 2016-03-19T21:21:53+08:00 ] ::1 /studentMange/Home/Controller/Spider/test
ERR: 无法加载控制器:Controller

[ 2016-03-19T21:21:53+08:00 ] ::1 /studentMange/Home/Controller/Spider/test
ERR: 无法加载控制器:Controller

[ 2016-03-19T21:21:53+08:00 ] ::1 /studentMange/Home/Controller/Spider/test
ERR: 无法加载控制器:Controller

[ 2016-03-19T21:21:53+08:00 ] ::1 /studentMange/Home/Controller/Spider/test
ERR: 无法加载控制器:Controller

[ 2016-03-19T21:21:53+08:00 ] ::1 /studentMange/Home/Controller/Spider/test
ERR: 无法加载控制器:Controller

[ 2016-03-19T21:21:53+08:00 ] ::1 /studentMange/Home/Controller/Spider/test
ERR: 无法加载控制器:Controller

[ 2016-03-19T21:21:53+08:00 ] ::1 /studentMange/Home/Controller/Spider/test
ERR: 无法加载控制器:Controller

[ 2016-03-19T21:21:53+08:00 ] ::1 /studentMange/Home/Controller/Spider/test
ERR: 无法加载控制器:Controller

[ 2016-03-19T21:23:28+08:00 ] ::1 /studentMange/Home/Spider/style/base/jw.css
ERR: 非法操作:style

[ 2016-03-19T21:23:28+08:00 ] ::1 /studentMange/Home/Spider/style/standard/jw.css
ERR: 非法操作:style

[ 2016-03-19T22:31:27+08:00 ] ::1 /studentMange/Home/Spider/style/base/jw.css
ERR: 非法操作:style

[ 2016-03-19T22:31:27+08:00 ] ::1 /studentMange/Home/Spider/style/standard/jw.css
ERR: 非法操作:style

[ 2016-03-19T22:31:27+08:00 ] ::1 /studentMange/Home/Spider/CheckCode.aspx
ERR: 非法操作:CheckCode.aspx

