[ 2016-03-23T12:10:49+08:00 ] ::1 /studentMange/Home/JsSpiderController.class.php
ERR: 无法加载控制器:JsSpiderController.class.php

[ 2016-03-23T12:11:02+08:00 ] ::1 /studentMange/Home/JsSpider/test
ERR: 无法加载控制器:JsSpider

[ 2016-03-23T12:11:24+08:00 ] ::1 /studentMange/Home/JsSpider
ERR: 无法加载控制器:JsSpider

[ 2016-03-23T12:11:46+08:00 ] ::1 /studentMange/Home/JsSpider
ERR: 非法操作:index

[ 2016-03-23T12:16:09+08:00 ] ::1 /studentMange/Home/JsSpider
ERR: 非法操作:index

[ 2016-03-23T12:16:41+08:00 ] ::1 /studentMange/Home/JsSpider/style/main.css
ERR: 非法操作:style

[ 2016-03-23T12:16:54+08:00 ] ::1 /studentMange/Home/JsSpider/style/main.css
ERR: 非法操作:style

[ 2016-03-23T12:17:11+08:00 ] ::1 /studentMange/Home/JsSpider/style/main.css
ERR: 非法操作:style

[ 2016-03-23T12:17:11+08:00 ] ::1 /studentMange/Home/JsSpider/style/main.css
ERR: 非法操作:style

[ 2016-03-23T12:17:12+08:00 ] ::1 /studentMange/Home/JsSpider/style/main.css
ERR: 非法操作:style

[ 2016-03-23T12:17:13+08:00 ] ::1 /studentMange/Home/JsSpider/style/main.css
ERR: 非法操作:style

[ 2016-03-23T12:17:27+08:00 ] ::1 /studentMange/Home/JsSpider/content.aspx
ERR: 非法操作:content.aspx

[ 2016-03-23T12:17:35+08:00 ] ::1 /studentMange/Home/JsSpider/content.aspx
ERR: 非法操作:content.aspx

[ 2016-03-23T12:17:35+08:00 ] ::1 /studentMange/Home/JsSpider/content.aspx
ERR: 非法操作:content.aspx

[ 2016-03-23T12:24:29+08:00 ] ::1 /studentMange/Home/Spider/style/standard/jw.css
ERR: 非法操作:style

[ 2016-03-23T12:24:29+08:00 ] ::1 /studentMange/Home/Spider/style/base/jw.css
ERR: 非法操作:style

[ 2016-03-23T12:24:29+08:00 ] ::1 /studentMange/Home/Spider/CheckCode.aspx
ERR: 非法操作:CheckCode.aspx

[ 2016-03-23T12:29:51+08:00 ] ::1 /studentMange/Home/JsSpider/style/base/jw.css
ERR: 非法操作:style

[ 2016-03-23T12:29:51+08:00 ] ::1 /studentMange/Home/JsSpider/js/xtwh.js
ERR: 非法操作:js

[ 2016-03-23T12:29:51+08:00 ] ::1 /studentMange/Home/JsSpider/style/standard/jw.css
ERR: 非法操作:style

[ 2016-03-23T12:29:52+08:00 ] ::1 /studentMange/Home/JsSpider/content.aspx
ERR: 非法操作:content.aspx

[ 2016-03-23T12:30:58+08:00 ] ::1 /studentMange/Home/JsSpider/style/base/jw.css
ERR: 非法操作:style

[ 2016-03-23T12:30:58+08:00 ] ::1 /studentMange/Home/JsSpider/js/xtwh.js
ERR: 非法操作:js

[ 2016-03-23T12:30:58+08:00 ] ::1 /studentMange/Home/JsSpider/style/standard/jw.css
ERR: 非法操作:style

[ 2016-03-23T12:30:59+08:00 ] ::1 /studentMange/Home/JsSpider/content.aspx
ERR: 非法操作:content.aspx

[ 2016-03-23T12:52:02+08:00 ] ::1 /studentMange/Home/JsSpider/style/base/jw.css
ERR: 非法操作:style

[ 2016-03-23T12:52:02+08:00 ] ::1 /studentMange/Home/JsSpider/style/standard/jw.css
ERR: 非法操作:style

[ 2016-03-23T12:52:02+08:00 ] ::1 /studentMange/Home/JsSpider/js/xtwh.js
ERR: 非法操作:js

[ 2016-03-23T12:52:04+08:00 ] ::1 /studentMange/Home/JsSpider/content.aspx
ERR: 非法操作:content.aspx

[ 2016-03-23T12:52:44+08:00 ] ::1 /studentMange/Home/JsSpider/js/xtwh.js
ERR: 非法操作:js

[ 2016-03-23T12:52:44+08:00 ] ::1 /studentMange/Home/JsSpider/style/standard/jw.css
ERR: 非法操作:style

[ 2016-03-23T12:52:44+08:00 ] ::1 /studentMange/Home/JsSpider/style/base/jw.css
ERR: 非法操作:style

[ 2016-03-23T12:52:45+08:00 ] ::1 /studentMange/Home/JsSpider/content.aspx
ERR: 非法操作:content.aspx

[ 2016-03-23T12:53:45+08:00 ] ::1 /studentMange/Home/JsSpider/style/base/jw.css
ERR: 非法操作:style

[ 2016-03-23T12:53:45+08:00 ] ::1 /studentMange/Home/JsSpider/style/standard/jw.css
ERR: 非法操作:style

[ 2016-03-23T12:53:45+08:00 ] ::1 /studentMange/Home/JsSpider/js/xtwh.js
ERR: 非法操作:js

[ 2016-03-23T12:53:47+08:00 ] ::1 /studentMange/Home/JsSpider/content.aspx
ERR: 非法操作:content.aspx

[ 2016-03-23T12:54:19+08:00 ] ::1 /studentMange/Home/JsSpider/style/standard/jw.css
ERR: 非法操作:style

[ 2016-03-23T12:54:19+08:00 ] ::1 /studentMange/Home/JsSpider/style/base/jw.css
ERR: 非法操作:style

[ 2016-03-23T12:54:19+08:00 ] ::1 /studentMange/Home/JsSpider/js/xtwh.js
ERR: 非法操作:js

[ 2016-03-23T12:54:21+08:00 ] ::1 /studentMange/Home/JsSpider/content.aspx
ERR: 非法操作:content.aspx

[ 2016-03-23T12:54:53+08:00 ] ::1 /studentMange/Home/JsSpider/style/base/jw.css
ERR: 非法操作:style

[ 2016-03-23T12:54:53+08:00 ] ::1 /studentMange/Home/JsSpider/js/xtwh.js
ERR: 非法操作:js

[ 2016-03-23T12:54:53+08:00 ] ::1 /studentMange/Home/JsSpider/style/standard/jw.css
ERR: 非法操作:style

[ 2016-03-23T12:54:55+08:00 ] ::1 /studentMange/Home/JsSpider/content.aspx
ERR: 非法操作:content.aspx

[ 2016-03-23T12:54:57+08:00 ] ::1 /studentMange/Home/JsSpider/style/base/jw.css
ERR: 非法操作:style

[ 2016-03-23T12:54:57+08:00 ] ::1 /studentMange/Home/JsSpider/js/xtwh.js
ERR: 非法操作:js

[ 2016-03-23T12:54:57+08:00 ] ::1 /studentMange/Home/JsSpider/style/standard/jw.css
ERR: 非法操作:style

[ 2016-03-23T12:54:58+08:00 ] ::1 /studentMange/Home/JsSpider/content.aspx
ERR: 非法操作:content.aspx

[ 2016-03-23T12:55:50+08:00 ] ::1 /studentMange/Home/JsSpider/style/base/jw.css
ERR: 非法操作:style

[ 2016-03-23T12:55:50+08:00 ] ::1 /studentMange/Home/JsSpider/style/standard/jw.css
ERR: 非法操作:style

[ 2016-03-23T12:55:50+08:00 ] ::1 /studentMange/Home/JsSpider/js/xtwh.js
ERR: 非法操作:js

[ 2016-03-23T12:55:51+08:00 ] ::1 /studentMange/Home/JsSpider/content.aspx
ERR: 非法操作:content.aspx

[ 2016-03-23T12:56:09+08:00 ] ::1 /studentMange/Home/JsSpider/js/xtwh.js
ERR: 非法操作:js

[ 2016-03-23T12:56:09+08:00 ] ::1 /studentMange/Home/JsSpider/style/standard/jw.css
ERR: 非法操作:style

[ 2016-03-23T12:56:09+08:00 ] ::1 /studentMange/Home/JsSpider/style/base/jw.css
ERR: 非法操作:style

[ 2016-03-23T12:56:10+08:00 ] ::1 /studentMange/Home/JsSpider/content.aspx
ERR: 非法操作:content.aspx

[ 2016-03-23T12:59:05+08:00 ] ::1 /studentMange/Home/JsSpider/style/base/jw.css
ERR: 非法操作:style

[ 2016-03-23T12:59:05+08:00 ] ::1 /studentMange/Home/JsSpider/style/standard/jw.css
ERR: 非法操作:style

[ 2016-03-23T12:59:05+08:00 ] ::1 /studentMange/Home/JsSpider/js/xtwh.js
ERR: 非法操作:js

[ 2016-03-23T12:59:17+08:00 ] ::1 /studentMange/Home/JsSpider/style/base/jw.css
ERR: 非法操作:style

[ 2016-03-23T12:59:17+08:00 ] ::1 /studentMange/Home/JsSpider/style/standard/jw.css
ERR: 非法操作:style

[ 2016-03-23T13:02:50+08:00 ] ::1 /studentMange/Home/JsSpider/style/base/jw.css
ERR: 非法操作:style

[ 2016-03-23T13:02:50+08:00 ] ::1 /studentMange/Home/JsSpider/style/standard/jw.css
ERR: 非法操作:style

[ 2016-03-23T13:02:50+08:00 ] ::1 /studentMange/Home/JsSpider/js/xtwh.js
ERR: 非法操作:js

[ 2016-03-23T13:11:00+08:00 ] ::1 /studentMange/Home/JsSpider/style/base/jw.css
ERR: 非法操作:style

[ 2016-03-23T13:11:00+08:00 ] ::1 /studentMange/Home/JsSpider/style/standard/jw.css
ERR: 非法操作:style

[ 2016-03-23T13:11:00+08:00 ] ::1 /studentMange/Home/JsSpider/js/xtwh.js
ERR: 非法操作:js

[ 2016-03-23T13:56:45+08:00 ] ::1 /studentMange/Home/JsSpider/style/base/jw.css
ERR: 非法操作:style

[ 2016-03-23T13:56:45+08:00 ] ::1 /studentMange/Home/JsSpider/style/standard/jw.css
ERR: 非法操作:style

[ 2016-03-23T13:56:45+08:00 ] ::1 /studentMange/Home/JsSpider/js/xtwh.js
ERR: 非法操作:js

[ 2016-03-23T13:56:46+08:00 ] ::1 /studentMange/Home/JsSpider/content.aspx
ERR: 非法操作:content.aspx

[ 2016-03-23T13:57:37+08:00 ] ::1 /studentMange/Home/JsSpider/style/standard/jw.css
ERR: 非法操作:style

[ 2016-03-23T13:57:37+08:00 ] ::1 /studentMange/Home/JsSpider/style/base/jw.css
ERR: 非法操作:style

[ 2016-03-23T13:57:37+08:00 ] ::1 /studentMange/Home/JsSpider/js/xtwh.js
ERR: 非法操作:js

[ 2016-03-23T13:58:38+08:00 ] ::1 /studentMange/Home/JsSpider/style/base/jw.css
ERR: 非法操作:style

[ 2016-03-23T13:58:38+08:00 ] ::1 /studentMange/Home/JsSpider/style/standard/jw.css
ERR: 非法操作:style

[ 2016-03-23T13:58:38+08:00 ] ::1 /studentMange/Home/JsSpider/js/xtwh.js
ERR: 非法操作:js

[ 2016-03-23T13:59:01+08:00 ] ::1 /studentMange/Home/JsSpider/style/base/jw.css
ERR: 非法操作:style

[ 2016-03-23T13:59:01+08:00 ] ::1 /studentMange/Home/JsSpider/style/standard/jw.css
ERR: 非法操作:style

[ 2016-03-23T13:59:01+08:00 ] ::1 /studentMange/Home/JsSpider/js/xtwh.js
ERR: 非法操作:js

[ 2016-03-23T13:59:12+08:00 ] ::1 /studentMange/Home/JsSpider/style/base/jw.css
ERR: 非法操作:style

[ 2016-03-23T13:59:12+08:00 ] ::1 /studentMange/Home/JsSpider/style/standard/jw.css
ERR: 非法操作:style

[ 2016-03-23T13:59:12+08:00 ] ::1 /studentMange/Home/JsSpider/js/xtwh.js
ERR: 非法操作:js

[ 2016-03-23T14:02:38+08:00 ] ::1 /studentMange/Home/JsSpider/style/base/jw.css
ERR: 非法操作:style

[ 2016-03-23T14:02:38+08:00 ] ::1 /studentMange/Home/JsSpider/js/xtwh.js
ERR: 非法操作:js

[ 2016-03-23T14:02:38+08:00 ] ::1 /studentMange/Home/JsSpider/style/standard/jw.css
ERR: 非法操作:style

[ 2016-03-23T14:02:42+08:00 ] ::1 /studentMange/Home/JsSpider/style/base/jw.css
ERR: 非法操作:style

[ 2016-03-23T14:02:42+08:00 ] ::1 /studentMange/Home/JsSpider/style/standard/jw.css
ERR: 非法操作:style

[ 2016-03-23T14:10:36+08:00 ] ::1 /studentMange/Home/JsSpider/style/standard/jw.css
ERR: 非法操作:style

[ 2016-03-23T14:10:36+08:00 ] ::1 /studentMange/Home/JsSpider/style/base/jw.css
ERR: 非法操作:style

[ 2016-03-23T14:10:36+08:00 ] ::1 /studentMange/Home/JsSpider/js/xtwh.js
ERR: 非法操作:js

[ 2016-03-23T14:10:37+08:00 ] ::1 /studentMange/Home/JsSpider/content.aspx
ERR: 非法操作:content.aspx

[ 2016-03-23T14:10:59+08:00 ] ::1 /studentMange/Home/JsSpider/js/xtwh.js
ERR: 非法操作:js

[ 2016-03-23T14:10:59+08:00 ] ::1 /studentMange/Home/JsSpider/style/base/jw.css
ERR: 非法操作:style

[ 2016-03-23T14:10:59+08:00 ] ::1 /studentMange/Home/JsSpider/style/standard/jw.css
ERR: 非法操作:style

[ 2016-03-23T14:11:00+08:00 ] ::1 /studentMange/Home/JsSpider/content.aspx
ERR: 非法操作:content.aspx

[ 2016-03-23T14:11:09+08:00 ] ::1 /studentMange/Home/JsSpider/style/standard/jw.css
ERR: 非法操作:style

[ 2016-03-23T14:11:09+08:00 ] ::1 /studentMange/Home/JsSpider/style/base/jw.css
ERR: 非法操作:style

