[ 2016-03-27T13:58:01+08:00 ] ::1 /studentMange/index.php/Teacher/
ERR: 无法加载控制器:Index

[ 2016-03-27T14:53:11+08:00 ] ::1 /studentMange/index.php/Teacher/Index/index.shtml
ERR: 模板不存在:./Application/Teacher/View/Index/index.html

[ 2016-03-27T14:58:39+08:00 ] ::1 /studentMange/index.php/Teacher/Index/insert_announce
INFO: [ app_begin ] --START--
INFO: Run Behavior\ReadHtmlCacheBehavior [ RunTime:0.001000s ]
INFO: [ app_begin ] --END-- [ RunTime:0.001000s ]
SQL: SHOW COLUMNS FROM `sm_teacher` [ RunTime:0.0020s ]
SQL: UPDATE `sm_teacher` SET `announcement`='得到' WHERE ( tid=080135 ) [ RunTime:0.0000s ]

[ 2016-03-27T15:05:01+08:00 ] ::1 /studentMange/index.php/Teacher/Index/insert_announce
INFO: [ app_begin ] --START--
INFO: Run Behavior\ReadHtmlCacheBehavior [ RunTime:0.001000s ]
INFO: [ app_begin ] --END-- [ RunTime:0.001000s ]
SQL: SHOW COLUMNS FROM `sm_teacher` [ RunTime:0.0020s ]
SQL: UPDATE `sm_teacher` SET `announcement`='爽爽爽爽爽爽爽爽爽爽爽爽爽爽爽爽爽爽爽爽爽爽爽爽爽爽爽爽' WHERE ( tid=080135 ) [ RunTime:0.0000s ]

[ 2016-03-27T15:18:41+08:00 ] ::1 /studentMange/index.php/Teacher/Index/insert_announce
INFO: [ app_begin ] --START--
INFO: Run Behavior\ReadHtmlCacheBehavior [ RunTime:0.000000s ]
INFO: [ app_begin ] --END-- [ RunTime:0.000000s ]
SQL: SHOW COLUMNS FROM `sm_teacher` [ RunTime:0.0030s ]
SQL: UPDATE `sm_teacher` SET `announcement`='身上' WHERE ( tid=080135 ) [ RunTime:0.0000s ]

[ 2016-03-27T15:20:01+08:00 ] ::1 /studentMange/index.php/Teacher/Index/insert_announce
INFO: [ app_begin ] --START--
INFO: Run Behavior\ReadHtmlCacheBehavior [ RunTime:0.000000s ]
INFO: [ app_begin ] --END-- [ RunTime:0.000000s ]
SQL: SHOW COLUMNS FROM `sm_teacher` [ RunTime:0.0020s ]
SQL: UPDATE `sm_teacher` SET `announcement`='石狮市' WHERE ( tid=080135 ) [ RunTime:0.0000s ]

[ 2016-03-27T15:20:40+08:00 ] ::1 /studentMange/index.php/Teacher/Course/send_content
INFO: [ app_begin ] --START--
INFO: Run Behavior\ReadHtmlCacheBehavior [ RunTime:0.001000s ]
INFO: [ app_begin ] --END-- [ RunTime:0.001000s ]

[ 2016-03-27T15:41:13+08:00 ] ::1 /studentMange/index.php/Teacher/Course/send_content/course/%E6%93%8D%E4%BD%9C%E7%B3%BB%E7%BB%9F%E5%8E%9F%E7%90%86A
INFO: [ app_begin ] --START--
INFO: Run Behavior\ReadHtmlCacheBehavior [ RunTime:0.001000s ]
INFO: [ app_begin ] --END-- [ RunTime:0.001000s ]

[ 2016-03-27T16:20:22+08:00 ] ::1 /studentMange/index.php/Teacher/Course/send_content/course/%E6%93%8D%E4%BD%9C%E7%B3%BB%E7%BB%9F%E5%8E%9F%E7%90%86A
INFO: [ app_begin ] --START--
INFO: Run Behavior\ReadHtmlCacheBehavior [ RunTime:0.001000s ]
INFO: [ app_begin ] --END-- [ RunTime:0.001000s ]
SQL: SHOW COLUMNS FROM `sm_student` [ RunTime:0.0030s ]
SQL: SHOW COLUMNS FROM `sm_student_course` [ RunTime:0.0020s ]
SQL: SELECT `sid` FROM `sm_student_course` WHERE ( cname='操作系统原理A' )  [ RunTime:0.0000s ]
SQL: SELECT `sname`,`class` FROM `sm_student` WHERE ( sid=1316559282 )  [ RunTime:0.0000s ]
NOTIC: [8] Undefined variable: class_data E:\xampp0\htdocs\studentMange\Application\Common\Common\function.php 第 53 行.
NOTIC: [2] in_array() expects parameter 2 to be array, null given E:\xampp0\htdocs\studentMange\Application\Common\Common\function.php 第 53 行.
SQL: SELECT `sname`,`class` FROM `sm_student` WHERE ( sid=1335906240 )  [ RunTime:0.0010s ]
SQL: SELECT `sname`,`class` FROM `sm_student` WHERE ( sid=1355903936 )  [ RunTime:0.0000s ]
SQL: SELECT `sname`,`class` FROM `sm_student` WHERE ( sid=1268592341 )  [ RunTime:0.0000s ]
SQL: SELECT `sname`,`class` FROM `sm_student` WHERE ( sid=1184722152 )  [ RunTime:0.0010s ]
SQL: SELECT `sname`,`class` FROM `sm_student` WHERE ( sid=1404021047 )  [ RunTime:0.0000s ]
SQL: SELECT `sname`,`class` FROM `sm_student` WHERE ( sid=1067726867 )  [ RunTime:0.0000s ]
SQL: SELECT `sname`,`class` FROM `sm_student` WHERE ( sid=1111263779 )  [ RunTime:0.0000s ]
SQL: SELECT `sname`,`class` FROM `sm_student` WHERE ( sid=1341600202 )  [ RunTime:0.0000s ]
SQL: SELECT `sname`,`class` FROM `sm_student` WHERE ( sid=1199326227 )  [ RunTime:0.0000s ]
SQL: SELECT `sname`,`class` FROM `sm_student` WHERE ( sid=1131374104 )  [ RunTime:0.0000s ]
SQL: SELECT `sname`,`class` FROM `sm_student` WHERE ( sid=1097022616 )  [ RunTime:0.0010s ]
SQL: SELECT `sname`,`class` FROM `sm_student` WHERE ( sid=1188676640 )  [ RunTime:0.0000s ]
SQL: SELECT `sname`,`class` FROM `sm_student` WHERE ( sid=1383735524 )  [ RunTime:0.0000s ]
SQL: SELECT `sname`,`class` FROM `sm_student` WHERE ( sid=1180292124 )  [ RunTime:0.0000s ]
SQL: SELECT `sname`,`class` FROM `sm_student` WHERE ( sid=1349521693 )  [ RunTime:0.0010s ]
SQL: SELECT `sname`,`class` FROM `sm_student` WHERE ( sid=1197862065 )  [ RunTime:0.0000s ]
SQL: SELECT `sname`,`class` FROM `sm_student` WHERE ( sid=1372285028 )  [ RunTime:0.0000s ]
SQL: SELECT `sname`,`class` FROM `sm_student` WHERE ( sid=1196523045 )  [ RunTime:0.0000s ]
SQL: SELECT `sname`,`class` FROM `sm_student` WHERE ( sid=1051796286 )  [ RunTime:0.0000s ]
SQL: SELECT `sname`,`class` FROM `sm_student` WHERE ( sid=1135428706 )  [ RunTime:0.0000s ]
SQL: SELECT `sname`,`class` FROM `sm_student` WHERE ( sid=1369581960 )  [ RunTime:0.0000s ]
SQL: SELECT `sname`,`class` FROM `sm_student` WHERE ( sid=1335756069 )  [ RunTime:0.0010s ]
SQL: SELECT `sname`,`class` FROM `sm_student` WHERE ( sid=1047754199 )  [ RunTime:0.0000s ]
SQL: SELECT `sname`,`class` FROM `sm_student` WHERE ( sid=1277677653 )  [ RunTime:0.0000s ]
SQL: SHOW COLUMNS FROM `sm_ttask` [ RunTime:0.0030s ]

[ 2016-03-27T16:36:09+08:00 ] ::1 /studentMange/index.php/Teacher/Course/send_content/course/%E6%93%8D%E4%BD%9C%E7%B3%BB%E7%BB%9F%E5%8E%9F%E7%90%86A
INFO: [ app_begin ] --START--
INFO: Run Behavior\ReadHtmlCacheBehavior [ RunTime:0.001000s ]
INFO: [ app_begin ] --END-- [ RunTime:0.001000s ]
SQL: SHOW COLUMNS FROM `sm_student` [ RunTime:0.0020s ]
SQL: SHOW COLUMNS FROM `sm_student_course` [ RunTime:0.0030s ]
SQL: SELECT `sid` FROM `sm_student_course` WHERE ( cname='操作系统原理A' )  [ RunTime:0.0000s ]
SQL: SELECT `sname`,`class` FROM `sm_student` WHERE ( sid=1316559282 )  [ RunTime:0.0010s ]
NOTIC: [8] Undefined variable: class_data E:\xampp0\htdocs\studentMange\Application\Common\Common\function.php 第 53 行.
NOTIC: [2] in_array() expects parameter 2 to be array, null given E:\xampp0\htdocs\studentMange\Application\Common\Common\function.php 第 53 行.
SQL: SELECT `sname`,`class` FROM `sm_student` WHERE ( sid=1335906240 )  [ RunTime:0.0000s ]
SQL: SELECT `sname`,`class` FROM `sm_student` WHERE ( sid=1355903936 )  [ RunTime:0.0000s ]
SQL: SELECT `sname`,`class` FROM `sm_student` WHERE ( sid=1268592341 )  [ RunTime:0.0010s ]
SQL: SELECT `sname`,`class` FROM `sm_student` WHERE ( sid=1184722152 )  [ RunTime:0.0000s ]
SQL: SELECT `sname`,`class` FROM `sm_student` WHERE ( sid=1404021047 )  [ RunTime:0.0000s ]
SQL: SELECT `sname`,`class` FROM `sm_student` WHERE ( sid=1067726867 )  [ RunTime:0.0000s ]
SQL: SELECT `sname`,`class` FROM `sm_student` WHERE ( sid=1111263779 )  [ RunTime:0.0000s ]
SQL: SELECT `sname`,`class` FROM `sm_student` WHERE ( sid=1341600202 )  [ RunTime:0.0000s ]
SQL: SELECT `sname`,`class` FROM `sm_student` WHERE ( sid=1199326227 )  [ RunTime:0.0010s ]
SQL: SELECT `sname`,`class` FROM `sm_student` WHERE ( sid=1131374104 )  [ RunTime:0.0000s ]
SQL: SELECT `sname`,`class` FROM `sm_student` WHERE ( sid=1097022616 )  [ RunTime:0.0000s ]
SQL: SELECT `sname`,`class` FROM `sm_student` WHERE ( sid=1188676640 )  [ RunTime:0.0010s ]
SQL: SELECT `sname`,`class` FROM `sm_student` WHERE ( sid=1383735524 )  [ RunTime:0.0000s ]
SQL: SELECT `sname`,`class` FROM `sm_student` WHERE ( sid=1180292124 )  [ RunTime:0.0000s ]
SQL: SELECT `sname`,`class` FROM `sm_student` WHERE ( sid=1349521693 )  [ RunTime:0.0000s ]
SQL: SELECT `sname`,`class` FROM `sm_student` WHERE ( sid=1197862065 )  [ RunTime:0.0010s ]
SQL: SELECT `sname`,`class` FROM `sm_student` WHERE ( sid=1372285028 )  [ RunTime:0.0000s ]
SQL: SELECT `sname`,`class` FROM `sm_student` WHERE ( sid=1196523045 )  [ RunTime:0.0000s ]
SQL: SELECT `sname`,`class` FROM `sm_student` WHERE ( sid=1051796286 )  [ RunTime:0.0010s ]
SQL: SELECT `sname`,`class` FROM `sm_student` WHERE ( sid=1135428706 )  [ RunTime:0.0000s ]
SQL: SELECT `sname`,`class` FROM `sm_student` WHERE ( sid=1369581960 )  [ RunTime:0.0000s ]
SQL: SELECT `sname`,`class` FROM `sm_student` WHERE ( sid=1335756069 )  [ RunTime:0.0010s ]
SQL: SELECT `sname`,`class` FROM `sm_student` WHERE ( sid=1047754199 )  [ RunTime:0.0000s ]
SQL: SELECT `sname`,`class` FROM `sm_student` WHERE ( sid=1277677653 )  [ RunTime:0.0000s ]
SQL: SHOW COLUMNS FROM `sm_ttask` [ RunTime:0.0030s ]
SQL: INSERT INTO `sm_ttask` (`content`,`course`,`tid`,`tname`,`start_time`,`total_number`,`complete_number`,`status`,`type`) VALUES ('&lt;p&gt;fasdfafasdfa&lt;/p&gt;','操作系统原理A','80135','曹玲','1459067769','25','0','1','before') [ RunTime:0.0010s ]

[ 2016-03-27T16:37:32+08:00 ] ::1 /studentMange/index.php/Teacher/Course/send_content/course/%E6%93%8D%E4%BD%9C%E7%B3%BB%E7%BB%9F%E5%8E%9F%E7%90%86A
INFO: [ app_begin ] --START--
INFO: Run Behavior\ReadHtmlCacheBehavior [ RunTime:0.001000s ]
INFO: [ app_begin ] --END-- [ RunTime:0.001000s ]
SQL: SHOW COLUMNS FROM `sm_student` [ RunTime:0.0030s ]
SQL: SHOW COLUMNS FROM `sm_student_course` [ RunTime:0.0030s ]
SQL: SELECT `sid` FROM `sm_student_course` WHERE ( cname='操作系统原理A' )  [ RunTime:0.0010s ]
SQL: SELECT `sname`,`class` FROM `sm_student` WHERE ( sid=1316559282 )  [ RunTime:0.0000s ]
NOTIC: [8] Undefined variable: class_data E:\xampp0\htdocs\studentMange\Application\Common\Common\function.php 第 53 行.
NOTIC: [2] in_array() expects parameter 2 to be array, null given E:\xampp0\htdocs\studentMange\Application\Common\Common\function.php 第 53 行.
SQL: SELECT `sname`,`class` FROM `sm_student` WHERE ( sid=1335906240 )  [ RunTime:0.0000s ]
SQL: SELECT `sname`,`class` FROM `sm_student` WHERE ( sid=1355903936 )  [ RunTime:0.0000s ]
SQL: SELECT `sname`,`class` FROM `sm_student` WHERE ( sid=1268592341 )  [ RunTime:0.0000s ]
SQL: SELECT `sname`,`class` FROM `sm_student` WHERE ( sid=1184722152 )  [ RunTime:0.0000s ]
SQL: SELECT `sname`,`class` FROM `sm_student` WHERE ( sid=1404021047 )  [ RunTime:0.0000s ]
SQL: SELECT `sname`,`class` FROM `sm_student` WHERE ( sid=1067726867 )  [ RunTime:0.0000s ]
SQL: SELECT `sname`,`class` FROM `sm_student` WHERE ( sid=1111263779 )  [ RunTime:0.0000s ]
SQL: SELECT `sname`,`class` FROM `sm_student` WHERE ( sid=1341600202 )  [ RunTime:0.0010s ]
SQL: SELECT `sname`,`class` FROM `sm_student` WHERE ( sid=1199326227 )  [ RunTime:0.0000s ]
SQL: SELECT `sname`,`class` FROM `sm_student` WHERE ( sid=1131374104 )  [ RunTime:0.0000s ]
SQL: SELECT `sname`,`class` FROM `sm_student` WHERE ( sid=1097022616 )  [ RunTime:0.0010s ]
SQL: SELECT `sname`,`class` FROM `sm_student` WHERE ( sid=1188676640 )  [ RunTime:0.0000s ]
SQL: SELECT `sname`,`class` FROM `sm_student` WHERE ( sid=1383735524 )  [ RunTime:0.0000s ]
SQL: SELECT `sname`,`class` FROM `sm_student` WHERE ( sid=1180292124 )  [ RunTime:0.0010s ]
SQL: SELECT `sname`,`class` FROM `sm_student` WHERE ( sid=1349521693 )  [ RunTime:0.0000s ]
SQL: SELECT `sname`,`class` FROM `sm_student` WHERE ( sid=1197862065 )  [ RunTime:0.0000s ]
SQL: SELECT `sname`,`class` FROM `sm_student` WHERE ( sid=1372285028 )  [ RunTime:0.0000s ]
SQL: SELECT `sname`,`class` FROM `sm_student` WHERE ( sid=1196523045 )  [ RunTime:0.0010s ]
SQL: SELECT `sname`,`class` FROM `sm_student` WHERE ( sid=1051796286 )  [ RunTime:0.0000s ]
SQL: SELECT `sname`,`class` FROM `sm_student` WHERE ( sid=1135428706 )  [ RunTime:0.0000s ]
SQL: SELECT `sname`,`class` FROM `sm_student` WHERE ( sid=1369581960 )  [ RunTime:0.0010s ]
SQL: SELECT `sname`,`class` FROM `sm_student` WHERE ( sid=1335756069 )  [ RunTime:0.0000s ]
SQL: SELECT `sname`,`class` FROM `sm_student` WHERE ( sid=1047754199 )  [ RunTime:0.0000s ]
SQL: SELECT `sname`,`class` FROM `sm_student` WHERE ( sid=1277677653 )  [ RunTime:0.0010s ]
SQL: SHOW COLUMNS FROM `sm_ttask` [ RunTime:0.0020s ]
SQL: INSERT INTO `sm_ttask` (`content`,`course`,`tid`,`tname`,`start_time`,`total_number`,`complete_number`,`status`,`type`) VALUES ('&lt;p&gt;吗听过光棍光棍光棍光棍光棍光棍光棍光棍光棍光棍光棍光棍公告&lt;/p&gt;','操作系统原理A','80135','曹玲','1459067852','25','0','0','before') [ RunTime:0.0000s ]

[ 2016-03-27T16:39:17+08:00 ] ::1 /studentMange/index.php/Teacher/Course/send_content/course/%E6%93%8D%E4%BD%9C%E7%B3%BB%E7%BB%9F%E5%8E%9F%E7%90%86A
INFO: [ app_begin ] --START--
INFO: Run Behavior\ReadHtmlCacheBehavior [ RunTime:0.001000s ]
INFO: [ app_begin ] --END-- [ RunTime:0.001000s ]
SQL: SHOW COLUMNS FROM `sm_student` [ RunTime:0.0030s ]
SQL: SHOW COLUMNS FROM `sm_student_course` [ RunTime:0.0020s ]
SQL: SELECT `sid` FROM `sm_student_course` WHERE ( cname='操作系统原理A' )  [ RunTime:0.0010s ]
SQL: SELECT `sname`,`class` FROM `sm_student` WHERE ( sid=1316559282 )  [ RunTime:0.0000s ]
NOTIC: [8] Undefined variable: class_data E:\xampp0\htdocs\studentMange\Application\Common\Common\function.php 第 53 行.
NOTIC: [2] in_array() expects parameter 2 to be array, null given E:\xampp0\htdocs\studentMange\Application\Common\Common\function.php 第 53 行.
SQL: SELECT `sname`,`class` FROM `sm_student` WHERE ( sid=1335906240 )  [ RunTime:0.0000s ]
SQL: SELECT `sname`,`class` FROM `sm_student` WHERE ( sid=1355903936 )  [ RunTime:0.0000s ]
SQL: SELECT `sname`,`class` FROM `sm_student` WHERE ( sid=1268592341 )  [ RunTime:0.0000s ]
SQL: SELECT `sname`,`class` FROM `sm_student` WHERE ( sid=1184722152 )  [ RunTime:0.0000s ]
SQL: SELECT `sname`,`class` FROM `sm_student` WHERE ( sid=1404021047 )  [ RunTime:0.0000s ]
SQL: SELECT `sname`,`class` FROM `sm_student` WHERE ( sid=1067726867 )  [ RunTime:0.0000s ]
SQL: SELECT `sname`,`class` FROM `sm_student` WHERE ( sid=1111263779 )  [ RunTime:0.0000s ]
SQL: SELECT `sname`,`class` FROM `sm_student` WHERE ( sid=1341600202 )  [ RunTime:0.0010s ]
SQL: SELECT `sname`,`class` FROM `sm_student` WHERE ( sid=1199326227 )  [ RunTime:0.0000s ]
SQL: SELECT `sname`,`class` FROM `sm_student` WHERE ( sid=1131374104 )  [ RunTime:0.0000s ]
SQL: SELECT `sname`,`class` FROM `sm_student` WHERE ( sid=1097022616 )  [ RunTime:0.0010s ]
SQL: SELECT `sname`,`class` FROM `sm_student` WHERE ( sid=1188676640 )  [ RunTime:0.0000s ]
SQL: SELECT `sname`,`class` FROM `sm_student` WHERE ( sid=1383735524 )  [ RunTime:0.0000s ]
SQL: SELECT `sname`,`class` FROM `sm_student` WHERE ( sid=1180292124 )  [ RunTime:0.0010s ]
SQL: SELECT `sname`,`class` FROM `sm_student` WHERE ( sid=1349521693 )  [ RunTime:0.0000s ]
SQL: SELECT `sname`,`class` FROM `sm_student` WHERE ( sid=1197862065 )  [ RunTime:0.0000s ]
SQL: SELECT `sname`,`class` FROM `sm_student` WHERE ( sid=1372285028 )  [ RunTime:0.0010s ]
SQL: SELECT `sname`,`class` FROM `sm_student` WHERE ( sid=1196523045 )  [ RunTime:0.0000s ]
SQL: SELECT `sname`,`class` FROM `sm_student` WHERE ( sid=1051796286 )  [ RunTime:0.0000s ]
SQL: SELECT `sname`,`class` FROM `sm_student` WHERE ( sid=1135428706 )  [ RunTime:0.0010s ]
SQL: SELECT `sname`,`class` FROM `sm_student` WHERE ( sid=1369581960 )  [ RunTime:0.0000s ]
SQL: SELECT `sname`,`class` FROM `sm_student` WHERE ( sid=1335756069 )  [ RunTime:0.0000s ]
SQL: SELECT `sname`,`class` FROM `sm_student` WHERE ( sid=1047754199 )  [ RunTime:0.0010s ]
SQL: SELECT `sname`,`class` FROM `sm_student` WHERE ( sid=1277677653 )  [ RunTime:0.0000s ]
SQL: SHOW COLUMNS FROM `sm_ttask` [ RunTime:0.0030s ]
SQL: INSERT INTO `sm_ttask` (`content`,`course`,`tid`,`tname`,`start_time`,`total_number`,`complete_number`,`status`,`type`) VALUES ('&lt;p&gt;将您要布置的作业写在这里&lt;/p&gt;','操作系统原理A','80135','曹玲','1459067957','25','0','0','before') [ RunTime:0.0000s ]

[ 2016-03-27T16:40:05+08:00 ] ::1 /studentMange/index.php/Teacher/Course/send_content/course/%E6%93%8D%E4%BD%9C%E7%B3%BB%E7%BB%9F%E5%8E%9F%E7%90%86A
INFO: [ app_begin ] --START--
INFO: Run Behavior\ReadHtmlCacheBehavior [ RunTime:0.001000s ]
INFO: [ app_begin ] --END-- [ RunTime:0.001000s ]
SQL: SHOW COLUMNS FROM `sm_student` [ RunTime:0.0030s ]
SQL: SHOW COLUMNS FROM `sm_student_course` [ RunTime:0.0020s ]
SQL: SELECT `sid` FROM `sm_student_course` WHERE ( cname='操作系统原理A' )  [ RunTime:0.0010s ]
SQL: SELECT `sname`,`class` FROM `sm_student` WHERE ( sid=1316559282 )  [ RunTime:0.0000s ]
NOTIC: [8] Undefined variable: class_data E:\xampp0\htdocs\studentMange\Application\Common\Common\function.php 第 53 行.
NOTIC: [2] in_array() expects parameter 2 to be array, null given E:\xampp0\htdocs\studentMange\Application\Common\Common\function.php 第 53 行.
SQL: SELECT `sname`,`class` FROM `sm_student` WHERE ( sid=1335906240 )  [ RunTime:0.0000s ]
SQL: SELECT `sname`,`class` FROM `sm_student` WHERE ( sid=1355903936 )  [ RunTime:0.0000s ]
SQL: SELECT `sname`,`class` FROM `sm_student` WHERE ( sid=1268592341 )  [ RunTime:0.0000s ]
SQL: SELECT `sname`,`class` FROM `sm_student` WHERE ( sid=1184722152 )  [ RunTime:0.0010s ]
SQL: SELECT `sname`,`class` FROM `sm_student` WHERE ( sid=1404021047 )  [ RunTime:0.0000s ]
SQL: SELECT `sname`,`class` FROM `sm_student` WHERE ( sid=1067726867 )  [ RunTime:0.0000s ]
SQL: SELECT `sname`,`class` FROM `sm_student` WHERE ( sid=1111263779 )  [ RunTime:0.0010s ]
SQL: SELECT `sname`,`class` FROM `sm_student` WHERE ( sid=1341600202 )  [ RunTime:0.0000s ]
SQL: SELECT `sname`,`class` FROM `sm_student` WHERE ( sid=1199326227 )  [ RunTime:0.0000s ]
SQL: SELECT `sname`,`class` FROM `sm_student` WHERE ( sid=1131374104 )  [ RunTime:0.0010s ]
SQL: SELECT `sname`,`class` FROM `sm_student` WHERE ( sid=1097022616 )  [ RunTime:0.0000s ]
SQL: SELECT `sname`,`class` FROM `sm_student` WHERE ( sid=1188676640 )  [ RunTime:0.0000s ]
SQL: SELECT `sname`,`class` FROM `sm_student` WHERE ( sid=1383735524 )  [ RunTime:0.0010s ]
SQL: SELECT `sname`,`class` FROM `sm_student` WHERE ( sid=1180292124 )  [ RunTime:0.0000s ]
SQL: SELECT `sname`,`class` FROM `sm_student` WHERE ( sid=1349521693 )  [ RunTime:0.0000s ]
SQL: SELECT `sname`,`class` FROM `sm_student` WHERE ( sid=1197862065 )  [ RunTime:0.0010s ]
SQL: SELECT `sname`,`class` FROM `sm_student` WHERE ( sid=1372285028 )  [ RunTime:0.0000s ]
SQL: SELECT `sname`,`class` FROM `sm_student` WHERE ( sid=1196523045 )  [ RunTime:0.0000s ]
SQL: SELECT `sname`,`class` FROM `sm_student` WHERE ( sid=1051796286 )  [ RunTime:0.0010s ]
SQL: SELECT `sname`,`class` FROM `sm_student` WHERE ( sid=1135428706 )  [ RunTime:0.0000s ]
SQL: SELECT `sname`,`class` FROM `sm_student` WHERE ( sid=1369581960 )  [ RunTime:0.0000s ]
SQL: SELECT `sname`,`class` FROM `sm_student` WHERE ( sid=1335756069 )  [ RunTime:0.0000s ]
SQL: SELECT `sname`,`class` FROM `sm_student` WHERE ( sid=1047754199 )  [ RunTime:0.0000s ]
SQL: SELECT `sname`,`class` FROM `sm_student` WHERE ( sid=1277677653 )  [ RunTime:0.0000s ]
SQL: SHOW COLUMNS FROM `sm_ttask` [ RunTime:0.0020s ]
SQL: INSERT INTO `sm_ttask` (`content`,`course`,`tid`,`tname`,`start_time`,`total_number`,`complete_number`,`status`,`type`) VALUES ('&lt;p&gt;将您要布置的作业写在这里&lt;/p&gt;','操作系统原理A','80135','曹玲','1459068005','25','0','0','before') [ RunTime:0.0000s ]

[ 2016-03-27T17:42:53+08:00 ] ::1 /studentMange/index.php/Teacher/Course/send_content/course/%E6%93%8D%E4%BD%9C%E7%B3%BB%E7%BB%9F%E5%8E%9F%E7%90%86A
INFO: [ app_begin ] --START--
INFO: Run Behavior\ReadHtmlCacheBehavior [ RunTime:0.001000s ]
INFO: [ app_begin ] --END-- [ RunTime:0.001000s ]
SQL: SHOW COLUMNS FROM `sm_student` [ RunTime:0.0030s ]
SQL: SHOW COLUMNS FROM `sm_student_course` [ RunTime:0.0020s ]
SQL: SELECT `sid` FROM `sm_student_course` WHERE ( cname='操作系统原理A' )  [ RunTime:0.0000s ]
SQL: SELECT `sname`,`class` FROM `sm_student` WHERE ( sid=1316559282 )  [ RunTime:0.0000s ]
NOTIC: [8] Undefined variable: class_data E:\xampp0\htdocs\studentMange\Application\Common\Common\function.php 第 53 行.
NOTIC: [2] in_array() expects parameter 2 to be array, null given E:\xampp0\htdocs\studentMange\Application\Common\Common\function.php 第 53 行.
SQL: SELECT `sname`,`class` FROM `sm_student` WHERE ( sid=1335906240 )  [ RunTime:0.0010s ]
SQL: SELECT `sname`,`class` FROM `sm_student` WHERE ( sid=1355903936 )  [ RunTime:0.0000s ]
SQL: SELECT `sname`,`class` FROM `sm_student` WHERE ( sid=1268592341 )  [ RunTime:0.0000s ]
SQL: SELECT `sname`,`class` FROM `sm_student` WHERE ( sid=1184722152 )  [ RunTime:0.0010s ]
SQL: SELECT `sname`,`class` FROM `sm_student` WHERE ( sid=1404021047 )  [ RunTime:0.0000s ]
SQL: SELECT `sname`,`class` FROM `sm_student` WHERE ( sid=1067726867 )  [ RunTime:0.0000s ]
SQL: SELECT `sname`,`class` FROM `sm_student` WHERE ( sid=1111263779 )  [ RunTime:0.0000s ]
SQL: SELECT `sname`,`class` FROM `sm_student` WHERE ( sid=1341600202 )  [ RunTime:0.0000s ]
SQL: SELECT `sname`,`class` FROM `sm_student` WHERE ( sid=1199326227 )  [ RunTime:0.0000s ]
SQL: SELECT `sname`,`class` FROM `sm_student` WHERE ( sid=1131374104 )  [ RunTime:0.0000s ]
SQL: SELECT `sname`,`class` FROM `sm_student` WHERE ( sid=1097022616 )  [ RunTime:0.0010s ]
SQL: SELECT `sname`,`class` FROM `sm_student` WHERE ( sid=1188676640 )  [ RunTime:0.0000s ]
SQL: SELECT `sname`,`class` FROM `sm_student` WHERE ( sid=1383735524 )  [ RunTime:0.0000s ]
SQL: SELECT `sname`,`class` FROM `sm_student` WHERE ( sid=1180292124 )  [ RunTime:0.0000s ]
SQL: SELECT `sname`,`class` FROM `sm_student` WHERE ( sid=1349521693 )  [ RunTime:0.0000s ]
SQL: SELECT `sname`,`class` FROM `sm_student` WHERE ( sid=1197862065 )  [ RunTime:0.0000s ]
SQL: SELECT `sname`,`class` FROM `sm_student` WHERE ( sid=1372285028 )  [ RunTime:0.0000s ]
SQL: SELECT `sname`,`class` FROM `sm_student` WHERE ( sid=1196523045 )  [ RunTime:0.0010s ]
SQL: SELECT `sname`,`class` FROM `sm_student` WHERE ( sid=1051796286 )  [ RunTime:0.0000s ]
SQL: SELECT `sname`,`class` FROM `sm_student` WHERE ( sid=1135428706 )  [ RunTime:0.0000s ]
SQL: SELECT `sname`,`class` FROM `sm_student` WHERE ( sid=1369581960 )  [ RunTime:0.0010s ]
SQL: SELECT `sname`,`class` FROM `sm_student` WHERE ( sid=1335756069 )  [ RunTime:0.0000s ]
SQL: SELECT `sname`,`class` FROM `sm_student` WHERE ( sid=1047754199 )  [ RunTime:0.0000s ]
SQL: SELECT `sname`,`class` FROM `sm_student` WHERE ( sid=1277677653 )  [ RunTime:0.0010s ]
SQL: SHOW COLUMNS FROM `sm_ttask` [ RunTime:0.0020s ]
SQL: INSERT INTO `sm_ttask` (`content`,`course`,`tid`,`tname`,`start_time`,`total_number`,`complete_number`,`status`,`type`) VALUES ('&lt;p&gt;第一次作业测试&lt;/p&gt;','操作系统原理A','80135','曹玲','1459071773','25','0','0','before') [ RunTime:0.0000s ]

[ 2016-03-27T17:49:03+08:00 ] ::1 /studentMange/index.php/Teacher/Course/index/course/%E6%93%8D%E4%BD%9C%E7%B3%BB%E7%BB%9F%E5%8E%9F%E7%90%86A.shtml
ERR: 1054:Unknown column '操作系统原理A' in 'where clause'
 [ SQL语句 ] : SELECT * FROM `sm_ttask` WHERE ( tid=080135 AND course=操作系统原理A ) 

[ 2016-03-27T17:49:53+08:00 ] ::1 /studentMange/index.php/Teacher/Course/send_content/course/%E6%93%8D%E4%BD%9C%E7%B3%BB%E7%BB%9F%E5%8E%9F%E7%90%86A
INFO: [ app_begin ] --START--
INFO: Run Behavior\ReadHtmlCacheBehavior [ RunTime:0.001000s ]
INFO: [ app_begin ] --END-- [ RunTime:0.001000s ]
SQL: SHOW COLUMNS FROM `sm_student` [ RunTime:0.0030s ]
SQL: SHOW COLUMNS FROM `sm_student_course` [ RunTime:0.0030s ]
SQL: SELECT `sid` FROM `sm_student_course` WHERE ( cname='操作系统原理A' )  [ RunTime:0.0000s ]
SQL: SELECT `sname`,`class` FROM `sm_student` WHERE ( sid=1316559282 )  [ RunTime:0.0010s ]
NOTIC: [8] Undefined variable: class_data E:\xampp0\htdocs\studentMange\Application\Common\Common\function.php 第 53 行.
NOTIC: [2] in_array() expects parameter 2 to be array, null given E:\xampp0\htdocs\studentMange\Application\Common\Common\function.php 第 53 行.
SQL: SELECT `sname`,`class` FROM `sm_student` WHERE ( sid=1335906240 )  [ RunTime:0.0000s ]
SQL: SELECT `sname`,`class` FROM `sm_student` WHERE ( sid=1355903936 )  [ RunTime:0.0000s ]
SQL: SELECT `sname`,`class` FROM `sm_student` WHERE ( sid=1268592341 )  [ RunTime:0.0010s ]
SQL: SELECT `sname`,`class` FROM `sm_student` WHERE ( sid=1184722152 )  [ RunTime:0.0000s ]
SQL: SELECT `sname`,`class` FROM `sm_student` WHERE ( sid=1404021047 )  [ RunTime:0.0000s ]
SQL: SELECT `sname`,`class` FROM `sm_student` WHERE ( sid=1067726867 )  [ RunTime:0.0010s ]
SQL: SELECT `sname`,`class` FROM `sm_student` WHERE ( sid=1111263779 )  [ RunTime:0.0000s ]
SQL: SELECT `sname`,`class` FROM `sm_student` WHERE ( sid=1341600202 )  [ RunTime:0.0000s ]
SQL: SELECT `sname`,`class` FROM `sm_student` WHERE ( sid=1199326227 )  [ RunTime:0.0010s ]
SQL: SELECT `sname`,`class` FROM `sm_student` WHERE ( sid=1131374104 )  [ RunTime:0.0000s ]
SQL: SELECT `sname`,`class` FROM `sm_student` WHERE ( sid=1097022616 )  [ RunTime:0.0000s ]
SQL: SELECT `sname`,`class` FROM `sm_student` WHERE ( sid=1188676640 )  [ RunTime:0.0010s ]
SQL: SELECT `sname`,`class` FROM `sm_student` WHERE ( sid=1383735524 )  [ RunTime:0.0000s ]
SQL: SELECT `sname`,`class` FROM `sm_student` WHERE ( sid=1180292124 )  [ RunTime:0.0000s ]
SQL: SELECT `sname`,`class` FROM `sm_student` WHERE ( sid=1349521693 )  [ RunTime:0.0010s ]
SQL: SELECT `sname`,`class` FROM `sm_student` WHERE ( sid=1197862065 )  [ RunTime:0.0000s ]
SQL: SELECT `sname`,`class` FROM `sm_student` WHERE ( sid=1372285028 )  [ RunTime:0.0010s ]
SQL: SELECT `sname`,`class` FROM `sm_student` WHERE ( sid=1196523045 )  [ RunTime:0.0000s ]
SQL: SELECT `sname`,`class` FROM `sm_student` WHERE ( sid=1051796286 )  [ RunTime:0.0000s ]
SQL: SELECT `sname`,`class` FROM `sm_student` WHERE ( sid=1135428706 )  [ RunTime:0.0010s ]
SQL: SELECT `sname`,`class` FROM `sm_student` WHERE ( sid=1369581960 )  [ RunTime:0.0000s ]
SQL: SELECT `sname`,`class` FROM `sm_student` WHERE ( sid=1335756069 )  [ RunTime:0.0000s ]
SQL: SELECT `sname`,`class` FROM `sm_student` WHERE ( sid=1047754199 )  [ RunTime:0.0010s ]
SQL: SELECT `sname`,`class` FROM `sm_student` WHERE ( sid=1277677653 )  [ RunTime:0.0000s ]
SQL: SHOW COLUMNS FROM `sm_ttask` [ RunTime:0.0030s ]
SQL: INSERT INTO `sm_ttask` (`content`,`course`,`tid`,`tname`,`start_time`,`total_number`,`complete_number`,`status`,`type`) VALUES ('&lt;p&gt;第二次作业测试&lt;/p&gt;','操作系统原理A','80135','曹玲','1459072193','25','0','0','before') [ RunTime:0.0010s ]

[ 2016-03-27T17:51:36+08:00 ] ::1 /studentMange/index.php/Teacher/Index/insert_announce
INFO: [ app_begin ] --START--
INFO: Run Behavior\ReadHtmlCacheBehavior [ RunTime:0.000000s ]
INFO: [ app_begin ] --END-- [ RunTime:0.000000s ]
SQL: SHOW COLUMNS FROM `sm_teacher` [ RunTime:0.0030s ]
SQL: UPDATE `sm_teacher` SET `announcement`='请大家赶紧完成作业' WHERE ( tid=080135 ) [ RunTime:0.0000s ]

[ 2016-03-27T18:04:06+08:00 ] ::1 /studentMange/index.php/Teacher/Course/send_content/course/%E6%93%8D%E4%BD%9C%E7%B3%BB%E7%BB%9F%E5%8E%9F%E7%90%86A
INFO: [ app_begin ] --START--
INFO: Run Behavior\ReadHtmlCacheBehavior [ RunTime:0.001000s ]
INFO: [ app_begin ] --END-- [ RunTime:0.001000s ]
SQL: SHOW COLUMNS FROM `sm_student` [ RunTime:0.0030s ]
SQL: SHOW COLUMNS FROM `sm_student_course` [ RunTime:0.0030s ]
SQL: SELECT `sid` FROM `sm_student_course` WHERE ( cname='操作系统原理A' )  [ RunTime:0.0010s ]
SQL: SELECT `sname`,`class` FROM `sm_student` WHERE ( sid=1316559282 )  [ RunTime:0.0010s ]
NOTIC: [8] Undefined variable: class_data E:\xampp0\htdocs\studentMange\Application\Common\Common\function.php 第 53 行.
NOTIC: [2] in_array() expects parameter 2 to be array, null given E:\xampp0\htdocs\studentMange\Application\Common\Common\function.php 第 53 行.
SQL: SELECT `sname`,`class` FROM `sm_student` WHERE ( sid=1335906240 )  [ RunTime:0.0000s ]
SQL: SELECT `sname`,`class` FROM `sm_student` WHERE ( sid=1355903936 )  [ RunTime:0.0010s ]
SQL: SELECT `sname`,`class` FROM `sm_student` WHERE ( sid=1268592341 )  [ RunTime:0.0000s ]
SQL: SELECT `sname`,`class` FROM `sm_student` WHERE ( sid=1184722152 )  [ RunTime:0.0000s ]
SQL: SELECT `sname`,`class` FROM `sm_student` WHERE ( sid=1404021047 )  [ RunTime:0.0000s ]
SQL: SELECT `sname`,`class` FROM `sm_student` WHERE ( sid=1067726867 )  [ RunTime:0.0000s ]
SQL: SELECT `sname`,`class` FROM `sm_student` WHERE ( sid=1111263779 )  [ RunTime:0.0000s ]
SQL: SELECT `sname`,`class` FROM `sm_student` WHERE ( sid=1341600202 )  [ RunTime:0.0000s ]
SQL: SELECT `sname`,`class` FROM `sm_student` WHERE ( sid=1199326227 )  [ RunTime:0.0010s ]
SQL: SELECT `sname`,`class` FROM `sm_student` WHERE ( sid=1131374104 )  [ RunTime:0.0000s ]
SQL: SELECT `sname`,`class` FROM `sm_student` WHERE ( sid=1097022616 )  [ RunTime:0.0010s ]
SQL: SELECT `sname`,`class` FROM `sm_student` WHERE ( sid=1188676640 )  [ RunTime:0.0000s ]
SQL: SELECT `sname`,`class` FROM `sm_student` WHERE ( sid=1383735524 )  [ RunTime:0.0010s ]
SQL: SELECT `sname`,`class` FROM `sm_student` WHERE ( sid=1180292124 )  [ RunTime:0.0000s ]
SQL: SELECT `sname`,`class` FROM `sm_student` WHERE ( sid=1349521693 )  [ RunTime:0.0010s ]
SQL: SELECT `sname`,`class` FROM `sm_student` WHERE ( sid=1197862065 )  [ RunTime:0.0000s ]
SQL: SELECT `sname`,`class` FROM `sm_student` WHERE ( sid=1372285028 )  [ RunTime:0.0000s ]
SQL: SELECT `sname`,`class` FROM `sm_student` WHERE ( sid=1196523045 )  [ RunTime:0.0000s ]
SQL: SELECT `sname`,`class` FROM `sm_student` WHERE ( sid=1051796286 )  [ RunTime:0.0000s ]
SQL: SELECT `sname`,`class` FROM `sm_student` WHERE ( sid=1135428706 )  [ RunTime:0.0000s ]
SQL: SELECT `sname`,`class` FROM `sm_student` WHERE ( sid=1369581960 )  [ RunTime:0.0000s ]
SQL: SELECT `sname`,`class` FROM `sm_student` WHERE ( sid=1335756069 )  [ RunTime:0.0000s ]
SQL: SELECT `sname`,`class` FROM `sm_student` WHERE ( sid=1047754199 )  [ RunTime:0.0000s ]
SQL: SELECT `sname`,`class` FROM `sm_student` WHERE ( sid=1277677653 )  [ RunTime:0.0000s ]
SQL: SHOW COLUMNS FROM `sm_ttask` [ RunTime:0.0050s ]
SQL: INSERT INTO `sm_ttask` (`content`,`course`,`tid`,`tname`,`start_time`,`total_number`,`complete_number`,`status`,`type`) VALUES ('&lt;p&gt;将您要布置的作业写在这里&lt;/p&gt;','操作系统原理A','80135','曹玲','1459073046','25','0','0','课前') [ RunTime:0.0000s ]

[ 2016-03-27T18:04:09+08:00 ] ::1 /studentMange/index.php/Teacher/Course/send_content/course/%E6%93%8D%E4%BD%9C%E7%B3%BB%E7%BB%9F%E5%8E%9F%E7%90%86A
INFO: [ app_begin ] --START--
INFO: Run Behavior\ReadHtmlCacheBehavior [ RunTime:0.001000s ]
INFO: [ app_begin ] --END-- [ RunTime:0.002000s ]
SQL: SHOW COLUMNS FROM `sm_student` [ RunTime:0.0030s ]
SQL: SHOW COLUMNS FROM `sm_student_course` [ RunTime:0.0020s ]
SQL: SELECT `sid` FROM `sm_student_course` WHERE ( cname='操作系统原理A' )  [ RunTime:0.0000s ]
SQL: SELECT `sname`,`class` FROM `sm_student` WHERE ( sid=1316559282 )  [ RunTime:0.0000s ]
NOTIC: [8] Undefined variable: class_data E:\xampp0\htdocs\studentMange\Application\Common\Common\function.php 第 53 行.
NOTIC: [2] in_array() expects parameter 2 to be array, null given E:\xampp0\htdocs\studentMange\Application\Common\Common\function.php 第 53 行.
SQL: SELECT `sname`,`class` FROM `sm_student` WHERE ( sid=1335906240 )  [ RunTime:0.0010s ]
SQL: SELECT `sname`,`class` FROM `sm_student` WHERE ( sid=1355903936 )  [ RunTime:0.0000s ]
SQL: SELECT `sname`,`class` FROM `sm_student` WHERE ( sid=1268592341 )  [ RunTime:0.0000s ]
SQL: SELECT `sname`,`class` FROM `sm_student` WHERE ( sid=1184722152 )  [ RunTime:0.0000s ]
SQL: SELECT `sname`,`class` FROM `sm_student` WHERE ( sid=1404021047 )  [ RunTime:0.0000s ]
SQL: SELECT `sname`,`class` FROM `sm_student` WHERE ( sid=1067726867 )  [ RunTime:0.0000s ]
SQL: SELECT `sname`,`class` FROM `sm_student` WHERE ( sid=1111263779 )  [ RunTime:0.0000s ]
SQL: SELECT `sname`,`class` FROM `sm_student` WHERE ( sid=1341600202 )  [ RunTime:0.0000s ]
SQL: SELECT `sname`,`class` FROM `sm_student` WHERE ( sid=1199326227 )  [ RunTime:0.0010s ]
SQL: SELECT `sname`,`class` FROM `sm_student` WHERE ( sid=1131374104 )  [ RunTime:0.0000s ]
SQL: SELECT `sname`,`class` FROM `sm_student` WHERE ( sid=1097022616 )  [ RunTime:0.0000s ]
SQL: SELECT `sname`,`class` FROM `sm_student` WHERE ( sid=1188676640 )  [ RunTime:0.0010s ]
SQL: SELECT `sname`,`class` FROM `sm_student` WHERE ( sid=1383735524 )  [ RunTime:0.0000s ]
SQL: SELECT `sname`,`class` FROM `sm_student` WHERE ( sid=1180292124 )  [ RunTime:0.0000s ]
SQL: SELECT `sname`,`class` FROM `sm_student` WHERE ( sid=1349521693 )  [ RunTime:0.0010s ]
SQL: SELECT `sname`,`class` FROM `sm_student` WHERE ( sid=1197862065 )  [ RunTime:0.0000s ]
SQL: SELECT `sname`,`class` FROM `sm_student` WHERE ( sid=1372285028 )  [ RunTime:0.0000s ]
SQL: SELECT `sname`,`class` FROM `sm_student` WHERE ( sid=1196523045 )  [ RunTime:0.0010s ]
SQL: SELECT `sname`,`class` FROM `sm_student` WHERE ( sid=1051796286 )  [ RunTime:0.0000s ]
SQL: SELECT `sname`,`class` FROM `sm_student` WHERE ( sid=1135428706 )  [ RunTime:0.0000s ]
SQL: SELECT `sname`,`class` FROM `sm_student` WHERE ( sid=1369581960 )  [ RunTime:0.0010s ]
SQL: SELECT `sname`,`class` FROM `sm_student` WHERE ( sid=1335756069 )  [ RunTime:0.0000s ]
SQL: SELECT `sname`,`class` FROM `sm_student` WHERE ( sid=1047754199 )  [ RunTime:0.0010s ]
SQL: SELECT `sname`,`class` FROM `sm_student` WHERE ( sid=1277677653 )  [ RunTime:0.0000s ]
SQL: SHOW COLUMNS FROM `sm_ttask` [ RunTime:0.0030s ]
SQL: INSERT INTO `sm_ttask` (`content`,`course`,`tid`,`tname`,`start_time`,`total_number`,`complete_number`,`status`,`type`) VALUES ('&lt;p&gt;将您要布置的作业写在这里&lt;/p&gt;','操作系统原理A','80135','曹玲','1459073049','25','0','0','课后') [ RunTime:0.0000s ]

[ 2016-03-27T18:08:42+08:00 ] ::1 /studentMange/index.php/Teacher/Course/index/course/%E6%93%8D%E4%BD%9C%E7%B3%BB%E7%BB%9F%E5%8E%9F%E7%90%86A.shtml
ERR: 1064:You have an error in your SQL syntax; check the manual that corresponds to your MariaDB server version for the right syntax to use near 'course='操作系统原理A' )' at line 1
 [ SQL语句 ] : SELECT * FROM `sm_ttask` WHERE ( tid=080135 ,status=0AND course='操作系统原理A' ) 

[ 2016-03-27T18:08:56+08:00 ] ::1 /studentMange/index.php/Teacher/Course/index/course/%E6%93%8D%E4%BD%9C%E7%B3%BB%E7%BB%9F%E5%8E%9F%E7%90%86A.shtml
ERR: 1064:You have an error in your SQL syntax; check the manual that corresponds to your MariaDB server version for the right syntax to use near 'AND course='操作系统原理A' )' at line 1
 [ SQL语句 ] : SELECT * FROM `sm_ttask` WHERE ( tid=080135 ,status=0,AND course='操作系统原理A' ) 

[ 2016-03-27T18:08:57+08:00 ] ::1 /studentMange/index.php/Teacher/Course/index/course/%E6%93%8D%E4%BD%9C%E7%B3%BB%E7%BB%9F%E5%8E%9F%E7%90%86A.shtml
ERR: 1064:You have an error in your SQL syntax; check the manual that corresponds to your MariaDB server version for the right syntax to use near 'AND course='操作系统原理A' )' at line 1
 [ SQL语句 ] : SELECT * FROM `sm_ttask` WHERE ( tid=080135 ,status=0,AND course='操作系统原理A' ) 

[ 2016-03-27T18:23:30+08:00 ] ::1 /studentMange/index.php/Teacher/Course/send_content/course/%E6%93%8D%E4%BD%9C%E7%B3%BB%E7%BB%9F%E5%8E%9F%E7%90%86A
INFO: [ app_begin ] --START--
INFO: Run Behavior\ReadHtmlCacheBehavior [ RunTime:0.001000s ]
INFO: [ app_begin ] --END-- [ RunTime:0.001000s ]
SQL: SHOW COLUMNS FROM `sm_student` [ RunTime:0.0020s ]
SQL: SHOW COLUMNS FROM `sm_student_course` [ RunTime:0.0020s ]
SQL: SELECT `sid` FROM `sm_student_course` WHERE ( cname='操作系统原理A' )  [ RunTime:0.0010s ]
SQL: SELECT `sname`,`class` FROM `sm_student` WHERE ( sid=1316559282 )  [ RunTime:0.0000s ]
NOTIC: [8] Undefined variable: class_data E:\xampp0\htdocs\studentMange\Application\Common\Common\function.php 第 53 行.
NOTIC: [2] in_array() expects parameter 2 to be array, null given E:\xampp0\htdocs\studentMange\Application\Common\Common\function.php 第 53 行.
SQL: SELECT `sname`,`class` FROM `sm_student` WHERE ( sid=1335906240 )  [ RunTime:0.0010s ]
SQL: SELECT `sname`,`class` FROM `sm_student` WHERE ( sid=1355903936 )  [ RunTime:0.0000s ]
SQL: SELECT `sname`,`class` FROM `sm_student` WHERE ( sid=1268592341 )  [ RunTime:0.0000s ]
SQL: SELECT `sname`,`class` FROM `sm_student` WHERE ( sid=1184722152 )  [ RunTime:0.0010s ]
SQL: SELECT `sname`,`class` FROM `sm_student` WHERE ( sid=1404021047 )  [ RunTime:0.0000s ]
SQL: SELECT `sname`,`class` FROM `sm_student` WHERE ( sid=1067726867 )  [ RunTime:0.0000s ]
SQL: SELECT `sname`,`class` FROM `sm_student` WHERE ( sid=1111263779 )  [ RunTime:0.0010s ]
SQL: SELECT `sname`,`class` FROM `sm_student` WHERE ( sid=1341600202 )  [ RunTime:0.0000s ]
SQL: SELECT `sname`,`class` FROM `sm_student` WHERE ( sid=1199326227 )  [ RunTime:0.0000s ]
SQL: SELECT `sname`,`class` FROM `sm_student` WHERE ( sid=1131374104 )  [ RunTime:0.0000s ]
SQL: SELECT `sname`,`class` FROM `sm_student` WHERE ( sid=1097022616 )  [ RunTime:0.0000s ]
SQL: SELECT `sname`,`class` FROM `sm_student` WHERE ( sid=1188676640 )  [ RunTime:0.0000s ]
SQL: SELECT `sname`,`class` FROM `sm_student` WHERE ( sid=1383735524 )  [ RunTime:0.0000s ]
SQL: SELECT `sname`,`class` FROM `sm_student` WHERE ( sid=1180292124 )  [ RunTime:0.0010s ]
SQL: SELECT `sname`,`class` FROM `sm_student` WHERE ( sid=1349521693 )  [ RunTime:0.0000s ]
SQL: SELECT `sname`,`class` FROM `sm_student` WHERE ( sid=1197862065 )  [ RunTime:0.0000s ]
SQL: SELECT `sname`,`class` FROM `sm_student` WHERE ( sid=1372285028 )  [ RunTime:0.0000s ]
SQL: SELECT `sname`,`class` FROM `sm_student` WHERE ( sid=1196523045 )  [ RunTime:0.0000s ]
SQL: SELECT `sname`,`class` FROM `sm_student` WHERE ( sid=1051796286 )  [ RunTime:0.0000s ]
SQL: SELECT `sname`,`class` FROM `sm_student` WHERE ( sid=1135428706 )  [ RunTime:0.0000s ]
SQL: SELECT `sname`,`class` FROM `sm_student` WHERE ( sid=1369581960 )  [ RunTime:0.0010s ]
SQL: SELECT `sname`,`class` FROM `sm_student` WHERE ( sid=1335756069 )  [ RunTime:0.0000s ]
SQL: SELECT `sname`,`class` FROM `sm_student` WHERE ( sid=1047754199 )  [ RunTime:0.0000s ]
SQL: SELECT `sname`,`class` FROM `sm_student` WHERE ( sid=1277677653 )  [ RunTime:0.0000s ]
SQL: SHOW COLUMNS FROM `sm_ttask` [ RunTime:0.0030s ]
SQL: INSERT INTO `sm_ttask` (`content`,`course`,`tid`,`tname`,`start_time`,`total_number`,`complete_number`,`status`,`type`) VALUES ('&lt;p&gt;将您要布置的作业写在这里111111111111111111&lt;/p&gt;','操作系统原理A','80135','曹玲','1459074210','25','0','0','课前') [ RunTime:0.0000s ]

[ 2016-03-27T18:26:46+08:00 ] ::1 /studentMange/index.php/Teacher/Course/send_content/course/%E6%93%8D%E4%BD%9C%E7%B3%BB%E7%BB%9F%E5%8E%9F%E7%90%86A
INFO: [ app_begin ] --START--
INFO: Run Behavior\ReadHtmlCacheBehavior [ RunTime:0.001000s ]
INFO: [ app_begin ] --END-- [ RunTime:0.001000s ]
SQL: SHOW COLUMNS FROM `sm_student` [ RunTime:0.0040s ]
SQL: SHOW COLUMNS FROM `sm_student_course` [ RunTime:0.0020s ]
SQL: SELECT `sid` FROM `sm_student_course` WHERE ( cname='操作系统原理A' )  [ RunTime:0.0000s ]
SQL: SELECT `sname`,`class` FROM `sm_student` WHERE ( sid=1316559282 )  [ RunTime:0.0000s ]
NOTIC: [8] Undefined variable: class_data E:\xampp0\htdocs\studentMange\Application\Common\Common\function.php 第 53 行.
NOTIC: [2] in_array() expects parameter 2 to be array, null given E:\xampp0\htdocs\studentMange\Application\Common\Common\function.php 第 53 行.
SQL: SELECT `sname`,`class` FROM `sm_student` WHERE ( sid=1335906240 )  [ RunTime:0.0000s ]
SQL: SELECT `sname`,`class` FROM `sm_student` WHERE ( sid=1355903936 )  [ RunTime:0.0000s ]
SQL: SELECT `sname`,`class` FROM `sm_student` WHERE ( sid=1268592341 )  [ RunTime:0.0000s ]
SQL: SELECT `sname`,`class` FROM `sm_student` WHERE ( sid=1184722152 )  [ RunTime:0.0000s ]
SQL: SELECT `sname`,`class` FROM `sm_student` WHERE ( sid=1404021047 )  [ RunTime:0.0010s ]
SQL: SELECT `sname`,`class` FROM `sm_student` WHERE ( sid=1067726867 )  [ RunTime:0.0000s ]
SQL: SELECT `sname`,`class` FROM `sm_student` WHERE ( sid=1111263779 )  [ RunTime:0.0000s ]
SQL: SELECT `sname`,`class` FROM `sm_student` WHERE ( sid=1341600202 )  [ RunTime:0.0000s ]
SQL: SELECT `sname`,`class` FROM `sm_student` WHERE ( sid=1199326227 )  [ RunTime:0.0000s ]
SQL: SELECT `sname`,`class` FROM `sm_student` WHERE ( sid=1131374104 )  [ RunTime:0.0010s ]
SQL: SELECT `sname`,`class` FROM `sm_student` WHERE ( sid=1097022616 )  [ RunTime:0.0000s ]
SQL: SELECT `sname`,`class` FROM `sm_student` WHERE ( sid=1188676640 )  [ RunTime:0.0000s ]
SQL: SELECT `sname`,`class` FROM `sm_student` WHERE ( sid=1383735524 )  [ RunTime:0.0010s ]
SQL: SELECT `sname`,`class` FROM `sm_student` WHERE ( sid=1180292124 )  [ RunTime:0.0000s ]
SQL: SELECT `sname`,`class` FROM `sm_student` WHERE ( sid=1349521693 )  [ RunTime:0.0000s ]
SQL: SELECT `sname`,`class` FROM `sm_student` WHERE ( sid=1197862065 )  [ RunTime:0.0000s ]
SQL: SELECT `sname`,`class` FROM `sm_student` WHERE ( sid=1372285028 )  [ RunTime:0.0000s ]
SQL: SELECT `sname`,`class` FROM `sm_student` WHERE ( sid=1196523045 )  [ RunTime:0.0000s ]
SQL: SELECT `sname`,`class` FROM `sm_student` WHERE ( sid=1051796286 )  [ RunTime:0.0010s ]
SQL: SELECT `sname`,`class` FROM `sm_student` WHERE ( sid=1135428706 )  [ RunTime:0.0000s ]
SQL: SELECT `sname`,`class` FROM `sm_student` WHERE ( sid=1369581960 )  [ RunTime:0.0010s ]
SQL: SELECT `sname`,`class` FROM `sm_student` WHERE ( sid=1335756069 )  [ RunTime:0.0000s ]
SQL: SELECT `sname`,`class` FROM `sm_student` WHERE ( sid=1047754199 )  [ RunTime:0.0000s ]
SQL: SELECT `sname`,`class` FROM `sm_student` WHERE ( sid=1277677653 )  [ RunTime:0.0000s ]
SQL: SHOW COLUMNS FROM `sm_ttask` [ RunTime:0.0030s ]
SQL: INSERT INTO `sm_ttask` (`title`,`content`,`course`,`tid`,`tname`,`start_time`,`total_number`,`complete_number`,`status`,`type`) VALUES ('第一次作业','&lt;p&gt;将您要布置的作业写在这里上的顶顶顶顶顶顶顶顶顶的&lt;/p&gt;','操作系统原理A','80135','曹玲','1459074406','25','0','0','课前') [ RunTime:0.0010s ]

[ 2016-03-27T18:38:16+08:00 ] ::1 /studentMange/index.php/Teacher/Course/index.shtmlArray
ERR: 非法操作:index.shtmlArray

[ 2016-03-27T18:39:10+08:00 ] ::1 /studentMange/index.php/Teacher/Course/index.shtmlArray
ERR: 非法操作:index.shtmlArray

[ 2016-03-27T19:05:05+08:00 ] ::1 /studentMange/index.php/Teacher/Course/send_content
INFO: [ app_begin ] --START--
INFO: Run Behavior\ReadHtmlCacheBehavior [ RunTime:0.002000s ]
INFO: [ app_begin ] --END-- [ RunTime:0.002000s ]
SQL: SHOW COLUMNS FROM `sm_student` [ RunTime:0.0030s ]
SQL: SHOW COLUMNS FROM `sm_student_course` [ RunTime:0.0020s ]
SQL: SELECT `sid` FROM `sm_student_course` WHERE ( cname='操作系统原理A' )  [ RunTime:0.0000s ]
SQL: SELECT `sname`,`class` FROM `sm_student` WHERE ( sid=1316559282 )  [ RunTime:0.0000s ]
NOTIC: [8] Undefined variable: class_data E:\xampp0\htdocs\studentMange\Application\Common\Common\function.php 第 53 行.
NOTIC: [2] in_array() expects parameter 2 to be array, null given E:\xampp0\htdocs\studentMange\Application\Common\Common\function.php 第 53 行.
SQL: SELECT `sname`,`class` FROM `sm_student` WHERE ( sid=1335906240 )  [ RunTime:0.0010s ]
SQL: SELECT `sname`,`class` FROM `sm_student` WHERE ( sid=1355903936 )  [ RunTime:0.0000s ]
SQL: SELECT `sname`,`class` FROM `sm_student` WHERE ( sid=1268592341 )  [ RunTime:0.0000s ]
SQL: SELECT `sname`,`class` FROM `sm_student` WHERE ( sid=1184722152 )  [ RunTime:0.0010s ]
SQL: SELECT `sname`,`class` FROM `sm_student` WHERE ( sid=1404021047 )  [ RunTime:0.0000s ]
SQL: SELECT `sname`,`class` FROM `sm_student` WHERE ( sid=1067726867 )  [ RunTime:0.0000s ]
SQL: SELECT `sname`,`class` FROM `sm_student` WHERE ( sid=1111263779 )  [ RunTime:0.0000s ]
SQL: SELECT `sname`,`class` FROM `sm_student` WHERE ( sid=1341600202 )  [ RunTime:0.0000s ]
SQL: SELECT `sname`,`class` FROM `sm_student` WHERE ( sid=1199326227 )  [ RunTime:0.0000s ]
SQL: SELECT `sname`,`class` FROM `sm_student` WHERE ( sid=1131374104 )  [ RunTime:0.0000s ]
SQL: SELECT `sname`,`class` FROM `sm_student` WHERE ( sid=1097022616 )  [ RunTime:0.0010s ]
SQL: SELECT `sname`,`class` FROM `sm_student` WHERE ( sid=1188676640 )  [ RunTime:0.0000s ]
SQL: SELECT `sname`,`class` FROM `sm_student` WHERE ( sid=1383735524 )  [ RunTime:0.0000s ]
SQL: SELECT `sname`,`class` FROM `sm_student` WHERE ( sid=1180292124 )  [ RunTime:0.0010s ]
SQL: SELECT `sname`,`class` FROM `sm_student` WHERE ( sid=1349521693 )  [ RunTime:0.0000s ]
SQL: SELECT `sname`,`class` FROM `sm_student` WHERE ( sid=1197862065 )  [ RunTime:0.0000s ]
SQL: SELECT `sname`,`class` FROM `sm_student` WHERE ( sid=1372285028 )  [ RunTime:0.0010s ]
SQL: SELECT `sname`,`class` FROM `sm_student` WHERE ( sid=1196523045 )  [ RunTime:0.0000s ]
SQL: SELECT `sname`,`class` FROM `sm_student` WHERE ( sid=1051796286 )  [ RunTime:0.0000s ]
SQL: SELECT `sname`,`class` FROM `sm_student` WHERE ( sid=1135428706 )  [ RunTime:0.0010s ]
SQL: SELECT `sname`,`class` FROM `sm_student` WHERE ( sid=1369581960 )  [ RunTime:0.0000s ]
SQL: SELECT `sname`,`class` FROM `sm_student` WHERE ( sid=1335756069 )  [ RunTime:0.0000s ]
SQL: SELECT `sname`,`class` FROM `sm_student` WHERE ( sid=1047754199 )  [ RunTime:0.0000s ]
SQL: SELECT `sname`,`class` FROM `sm_student` WHERE ( sid=1277677653 )  [ RunTime:0.0000s ]
SQL: SHOW COLUMNS FROM `sm_ttask` [ RunTime:0.0030s ]
SQL: INSERT INTO `sm_ttask` (`title`,`content`,`course`,`tid`,`tname`,`start_time`,`total_number`,`complete_number`,`status`,`type`) VALUES ('第二次作业','&lt;p&gt;十四史水水水水水水水水水水水水水水水水水水水水水 &amp;nbsp;&lt;/p&gt;','','80135','曹玲','1459076705','25','0','0','课前') [ RunTime:0.0000s ]

[ 2016-03-27T20:19:27+08:00 ] ::1 /studentMange/index.php/Teacher/Course/send_content/course/%E6%93%8D%E4%BD%9C%E7%B3%BB%E7%BB%9F%E5%8E%9F%E7%90%86A
INFO: [ app_begin ] --START--
INFO: Run Behavior\ReadHtmlCacheBehavior [ RunTime:0.001000s ]
INFO: [ app_begin ] --END-- [ RunTime:0.001000s ]
SQL: SHOW COLUMNS FROM `sm_ttask` [ RunTime:0.0040s ]
SQL: SHOW COLUMNS FROM `sm_student` [ RunTime:0.0030s ]
SQL: SHOW COLUMNS FROM `sm_student_course` [ RunTime:0.0030s ]
SQL: SELECT `sid` FROM `sm_student_course` WHERE ( cname='操作系统原理A' )  [ RunTime:0.0010s ]
SQL: SELECT `sname`,`class` FROM `sm_student` WHERE ( sid=1316559282 )  [ RunTime:0.0000s ]
NOTIC: [8] Undefined variable: class_data E:\xampp0\htdocs\studentMange\Application\Common\Common\function.php 第 53 行.
NOTIC: [2] in_array() expects parameter 2 to be array, null given E:\xampp0\htdocs\studentMange\Application\Common\Common\function.php 第 53 行.
SQL: SELECT `sname`,`class` FROM `sm_student` WHERE ( sid=1335906240 )  [ RunTime:0.0010s ]
SQL: SELECT `sname`,`class` FROM `sm_student` WHERE ( sid=1355903936 )  [ RunTime:0.0000s ]
SQL: SELECT `sname`,`class` FROM `sm_student` WHERE ( sid=1268592341 )  [ RunTime:0.0000s ]
SQL: SELECT `sname`,`class` FROM `sm_student` WHERE ( sid=1184722152 )  [ RunTime:0.0000s ]
SQL: SELECT `sname`,`class` FROM `sm_student` WHERE ( sid=1404021047 )  [ RunTime:0.0000s ]
SQL: SELECT `sname`,`class` FROM `sm_student` WHERE ( sid=1067726867 )  [ RunTime:0.0000s ]
SQL: SELECT `sname`,`class` FROM `sm_student` WHERE ( sid=1111263779 )  [ RunTime:0.0000s ]
SQL: SELECT `sname`,`class` FROM `sm_student` WHERE ( sid=1341600202 )  [ RunTime:0.0000s ]
SQL: SELECT `sname`,`class` FROM `sm_student` WHERE ( sid=1199326227 )  [ RunTime:0.0010s ]
SQL: SELECT `sname`,`class` FROM `sm_student` WHERE ( sid=1131374104 )  [ RunTime:0.0000s ]
SQL: SELECT `sname`,`class` FROM `sm_student` WHERE ( sid=1097022616 )  [ RunTime:0.0000s ]
SQL: SELECT `sname`,`class` FROM `sm_student` WHERE ( sid=1188676640 )  [ RunTime:0.0010s ]
SQL: SELECT `sname`,`class` FROM `sm_student` WHERE ( sid=1383735524 )  [ RunTime:0.0000s ]
SQL: SELECT `sname`,`class` FROM `sm_student` WHERE ( sid=1180292124 )  [ RunTime:0.0000s ]
SQL: SELECT `sname`,`class` FROM `sm_student` WHERE ( sid=1349521693 )  [ RunTime:0.0010s ]
SQL: SELECT `sname`,`class` FROM `sm_student` WHERE ( sid=1197862065 )  [ RunTime:0.0000s ]
SQL: SELECT `sname`,`class` FROM `sm_student` WHERE ( sid=1372285028 )  [ RunTime:0.0000s ]
SQL: SELECT `sname`,`class` FROM `sm_student` WHERE ( sid=1196523045 )  [ RunTime:0.0000s ]
SQL: SELECT `sname`,`class` FROM `sm_student` WHERE ( sid=1051796286 )  [ RunTime:0.0000s ]
SQL: SELECT `sname`,`class` FROM `sm_student` WHERE ( sid=1135428706 )  [ RunTime:0.0000s ]
SQL: SELECT `sname`,`class` FROM `sm_student` WHERE ( sid=1369581960 )  [ RunTime:0.0000s ]
SQL: SELECT `sname`,`class` FROM `sm_student` WHERE ( sid=1335756069 )  [ RunTime:0.0000s ]
SQL: SELECT `sname`,`class` FROM `sm_student` WHERE ( sid=1047754199 )  [ RunTime:0.0010s ]
SQL: SELECT `sname`,`class` FROM `sm_student` WHERE ( sid=1277677653 )  [ RunTime:0.0000s ]
SQL: INSERT INTO `sm_ttask` (`title`,`content`,`course`,`tid`,`tname`,`start_time`,`total_number`,`complete_number`,`status`,`type`) VALUES ('第一次作业','&lt;p&gt;ssssss将您要布置的作业写在这里ssssss&lt;/p&gt;','操作系统原理A','80135','曹玲','1459081167','25','0','0','课前') [ RunTime:0.0010s ]

[ 2016-03-27T20:19:59+08:00 ] ::1 /studentMange/index.php/Teacher/Course/send_content/course/%E6%93%8D%E4%BD%9C%E7%B3%BB%E7%BB%9F%E5%8E%9F%E7%90%86A
INFO: [ app_begin ] --START--
INFO: Run Behavior\ReadHtmlCacheBehavior [ RunTime:0.001000s ]
INFO: [ app_begin ] --END-- [ RunTime:0.001000s ]
SQL: SHOW COLUMNS FROM `sm_ttask` [ RunTime:0.0030s ]
SQL: UPDATE `sm_ttask` SET `title`='第一1111111次作业',`content`='&lt;p&gt;&amp;nbsp; &amp;nbsp;&amp;lt;p&amp;gt;ssssss将您要布置的作业写在这里11111111111ssssss&amp;lt;/p&amp;gt; &amp;nbsp; &amp;nbsp;&lt;/p&gt;',`type`='课前' WHERE ( id=12 ) [ RunTime:0.0010s ]

[ 2016-03-27T20:22:41+08:00 ] ::1 /studentMange/index.php/Teacher/Course/send_content/course/%E6%93%8D%E4%BD%9C%E7%B3%BB%E7%BB%9F%E5%AE%9E%E9%AA%8C
INFO: [ app_begin ] --START--
INFO: Run Behavior\ReadHtmlCacheBehavior [ RunTime:0.001000s ]
INFO: [ app_begin ] --END-- [ RunTime:0.001000s ]
SQL: SHOW COLUMNS FROM `sm_ttask` [ RunTime:0.0050s ]
SQL: SHOW COLUMNS FROM `sm_student` [ RunTime:0.0040s ]
SQL: SHOW COLUMNS FROM `sm_student_course` [ RunTime:0.0040s ]
SQL: SELECT `sid` FROM `sm_student_course` WHERE ( cname='操作系统实验' )  [ RunTime:0.0000s ]
SQL: SELECT `sname`,`class` FROM `sm_student` WHERE ( sid=1326645729 )  [ RunTime:0.0010s ]
NOTIC: [8] Undefined variable: class_data E:\xampp0\htdocs\studentMange\Application\Common\Common\function.php 第 53 行.
NOTIC: [2] in_array() expects parameter 2 to be array, null given E:\xampp0\htdocs\studentMange\Application\Common\Common\function.php 第 53 行.
SQL: SELECT `sname`,`class` FROM `sm_student` WHERE ( sid=1220838142 )  [ RunTime:0.0000s ]
SQL: SELECT `sname`,`class` FROM `sm_student` WHERE ( sid=1313968842 )  [ RunTime:0.0000s ]
SQL: SELECT `sname`,`class` FROM `sm_student` WHERE ( sid=1225893880 )  [ RunTime:0.0010s ]
SQL: SELECT `sname`,`class` FROM `sm_student` WHERE ( sid=1174573133 )  [ RunTime:0.0000s ]
SQL: SELECT `sname`,`class` FROM `sm_student` WHERE ( sid=1176062323 )  [ RunTime:0.0000s ]
SQL: SELECT `sname`,`class` FROM `sm_student` WHERE ( sid=1265526361 )  [ RunTime:0.0010s ]
SQL: SELECT `sname`,`class` FROM `sm_student` WHERE ( sid=1097310443 )  [ RunTime:0.0000s ]
SQL: SELECT `sname`,`class` FROM `sm_student` WHERE ( sid=1108110200 )  [ RunTime:0.0000s ]
SQL: SELECT `sname`,`class` FROM `sm_student` WHERE ( sid=1230386479 )  [ RunTime:0.0010s ]
SQL: SELECT `sname`,`class` FROM `sm_student` WHERE ( sid=1334955160 )  [ RunTime:0.0000s ]
SQL: SELECT `sname`,`class` FROM `sm_student` WHERE ( sid=1333002945 )  [ RunTime:0.0000s ]
SQL: SELECT `sname`,`class` FROM `sm_student` WHERE ( sid=1301054184 )  [ RunTime:0.0010s ]
SQL: SELECT `sname`,`class` FROM `sm_student` WHERE ( sid=1032311672 )  [ RunTime:0.0000s ]
SQL: SELECT `sname`,`class` FROM `sm_student` WHERE ( sid=1326570644 )  [ RunTime:0.0000s ]
SQL: SELECT `sname`,`class` FROM `sm_student` WHERE ( sid=1392633123 )  [ RunTime:0.0010s ]
SQL: SELECT `sname`,`class` FROM `sm_student` WHERE ( sid=1229710712 )  [ RunTime:0.0000s ]
SQL: SELECT `sname`,`class` FROM `sm_student` WHERE ( sid=1032474357 )  [ RunTime:0.0000s ]
SQL: SELECT `sname`,`class` FROM `sm_student` WHERE ( sid=1021199060 )  [ RunTime:0.0000s ]
SQL: SELECT `sname`,`class` FROM `sm_student` WHERE ( sid=1222540074 )  [ RunTime:0.0010s ]
SQL: SELECT `sname`,`class` FROM `sm_student` WHERE ( sid=1404133675 )  [ RunTime:0.0000s ]
SQL: SELECT `sname`,`class` FROM `sm_student` WHERE ( sid=1207397888 )  [ RunTime:0.0000s ]
SQL: SELECT `sname`,`class` FROM `sm_student` WHERE ( sid=1254276093 )  [ RunTime:0.0010s ]
SQL: SELECT `sname`,`class` FROM `sm_student` WHERE ( sid=1032161502 )  [ RunTime:0.0000s ]
SQL: SELECT `sname`,`class` FROM `sm_student` WHERE ( sid=1079903186 )  [ RunTime:0.0000s ]
SQL: SELECT `sname`,`class` FROM `sm_student` WHERE ( sid=1225105485 )  [ RunTime:0.0000s ]
SQL: SELECT `sname`,`class` FROM `sm_student` WHERE ( sid=1224091835 )  [ RunTime:0.0000s ]
SQL: SELECT `sname`,`class` FROM `sm_student` WHERE ( sid=1346155372 )  [ RunTime:0.0000s ]
SQL: SELECT `sname`,`class` FROM `sm_student` WHERE ( sid=1080291127 )  [ RunTime:0.0000s ]
SQL: SELECT `sname`,`class` FROM `sm_student` WHERE ( sid=1021599514 )  [ RunTime:0.0010s ]
SQL: SELECT `sname`,`class` FROM `sm_student` WHERE ( sid=1125229630 )  [ RunTime:0.0000s ]
SQL: SELECT `sname`,`class` FROM `sm_student` WHERE ( sid=1349183809 )  [ RunTime:0.0000s ]
SQL: SELECT `sname`,`class` FROM `sm_student` WHERE ( sid=1397776460 )  [ RunTime:0.0010s ]
SQL: SELECT `sname`,`class` FROM `sm_student` WHERE ( sid=1235679987 )  [ RunTime:0.0000s ]
SQL: SELECT `sname`,`class` FROM `sm_student` WHERE ( sid=1057352592 )  [ RunTime:0.0000s ]
SQL: SELECT `sname`,`class` FROM `sm_student` WHERE ( sid=1023138761 )  [ RunTime:0.0010s ]
SQL: INSERT INTO `sm_ttask` (`title`,`content`,`course`,`tid`,`tname`,`start_time`,`total_number`,`complete_number`,`status`,`type`) VALUES ('第一次作业','将您要布置的作业写在这里
sss
阿凡达是          发大水法
','操作系统实验','80135','曹玲','1459081361','36','0','0','课后') [ RunTime:0.0000s ]

[ 2016-03-27T20:23:49+08:00 ] ::1 /studentMange/index.php/Teacher/Course/send_content/course/%E6%93%8D%E4%BD%9C%E7%B3%BB%E7%BB%9F%E5%AE%9E%E9%AA%8C
INFO: [ app_begin ] --START--
INFO: Run Behavior\ReadHtmlCacheBehavior [ RunTime:0.002000s ]
INFO: [ app_begin ] --END-- [ RunTime:0.002000s ]
SQL: SHOW COLUMNS FROM `sm_ttask` [ RunTime:0.0030s ]
SQL: UPDATE `sm_ttask` SET `title`='第一次作业',`content`='    将您要布置的作业写在这里sss阿凡达是          发大水法    
',`type`='课前' WHERE ( id=13 ) [ RunTime:0.0000s ]

[ 2016-03-27T20:28:45+08:00 ] ::1 /studentMange/index.php/Teacher/Course/send_content/course/%E6%93%8D%E4%BD%9C%E7%B3%BB%E7%BB%9F%E5%AE%9E%E9%AA%8C
INFO: [ app_begin ] --START--
INFO: Run Behavior\ReadHtmlCacheBehavior [ RunTime:0.001000s ]
INFO: [ app_begin ] --END-- [ RunTime:0.001000s ]
SQL: SHOW COLUMNS FROM `sm_ttask` [ RunTime:0.0030s ]
SQL: UPDATE `sm_ttask` SET `title`='第一次作业',`content`='        将您要布置的作业写在这里sss阿凡达是          发大水法        
',`type`='课前' WHERE ( id=13 ) [ RunTime:0.0000s ]

[ 2016-03-27T20:54:40+08:00 ] ::1 /studentMange/index.php/Teacher/Course/send_content/course/%E6%93%8D%E4%BD%9C%E7%B3%BB%E7%BB%9F%E5%AE%9E%E9%AA%8C
INFO: [ app_begin ] --START--
INFO: Run Behavior\ReadHtmlCacheBehavior [ RunTime:0.001000s ]
INFO: [ app_begin ] --END-- [ RunTime:0.001000s ]
SQL: SHOW COLUMNS FROM `sm_ttask` [ RunTime:0.0030s ]
SQL: SHOW COLUMNS FROM `sm_student` [ RunTime:0.0020s ]
SQL: SHOW COLUMNS FROM `sm_student_course` [ RunTime:0.0020s ]
SQL: SELECT `sid` FROM `sm_student_course` WHERE ( cname='操作系统实验' )  [ RunTime:0.0000s ]
SQL: SELECT `sname`,`class` FROM `sm_student` WHERE ( sid=1326645729 )  [ RunTime:0.0000s ]
NOTIC: [8] Undefined variable: class_data E:\xampp0\htdocs\studentMange\Application\Common\Common\function.php 第 53 行.
NOTIC: [2] in_array() expects parameter 2 to be array, null given E:\xampp0\htdocs\studentMange\Application\Common\Common\function.php 第 53 行.
SQL: SELECT `sname`,`class` FROM `sm_student` WHERE ( sid=1220838142 )  [ RunTime:0.0000s ]
SQL: SELECT `sname`,`class` FROM `sm_student` WHERE ( sid=1313968842 )  [ RunTime:0.0000s ]
SQL: SELECT `sname`,`class` FROM `sm_student` WHERE ( sid=1225893880 )  [ RunTime:0.0000s ]
SQL: SELECT `sname`,`class` FROM `sm_student` WHERE ( sid=1174573133 )  [ RunTime:0.0000s ]
SQL: SELECT `sname`,`class` FROM `sm_student` WHERE ( sid=1176062323 )  [ RunTime:0.0000s ]
SQL: SELECT `sname`,`class` FROM `sm_student` WHERE ( sid=1265526361 )  [ RunTime:0.0010s ]
SQL: SELECT `sname`,`class` FROM `sm_student` WHERE ( sid=1097310443 )  [ RunTime:0.0000s ]
SQL: SELECT `sname`,`class` FROM `sm_student` WHERE ( sid=1108110200 )  [ RunTime:0.0000s ]
SQL: SELECT `sname`,`class` FROM `sm_student` WHERE ( sid=1230386479 )  [ RunTime:0.0010s ]
SQL: SELECT `sname`,`class` FROM `sm_student` WHERE ( sid=1334955160 )  [ RunTime:0.0000s ]
SQL: SELECT `sname`,`class` FROM `sm_student` WHERE ( sid=1333002945 )  [ RunTime:0.0000s ]
SQL: SELECT `sname`,`class` FROM `sm_student` WHERE ( sid=1301054184 )  [ RunTime:0.0010s ]
SQL: SELECT `sname`,`class` FROM `sm_student` WHERE ( sid=1032311672 )  [ RunTime:0.0000s ]
SQL: SELECT `sname`,`class` FROM `sm_student` WHERE ( sid=1326570644 )  [ RunTime:0.0000s ]
SQL: SELECT `sname`,`class` FROM `sm_student` WHERE ( sid=1392633123 )  [ RunTime:0.0010s ]
SQL: SELECT `sname`,`class` FROM `sm_student` WHERE ( sid=1229710712 )  [ RunTime:0.0000s ]
SQL: SELECT `sname`,`class` FROM `sm_student` WHERE ( sid=1032474357 )  [ RunTime:0.0000s ]
SQL: SELECT `sname`,`class` FROM `sm_student` WHERE ( sid=1021199060 )  [ RunTime:0.0000s ]
SQL: SELECT `sname`,`class` FROM `sm_student` WHERE ( sid=1222540074 )  [ RunTime:0.0000s ]
SQL: SELECT `sname`,`class` FROM `sm_student` WHERE ( sid=1404133675 )  [ RunTime:0.0000s ]
SQL: SELECT `sname`,`class` FROM `sm_student` WHERE ( sid=1207397888 )  [ RunTime:0.0010s ]
SQL: SELECT `sname`,`class` FROM `sm_student` WHERE ( sid=1254276093 )  [ RunTime:0.0000s ]
SQL: SELECT `sname`,`class` FROM `sm_student` WHERE ( sid=1032161502 )  [ RunTime:0.0000s ]
SQL: SELECT `sname`,`class` FROM `sm_student` WHERE ( sid=1079903186 )  [ RunTime:0.0000s ]
SQL: SELECT `sname`,`class` FROM `sm_student` WHERE ( sid=1225105485 )  [ RunTime:0.0010s ]
SQL: SELECT `sname`,`class` FROM `sm_student` WHERE ( sid=1224091835 )  [ RunTime:0.0000s ]
SQL: SELECT `sname`,`class` FROM `sm_student` WHERE ( sid=1346155372 )  [ RunTime:0.0000s ]
SQL: SELECT `sname`,`class` FROM `sm_student` WHERE ( sid=1080291127 )  [ RunTime:0.0010s ]
SQL: SELECT `sname`,`class` FROM `sm_student` WHERE ( sid=1021599514 )  [ RunTime:0.0000s ]
SQL: SELECT `sname`,`class` FROM `sm_student` WHERE ( sid=1125229630 )  [ RunTime:0.0000s ]
SQL: SELECT `sname`,`class` FROM `sm_student` WHERE ( sid=1349183809 )  [ RunTime:0.0000s ]
SQL: SELECT `sname`,`class` FROM `sm_student` WHERE ( sid=1397776460 )  [ RunTime:0.0000s ]
SQL: SELECT `sname`,`class` FROM `sm_student` WHERE ( sid=1235679987 )  [ RunTime:0.0000s ]
SQL: SELECT `sname`,`class` FROM `sm_student` WHERE ( sid=1057352592 )  [ RunTime:0.0000s ]
SQL: SELECT `sname`,`class` FROM `sm_student` WHERE ( sid=1023138761 )  [ RunTime:0.0010s ]
SQL: INSERT INTO `sm_ttask` (`title`,`content`,`course`,`tid`,`tname`,`start_time`,`total_number`,`complete_number`,`status`,`type`) VALUES ('第一次','&lt;p id=&quot;modify_content&quot;&gt;将您要布置的作业写在这里&lt;/p&gt;&lt;p id=&quot;modify_content&quot;&gt;石狮市&lt;/p&gt;&lt;p id=&quot;modify_content&quot;&gt;ssss&lt;/p&gt;','操作系统实验','80135','曹玲','1459083280','36','0','0','课前') [ RunTime:0.0010s ]

[ 2016-03-27T21:39:50+08:00 ] ::1 /studentMange/index.php/Teacher/Course/send_content/course/%E6%93%8D%E4%BD%9C%E7%B3%BB%E7%BB%9F%E5%AE%9E%E9%AA%8C
INFO: [ app_begin ] --START--
INFO: Run Behavior\ReadHtmlCacheBehavior [ RunTime:0.001001s ]
INFO: [ app_begin ] --END-- [ RunTime:0.001001s ]
SQL: SHOW COLUMNS FROM `sm_ttask` [ RunTime:0.0040s ]
SQL: SHOW COLUMNS FROM `sm_student` [ RunTime:0.0020s ]
SQL: SHOW COLUMNS FROM `sm_student_course` [ RunTime:0.0030s ]
SQL: SELECT `sid` FROM `sm_student_course` WHERE ( cname='操作系统实验' )  [ RunTime:0.0010s ]
SQL: SELECT `sname`,`class` FROM `sm_student` WHERE ( sid=1326645729 )  [ RunTime:0.0010s ]
NOTIC: [8] Undefined variable: class_data E:\xampp0\htdocs\studentMange\Application\Common\Common\function.php 第 53 行.
NOTIC: [2] in_array() expects parameter 2 to be array, null given E:\xampp0\htdocs\studentMange\Application\Common\Common\function.php 第 53 行.
SQL: SELECT `sname`,`class` FROM `sm_student` WHERE ( sid=1220838142 )  [ RunTime:0.0000s ]
SQL: SELECT `sname`,`class` FROM `sm_student` WHERE ( sid=1313968842 )  [ RunTime:0.0000s ]
SQL: SELECT `sname`,`class` FROM `sm_student` WHERE ( sid=1225893880 )  [ RunTime:0.0010s ]
SQL: SELECT `sname`,`class` FROM `sm_student` WHERE ( sid=1174573133 )  [ RunTime:0.0000s ]
SQL: SELECT `sname`,`class` FROM `sm_student` WHERE ( sid=1176062323 )  [ RunTime:0.0000s ]
SQL: SELECT `sname`,`class` FROM `sm_student` WHERE ( sid=1265526361 )  [ RunTime:0.0000s ]
SQL: SELECT `sname`,`class` FROM `sm_student` WHERE ( sid=1097310443 )  [ RunTime:0.0000s ]
SQL: SELECT `sname`,`class` FROM `sm_student` WHERE ( sid=1108110200 )  [ RunTime:0.0000s ]
SQL: SELECT `sname`,`class` FROM `sm_student` WHERE ( sid=1230386479 )  [ RunTime:0.0000s ]
SQL: SELECT `sname`,`class` FROM `sm_student` WHERE ( sid=1334955160 )  [ RunTime:0.0010s ]
SQL: SELECT `sname`,`class` FROM `sm_student` WHERE ( sid=1333002945 )  [ RunTime:0.0000s ]
SQL: SELECT `sname`,`class` FROM `sm_student` WHERE ( sid=1301054184 )  [ RunTime:0.0000s ]
SQL: SELECT `sname`,`class` FROM `sm_student` WHERE ( sid=1032311672 )  [ RunTime:0.0000s ]
SQL: SELECT `sname`,`class` FROM `sm_student` WHERE ( sid=1326570644 )  [ RunTime:0.0000s ]
SQL: SELECT `sname`,`class` FROM `sm_student` WHERE ( sid=1392633123 )  [ RunTime:0.0000s ]
SQL: SELECT `sname`,`class` FROM `sm_student` WHERE ( sid=1229710712 )  [ RunTime:0.0000s ]
SQL: SELECT `sname`,`class` FROM `sm_student` WHERE ( sid=1032474357 )  [ RunTime:0.0010s ]
SQL: SELECT `sname`,`class` FROM `sm_student` WHERE ( sid=1021199060 )  [ RunTime:0.0000s ]
SQL: SELECT `sname`,`class` FROM `sm_student` WHERE ( sid=1222540074 )  [ RunTime:0.0000s ]
SQL: SELECT `sname`,`class` FROM `sm_student` WHERE ( sid=1404133675 )  [ RunTime:0.0000s ]
SQL: SELECT `sname`,`class` FROM `sm_student` WHERE ( sid=1207397888 )  [ RunTime:0.0000s ]
SQL: SELECT `sname`,`class` FROM `sm_student` WHERE ( sid=1254276093 )  [ RunTime:0.0000s ]
SQL: SELECT `sname`,`class` FROM `sm_student` WHERE ( sid=1032161502 )  [ RunTime:0.0000s ]
SQL: SELECT `sname`,`class` FROM `sm_student` WHERE ( sid=1079903186 )  [ RunTime:0.0000s ]
SQL: SELECT `sname`,`class` FROM `sm_student` WHERE ( sid=1225105485 )  [ RunTime:0.0000s ]
SQL: SELECT `sname`,`class` FROM `sm_student` WHERE ( sid=1224091835 )  [ RunTime:0.0000s ]
SQL: SELECT `sname`,`class` FROM `sm_student` WHERE ( sid=1346155372 )  [ RunTime:0.0000s ]
SQL: SELECT `sname`,`class` FROM `sm_student` WHERE ( sid=1080291127 )  [ RunTime:0.0010s ]
SQL: SELECT `sname`,`class` FROM `sm_student` WHERE ( sid=1021599514 )  [ RunTime:0.0000s ]
SQL: SELECT `sname`,`class` FROM `sm_student` WHERE ( sid=1125229630 )  [ RunTime:0.0000s ]
SQL: SELECT `sname`,`class` FROM `sm_student` WHERE ( sid=1349183809 )  [ RunTime:0.0010s ]
SQL: SELECT `sname`,`class` FROM `sm_student` WHERE ( sid=1397776460 )  [ RunTime:0.0000s ]
SQL: SELECT `sname`,`class` FROM `sm_student` WHERE ( sid=1235679987 )  [ RunTime:0.0000s ]
SQL: SELECT `sname`,`class` FROM `sm_student` WHERE ( sid=1057352592 )  [ RunTime:0.0010s ]
SQL: SELECT `sname`,`class` FROM `sm_student` WHERE ( sid=1023138761 )  [ RunTime:0.0000s ]
SQL: INSERT INTO `sm_ttask` (`title`,`content`,`course`,`tid`,`tname`,`start_time`,`total_number`,`complete_number`,`status`,`type`) VALUES ('第n次测试','&lt;p&gt;1.&lt;strong&gt;我爱你&lt;/strong&gt;&lt;/p&gt;&lt;p&gt;&lt;strong&gt;2.&lt;em&gt;你爱我&lt;/em&gt;&lt;/strong&gt;&lt;/p&gt;&lt;p&gt;&lt;br/&gt;&lt;/p&gt;','操作系统实验','80135','曹玲','1459085990','36','0','0','课前') [ RunTime:0.0000s ]

[ 2016-03-27T21:40:22+08:00 ] ::1 /studentMange/index.php/Teacher/Course/send_content/course/%E6%93%8D%E4%BD%9C%E7%B3%BB%E7%BB%9F%E5%AE%9E%E9%AA%8C
INFO: [ app_begin ] --START--
INFO: Run Behavior\ReadHtmlCacheBehavior [ RunTime:0.001000s ]
INFO: [ app_begin ] --END-- [ RunTime:0.001000s ]
SQL: SHOW COLUMNS FROM `sm_ttask` [ RunTime:0.0030s ]
SQL: UPDATE `sm_ttask` SET `title`='第n次测试',`content`='&lt;p&gt;1.&lt;strong&gt;我爱你&lt;/strong&gt;&lt;/p&gt;&lt;p&gt;2.&lt;em&gt;你爱我&lt;/em&gt;&lt;/p&gt;&lt;p&gt;&lt;br/&gt;&lt;/p&gt;&lt;p id=&quot;old_content&quot;&gt;&lt;br/&gt;&lt;/p&gt;',`type`='课前' WHERE ( id=15 ) [ RunTime:0.0010s ]

[ 2016-03-27T22:08:00+08:00 ] ::1 /studentMange/index.php/Teacher/Index/insert_announce
INFO: [ app_begin ] --START--
INFO: Run Behavior\ReadHtmlCacheBehavior [ RunTime:0.000000s ]
INFO: [ app_begin ] --END-- [ RunTime:0.000000s ]
SQL: SHOW COLUMNS FROM `sm_teacher` [ RunTime:0.0030s ]
SQL: UPDATE `sm_teacher` SET `announcement`='tel：1111' WHERE ( tid=080135 ) [ RunTime:0.0010s ]

