[ 2016-04-02T18:12:04+08:00 ] ::1 /studentMange/index.php/Teacher/viewtask/mark_task
INFO: [ app_begin ] --START--
INFO: Run Behavior\ReadHtmlCacheBehavior [ RunTime:0.001000s ]
INFO: [ app_begin ] --END-- [ RunTime:0.001000s ]

[ 2016-04-02T18:18:54+08:00 ] ::1 /studentMange/index.php/Teacher/viewtask/mark_task
INFO: [ app_begin ] --START--
INFO: Run Behavior\ReadHtmlCacheBehavior [ RunTime:0.001000s ]
INFO: [ app_begin ] --END-- [ RunTime:0.001000s ]
SQL: SHOW COLUMNS FROM `sm_stask` [ RunTime:0.0020s ]
SQL: UPDATE `sm_stask` SET `mark_reply`='已批改',`is_mark`='1',`score`='66' WHERE ( id=3 ) [ RunTime:0.0000s ]

[ 2016-04-02T18:47:09+08:00 ] ::1 /studentMange/index.php/Teacher/viewtask/mark_task
INFO: [ app_begin ] --START--
INFO: Run Behavior\ReadHtmlCacheBehavior [ RunTime:0.001000s ]
INFO: [ app_begin ] --END-- [ RunTime:0.001000s ]
SQL: SHOW COLUMNS FROM `sm_stask` [ RunTime:0.0030s ]
SQL: UPDATE `sm_stask` SET `mark_reply`='ssssssssssssssssss',`is_mark`='1',`score`='66' WHERE ( id=3 ) [ RunTime:0.0000s ]

[ 2016-04-02T18:59:13+08:00 ] ::1 /studentMange/index.php/Teacher/viewtask/next_student_task
ERR: 1054:Unknown column 'b.is_mark' in 'where clause'
 [ SQL语句 ] : select a.*,b.title from sm_stask a join sm_ttask b on a.task_id=b.id join  sm_student c on a.sid=c.sid  where b.is_mark=0 order by c.class ,c.sid limit 10 

[ 2016-04-02T22:34:46+08:00 ] ::1 /studentMange/index.php/Teacher/viewtask/next_student_task
INFO: [ app_begin ] --START--
INFO: Run Behavior\ReadHtmlCacheBehavior [ RunTime:0.001000s ]
INFO: [ app_begin ] --END-- [ RunTime:0.001000s ]
SQL: SHOW COLUMNS FROM `sm_stask` [ RunTime:0.0030s ]
SQL: select a.*,b.title from sm_stask a join sm_ttask b on a.task_id=b.id join  sm_student c on a.sid=c.sid  where a.is_mark=0 and a.task_id=16 order by c.class ,c.sid limit 3  [ RunTime:0.0070s ]

[ 2016-04-02T22:34:47+08:00 ] ::1 /studentMange/index.php/Teacher/viewtask/next_student_task
INFO: [ app_begin ] --START--
INFO: Run Behavior\ReadHtmlCacheBehavior [ RunTime:0.002000s ]
INFO: [ app_begin ] --END-- [ RunTime:0.002000s ]
SQL: SHOW COLUMNS FROM `sm_stask` [ RunTime:0.0030s ]
SQL: select a.*,b.title from sm_stask a join sm_ttask b on a.task_id=b.id join  sm_student c on a.sid=c.sid  where a.is_mark=0 and a.task_id=16 order by c.class ,c.sid limit 3  [ RunTime:0.0050s ]

[ 2016-04-02T22:34:47+08:00 ] ::1 /studentMange/index.php/Teacher/viewtask/next_student_task
INFO: [ app_begin ] --START--
INFO: Run Behavior\ReadHtmlCacheBehavior [ RunTime:0.002000s ]
INFO: [ app_begin ] --END-- [ RunTime:0.002000s ]
SQL: SHOW COLUMNS FROM `sm_stask` [ RunTime:0.0030s ]
SQL: select a.*,b.title from sm_stask a join sm_ttask b on a.task_id=b.id join  sm_student c on a.sid=c.sid  where a.is_mark=0 and a.task_id=16 order by c.class ,c.sid limit 3  [ RunTime:0.0060s ]

[ 2016-04-02T22:34:48+08:00 ] ::1 /studentMange/index.php/Teacher/viewtask/next_student_task
INFO: [ app_begin ] --START--
INFO: Run Behavior\ReadHtmlCacheBehavior [ RunTime:0.001000s ]
INFO: [ app_begin ] --END-- [ RunTime:0.001000s ]
SQL: SHOW COLUMNS FROM `sm_stask` [ RunTime:0.0030s ]
SQL: select a.*,b.title from sm_stask a join sm_ttask b on a.task_id=b.id join  sm_student c on a.sid=c.sid  where a.is_mark=0 and a.task_id=16 order by c.class ,c.sid limit 3  [ RunTime:0.0050s ]

[ 2016-04-02T22:34:48+08:00 ] ::1 /studentMange/index.php/Teacher/viewtask/next_student_task
INFO: [ app_begin ] --START--
INFO: Run Behavior\ReadHtmlCacheBehavior [ RunTime:0.001000s ]
INFO: [ app_begin ] --END-- [ RunTime:0.001000s ]
SQL: SHOW COLUMNS FROM `sm_stask` [ RunTime:0.0030s ]
SQL: select a.*,b.title from sm_stask a join sm_ttask b on a.task_id=b.id join  sm_student c on a.sid=c.sid  where a.is_mark=0 and a.task_id=16 order by c.class ,c.sid limit 3  [ RunTime:0.0060s ]

[ 2016-04-02T22:36:38+08:00 ] ::1 /studentMange/index.php/Teacher/viewtask/next_student_task
INFO: [ app_begin ] --START--
INFO: Run Behavior\ReadHtmlCacheBehavior [ RunTime:0.001000s ]
INFO: [ app_begin ] --END-- [ RunTime:0.001000s ]
SQL: SHOW COLUMNS FROM `sm_stask` [ RunTime:0.0050s ]
SQL: select a.*,b.title from sm_stask a join sm_ttask b on a.task_id=b.id join  sm_student c on a.sid=c.sid  where a.is_mark=0 and a.task_id=16 order by c.class ,c.sid limit 3  [ RunTime:0.0070s ]

[ 2016-04-02T22:36:39+08:00 ] ::1 /studentMange/index.php/Teacher/viewtask/next_student_task
INFO: [ app_begin ] --START--
INFO: Run Behavior\ReadHtmlCacheBehavior [ RunTime:0.000000s ]
INFO: [ app_begin ] --END-- [ RunTime:0.000000s ]
SQL: SHOW COLUMNS FROM `sm_stask` [ RunTime:0.0030s ]
SQL: select a.*,b.title from sm_stask a join sm_ttask b on a.task_id=b.id join  sm_student c on a.sid=c.sid  where a.is_mark=0 and a.task_id=16 order by c.class ,c.sid limit 3  [ RunTime:0.0050s ]

[ 2016-04-02T22:39:04+08:00 ] ::1 /studentMange/index.php/Teacher/viewtask/next_student_task
INFO: [ app_begin ] --START--
INFO: Run Behavior\ReadHtmlCacheBehavior [ RunTime:0.001000s ]
INFO: [ app_begin ] --END-- [ RunTime:0.001000s ]
SQL: SHOW COLUMNS FROM `sm_stask` [ RunTime:0.0030s ]
SQL: select a.*,b.title from sm_stask a join sm_ttask b on a.task_id=b.id join  sm_student c on a.sid=c.sid  where a.is_mark=0 and a.task_id=16 order by c.class ,c.sid limit 3  [ RunTime:0.0090s ]

[ 2016-04-02T22:41:56+08:00 ] ::1 /studentMange/index.php/Teacher/viewtask/next_student_task
ERR: 1064:You have an error in your SQL syntax; check the manual that corresponds to your MariaDB server version for the right syntax to use near 'order by c.class ,c.sid limit 3' at line 1
 [ SQL语句 ] : select a.*,b.title from sm_stask a join sm_ttask b on a.task_id=b.id join  sm_student c on a.sid=c.sid  where a.is_mark=0 and a.task_id= order by c.class ,c.sid limit 3 

[ 2016-04-02T22:45:39+08:00 ] ::1 /studentMange/index.php/Teacher/viewtask/next_student_task
INFO: [ app_begin ] --START--
INFO: Run Behavior\ReadHtmlCacheBehavior [ RunTime:0.002000s ]
INFO: [ app_begin ] --END-- [ RunTime:0.002000s ]
SQL: SHOW COLUMNS FROM `sm_stask` [ RunTime:0.0040s ]
SQL: select a.*,b.title from sm_stask a join sm_ttask b on a.task_id=b.id join  sm_student c on a.sid=c.sid  where a.is_mark=0 and a.task_id=16 order by c.class ,c.sid limit 3  [ RunTime:0.0060s ]

[ 2016-04-02T22:46:57+08:00 ] ::1 /studentMange/index.php/Teacher/viewtask/next_student_task
INFO: [ app_begin ] --START--
INFO: Run Behavior\ReadHtmlCacheBehavior [ RunTime:0.001000s ]
INFO: [ app_begin ] --END-- [ RunTime:0.003000s ]
SQL: SHOW COLUMNS FROM `sm_stask` [ RunTime:0.0080s ]
SQL: select a.*,b.title from sm_stask a join sm_ttask b on a.task_id=b.id join  sm_student c on a.sid=c.sid  where a.is_mark=0 and a.task_id=16 order by c.class ,c.sid limit 3  [ RunTime:0.0070s ]
NOTIC: [8] Use of undefined constant JSON_UNICODE_UNESCAPE - assumed 'JSON_UNICODE_UNESCAPE' E:\xampp0\htdocs\studentMange\Application\Teacher\Controller\ViewtaskController.class.php 第 85 行.
NOTIC: [2] json_encode() expects parameter 2 to be long, string given E:\xampp0\htdocs\studentMange\Application\Teacher\Controller\ViewtaskController.class.php 第 85 行.

[ 2016-04-02T22:47:18+08:00 ] ::1 /studentMange/index.php/Teacher/viewtask/next_student_task
INFO: [ app_begin ] --START--
INFO: Run Behavior\ReadHtmlCacheBehavior [ RunTime:0.001000s ]
INFO: [ app_begin ] --END-- [ RunTime:0.001000s ]
SQL: SHOW COLUMNS FROM `sm_stask` [ RunTime:0.0040s ]
SQL: select a.*,b.title from sm_stask a join sm_ttask b on a.task_id=b.id join  sm_student c on a.sid=c.sid  where a.is_mark=0 and a.task_id=16 order by c.class ,c.sid limit 3  [ RunTime:0.0060s ]
NOTIC: [8] Use of undefined constant JSON_UNESCAPE_UNICODE - assumed 'JSON_UNESCAPE_UNICODE' E:\xampp0\htdocs\studentMange\Application\Teacher\Controller\ViewtaskController.class.php 第 85 行.
NOTIC: [2] json_encode() expects parameter 2 to be long, string given E:\xampp0\htdocs\studentMange\Application\Teacher\Controller\ViewtaskController.class.php 第 85 行.

[ 2016-04-02T22:48:01+08:00 ] ::1 /studentMange/index.php/Teacher/viewtask/next_student_task
INFO: [ app_begin ] --START--
INFO: Run Behavior\ReadHtmlCacheBehavior [ RunTime:0.001000s ]
INFO: [ app_begin ] --END-- [ RunTime:0.001000s ]
SQL: SHOW COLUMNS FROM `sm_stask` [ RunTime:0.0030s ]
SQL: select a.*,b.title from sm_stask a join sm_ttask b on a.task_id=b.id join  sm_student c on a.sid=c.sid  where a.is_mark=0 and a.task_id=16 order by c.class ,c.sid limit 3  [ RunTime:0.0060s ]

[ 2016-04-02T23:04:26+08:00 ] ::1 /studentMange/index.php/Teacher/viewtask/next_student_task
INFO: [ app_begin ] --START--
INFO: Run Behavior\ReadHtmlCacheBehavior [ RunTime:0.000000s ]
INFO: [ app_begin ] --END-- [ RunTime:0.000000s ]
SQL: SHOW COLUMNS FROM `sm_stask` [ RunTime:0.0060s ]
SQL: select a.*,b.title from sm_stask a join sm_ttask b on a.task_id=b.id join  sm_student c on a.sid=c.sid  where a.is_mark=0 and a.task_id=16 order by c.class ,c.sid limit 3  [ RunTime:0.0080s ]

[ 2016-04-02T23:04:46+08:00 ] ::1 /studentMange/index.php/Teacher/viewtask/next_student_task
INFO: [ app_begin ] --START--
INFO: Run Behavior\ReadHtmlCacheBehavior [ RunTime:0.002000s ]
INFO: [ app_begin ] --END-- [ RunTime:0.002000s ]
SQL: SHOW COLUMNS FROM `sm_stask` [ RunTime:0.0050s ]
SQL: select a.*,b.title from sm_stask a join sm_ttask b on a.task_id=b.id join  sm_student c on a.sid=c.sid  where a.is_mark=0 and a.task_id=16 order by c.class ,c.sid limit 3  [ RunTime:0.0060s ]

[ 2016-04-02T23:05:04+08:00 ] ::1 /studentMange/index.php/Teacher/viewtask/next_student_task
INFO: [ app_begin ] --START--
INFO: Run Behavior\ReadHtmlCacheBehavior [ RunTime:0.001000s ]
INFO: [ app_begin ] --END-- [ RunTime:0.001000s ]
SQL: SHOW COLUMNS FROM `sm_stask` [ RunTime:0.0030s ]
SQL: select a.*,b.title from sm_stask a join sm_ttask b on a.task_id=b.id join  sm_student c on a.sid=c.sid  where a.is_mark=0 and a.task_id=16 order by c.class ,c.sid limit 3  [ RunTime:0.0070s ]

[ 2016-04-02T23:05:57+08:00 ] ::1 /studentMange/index.php/Teacher/viewtask/next_student_task
INFO: [ app_begin ] --START--
INFO: Run Behavior\ReadHtmlCacheBehavior [ RunTime:0.001000s ]
INFO: [ app_begin ] --END-- [ RunTime:0.001000s ]
SQL: SHOW COLUMNS FROM `sm_stask` [ RunTime:0.0070s ]
SQL: select a.*,b.title from sm_stask a join sm_ttask b on a.task_id=b.id join  sm_student c on a.sid=c.sid  where a.is_mark=0 and a.task_id=16 order by c.class ,c.sid limit 3  [ RunTime:0.0070s ]

[ 2016-04-02T23:08:58+08:00 ] ::1 /studentMange/index.php/Teacher/viewtask/next_student_task
INFO: [ app_begin ] --START--
INFO: Run Behavior\ReadHtmlCacheBehavior [ RunTime:0.001000s ]
INFO: [ app_begin ] --END-- [ RunTime:0.001000s ]
SQL: SHOW COLUMNS FROM `sm_stask` [ RunTime:0.0060s ]
SQL: select a.*,b.title from sm_stask a join sm_ttask b on a.task_id=b.id join  sm_student c on a.sid=c.sid  where a.is_mark=0 and a.task_id=16 order by c.class ,c.sid limit 3  [ RunTime:0.0110s ]

[ 2016-04-02T23:09:24+08:00 ] ::1 /studentMange/index.php/Teacher/viewtask/next_student_task
INFO: [ app_begin ] --START--
INFO: Run Behavior\ReadHtmlCacheBehavior [ RunTime:0.000000s ]
INFO: [ app_begin ] --END-- [ RunTime:0.000000s ]
SQL: SHOW COLUMNS FROM `sm_stask` [ RunTime:0.0020s ]
SQL: select a.*,b.title from sm_stask a join sm_ttask b on a.task_id=b.id join  sm_student c on a.sid=c.sid  where a.is_mark=0 and a.task_id=16 order by c.class ,c.sid limit 3  [ RunTime:0.0080s ]

[ 2016-04-02T23:13:56+08:00 ] ::1 /studentMange/index.php/Teacher/viewtask/next_student_task
INFO: [ app_begin ] --START--
INFO: Run Behavior\ReadHtmlCacheBehavior [ RunTime:0.001000s ]
INFO: [ app_begin ] --END-- [ RunTime:0.003000s ]
SQL: SHOW COLUMNS FROM `sm_stask` [ RunTime:0.0030s ]
SQL: select a.*,b.title from sm_stask a join sm_ttask b on a.task_id=b.id join  sm_student c on a.sid=c.sid  where a.is_mark=0 and a.task_id=16 order by c.class ,c.sid limit 3  [ RunTime:0.0060s ]

[ 2016-04-02T23:15:49+08:00 ] ::1 /studentMange/index.php/Teacher/viewtask/next_student_task
INFO: [ app_begin ] --START--
INFO: Run Behavior\ReadHtmlCacheBehavior [ RunTime:0.001000s ]
INFO: [ app_begin ] --END-- [ RunTime:0.002000s ]
SQL: SHOW COLUMNS FROM `sm_stask` [ RunTime:0.0050s ]
SQL: select a.*,b.title from sm_stask a join sm_ttask b on a.task_id=b.id join  sm_student c on a.sid=c.sid  where a.is_mark=0 and a.task_id=16 order by c.class ,c.sid limit 3  [ RunTime:0.0070s ]

[ 2016-04-02T23:17:25+08:00 ] ::1 /studentMange/index.php/Teacher/viewtask/next_student_task
INFO: [ app_begin ] --START--
INFO: Run Behavior\ReadHtmlCacheBehavior [ RunTime:0.001000s ]
INFO: [ app_begin ] --END-- [ RunTime:0.001000s ]
SQL: SHOW COLUMNS FROM `sm_stask` [ RunTime:0.0050s ]
SQL: select a.*,b.title from sm_stask a join sm_ttask b on a.task_id=b.id join  sm_student c on a.sid=c.sid  where a.is_mark=0 and a.task_id=16 order by c.class ,c.sid limit 3  [ RunTime:0.0070s ]

[ 2016-04-02T23:20:50+08:00 ] ::1 /studentMange/index.php/Teacher/viewtask/next_student_task
INFO: [ app_begin ] --START--
INFO: Run Behavior\ReadHtmlCacheBehavior [ RunTime:0.002001s ]
INFO: [ app_begin ] --END-- [ RunTime:0.002001s ]
SQL: SHOW COLUMNS FROM `sm_stask` [ RunTime:0.0040s ]
SQL: select a.*,b.title from sm_stask a join sm_ttask b on a.task_id=b.id join  sm_student c on a.sid=c.sid  where a.is_mark=0 and a.task_id=16 order by c.class ,c.sid limit 3  [ RunTime:0.0070s ]

[ 2016-04-02T23:27:02+08:00 ] ::1 /studentMange/index.php/Teacher/viewtask/next_student_task
INFO: [ app_begin ] --START--
INFO: Run Behavior\ReadHtmlCacheBehavior [ RunTime:0.002000s ]
INFO: [ app_begin ] --END-- [ RunTime:0.003000s ]
SQL: SHOW COLUMNS FROM `sm_stask` [ RunTime:0.0060s ]
SQL: select a.*,b.title from sm_stask a join sm_ttask b on a.task_id=b.id join  sm_student c on a.sid=c.sid  where a.is_mark=0 and a.task_id=16 order by c.class ,c.sid limit 3  [ RunTime:0.0060s ]

[ 2016-04-02T23:28:24+08:00 ] ::1 /studentMange/index.php/Teacher/viewtask/next_student_task
INFO: [ app_begin ] --START--
INFO: Run Behavior\ReadHtmlCacheBehavior [ RunTime:0.000000s ]
INFO: [ app_begin ] --END-- [ RunTime:0.000000s ]
SQL: SHOW COLUMNS FROM `sm_stask` [ RunTime:0.0040s ]
SQL: select a.*,b.title from sm_stask a join sm_ttask b on a.task_id=b.id join  sm_student c on a.sid=c.sid  where a.is_mark=0 and a.task_id=16 order by c.class ,c.sid limit 3  [ RunTime:0.0090s ]

[ 2016-04-02T23:28:27+08:00 ] ::1 /studentMange/index.php/Teacher/viewtask/next_student_task
INFO: [ app_begin ] --START--
INFO: Run Behavior\ReadHtmlCacheBehavior [ RunTime:0.001000s ]
INFO: [ app_begin ] --END-- [ RunTime:0.001000s ]
SQL: SHOW COLUMNS FROM `sm_stask` [ RunTime:0.0030s ]
SQL: select a.*,b.title from sm_stask a join sm_ttask b on a.task_id=b.id join  sm_student c on a.sid=c.sid  where a.is_mark=0 and a.task_id=16 order by c.class ,c.sid limit 3  [ RunTime:0.0050s ]

[ 2016-04-02T23:31:01+08:00 ] ::1 /studentMange/index.php/Teacher/viewtask/next_student_task
INFO: [ app_begin ] --START--
INFO: Run Behavior\ReadHtmlCacheBehavior [ RunTime:0.001000s ]
INFO: [ app_begin ] --END-- [ RunTime:0.001000s ]
SQL: SHOW COLUMNS FROM `sm_stask` [ RunTime:0.0030s ]
SQL: select a.*,b.title from sm_stask a join sm_ttask b on a.task_id=b.id join  sm_student c on a.sid=c.sid  where a.is_mark=0 and a.task_id=16 order by c.class ,c.sid limit 3  [ RunTime:0.0090s ]

[ 2016-04-02T23:31:07+08:00 ] ::1 /studentMange/index.php/Teacher/viewtask/next_student_task
INFO: [ app_begin ] --START--
INFO: Run Behavior\ReadHtmlCacheBehavior [ RunTime:0.000000s ]
INFO: [ app_begin ] --END-- [ RunTime:0.000000s ]
SQL: SHOW COLUMNS FROM `sm_stask` [ RunTime:0.0075s ]
SQL: select a.*,b.title from sm_stask a join sm_ttask b on a.task_id=b.id join  sm_student c on a.sid=c.sid  where a.is_mark=0 and a.task_id=16 order by c.class ,c.sid limit 3  [ RunTime:0.0175s ]

[ 2016-04-02T23:31:59+08:00 ] ::1 /studentMange/index.php/Teacher/viewtask/next_student_task
INFO: [ app_begin ] --START--
INFO: Run Behavior\ReadHtmlCacheBehavior [ RunTime:0.001000s ]
INFO: [ app_begin ] --END-- [ RunTime:0.001000s ]
SQL: SHOW COLUMNS FROM `sm_stask` [ RunTime:0.0040s ]
SQL: select a.*,b.title from sm_stask a join sm_ttask b on a.task_id=b.id join  sm_student c on a.sid=c.sid  where a.is_mark=0 and a.task_id=16 order by c.class ,c.sid limit 3  [ RunTime:0.0050s ]

[ 2016-04-02T23:40:40+08:00 ] ::1 /studentMange/index.php/Teacher/viewtask/next_student_task
INFO: [ app_begin ] --START--
INFO: Run Behavior\ReadHtmlCacheBehavior [ RunTime:0.000000s ]
INFO: [ app_begin ] --END-- [ RunTime:0.000000s ]
SQL: SHOW COLUMNS FROM `sm_stask` [ RunTime:0.0030s ]
SQL: select a.*,b.title from sm_stask a join sm_ttask b on a.task_id=b.id join  sm_student c on a.sid=c.sid  where a.is_mark=0 and a.task_id=16 order by c.class ,c.sid limit 3  [ RunTime:0.0050s ]

[ 2016-04-02T23:46:39+08:00 ] ::1 /studentMange/index.php/Teacher/viewtask/next_student_task
INFO: [ app_begin ] --START--
INFO: Run Behavior\ReadHtmlCacheBehavior [ RunTime:0.001000s ]
INFO: [ app_begin ] --END-- [ RunTime:0.002001s ]
SQL: SHOW COLUMNS FROM `sm_stask` [ RunTime:0.0060s ]
SQL: select a.*,b.title from sm_stask a join sm_ttask b on a.task_id=b.id join  sm_student c on a.sid=c.sid  where a.is_mark=0 and a.task_id=16 order by c.class ,c.sid limit 3  [ RunTime:0.0100s ]

[ 2016-04-02T23:47:18+08:00 ] ::1 /studentMange/index.php/Teacher/viewtask/next_student_task
INFO: [ app_begin ] --START--
INFO: Run Behavior\ReadHtmlCacheBehavior [ RunTime:0.003000s ]
INFO: [ app_begin ] --END-- [ RunTime:0.003000s ]
SQL: SHOW COLUMNS FROM `sm_stask` [ RunTime:0.0120s ]
SQL: select a.*,b.title from sm_stask a join sm_ttask b on a.task_id=b.id join  sm_student c on a.sid=c.sid  where a.is_mark=0 and a.task_id=16 order by c.class ,c.sid limit 3  [ RunTime:0.0190s ]

[ 2016-04-02T23:48:34+08:00 ] ::1 /studentMange/index.php/Teacher/viewtask/next_student_task
INFO: [ app_begin ] --START--
INFO: Run Behavior\ReadHtmlCacheBehavior [ RunTime:0.001000s ]
INFO: [ app_begin ] --END-- [ RunTime:0.002000s ]
SQL: SHOW COLUMNS FROM `sm_stask` [ RunTime:0.0030s ]
SQL: select a.*,b.title from sm_stask a join sm_ttask b on a.task_id=b.id join  sm_student c on a.sid=c.sid  where a.is_mark=0 and a.task_id=16 order by c.class ,c.sid limit 3  [ RunTime:0.0060s ]

[ 2016-04-02T23:49:12+08:00 ] ::1 /studentMange/index.php/Teacher/viewtask/next_student_task
INFO: [ app_begin ] --START--
INFO: Run Behavior\ReadHtmlCacheBehavior [ RunTime:0.002000s ]
INFO: [ app_begin ] --END-- [ RunTime:0.002000s ]
SQL: SHOW COLUMNS FROM `sm_stask` [ RunTime:0.0050s ]
SQL: select a.*,b.title from sm_stask a join sm_ttask b on a.task_id=b.id join  sm_student c on a.sid=c.sid  where a.is_mark=0 and a.task_id=16 order by c.class ,c.sid limit 3  [ RunTime:0.0080s ]

[ 2016-04-02T23:50:04+08:00 ] ::1 /studentMange/index.php/Teacher/viewtask/next_student_task
INFO: [ app_begin ] --START--
INFO: Run Behavior\ReadHtmlCacheBehavior [ RunTime:0.002500s ]
INFO: [ app_begin ] --END-- [ RunTime:0.002500s ]
SQL: SHOW COLUMNS FROM `sm_stask` [ RunTime:0.0060s ]
SQL: select a.*,b.title from sm_stask a join sm_ttask b on a.task_id=b.id join  sm_student c on a.sid=c.sid  where a.is_mark=0 and a.task_id=16 order by c.class ,c.sid limit 3  [ RunTime:0.0080s ]

