[ 2016-03-29T17:35:48+08:00 ] ::1 /studentMange/index.php/Teacher/Index/insert_announce
INFO: [ app_begin ] --START--
INFO: Run Behavior\ReadHtmlCacheBehavior [ RunTime:0.001000s ]
INFO: [ app_begin ] --END-- [ RunTime:0.001000s ]
SQL: SHOW COLUMNS FROM `sm_teacher` [ RunTime:0.0030s ]
SQL: UPDATE `sm_teacher` SET `announcement`='阿斯顿发生的' WHERE ( tid=080135 ) [ RunTime:0.0030s ]

[ 2016-03-29T17:36:46+08:00 ] ::1 /studentMange/index.php/Teacher/Course/send_content/course/UNIX%E7%A8%8B%E5%BA%8F%E8%AE%BE%E8%AE%A1
INFO: [ app_begin ] --START--
INFO: Run Behavior\ReadHtmlCacheBehavior [ RunTime:0.001000s ]
INFO: [ app_begin ] --END-- [ RunTime:0.001000s ]
SQL: SHOW COLUMNS FROM `sm_ttask` [ RunTime:0.0030s ]
SQL: UPDATE `sm_ttask` SET `title`='第n此i',`content`='&lt;h1 align=&quot;center&quot; style=&quot;color: rgb(51, 51, 51); white-space: normal;&quot;&gt;UNIX程序设计&lt;/h1&gt;&lt;p&gt;Unix测试&lt;br/&gt;&lt;/p&gt;&lt;p id=&quot;old_content&quot;&gt;&lt;br/&gt;&lt;/p&gt;',`type`='课后' WHERE ( id=16 ) [ RunTime:0.0030s ]

[ 2016-03-29T17:36:56+08:00 ] ::1 /studentMange/index.php/Teacher/Course/send_content/course/UNIX%E7%A8%8B%E5%BA%8F%E8%AE%BE%E8%AE%A1
INFO: [ app_begin ] --START--
INFO: Run Behavior\ReadHtmlCacheBehavior [ RunTime:0.001000s ]
INFO: [ app_begin ] --END-- [ RunTime:0.001000s ]
SQL: SHOW COLUMNS FROM `sm_ttask` [ RunTime:0.0030s ]
SQL: UPDATE `sm_ttask` SET `title`='石狮市',`content`='&lt;p id=&quot;old_content&quot;&gt;将石狮市身上&lt;/p&gt;&lt;p id=&quot;old_content&quot;&gt;&lt;br/&gt;&lt;/p&gt;',`type`='课后' WHERE ( id=20 ) [ RunTime:0.0010s ]

[ 2016-03-29T19:14:55+08:00 ] ::1 /studentMange/index.php/Teacher/index/logout
INFO: [ app_begin ] --START--
INFO: Run Behavior\ReadHtmlCacheBehavior [ RunTime:0.001000s ]
INFO: [ app_begin ] --END-- [ RunTime:0.001000s ]

[ 2016-03-29T20:42:27+08:00 ] ::1 /studentMange/index.php/Teacher/Course/send_content/course/UNIX%E7%A8%8B%E5%BA%8F%E8%AE%BE%E8%AE%A1
INFO: [ app_begin ] --START--
INFO: Run Behavior\ReadHtmlCacheBehavior [ RunTime:0.000000s ]
INFO: [ app_begin ] --END-- [ RunTime:0.000000s ]
SQL: SHOW COLUMNS FROM `sm_ttask` [ RunTime:0.0030s ]
SQL: UPDATE `sm_ttask` SET `title`='第n此i',`content`='&lt;h1 align=&quot;center&quot; style=&quot;color: rgb(51, 51, 51); white-space: normal;&quot;&gt;UNIX程序设计&lt;/h1&gt;&lt;p&gt;Unix测试&lt;br/&gt;&lt;/p&gt;&lt;p id=&quot;old_content&quot;&gt;&lt;br/&gt;&lt;/p&gt;&lt;p id=&quot;old_content&quot;&gt;&lt;br/&gt;&lt;/p&gt;',`type`='课前' WHERE ( id=16 ) [ RunTime:0.0010s ]

[ 2016-03-29T20:47:29+08:00 ] ::1 /studentMange/index.php/Teacher/Course/send_content/course/%E6%93%8D%E4%BD%9C%E7%B3%BB%E7%BB%9F%E5%AE%9E%E9%AA%8C
INFO: [ app_begin ] --START--
INFO: Run Behavior\ReadHtmlCacheBehavior [ RunTime:0.000000s ]
INFO: [ app_begin ] --END-- [ RunTime:0.000000s ]
SQL: SHOW COLUMNS FROM `sm_ttask` [ RunTime:0.0030s ]
SQL: UPDATE `sm_ttask` SET `title`='第n次测试',`content`='&lt;p&gt;1.&lt;strong&gt;我爱你&lt;/strong&gt;&lt;/p&gt;&lt;p&gt;2.&lt;em&gt;你爱我&lt;/em&gt;&lt;/p&gt;&lt;p&gt;&lt;br/&gt;&lt;/p&gt;&lt;p id=&quot;old_content&quot;&gt;&lt;br/&gt;&lt;/p&gt;&lt;p id=&quot;old_content&quot;&gt;&lt;br/&gt;&lt;/p&gt;',`type`='课前' WHERE ( id=15 ) [ RunTime:0.0000s ]

[ 2016-03-29T20:47:48+08:00 ] ::1 /studentMange/index.php/Teacher/index/logout
INFO: [ app_begin ] --START--
INFO: Run Behavior\ReadHtmlCacheBehavior [ RunTime:0.001000s ]
INFO: [ app_begin ] --END-- [ RunTime:0.001000s ]

[ 2016-03-29T20:49:30+08:00 ] ::1 /studentMange/index.php/Teacher/Index/insert_announce
INFO: [ app_begin ] --START--
INFO: Run Behavior\ReadHtmlCacheBehavior [ RunTime:0.001000s ]
INFO: [ app_begin ] --END-- [ RunTime:0.001000s ]
SQL: SHOW COLUMNS FROM `sm_teacher` [ RunTime:0.0030s ]
SQL: UPDATE `sm_teacher` SET `announcement`='sb' WHERE ( tid=080135 ) [ RunTime:0.0000s ]

[ 2016-03-29T20:49:35+08:00 ] ::1 /studentMange/index.php/Teacher/Index/insert_announce
INFO: [ app_begin ] --START--
INFO: Run Behavior\ReadHtmlCacheBehavior [ RunTime:0.000000s ]
INFO: [ app_begin ] --END-- [ RunTime:0.000000s ]
SQL: SHOW COLUMNS FROM `sm_teacher` [ RunTime:0.0020s ]
SQL: UPDATE `sm_teacher` SET `announcement`='test' WHERE ( tid=080135 ) [ RunTime:0.0010s ]

[ 2016-03-29T20:49:49+08:00 ] ::1 /studentMange/index.php/Teacher/Index/insert_announce
INFO: [ app_begin ] --START--
INFO: Run Behavior\ReadHtmlCacheBehavior [ RunTime:0.000000s ]
INFO: [ app_begin ] --END-- [ RunTime:0.000000s ]
SQL: SHOW COLUMNS FROM `sm_teacher` [ RunTime:0.0020s ]
SQL: UPDATE `sm_teacher` SET `announcement`='公告显示位置' WHERE ( tid=080135 ) [ RunTime:0.0000s ]

[ 2016-03-29T20:50:25+08:00 ] ::1 /studentMange/index.php/Teacher/Course/send_content/course/UNIX%E7%A8%8B%E5%BA%8F%E8%AE%BE%E8%AE%A1
INFO: [ app_begin ] --START--
INFO: Run Behavior\ReadHtmlCacheBehavior [ RunTime:0.000000s ]
INFO: [ app_begin ] --END-- [ RunTime:0.000000s ]
SQL: SHOW COLUMNS FROM `sm_ttask` [ RunTime:0.0030s ]
SQL: SHOW COLUMNS FROM `sm_student` [ RunTime:0.0030s ]
SQL: SHOW COLUMNS FROM `sm_student_course` [ RunTime:0.0020s ]
SQL: SELECT `sid` FROM `sm_student_course` WHERE ( cname='UNIX程序设计' )  [ RunTime:0.0000s ]
SQL: SELECT `sname`,`class` FROM `sm_student` WHERE ( sid=1332527405 )  [ RunTime:0.0000s ]
NOTIC: [8] Undefined variable: class_data E:\xampp0\htdocs\studentMange\Application\Common\Common\function.php 第 53 行.
NOTIC: [2] in_array() expects parameter 2 to be array, null given E:\xampp0\htdocs\studentMange\Application\Common\Common\function.php 第 53 行.
SQL: SELECT `sname`,`class` FROM `sm_student` WHERE ( sid=1291868759 )  [ RunTime:0.0010s ]
SQL: SELECT `sname`,`class` FROM `sm_student` WHERE ( sid=1329336283 )  [ RunTime:0.0000s ]
SQL: SELECT `sname`,`class` FROM `sm_student` WHERE ( sid=1149219358 )  [ RunTime:0.0000s ]
SQL: SELECT `sname`,`class` FROM `sm_student` WHERE ( sid=1026780394 )  [ RunTime:0.0010s ]
SQL: SELECT `sname`,`class` FROM `sm_student` WHERE ( sid=1105457189 )  [ RunTime:0.0000s ]
SQL: SELECT `sname`,`class` FROM `sm_student` WHERE ( sid=1006482357 )  [ RunTime:0.0000s ]
SQL: SELECT `sname`,`class` FROM `sm_student` WHERE ( sid=1282933618 )  [ RunTime:0.0010s ]
SQL: SELECT `sname`,`class` FROM `sm_student` WHERE ( sid=1033075038 )  [ RunTime:0.0000s ]
SQL: SELECT `sname`,`class` FROM `sm_student` WHERE ( sid=1295597992 )  [ RunTime:0.0000s ]
SQL: SELECT `sname`,`class` FROM `sm_student` WHERE ( sid=1053360562 )  [ RunTime:0.0010s ]
SQL: SELECT `sname`,`class` FROM `sm_student` WHERE ( sid=1251973479 )  [ RunTime:0.0000s ]
SQL: SELECT `sname`,`class` FROM `sm_student` WHERE ( sid=1374575127 )  [ RunTime:0.0000s ]
SQL: SELECT `sname`,`class` FROM `sm_student` WHERE ( sid=1363374916 )  [ RunTime:0.0010s ]
SQL: SELECT `sname`,`class` FROM `sm_student` WHERE ( sid=1265826702 )  [ RunTime:0.0000s ]
SQL: SELECT `sname`,`class` FROM `sm_student` WHERE ( sid=1299802764 )  [ RunTime:0.0000s ]
SQL: SELECT `sname`,`class` FROM `sm_student` WHERE ( sid=1145715381 )  [ RunTime:0.0010s ]
SQL: SELECT `sname`,`class` FROM `sm_student` WHERE ( sid=1309288530 )  [ RunTime:0.0000s ]
SQL: SELECT `sname`,`class` FROM `sm_student` WHERE ( sid=1184209070 )  [ RunTime:0.0000s ]
SQL: SELECT `sname`,`class` FROM `sm_student` WHERE ( sid=1053435647 )  [ RunTime:0.0000s ]
SQL: SELECT `sname`,`class` FROM `sm_student` WHERE ( sid=1070705247 )  [ RunTime:0.0000s ]
SQL: SELECT `sname`,`class` FROM `sm_student` WHERE ( sid=1392758265 )  [ RunTime:0.0000s ]
SQL: SELECT `sname`,`class` FROM `sm_student` WHERE ( sid=1160331970 )  [ RunTime:0.0010s ]
SQL: SELECT `sname`,`class` FROM `sm_student` WHERE ( sid=1289466032 )  [ RunTime:0.0000s ]
SQL: SELECT `sname`,`class` FROM `sm_student` WHERE ( sid=1301817550 )  [ RunTime:0.0000s ]
SQL: SELECT `sname`,`class` FROM `sm_student` WHERE ( sid=1103104519 )  [ RunTime:0.0010s ]
SQL: SELECT `sname`,`class` FROM `sm_student` WHERE ( sid=1317973387 )  [ RunTime:0.0000s ]
SQL: SELECT `sname`,`class` FROM `sm_student` WHERE ( sid=1053911187 )  [ RunTime:0.0000s ]
SQL: SELECT `sname`,`class` FROM `sm_student` WHERE ( sid=1150996374 )  [ RunTime:0.0010s ]
SQL: SELECT `sname`,`class` FROM `sm_student` WHERE ( sid=1368130313 )  [ RunTime:0.0000s ]
SQL: SELECT `sname`,`class` FROM `sm_student` WHERE ( sid=1008359487 )  [ RunTime:0.0010s ]
SQL: SELECT `sname`,`class` FROM `sm_student` WHERE ( sid=1014816816 )  [ RunTime:0.0000s ]
SQL: SELECT `sname`,`class` FROM `sm_student` WHERE ( sid=1126193224 )  [ RunTime:0.0000s ]
SQL: SELECT `sname`,`class` FROM `sm_student` WHERE ( sid=1363850455 )  [ RunTime:0.0010s ]
SQL: SELECT `sname`,`class` FROM `sm_student` WHERE ( sid=1030497113 )  [ RunTime:0.0000s ]
SQL: SELECT `sname`,`class` FROM `sm_student` WHERE ( sid=1372247486 )  [ RunTime:0.0000s ]
SQL: SELECT `sname`,`class` FROM `sm_student` WHERE ( sid=1099863340 )  [ RunTime:0.0010s ]
SQL: SELECT `sname`,`class` FROM `sm_student` WHERE ( sid=1006344700 )  [ RunTime:0.0000s ]
SQL: SELECT `sname`,`class` FROM `sm_student` WHERE ( sid=1315032549 )  [ RunTime:0.0000s ]
SQL: SELECT `sname`,`class` FROM `sm_student` WHERE ( sid=1208010126 )  [ RunTime:0.0010s ]
SQL: SELECT `sname`,`class` FROM `sm_student` WHERE ( sid=1208010126 )  [ RunTime:0.0000s ]
SQL: SELECT `sname`,`class` FROM `sm_student` WHERE ( sid=1208010126 )  [ RunTime:0.0000s ]
SQL: SELECT `sname`,`class` FROM `sm_student` WHERE ( sid=1208010126 )  [ RunTime:0.0000s ]
SQL: INSERT INTO `sm_ttask` (`title`,`content`,`course`,`tid`,`tname`,`start_time`,`total_number`,`complete_number`,`status`,`type`) VALUES ('alert(\'hello\');','&lt;p id=&quot;old_content&quot;&gt;将您要布置的作业写在这里&lt;/p&gt;','UNIX程序设计','80135','曹玲','1459255825','43','0','0','课前') [ RunTime:0.0000s ]

[ 2016-03-29T20:50:39+08:00 ] ::1 /studentMange/index.php/Teacher/index/logout
INFO: [ app_begin ] --START--
INFO: Run Behavior\ReadHtmlCacheBehavior [ RunTime:0.001000s ]
INFO: [ app_begin ] --END-- [ RunTime:0.001000s ]

[ 2016-03-29T21:52:47+08:00 ] ::1 /studentMange/index.php/Teacher/Index/insert_announce
INFO: [ app_begin ] --START--
INFO: Run Behavior\ReadHtmlCacheBehavior [ RunTime:0.001000s ]
INFO: [ app_begin ] --END-- [ RunTime:0.001000s ]
SQL: SHOW COLUMNS FROM `sm_teacher` [ RunTime:0.0030s ]
SQL: UPDATE `sm_teacher` SET `announcement`='石狮市' WHERE ( tid=080135 ) [ RunTime:0.0000s ]

[ 2016-03-29T21:58:25+08:00 ] ::1 /studentMange/index.php/Teacher/Course/send_content/course/UNIX%E7%A8%8B%E5%BA%8F%E8%AE%BE%E8%AE%A1
INFO: [ app_begin ] --START--
INFO: Run Behavior\ReadHtmlCacheBehavior [ RunTime:0.001000s ]
INFO: [ app_begin ] --END-- [ RunTime:0.001000s ]
SQL: SHOW COLUMNS FROM `sm_ttask` [ RunTime:0.0030s ]
SQL: SHOW COLUMNS FROM `sm_student` [ RunTime:0.0030s ]
SQL: SHOW COLUMNS FROM `sm_student_course` [ RunTime:0.0030s ]
SQL: SELECT `sid` FROM `sm_student_course` WHERE ( cname='UNIX程序设计' )  [ RunTime:0.0000s ]
SQL: SELECT `sname`,`class` FROM `sm_student` WHERE ( sid=1332527405 )  [ RunTime:0.0010s ]
NOTIC: [8] Undefined variable: class_data E:\xampp0\htdocs\studentMange\Application\Common\Common\function.php 第 53 行.
NOTIC: [2] in_array() expects parameter 2 to be array, null given E:\xampp0\htdocs\studentMange\Application\Common\Common\function.php 第 53 行.
SQL: SELECT `sname`,`class` FROM `sm_student` WHERE ( sid=1291868759 )  [ RunTime:0.0000s ]
SQL: SELECT `sname`,`class` FROM `sm_student` WHERE ( sid=1329336283 )  [ RunTime:0.0000s ]
SQL: SELECT `sname`,`class` FROM `sm_student` WHERE ( sid=1149219358 )  [ RunTime:0.0010s ]
SQL: SELECT `sname`,`class` FROM `sm_student` WHERE ( sid=1026780394 )  [ RunTime:0.0000s ]
SQL: SELECT `sname`,`class` FROM `sm_student` WHERE ( sid=1105457189 )  [ RunTime:0.0000s ]
SQL: SELECT `sname`,`class` FROM `sm_student` WHERE ( sid=1006482357 )  [ RunTime:0.0000s ]
SQL: SELECT `sname`,`class` FROM `sm_student` WHERE ( sid=1282933618 )  [ RunTime:0.0000s ]
SQL: SELECT `sname`,`class` FROM `sm_student` WHERE ( sid=1033075038 )  [ RunTime:0.0000s ]
SQL: SELECT `sname`,`class` FROM `sm_student` WHERE ( sid=1295597992 )  [ RunTime:0.0000s ]
SQL: SELECT `sname`,`class` FROM `sm_student` WHERE ( sid=1053360562 )  [ RunTime:0.0010s ]
SQL: SELECT `sname`,`class` FROM `sm_student` WHERE ( sid=1251973479 )  [ RunTime:0.0000s ]
SQL: SELECT `sname`,`class` FROM `sm_student` WHERE ( sid=1374575127 )  [ RunTime:0.0000s ]
SQL: SELECT `sname`,`class` FROM `sm_student` WHERE ( sid=1363374916 )  [ RunTime:0.0010s ]
SQL: SELECT `sname`,`class` FROM `sm_student` WHERE ( sid=1265826702 )  [ RunTime:0.0000s ]
SQL: SELECT `sname`,`class` FROM `sm_student` WHERE ( sid=1299802764 )  [ RunTime:0.0000s ]
SQL: SELECT `sname`,`class` FROM `sm_student` WHERE ( sid=1145715381 )  [ RunTime:0.0010s ]
SQL: SELECT `sname`,`class` FROM `sm_student` WHERE ( sid=1309288530 )  [ RunTime:0.0000s ]
SQL: SELECT `sname`,`class` FROM `sm_student` WHERE ( sid=1184209070 )  [ RunTime:0.0000s ]
SQL: SELECT `sname`,`class` FROM `sm_student` WHERE ( sid=1053435647 )  [ RunTime:0.0000s ]
SQL: SELECT `sname`,`class` FROM `sm_student` WHERE ( sid=1070705247 )  [ RunTime:0.0000s ]
SQL: SELECT `sname`,`class` FROM `sm_student` WHERE ( sid=1392758265 )  [ RunTime:0.0000s ]
SQL: SELECT `sname`,`class` FROM `sm_student` WHERE ( sid=1160331970 )  [ RunTime:0.0000s ]
SQL: SELECT `sname`,`class` FROM `sm_student` WHERE ( sid=1289466032 )  [ RunTime:0.0010s ]
SQL: SELECT `sname`,`class` FROM `sm_student` WHERE ( sid=1301817550 )  [ RunTime:0.0000s ]
SQL: SELECT `sname`,`class` FROM `sm_student` WHERE ( sid=1103104519 )  [ RunTime:0.0000s ]
SQL: SELECT `sname`,`class` FROM `sm_student` WHERE ( sid=1317973387 )  [ RunTime:0.0010s ]
SQL: SELECT `sname`,`class` FROM `sm_student` WHERE ( sid=1053911187 )  [ RunTime:0.0000s ]
SQL: SELECT `sname`,`class` FROM `sm_student` WHERE ( sid=1150996374 )  [ RunTime:0.0000s ]
SQL: SELECT `sname`,`class` FROM `sm_student` WHERE ( sid=1368130313 )  [ RunTime:0.0010s ]
SQL: SELECT `sname`,`class` FROM `sm_student` WHERE ( sid=1008359487 )  [ RunTime:0.0000s ]
SQL: SELECT `sname`,`class` FROM `sm_student` WHERE ( sid=1014816816 )  [ RunTime:0.0000s ]
SQL: SELECT `sname`,`class` FROM `sm_student` WHERE ( sid=1126193224 )  [ RunTime:0.0000s ]
SQL: SELECT `sname`,`class` FROM `sm_student` WHERE ( sid=1363850455 )  [ RunTime:0.0000s ]
SQL: SELECT `sname`,`class` FROM `sm_student` WHERE ( sid=1030497113 )  [ RunTime:0.0000s ]
SQL: SELECT `sname`,`class` FROM `sm_student` WHERE ( sid=1372247486 )  [ RunTime:0.0000s ]
SQL: SELECT `sname`,`class` FROM `sm_student` WHERE ( sid=1099863340 )  [ RunTime:0.0010s ]
SQL: SELECT `sname`,`class` FROM `sm_student` WHERE ( sid=1006344700 )  [ RunTime:0.0000s ]
SQL: SELECT `sname`,`class` FROM `sm_student` WHERE ( sid=1315032549 )  [ RunTime:0.0000s ]
SQL: SELECT `sname`,`class` FROM `sm_student` WHERE ( sid=1208010126 )  [ RunTime:0.0010s ]
SQL: SELECT `sname`,`class` FROM `sm_student` WHERE ( sid=1208010126 )  [ RunTime:0.0000s ]
SQL: SELECT `sname`,`class` FROM `sm_student` WHERE ( sid=1208010126 )  [ RunTime:0.0000s ]
SQL: SELECT `sname`,`class` FROM `sm_student` WHERE ( sid=1208010126 )  [ RunTime:0.0000s ]
SQL: INSERT INTO `sm_ttask` (`title`,`content`,`course`,`tid`,`tname`,`start_time`,`total_number`,`complete_number`,`status`,`type`) VALUES ('第n此测试','&lt;p&gt;作业作业&lt;span style=&quot;line-height: 22.8571px; white-space: normal;&quot;&gt;作业作业&lt;/span&gt;&lt;span style=&quot;line-height: 22.8571px; white-space: normal;&quot;&gt;作业作业&lt;/span&gt;&lt;span style=&quot;line-height: 22.8571px; white-space: normal;&quot;&gt;作业作业&lt;/span&gt;&lt;/p&gt;&lt;p&gt;&lt;span style=&quot;line-height: 22.8571px; white-space: normal;&quot;&gt;&lt;span style=&quot;line-height: 22.8571px; white-space: normal;&quot;&gt;作业作业&lt;/span&gt;&lt;span style=&quot;line-height: 22.8571px; white-space: normal;&quot;&gt;作业作业&lt;/span&gt;&lt;/span&gt;&lt;/p&gt;&lt;p&gt;&lt;span style=&quot;line-height: 22.8571px; white-space: normal;&quot;&gt;&lt;span style=&quot;line-height: 22.8571px; white-space: normal;&quot;&gt;&lt;span style=&quot;line-height: 22.8571px; white-space: normal;&quot;&gt;作业作业&lt;/span&gt;&lt;/span&gt;&lt;/span&gt;&lt;/p&gt;','UNIX程序设计','80135','曹玲','1459259905','43','0','0','课前') [ RunTime:0.0000s ]

[ 2016-03-29T22:07:36+08:00 ] ::1 /studentMange/index.php/Teacher/Course/send_work/course/UNIX%E7%A8%8B%E5%BA%8F%E8%AE%BE%E8%AE%A1.shtml
ERR: XML标签语法错误

[ 2016-03-29T22:13:49+08:00 ] ::1 /studentMange/index.php/Teacher/Course/send_content/course/%E6%93%8D%E4%BD%9C%E7%B3%BB%E7%BB%9F%E5%AE%9E%E9%AA%8C
INFO: [ app_begin ] --START--
INFO: Run Behavior\ReadHtmlCacheBehavior [ RunTime:0.000000s ]
INFO: [ app_begin ] --END-- [ RunTime:0.001000s ]
SQL: SHOW COLUMNS FROM `sm_ttask` [ RunTime:0.0030s ]
SQL: UPDATE `sm_ttask` SET `title`='习近平做客捷克总统乡间官邸 共浇友谊树',`content`='&lt;p&gt;&lt;span style=&quot;color: rgb(0, 0, 0); font-family: simSun, &amp;#39;Arial Narrow&amp;#39;, HELVETICA; font-size: 14px; line-height: 26px; white-space: normal; background-color: rgba(245, 245, 245, 0.6);&quot;&gt;雨后初霁，布拉格郊区的拉尼庄园绿草茵茵。刚刚抵达捷克进行国事访问的习近平主席应邀前来做客，泽曼总统私人官邸迎来首位外国领导人。&lt;/span&gt;&lt;em&gt;&lt;/em&gt;&lt;/p&gt;&lt;p&gt;&lt;em&gt;&lt;br/&gt;&lt;/em&gt;&lt;/p&gt;&lt;p&gt;&lt;br/&gt;&lt;/p&gt;&lt;p id=&quot;old_content&quot;&gt;&lt;br/&gt;&lt;/p&gt;&lt;p id=&quot;old_content&quot;&gt;&lt;br/&gt;&lt;/p&gt;&lt;p id=&quot;old_content&quot;&gt;&lt;br/&gt;&lt;/p&gt;',`type`='课前' WHERE ( id=15 ) [ RunTime:0.0010s ]

[ 2016-03-29T22:14:26+08:00 ] ::1 /studentMange/index.php/Teacher/Course/send_content/course/%E6%93%8D%E4%BD%9C%E7%B3%BB%E7%BB%9F%E5%AE%9E%E9%AA%8C
INFO: [ app_begin ] --START--
INFO: Run Behavior\ReadHtmlCacheBehavior [ RunTime:0.001000s ]
INFO: [ app_begin ] --END-- [ RunTime:0.001000s ]
SQL: SHOW COLUMNS FROM `sm_ttask` [ RunTime:0.0030s ]
SQL: UPDATE `sm_ttask` SET `title`='河南“平坟第一人”辞去全国人大代表职务',`content`='&lt;p style=&quot;margin-top: 0px; margin-bottom: 29px; padding: 0px; line-height: 28px; color: rgb(0, 0, 0); font-family: 宋体, Arial, sans-serif; font-size: 15.9996px; white-space: normal; text-indent: 2em;&quot;&gt;大河网讯（记者 郭俊华）3月29日，河南省十二届人大常委会第二十次会议表决通过决定，接受朱伟、陈雪枫辞去十二届全国人大代表的请求。&lt;/p&gt;&lt;p style=&quot;margin-top: 0px; margin-bottom: 29px; padding: 0px; line-height: 28px; color: rgb(0, 0, 0); font-family: 宋体, Arial, sans-serif; font-size: 15.9996px; white-space: normal; text-indent: 2em;&quot;&gt;2016年2月，河南省选举的十二届全国人大代表朱伟、陈雪枫分别向河南省人大常委会提交辞职报告，请求辞去十二届全国人大代表职务。根据《中华人民共和国全国人民代表大会和地方各级人民代表大会选举法》第五十四条规定，河南省十二届人大常委会第二十次会议决定接受朱伟、陈雪枫辞去十二届全国人大代表职务的请求。&lt;/p&gt;&lt;p style=&quot;margin-top: 0px; margin-bottom: 29px; padding: 0px; line-height: 28px; color: rgb(0, 0, 0); font-family: 宋体, Arial, sans-serif; font-size: 15.9996px; white-space: normal; text-indent: 2em;&quot;&gt;据了解，朱伟系河南省商水县朱集村人，由于犯高血压和心脑血管疾病，不能履行人大代表的职责，本人特申请辞去十二届全国人大代表职务。&lt;/p&gt;&lt;p style=&quot;margin-top: 0px; margin-bottom: 29px; padding: 0px; line-height: 28px; color: rgb(0, 0, 0); font-family: 宋体, Arial, sans-serif; font-size: 15.9996px; white-space: normal; text-indent: 2em;&quot;&gt;而陈雪枫（河南省委原常委、洛阳市委原书记）因涉嫌严重违纪违法，目前正接受组织审查，不便继续履行代表职责，故请求辞去十二届全国人大代表职务。同时，陈雪枫的河南省十二届人大代表资格也同步终止。&lt;/p&gt;&lt;p&gt;&lt;br/&gt;&lt;/p&gt;&lt;p id=&quot;old_content&quot;&gt;&lt;br/&gt;&lt;/p&gt;',`type`='课前' WHERE ( id=17 ) [ RunTime:0.0010s ]

[ 2016-03-29T22:14:34+08:00 ] ::1 /studentMange/index.php/Teacher/Course/send_content/course/%E6%93%8D%E4%BD%9C%E7%B3%BB%E7%BB%9F%E5%AE%9E%E9%AA%8C
INFO: [ app_begin ] --START--
INFO: Run Behavior\ReadHtmlCacheBehavior [ RunTime:0.001000s ]
INFO: [ app_begin ] --END-- [ RunTime:0.001000s ]
SQL: SHOW COLUMNS FROM `sm_ttask` [ RunTime:0.0030s ]
SQL: UPDATE `sm_ttask` SET `title`='河南“平坟第一人”辞去全国人大代表职务',`content`='&lt;p style=&quot;margin-top: 0px; margin-bottom: 29px; padding: 0px; line-height: 28px; color: rgb(0, 0, 0); font-family: 宋体, Arial, sans-serif; font-size: 15.9996px; white-space: normal; text-indent: 2em;&quot;&gt;大河网讯（记者 郭俊华）3月29日，河南省十二届人大常委会第二十次会议表决通过决定，接受朱伟、陈雪枫辞去十二届全国人大代表的请求。&lt;/p&gt;&lt;p style=&quot;margin-top: 0px; margin-bottom: 29px; padding: 0px; line-height: 28px; color: rgb(0, 0, 0); font-family: 宋体, Arial, sans-serif; font-size: 15.9996px; white-space: normal; text-indent: 2em;&quot;&gt;2016年2月，河南省选举的十二届全国人大代表朱伟、陈雪枫分别向河南省人大常委会提交辞职报告，请求辞去十二届全国人大代表职务。根据《中华人民共和国全国人民代表大会和地方各级人民代表大会选举法》第五十四条规定，河南省十二届人大常委会第二十次会议决定接受朱伟、陈雪枫辞去十二届全国人大代表职务的请求。&lt;/p&gt;&lt;p style=&quot;margin-top: 0px; margin-bottom: 29px; padding: 0px; line-height: 28px; color: rgb(0, 0, 0); font-family: 宋体, Arial, sans-serif; font-size: 15.9996px; white-space: normal; text-indent: 2em;&quot;&gt;据了解，朱伟系河南省商水县朱集村人，由于犯高血压和心脑血管疾病，不能履行人大代表的职责，本人特申请辞去十二届全国人大代表职务。&lt;/p&gt;&lt;p style=&quot;margin-top: 0px; margin-bottom: 29px; padding: 0px; line-height: 28px; color: rgb(0, 0, 0); font-family: 宋体, Arial, sans-serif; font-size: 15.9996px; white-space: normal; text-indent: 2em;&quot;&gt;而陈雪枫（河南省委原常委、洛阳市委原书记）因涉嫌严重违纪违法，目前正接受组织审查，不便继续履行代表职责，故请求辞去十二届全国人大代表职务。同时，陈雪枫的河南省十二届人大代表资格也同步终止。&lt;/p&gt;&lt;p&gt;&lt;br/&gt;&lt;/p&gt;&lt;p id=&quot;old_content&quot;&gt;&lt;br/&gt;&lt;/p&gt;&lt;p id=&quot;old_content&quot;&gt;&lt;br/&gt;&lt;/p&gt;',`type`='课前' WHERE ( id=17 ) [ RunTime:0.0010s ]

[ 2016-03-29T22:15:31+08:00 ] ::1 /studentMange/index.php/Teacher/Course/send_content/course/UNIX%E7%A8%8B%E5%BA%8F%E8%AE%BE%E8%AE%A1
INFO: [ app_begin ] --START--
INFO: Run Behavior\ReadHtmlCacheBehavior [ RunTime:0.002000s ]
INFO: [ app_begin ] --END-- [ RunTime:0.002000s ]
SQL: SHOW COLUMNS FROM `sm_ttask` [ RunTime:0.0040s ]
SQL: UPDATE `sm_ttask` SET `title`='河南“平坟第一人”辞去全国人大代表职务',`content`='&lt;p style=&quot;margin-top: 0px; margin-bottom: 29px; padding: 0px; line-height: 28px; color: rgb(0, 0, 0); font-family: 宋体, Arial, sans-serif; font-size: 15.9996px; white-space: normal; text-indent: 2em;&quot;&gt;&lt;strong&gt;大河网讯（记者 郭俊华）3月29日，河南省十二届人大常委会第二十次会议表决通过决定，接受朱伟、陈雪枫辞去十二届全国人大代表的请求。&lt;/strong&gt;&lt;/p&gt;&lt;p style=&quot;margin-top: 0px; margin-bottom: 29px; padding: 0px; line-height: 28px; color: rgb(0, 0, 0); font-family: 宋体, Arial, sans-serif; font-size: 15.9996px; white-space: normal; text-indent: 2em;&quot;&gt;&lt;em&gt;2016年2月，河南省选举的十二届全国人大代表朱伟、陈雪枫分别向河南省人大常委会提交辞职报告，请求辞去十二届全国人大代表职务。根据《中华人民共和国全国人民代表大会和地方各级人民代表大会选举法》第五十四条规定，河南省十二届人大常委会第二十次会议决定接受朱伟、陈雪枫辞去十二届全国人大代表职务的请求。&lt;/em&gt;&lt;/p&gt;&lt;p style=&quot;margin-top: 0px; margin-bottom: 29px; padding: 0px; line-height: 28px; color: rgb(0, 0, 0); font-size: 15.9996px; white-space: normal; text-indent: 2em;&quot;&gt;&lt;span style=&quot;font-family:arial black, avant garde&quot;&gt;据了解，朱伟系河南省商水县朱集村人，由于犯高血压和心脑血管疾病，不能履行人大代表的职责，本人特申请辞去十二届全国人大代表职务。&lt;/span&gt;&lt;/p&gt;&lt;p style=&quot;margin-top: 0px; margin-bottom: 29px; padding: 0px; line-height: 28px; color: rgb(0, 0, 0); font-family: 宋体, Arial, sans-serif; font-size: 15.9996px; white-space: normal; text-indent: 2em;&quot;&gt;而陈雪枫（河南省委原常委、洛阳市委原书记）因涉嫌严重违纪违法，目前正接受组织审查，不便继续履行代表职责，故请求辞去十二届全国人大代表职务。同时，陈雪枫的河南省十二届人大代表资格也同步终止。&lt;/p&gt;&lt;p id=&quot;old_content&quot;&gt;&lt;br/&gt;&lt;/p&gt;&lt;p id=&quot;old_content&quot;&gt;&lt;br/&gt;&lt;/p&gt;',`type`='课前' WHERE ( id=16 ) [ RunTime:0.0010s ]

[ 2016-03-29T22:15:56+08:00 ] ::1 /studentMange/index.php/Teacher/Course/send_content/course/UNIX%E7%A8%8B%E5%BA%8F%E8%AE%BE%E8%AE%A1
INFO: [ app_begin ] --START--
INFO: Run Behavior\ReadHtmlCacheBehavior [ RunTime:0.001000s ]
INFO: [ app_begin ] --END-- [ RunTime:0.001000s ]
SQL: SHOW COLUMNS FROM `sm_ttask` [ RunTime:0.0030s ]
SQL: UPDATE `sm_ttask` SET `title`='河南“平坟第一人”辞去全国人大代表职务',`content`='&lt;p id=&quot;old_content&quot;&gt;将您要布置的作业写在这里&lt;/p&gt;&lt;p id=&quot;old_content&quot;&gt;&lt;br/&gt;&lt;/p&gt;',`type`='课前' WHERE ( id=19 ) [ RunTime:0.0000s ]

[ 2016-03-29T22:16:09+08:00 ] ::1 /studentMange/index.php/Teacher/Course/send_content/course/UNIX%E7%A8%8B%E5%BA%8F%E8%AE%BE%E8%AE%A1
INFO: [ app_begin ] --START--
INFO: Run Behavior\ReadHtmlCacheBehavior [ RunTime:0.001000s ]
INFO: [ app_begin ] --END-- [ RunTime:0.001000s ]
SQL: SHOW COLUMNS FROM `sm_ttask` [ RunTime:0.0050s ]
SQL: UPDATE `sm_ttask` SET `title`='开往春天列车被发烧友逼停 不让拍了',`content`='&lt;p id=&quot;old_content&quot;&gt;将石狮市身上&lt;/p&gt;&lt;p id=&quot;old_content&quot;&gt;&lt;br/&gt;&lt;/p&gt;&lt;p id=&quot;old_content&quot;&gt;&lt;br/&gt;&lt;/p&gt;',`type`='课前' WHERE ( id=20 ) [ RunTime:0.0000s ]

[ 2016-03-29T22:16:29+08:00 ] ::1 /studentMange/index.php/Teacher/Course/send_content/course/UNIX%E7%A8%8B%E5%BA%8F%E8%AE%BE%E8%AE%A1
INFO: [ app_begin ] --START--
INFO: Run Behavior\ReadHtmlCacheBehavior [ RunTime:0.001000s ]
INFO: [ app_begin ] --END-- [ RunTime:0.001000s ]
SQL: SHOW COLUMNS FROM `sm_ttask` [ RunTime:0.0030s ]
SQL: UPDATE `sm_ttask` SET `title`='“南海仲裁案”将宣布“裁决” 中国该如何应对？',`content`='&lt;p id=&quot;old_content&quot;&gt;飞飞飞反反复复反反复复方法反反复复反反复复方法&lt;/p&gt;&lt;p id=&quot;old_content&quot;&gt;&lt;br/&gt;&lt;/p&gt;',`type`='课前' WHERE ( id=21 ) [ RunTime:0.0000s ]

[ 2016-03-29T22:26:40+08:00 ] ::1 /studentMange/index.php/Teacher/Course/send_content/course/UNIX%E7%A8%8B%E5%BA%8F%E8%AE%BE%E8%AE%A1
INFO: [ app_begin ] --START--
INFO: Run Behavior\ReadHtmlCacheBehavior [ RunTime:0.001000s ]
INFO: [ app_begin ] --END-- [ RunTime:0.001000s ]
SQL: SHOW COLUMNS FROM `sm_ttask` [ RunTime:0.0030s ]
SQL: UPDATE `sm_ttask` SET `title`='111河南“平坟第一人”辞去全国人大代表职务',`content`='&lt;p style=&quot;margin-top: 0px; margin-bottom: 29px; padding: 0px; line-height: 28px; color: rgb(0, 0, 0); font-family: 宋体, Arial, sans-serif; font-size: 15.9996px; white-space: normal; text-indent: 2em;&quot;&gt;&lt;strong&gt;大河网讯（记者 郭俊华）3月29日，河南省十二届人大常委会第二十次会议表决通过决定，接受朱伟、陈雪枫辞去十二届全国人大代表的请求。&lt;/strong&gt;&lt;/p&gt;&lt;p style=&quot;margin-top: 0px; margin-bottom: 29px; padding: 0px; line-height: 28px; color: rgb(0, 0, 0); font-family: 宋体, Arial, sans-serif; font-size: 15.9996px; white-space: normal; text-indent: 2em;&quot;&gt;&lt;em&gt;2016年2月，河南省选举的十二届全国人大代表朱伟、陈雪枫分别向河南省人大常委会提交辞职报告，请求辞去十二届全国人大代表职务。根据《中华人民共和国全国人民代表大会和地方各级人民代表大会选举法》第五十四条规定，河南省十二届人大常委会第二十次会议决定接受朱伟、陈雪枫辞去十二届全国人大代表职务的请求。&lt;/em&gt;&lt;/p&gt;&lt;p style=&quot;margin-top: 0px; margin-bottom: 29px; padding: 0px; line-height: 28px; color: rgb(0, 0, 0); font-size: 15.9996px; white-space: normal; text-indent: 2em;&quot;&gt;&lt;span style=&quot;font-family:arial black, avant garde&quot;&gt;据了解，朱伟系河南省商水县朱集村人，由于犯高血压和心脑血管疾病，不能履行人大代表的职责，本人特申请辞去十二届全国人大代表职务。&lt;/span&gt;&lt;/p&gt;&lt;p style=&quot;margin-top: 0px; margin-bottom: 29px; padding: 0px; line-height: 28px; color: rgb(0, 0, 0); font-family: 宋体, Arial, sans-serif; font-size: 15.9996px; white-space: normal; text-indent: 2em;&quot;&gt;而陈雪枫（河南省委原常委、洛阳市委原书记）因涉嫌严重违纪违法，目前正接受组织审查，不便继续履行代表职责，故请求辞去十二届全国人大代表职务。同时，陈雪枫的河南省十二届人大代表资格也同步终止。&lt;/p&gt;&lt;p id=&quot;old_content&quot;&gt;&lt;br/&gt;&lt;/p&gt;&lt;p id=&quot;old_content&quot;&gt;&lt;br/&gt;&lt;/p&gt;&lt;p id=&quot;old_content&quot;&gt;&lt;br/&gt;&lt;/p&gt;',`type`='课后' WHERE ( id=16 ) [ RunTime:0.0000s ]

[ 2016-03-29T22:26:50+08:00 ] ::1 /studentMange/index.php/Teacher/Course/send_content/course/UNIX%E7%A8%8B%E5%BA%8F%E8%AE%BE%E8%AE%A1
INFO: [ app_begin ] --START--
INFO: Run Behavior\ReadHtmlCacheBehavior [ RunTime:0.002000s ]
INFO: [ app_begin ] --END-- [ RunTime:0.002000s ]
SQL: SHOW COLUMNS FROM `sm_ttask` [ RunTime:0.0030s ]
SQL: UPDATE `sm_ttask` SET `title`='111河南“平坟第一人”辞去全国人大代表职务',`content`='&lt;p style=&quot;margin-top: 0px; margin-bottom: 29px; padding: 0px; line-height: 28px; color: rgb(0, 0, 0); font-family: 宋体, Arial, sans-serif; font-size: 15.9996px; white-space: normal; text-indent: 2em;&quot;&gt;&lt;strong&gt;大河网讯（记者 郭俊华）3月29日，河南省十二届人大常委会第二十次会议表决通过决定，接受朱伟、陈雪枫辞去十二届全国人大代表的请求。&lt;/strong&gt;&lt;/p&gt;&lt;p style=&quot;margin-top: 0px; margin-bottom: 29px; padding: 0px; line-height: 28px; color: rgb(0, 0, 0); font-family: 宋体, Arial, sans-serif; font-size: 15.9996px; white-space: normal; text-indent: 2em;&quot;&gt;&lt;em&gt;2016年2月，河南省选举的十二届全国人大代表朱伟、陈雪枫分别向河南省人大常委会提交辞职报告，请求辞去十二届全国人大代表职务。根据《中华人民共和国全国人民代表大会和地方各级人民代表大会选举法》第五十四条规定，河南省十二届人大常委会第二十次会议决定接受朱伟、陈雪枫辞去十二届全国人大代表职务的请求。&lt;/em&gt;&lt;/p&gt;&lt;p style=&quot;margin-top: 0px; margin-bottom: 29px; padding: 0px; line-height: 28px; color: rgb(0, 0, 0); font-size: 15.9996px; white-space: normal; text-indent: 2em;&quot;&gt;&lt;span style=&quot;font-family:arial black, avant garde&quot;&gt;据了解，朱伟系河南省商水县朱集村人，由于犯高血压和心脑血管疾病，不能履行人大代表的职责，本人特申请辞去十二届全国人大代表职务。&lt;/span&gt;&lt;/p&gt;&lt;p style=&quot;margin-top: 0px; margin-bottom: 29px; padding: 0px; line-height: 28px; color: rgb(0, 0, 0); font-family: 宋体, Arial, sans-serif; font-size: 15.9996px; white-space: normal; text-indent: 2em;&quot;&gt;而陈雪枫（河南省委原常委、洛阳市委原书记）因涉嫌严重违纪违法，目前正接受组织审查，不便继续履行代表职责，故请求辞去十二届全国人大代表职务。同时，陈雪枫的河南省十二届人大代表资格也同步终止。&lt;/p&gt;&lt;p id=&quot;old_content&quot;&gt;&lt;br/&gt;&lt;/p&gt;&lt;p id=&quot;old_content&quot;&gt;&lt;br/&gt;&lt;/p&gt;&lt;p id=&quot;old_content&quot;&gt;&lt;br/&gt;&lt;/p&gt;&lt;p id=&quot;old_content&quot;&gt;&lt;br/&gt;&lt;/p&gt;',`type`='课前' WHERE ( id=16 ) [ RunTime:0.0000s ]

[ 2016-03-29T22:40:09+08:00 ] ::1 /studentMange/index.php/Teacher/taskdetail/index/id/16.shtml
ERR: 无法加载控制器:Taskdetail

[ 2016-03-29T22:51:20+08:00 ] ::1 /studentMange/index.php/Teacher/taskdetail/index/id/16.shtml
ERR: 1064:You have an error in your SQL syntax; check the manual that corresponds to your MariaDB server version for the right syntax to use near ')' at line 1
 [ SQL语句 ] : SELECT * FROM `sm_stask` WHERE ( task_id= ) 

[ 2016-03-29T22:57:36+08:00 ] ::1 /studentMange/index.php/Teacher/Course/index/course/%E6%93%8D%E4%BD%9C%E7%B3%BB%E7%BB%9F%E5%AE%9E%E9%AA%8C.shtml
ERR: 1064:You have an error in your SQL syntax; check the manual that corresponds to your MariaDB server version for the right syntax to use near ') LIMIT 1' at line 1
 [ SQL语句 ] : SELECT `announcement` FROM `sm_teacher` WHERE ( tid= ) LIMIT 1  

[ 2016-03-29T23:04:21+08:00 ] ::1 /studentMange/index.php/Teacher/Course/send_content/course/UNIX%E7%A8%8B%E5%BA%8F%E8%AE%BE%E8%AE%A1
INFO: [ app_begin ] --START--
INFO: Run Behavior\ReadHtmlCacheBehavior [ RunTime:0.001000s ]
INFO: [ app_begin ] --END-- [ RunTime:0.001000s ]
SQL: SHOW COLUMNS FROM `sm_ttask` [ RunTime:0.0070s ]
SQL: UPDATE `sm_ttask` SET `title`='111河南“平坟第一人”辞去全国人大代表职务',`content`='&lt;p style=&quot;margin-top: 0px; margin-bottom: 29px; padding: 0px; line-height: 28px; color: rgb(0, 0, 0); font-family: 宋体, Arial, sans-serif; font-size: 15.9996px; white-space: normal; text-indent: 2em;&quot;&gt;&lt;strong&gt;大河网讯（记者 郭俊华）3月29日，河南省十二届人大常委会第二十次会议表决通过决定，接受朱伟、陈雪枫辞去十二届全国人大代表的请求。&lt;/strong&gt;&lt;/p&gt;&lt;p style=&quot;margin-top: 0px; margin-bottom: 29px; padding: 0px; line-height: 28px; color: rgb(0, 0, 0); font-family: 宋体, Arial, sans-serif; font-size: 15.9996px; white-space: normal; text-indent: 2em;&quot;&gt;&lt;em&gt;2016年2月，河南省选举的十二届全国人大代表朱伟、陈雪枫分别向河南省人大常委会提交辞职报告，请求辞去十二届全国人大代表职务。根据《中华人民共和国全国人民代表大会和地方各级人民代表大会选举法》第五十四条规定，河南省十二届人大常委会第二十次会议决定接受朱伟、陈雪枫辞去十二届全国人大代表职务的请求。&lt;/em&gt;&lt;/p&gt;&lt;p style=&quot;margin-top: 0px; margin-bottom: 29px; padding: 0px; line-height: 28px; color: rgb(0, 0, 0); font-size: 15.9996px; white-space: normal; text-indent: 2em;&quot;&gt;&lt;span style=&quot;font-family:arial black, avant garde&quot;&gt;据了解，朱伟系河南省商水县朱集村人，由于犯高血压和心脑血管疾病，不能履行人大代表的职责，本人特申请辞去十二届全国人大代表职务。&lt;/span&gt;&lt;/p&gt;&lt;p style=&quot;margin-top: 0px; margin-bottom: 29px; padding: 0px; line-height: 28px; color: rgb(0, 0, 0); font-family: 宋体, Arial, sans-serif; font-size: 15.9996px; white-space: normal; text-indent: 2em;&quot;&gt;而陈雪枫（河南省委原常委、洛阳市委原书记）因涉嫌严重违纪违法，目前正接受组织审查，不便继续履行代表职责，故请求辞去十二届全国人大代表职务。同时，陈雪枫的河南省十二届人大代表资格也同步终止。&lt;/p&gt;&lt;p id=&quot;old_content&quot;&gt;&lt;br/&gt;&lt;/p&gt;&lt;p id=&quot;old_content&quot;&gt;&lt;br/&gt;&lt;/p&gt;&lt;p id=&quot;old_content&quot;&gt;&lt;br/&gt;&lt;/p&gt;&lt;p id=&quot;old_content&quot;&gt;&lt;br/&gt;&lt;/p&gt;&lt;p id=&quot;old_content&quot;&gt;&lt;br/&gt;&lt;/p&gt;',`type`='课后' WHERE ( id=16 ) [ RunTime:0.0010s ]

