[ 2016-04-08T11:40:42+08:00 ] ::1 /studentMange/index.php/Teacher/viewtask/next_student_task
INFO: [ app_begin ] --START--
INFO: Run Behavior\ReadHtmlCacheBehavior [ RunTime:0.001000s ]
INFO: [ app_begin ] --END-- [ RunTime:0.001000s ]
SQL: SHOW COLUMNS FROM `sm_stask` [ RunTime:0.0020s ]
SQL: select a.*,b.title,c.class from sm_stask a join sm_ttask b on a.task_id=b.id join  sm_student c on a.sid=c.sid  where a.is_mark=0 and a.task_id=16 order by c.class ,c.sid limit 3  [ RunTime:0.0030s ]

[ 2016-04-08T11:40:46+08:00 ] ::1 /studentMange/index.php/Teacher/viewtask/next_student_task
INFO: [ app_begin ] --START--
INFO: Run Behavior\ReadHtmlCacheBehavior [ RunTime:0.001000s ]
INFO: [ app_begin ] --END-- [ RunTime:0.001000s ]
SQL: SHOW COLUMNS FROM `sm_stask` [ RunTime:0.0020s ]
SQL: select a.*,b.title,c.class from sm_stask a join sm_ttask b on a.task_id=b.id join  sm_student c on a.sid=c.sid  where a.is_mark=0 and a.task_id=16 order by c.class ,c.sid limit 3  [ RunTime:0.0030s ]

[ 2016-04-08T11:40:48+08:00 ] ::1 /studentMange/index.php/Teacher/viewtask/next_student_task
INFO: [ app_begin ] --START--
INFO: Run Behavior\ReadHtmlCacheBehavior [ RunTime:0.000000s ]
INFO: [ app_begin ] --END-- [ RunTime:0.001000s ]
SQL: SHOW COLUMNS FROM `sm_stask` [ RunTime:0.0030s ]
SQL: select a.*,b.title,c.class from sm_stask a join sm_ttask b on a.task_id=b.id join  sm_student c on a.sid=c.sid  where a.is_mark=0 and a.task_id=16 order by c.class ,c.sid limit 3  [ RunTime:0.0040s ]

[ 2016-04-08T11:40:49+08:00 ] ::1 /studentMange/index.php/Teacher/viewtask/next_student_task
INFO: [ app_begin ] --START--
INFO: Run Behavior\ReadHtmlCacheBehavior [ RunTime:0.001000s ]
INFO: [ app_begin ] --END-- [ RunTime:0.001000s ]
SQL: SHOW COLUMNS FROM `sm_stask` [ RunTime:0.0030s ]
SQL: select a.*,b.title,c.class from sm_stask a join sm_ttask b on a.task_id=b.id join  sm_student c on a.sid=c.sid  where a.is_mark=0 and a.task_id=16 order by c.class ,c.sid limit 3  [ RunTime:0.0030s ]

[ 2016-04-08T11:40:50+08:00 ] ::1 /studentMange/index.php/Teacher/viewtask/next_student_task
INFO: [ app_begin ] --START--
INFO: Run Behavior\ReadHtmlCacheBehavior [ RunTime:0.001001s ]
INFO: [ app_begin ] --END-- [ RunTime:0.001001s ]
SQL: SHOW COLUMNS FROM `sm_stask` [ RunTime:0.0030s ]
SQL: select a.*,b.title,c.class from sm_stask a join sm_ttask b on a.task_id=b.id join  sm_student c on a.sid=c.sid  where a.is_mark=0 and a.task_id=16 order by c.class ,c.sid limit 3  [ RunTime:0.0030s ]

[ 2016-04-08T11:40:51+08:00 ] ::1 /studentMange/index.php/Teacher/viewtask/next_student_task
INFO: [ app_begin ] --START--
INFO: Run Behavior\ReadHtmlCacheBehavior [ RunTime:0.000000s ]
INFO: [ app_begin ] --END-- [ RunTime:0.000000s ]
SQL: SHOW COLUMNS FROM `sm_stask` [ RunTime:0.0020s ]
SQL: select a.*,b.title,c.class from sm_stask a join sm_ttask b on a.task_id=b.id join  sm_student c on a.sid=c.sid  where a.is_mark=0 and a.task_id=16 order by c.class ,c.sid limit 3  [ RunTime:0.0040s ]

[ 2016-04-08T11:40:51+08:00 ] ::1 /studentMange/index.php/Teacher/viewtask/next_student_task
INFO: [ app_begin ] --START--
INFO: Run Behavior\ReadHtmlCacheBehavior [ RunTime:0.001000s ]
INFO: [ app_begin ] --END-- [ RunTime:0.001000s ]
SQL: SHOW COLUMNS FROM `sm_stask` [ RunTime:0.0020s ]
SQL: select a.*,b.title,c.class from sm_stask a join sm_ttask b on a.task_id=b.id join  sm_student c on a.sid=c.sid  where a.is_mark=0 and a.task_id=16 order by c.class ,c.sid limit 3  [ RunTime:0.0030s ]

[ 2016-04-08T11:40:52+08:00 ] ::1 /studentMange/index.php/Teacher/viewtask/next_student_task
INFO: [ app_begin ] --START--
INFO: Run Behavior\ReadHtmlCacheBehavior [ RunTime:0.001000s ]
INFO: [ app_begin ] --END-- [ RunTime:0.001000s ]
SQL: SHOW COLUMNS FROM `sm_stask` [ RunTime:0.0020s ]
SQL: select a.*,b.title,c.class from sm_stask a join sm_ttask b on a.task_id=b.id join  sm_student c on a.sid=c.sid  where a.is_mark=0 and a.task_id=16 order by c.class ,c.sid limit 3  [ RunTime:0.0020s ]

[ 2016-04-08T11:40:53+08:00 ] ::1 /studentMange/index.php/Teacher/viewtask/next_student_task
INFO: [ app_begin ] --START--
INFO: Run Behavior\ReadHtmlCacheBehavior [ RunTime:0.000000s ]
INFO: [ app_begin ] --END-- [ RunTime:0.015600s ]
SQL: SHOW COLUMNS FROM `sm_stask` [ RunTime:0.0030s ]
SQL: select a.*,b.title,c.class from sm_stask a join sm_ttask b on a.task_id=b.id join  sm_student c on a.sid=c.sid  where a.is_mark=0 and a.task_id=16 order by c.class ,c.sid limit 3  [ RunTime:0.0030s ]

[ 2016-04-08T11:40:53+08:00 ] ::1 /studentMange/index.php/Teacher/viewtask/next_student_task
INFO: [ app_begin ] --START--
INFO: Run Behavior\ReadHtmlCacheBehavior [ RunTime:0.001000s ]
INFO: [ app_begin ] --END-- [ RunTime:0.001000s ]
SQL: SHOW COLUMNS FROM `sm_stask` [ RunTime:0.0030s ]
SQL: select a.*,b.title,c.class from sm_stask a join sm_ttask b on a.task_id=b.id join  sm_student c on a.sid=c.sid  where a.is_mark=0 and a.task_id=16 order by c.class ,c.sid limit 3  [ RunTime:0.0030s ]

[ 2016-04-08T11:40:54+08:00 ] ::1 /studentMange/index.php/Teacher/viewtask/next_student_task
INFO: [ app_begin ] --START--
INFO: Run Behavior\ReadHtmlCacheBehavior [ RunTime:0.001000s ]
INFO: [ app_begin ] --END-- [ RunTime:0.001000s ]
SQL: SHOW COLUMNS FROM `sm_stask` [ RunTime:0.0030s ]
SQL: select a.*,b.title,c.class from sm_stask a join sm_ttask b on a.task_id=b.id join  sm_student c on a.sid=c.sid  where a.is_mark=0 and a.task_id=16 order by c.class ,c.sid limit 3  [ RunTime:0.0030s ]

[ 2016-04-08T11:40:54+08:00 ] ::1 /studentMange/index.php/Teacher/viewtask/next_student_task
INFO: [ app_begin ] --START--
INFO: Run Behavior\ReadHtmlCacheBehavior [ RunTime:0.001000s ]
INFO: [ app_begin ] --END-- [ RunTime:0.001000s ]
SQL: SHOW COLUMNS FROM `sm_stask` [ RunTime:0.0020s ]
SQL: select a.*,b.title,c.class from sm_stask a join sm_ttask b on a.task_id=b.id join  sm_student c on a.sid=c.sid  where a.is_mark=0 and a.task_id=16 order by c.class ,c.sid limit 3  [ RunTime:0.0030s ]

[ 2016-04-08T11:40:55+08:00 ] ::1 /studentMange/index.php/Teacher/viewtask/next_student_task
INFO: [ app_begin ] --START--
INFO: Run Behavior\ReadHtmlCacheBehavior [ RunTime:0.001000s ]
INFO: [ app_begin ] --END-- [ RunTime:0.001000s ]
SQL: SHOW COLUMNS FROM `sm_stask` [ RunTime:0.0030s ]
SQL: select a.*,b.title,c.class from sm_stask a join sm_ttask b on a.task_id=b.id join  sm_student c on a.sid=c.sid  where a.is_mark=0 and a.task_id=16 order by c.class ,c.sid limit 3  [ RunTime:0.0030s ]

[ 2016-04-08T11:40:56+08:00 ] ::1 /studentMange/index.php/Teacher/viewtask/next_student_task
INFO: [ app_begin ] --START--
INFO: Run Behavior\ReadHtmlCacheBehavior [ RunTime:0.001000s ]
INFO: [ app_begin ] --END-- [ RunTime:0.001000s ]
SQL: SHOW COLUMNS FROM `sm_stask` [ RunTime:0.0020s ]
SQL: select a.*,b.title,c.class from sm_stask a join sm_ttask b on a.task_id=b.id join  sm_student c on a.sid=c.sid  where a.is_mark=0 and a.task_id=16 order by c.class ,c.sid limit 3  [ RunTime:0.0030s ]

[ 2016-04-08T11:40:56+08:00 ] ::1 /studentMange/index.php/Teacher/viewtask/next_student_task
INFO: [ app_begin ] --START--
INFO: Run Behavior\ReadHtmlCacheBehavior [ RunTime:0.001000s ]
INFO: [ app_begin ] --END-- [ RunTime:0.001000s ]
SQL: SHOW COLUMNS FROM `sm_stask` [ RunTime:0.0020s ]
SQL: select a.*,b.title,c.class from sm_stask a join sm_ttask b on a.task_id=b.id join  sm_student c on a.sid=c.sid  where a.is_mark=0 and a.task_id=16 order by c.class ,c.sid limit 3  [ RunTime:0.0030s ]

[ 2016-04-08T11:40:57+08:00 ] ::1 /studentMange/index.php/Teacher/viewtask/next_student_task
INFO: [ app_begin ] --START--
INFO: Run Behavior\ReadHtmlCacheBehavior [ RunTime:0.001000s ]
INFO: [ app_begin ] --END-- [ RunTime:0.001000s ]
SQL: SHOW COLUMNS FROM `sm_stask` [ RunTime:0.0020s ]
SQL: select a.*,b.title,c.class from sm_stask a join sm_ttask b on a.task_id=b.id join  sm_student c on a.sid=c.sid  where a.is_mark=0 and a.task_id=16 order by c.class ,c.sid limit 3  [ RunTime:0.0020s ]

[ 2016-04-08T11:40:57+08:00 ] ::1 /studentMange/index.php/Teacher/viewtask/next_student_task
INFO: [ app_begin ] --START--
INFO: Run Behavior\ReadHtmlCacheBehavior [ RunTime:0.000000s ]
INFO: [ app_begin ] --END-- [ RunTime:0.000000s ]
SQL: SHOW COLUMNS FROM `sm_stask` [ RunTime:0.0030s ]
SQL: select a.*,b.title,c.class from sm_stask a join sm_ttask b on a.task_id=b.id join  sm_student c on a.sid=c.sid  where a.is_mark=0 and a.task_id=16 order by c.class ,c.sid limit 3  [ RunTime:0.0030s ]

[ 2016-04-08T11:40:58+08:00 ] ::1 /studentMange/index.php/Teacher/viewtask/next_student_task
INFO: [ app_begin ] --START--
INFO: Run Behavior\ReadHtmlCacheBehavior [ RunTime:0.000000s ]
INFO: [ app_begin ] --END-- [ RunTime:0.000000s ]
SQL: SHOW COLUMNS FROM `sm_stask` [ RunTime:0.0020s ]
SQL: select a.*,b.title,c.class from sm_stask a join sm_ttask b on a.task_id=b.id join  sm_student c on a.sid=c.sid  where a.is_mark=0 and a.task_id=16 order by c.class ,c.sid limit 3  [ RunTime:0.0030s ]

[ 2016-04-08T11:40:59+08:00 ] ::1 /studentMange/index.php/Teacher/viewtask/next_student_task
INFO: [ app_begin ] --START--
INFO: Run Behavior\ReadHtmlCacheBehavior [ RunTime:0.001000s ]
INFO: [ app_begin ] --END-- [ RunTime:0.001000s ]
SQL: SHOW COLUMNS FROM `sm_stask` [ RunTime:0.0020s ]
SQL: select a.*,b.title,c.class from sm_stask a join sm_ttask b on a.task_id=b.id join  sm_student c on a.sid=c.sid  where a.is_mark=0 and a.task_id=16 order by c.class ,c.sid limit 3  [ RunTime:0.0030s ]

[ 2016-04-08T11:40:59+08:00 ] ::1 /studentMange/index.php/Teacher/viewtask/next_student_task
INFO: [ app_begin ] --START--
INFO: Run Behavior\ReadHtmlCacheBehavior [ RunTime:0.001000s ]
INFO: [ app_begin ] --END-- [ RunTime:0.001000s ]
SQL: SHOW COLUMNS FROM `sm_stask` [ RunTime:0.0030s ]
SQL: select a.*,b.title,c.class from sm_stask a join sm_ttask b on a.task_id=b.id join  sm_student c on a.sid=c.sid  where a.is_mark=0 and a.task_id=16 order by c.class ,c.sid limit 3  [ RunTime:0.0050s ]

[ 2016-04-08T11:41:00+08:00 ] ::1 /studentMange/index.php/Teacher/viewtask/next_student_task
INFO: [ app_begin ] --START--
INFO: Run Behavior\ReadHtmlCacheBehavior [ RunTime:0.001000s ]
INFO: [ app_begin ] --END-- [ RunTime:0.001000s ]
SQL: SHOW COLUMNS FROM `sm_stask` [ RunTime:0.0020s ]
SQL: select a.*,b.title,c.class from sm_stask a join sm_ttask b on a.task_id=b.id join  sm_student c on a.sid=c.sid  where a.is_mark=0 and a.task_id=16 order by c.class ,c.sid limit 3  [ RunTime:0.0030s ]

[ 2016-04-08T11:41:00+08:00 ] ::1 /studentMange/index.php/Teacher/viewtask/next_student_task
INFO: [ app_begin ] --START--
INFO: Run Behavior\ReadHtmlCacheBehavior [ RunTime:0.001000s ]
INFO: [ app_begin ] --END-- [ RunTime:0.001000s ]
SQL: SHOW COLUMNS FROM `sm_stask` [ RunTime:0.0030s ]
SQL: select a.*,b.title,c.class from sm_stask a join sm_ttask b on a.task_id=b.id join  sm_student c on a.sid=c.sid  where a.is_mark=0 and a.task_id=16 order by c.class ,c.sid limit 3  [ RunTime:0.0030s ]

[ 2016-04-08T11:41:01+08:00 ] ::1 /studentMange/index.php/Teacher/viewtask/next_student_task
INFO: [ app_begin ] --START--
INFO: Run Behavior\ReadHtmlCacheBehavior [ RunTime:0.001000s ]
INFO: [ app_begin ] --END-- [ RunTime:0.001000s ]
SQL: SHOW COLUMNS FROM `sm_stask` [ RunTime:0.0020s ]
SQL: select a.*,b.title,c.class from sm_stask a join sm_ttask b on a.task_id=b.id join  sm_student c on a.sid=c.sid  where a.is_mark=0 and a.task_id=16 order by c.class ,c.sid limit 3  [ RunTime:0.0030s ]

[ 2016-04-08T11:41:02+08:00 ] ::1 /studentMange/index.php/Teacher/viewtask/next_student_task
INFO: [ app_begin ] --START--
INFO: Run Behavior\ReadHtmlCacheBehavior [ RunTime:0.000000s ]
INFO: [ app_begin ] --END-- [ RunTime:0.000000s ]
SQL: SHOW COLUMNS FROM `sm_stask` [ RunTime:0.0030s ]
SQL: select a.*,b.title,c.class from sm_stask a join sm_ttask b on a.task_id=b.id join  sm_student c on a.sid=c.sid  where a.is_mark=0 and a.task_id=16 order by c.class ,c.sid limit 3  [ RunTime:0.0030s ]

[ 2016-04-08T11:41:02+08:00 ] ::1 /studentMange/index.php/Teacher/viewtask/next_student_task
INFO: [ app_begin ] --START--
INFO: Run Behavior\ReadHtmlCacheBehavior [ RunTime:0.001000s ]
INFO: [ app_begin ] --END-- [ RunTime:0.001000s ]
SQL: SHOW COLUMNS FROM `sm_stask` [ RunTime:0.0020s ]
SQL: select a.*,b.title,c.class from sm_stask a join sm_ttask b on a.task_id=b.id join  sm_student c on a.sid=c.sid  where a.is_mark=0 and a.task_id=16 order by c.class ,c.sid limit 3  [ RunTime:0.0030s ]

[ 2016-04-08T11:41:03+08:00 ] ::1 /studentMange/index.php/Teacher/viewtask/next_student_task
INFO: [ app_begin ] --START--
INFO: Run Behavior\ReadHtmlCacheBehavior [ RunTime:0.001000s ]
INFO: [ app_begin ] --END-- [ RunTime:0.001000s ]
SQL: SHOW COLUMNS FROM `sm_stask` [ RunTime:0.0030s ]
SQL: select a.*,b.title,c.class from sm_stask a join sm_ttask b on a.task_id=b.id join  sm_student c on a.sid=c.sid  where a.is_mark=0 and a.task_id=16 order by c.class ,c.sid limit 3  [ RunTime:0.0030s ]

[ 2016-04-08T11:41:04+08:00 ] ::1 /studentMange/index.php/Teacher/viewtask/next_student_task
INFO: [ app_begin ] --START--
INFO: Run Behavior\ReadHtmlCacheBehavior [ RunTime:0.000000s ]
INFO: [ app_begin ] --END-- [ RunTime:0.000000s ]
SQL: SHOW COLUMNS FROM `sm_stask` [ RunTime:0.0020s ]
SQL: select a.*,b.title,c.class from sm_stask a join sm_ttask b on a.task_id=b.id join  sm_student c on a.sid=c.sid  where a.is_mark=0 and a.task_id=16 order by c.class ,c.sid limit 3  [ RunTime:0.0030s ]

[ 2016-04-08T11:41:18+08:00 ] ::1 /studentMange/index.php/Teacher/viewtask/next_student_task
INFO: [ app_begin ] --START--
INFO: Run Behavior\ReadHtmlCacheBehavior [ RunTime:0.000000s ]
INFO: [ app_begin ] --END-- [ RunTime:0.000000s ]
SQL: SHOW COLUMNS FROM `sm_stask` [ RunTime:0.0030s ]
SQL: select a.*,b.title,c.class from sm_stask a join sm_ttask b on a.task_id=b.id join  sm_student c on a.sid=c.sid  where a.is_mark=0 and a.task_id=16 order by c.class ,c.sid limit 3  [ RunTime:0.0030s ]

[ 2016-04-08T11:41:49+08:00 ] ::1 /studentMange/index.php/Teacher/viewtask/next_student_task
INFO: [ app_begin ] --START--
INFO: Run Behavior\ReadHtmlCacheBehavior [ RunTime:0.000000s ]
INFO: [ app_begin ] --END-- [ RunTime:0.000000s ]
SQL: SHOW COLUMNS FROM `sm_stask` [ RunTime:0.0030s ]
SQL: select a.*,b.title,c.class from sm_stask a join sm_ttask b on a.task_id=b.id join  sm_student c on a.sid=c.sid  where a.is_mark=0 and a.task_id=16 order by c.class ,c.sid limit 3  [ RunTime:0.0030s ]

[ 2016-04-08T12:15:21+08:00 ] ::1 /studentMange/index.php/Teacher/viewtask/index/course/UNIX%E7%A8%8B%E5%BA%8F%E8%AE%BE%E8%AE%A1.shtml
ERR: 1064:You have an error in your SQL syntax; check the manual that corresponds to your MariaDB server version for the right syntax to use near '' at line 1
 [ SQL语句 ] : select a.*,b.title,c.class from sm_stask a join sm_ttask b on a.task_id=b.id join sm_student c on a.sid=c.sid  where a.id=

[ 2016-04-08T12:20:42+08:00 ] ::1 /studentMange/index.php/Teacher/taskdetail/index/course/UNIX%E7%A8%8B%E5%BA%8F%E8%AE%BE%E8%AE%A1.shtml
ERR: 1064:You have an error in your SQL syntax; check the manual that corresponds to your MariaDB server version for the right syntax to use near 'order by b.class , b.sid' at line 1
 [ SQL语句 ] : select a.*,b.class from sm_stask a inner join sm_student b on a.sid = b.sid where a.task_id =  order by b.class , b.sid

[ 2016-04-08T12:25:26+08:00 ] ::1 /studentMange/index.php/Teacher/viewtask/mark_task
INFO: [ app_begin ] --START--
INFO: Run Behavior\ReadHtmlCacheBehavior [ RunTime:0.000000s ]
INFO: [ app_begin ] --END-- [ RunTime:0.000000s ]
SQL: SHOW COLUMNS FROM `sm_stask` [ RunTime:0.0020s ]
SQL: UPDATE `sm_stask` SET `mark_reply`='已批改',`is_mark`='1',`score`='22' WHERE ( id=358 ) [ RunTime:0.0040s ]

[ 2016-04-08T13:05:24+08:00 ] ::1 /studentMange/index.php/Teacher/viewtask/next_student_task
INFO: [ app_begin ] --START--
INFO: Run Behavior\ReadHtmlCacheBehavior [ RunTime:0.001000s ]
INFO: [ app_begin ] --END-- [ RunTime:0.001000s ]
SQL: SHOW COLUMNS FROM `sm_stask` [ RunTime:0.0020s ]
SQL: select a.*,b.title,c.class from sm_stask a join sm_ttask b on a.task_id=b.id join  sm_student c on a.sid=c.sid  where a.is_mark=0 and a.task_id=32 order by c.class ,c.sid limit 3  [ RunTime:0.0030s ]

[ 2016-04-08T13:47:46+08:00 ] ::1 /studentMange/index.php/Teacher/studenttask/index/sid/1053435647/course/UNIX%E7%A8%8B%E5%BA%8F%E8%AE%BE%E8%AE%A1.shtml
ERR: 无法加载控制器:Studenttask

[ 2016-04-08T13:47:58+08:00 ] ::1 /studentMange/index.php/Teacher/studenttask/index/sid/1053435647/course/UNIX%E7%A8%8B%E5%BA%8F%E8%AE%BE%E8%AE%A1.shtml
ERR: 无法加载控制器:Studenttask

[ 2016-04-08T13:47:59+08:00 ] ::1 /studentMange/index.php/Teacher/studenttask/index/sid/1053435647/course/UNIX%E7%A8%8B%E5%BA%8F%E8%AE%BE%E8%AE%A1.shtml
ERR: 无法加载控制器:Studenttask

[ 2016-04-08T13:48:01+08:00 ] ::1 /studentMange/index.php/Teacher/studenttask/index/sid/1053435647/course/UNIX%E7%A8%8B%E5%BA%8F%E8%AE%BE%E8%AE%A1.shtml
ERR: 无法加载控制器:Studenttask

[ 2016-04-08T13:57:33+08:00 ] ::1 /studentMange/index.php/Teacher/studenttask/index/sid/1053435647/course/UNIX%E7%A8%8B%E5%BA%8F%E8%AE%BE%E8%AE%A1.shtml
ERR: 1064:You have an error in your SQL syntax; check the manual that corresponds to your MariaDB server version for the right syntax to use near 'a.tname='tname' and b.sid=1053435647 order by a.start_time desc' at line 1
 [ SQL语句 ] : select a.*,b.* from sm_ttask a left join sm_stask b on a.id=b.task_id where a.course='UNIX程序设计',a.tname='tname' and b.sid=1053435647 order by a.start_time desc

[ 2016-04-08T13:58:04+08:00 ] ::1 /studentMange/index.php/Teacher/studenttask/index/sid/1053435647/course/UNIX%E7%A8%8B%E5%BA%8F%E8%AE%BE%E8%AE%A1.shtml
ERR: 1064:You have an error in your SQL syntax; check the manual that corresponds to your MariaDB server version for the right syntax to use near 'a.tname='曹玲' and b.sid=1053435647 order by a.start_time desc' at line 1
 [ SQL语句 ] : select a.*,b.* from sm_ttask a left join sm_stask b on a.id=b.task_id where a.course='UNIX程序设计',a.tname='曹玲' and b.sid=1053435647 order by a.start_time desc

[ 2016-04-08T14:20:58+08:00 ] ::1 /studentMange/index.php/Teacher/studenttask/index/sid/1208010126/course/UNIX%E7%A8%8B%E5%BA%8F%E8%AE%BE%E8%AE%A1.shtml
ERR: 1248:Every derived table must have its own alias
 [ SQL语句 ] : select * from (select a.*,b.* from sm_ttask a left join sm_stask b on a.id=b.task_id where a.course='UNIX程序设计' and a.tname='曹玲'  order by a.start_time desc) where sid=1208010126

[ 2016-04-08T14:21:49+08:00 ] ::1 /studentMange/index.php/Teacher/studenttask/index/sid/1208010126/course/UNIX%E7%A8%8B%E5%BA%8F%E8%AE%BE%E8%AE%A1.shtml
ERR: 1060:Duplicate column name 'id'
 [ SQL语句 ] : select c.* from (select a.*,b.* from sm_ttask a left join sm_stask b on a.id=b.task_id where a.course='UNIX程序设计' and a.tname='曹玲'  order by a.start_time desc) as c where c.sid=1208010126

[ 2016-04-08T14:21:50+08:00 ] ::1 /studentMange/index.php/Teacher/studenttask/index/sid/1208010126/course/UNIX%E7%A8%8B%E5%BA%8F%E8%AE%BE%E8%AE%A1.shtml
ERR: 1060:Duplicate column name 'id'
 [ SQL语句 ] : select c.* from (select a.*,b.* from sm_ttask a left join sm_stask b on a.id=b.task_id where a.course='UNIX程序设计' and a.tname='曹玲'  order by a.start_time desc) as c where c.sid=1208010126

[ 2016-04-08T14:21:51+08:00 ] ::1 /studentMange/index.php/Teacher/studenttask/index/sid/1208010126/course/UNIX%E7%A8%8B%E5%BA%8F%E8%AE%BE%E8%AE%A1.shtml
ERR: 1060:Duplicate column name 'id'
 [ SQL语句 ] : select c.* from (select a.*,b.* from sm_ttask a left join sm_stask b on a.id=b.task_id where a.course='UNIX程序设计' and a.tname='曹玲'  order by a.start_time desc) as c where c.sid=1208010126

[ 2016-04-08T14:21:51+08:00 ] ::1 /studentMange/index.php/Teacher/studenttask/index/sid/1208010126/course/UNIX%E7%A8%8B%E5%BA%8F%E8%AE%BE%E8%AE%A1.shtml
ERR: 1060:Duplicate column name 'id'
 [ SQL语句 ] : select c.* from (select a.*,b.* from sm_ttask a left join sm_stask b on a.id=b.task_id where a.course='UNIX程序设计' and a.tname='曹玲'  order by a.start_time desc) as c where c.sid=1208010126

[ 2016-04-08T14:21:51+08:00 ] ::1 /studentMange/index.php/Teacher/studenttask/index/sid/1208010126/course/UNIX%E7%A8%8B%E5%BA%8F%E8%AE%BE%E8%AE%A1.shtml
ERR: 1060:Duplicate column name 'id'
 [ SQL语句 ] : select c.* from (select a.*,b.* from sm_ttask a left join sm_stask b on a.id=b.task_id where a.course='UNIX程序设计' and a.tname='曹玲'  order by a.start_time desc) as c where c.sid=1208010126

[ 2016-04-08T14:21:51+08:00 ] ::1 /studentMange/index.php/Teacher/studenttask/index/sid/1208010126/course/UNIX%E7%A8%8B%E5%BA%8F%E8%AE%BE%E8%AE%A1.shtml
ERR: 1060:Duplicate column name 'id'
 [ SQL语句 ] : select c.* from (select a.*,b.* from sm_ttask a left join sm_stask b on a.id=b.task_id where a.course='UNIX程序设计' and a.tname='曹玲'  order by a.start_time desc) as c where c.sid=1208010126

[ 2016-04-08T14:21:51+08:00 ] ::1 /studentMange/index.php/Teacher/studenttask/index/sid/1208010126/course/UNIX%E7%A8%8B%E5%BA%8F%E8%AE%BE%E8%AE%A1.shtml
ERR: 1060:Duplicate column name 'id'
 [ SQL语句 ] : select c.* from (select a.*,b.* from sm_ttask a left join sm_stask b on a.id=b.task_id where a.course='UNIX程序设计' and a.tname='曹玲'  order by a.start_time desc) as c where c.sid=1208010126

[ 2016-04-08T14:21:51+08:00 ] ::1 /studentMange/index.php/Teacher/studenttask/index/sid/1208010126/course/UNIX%E7%A8%8B%E5%BA%8F%E8%AE%BE%E8%AE%A1.shtml
ERR: 1060:Duplicate column name 'id'
 [ SQL语句 ] : select c.* from (select a.*,b.* from sm_ttask a left join sm_stask b on a.id=b.task_id where a.course='UNIX程序设计' and a.tname='曹玲'  order by a.start_time desc) as c where c.sid=1208010126

[ 2016-04-08T14:21:51+08:00 ] ::1 /studentMange/index.php/Teacher/studenttask/index/sid/1208010126/course/UNIX%E7%A8%8B%E5%BA%8F%E8%AE%BE%E8%AE%A1.shtml
ERR: 1060:Duplicate column name 'id'
 [ SQL语句 ] : select c.* from (select a.*,b.* from sm_ttask a left join sm_stask b on a.id=b.task_id where a.course='UNIX程序设计' and a.tname='曹玲'  order by a.start_time desc) as c where c.sid=1208010126

[ 2016-04-08T14:21:51+08:00 ] ::1 /studentMange/index.php/Teacher/studenttask/index/sid/1208010126/course/UNIX%E7%A8%8B%E5%BA%8F%E8%AE%BE%E8%AE%A1.shtml
ERR: 1060:Duplicate column name 'id'
 [ SQL语句 ] : select c.* from (select a.*,b.* from sm_ttask a left join sm_stask b on a.id=b.task_id where a.course='UNIX程序设计' and a.tname='曹玲'  order by a.start_time desc) as c where c.sid=1208010126

[ 2016-04-08T14:21:51+08:00 ] ::1 /studentMange/index.php/Teacher/studenttask/index/sid/1208010126/course/UNIX%E7%A8%8B%E5%BA%8F%E8%AE%BE%E8%AE%A1.shtml
ERR: 1060:Duplicate column name 'id'
 [ SQL语句 ] : select c.* from (select a.*,b.* from sm_ttask a left join sm_stask b on a.id=b.task_id where a.course='UNIX程序设计' and a.tname='曹玲'  order by a.start_time desc) as c where c.sid=1208010126

[ 2016-04-08T14:21:51+08:00 ] ::1 /studentMange/index.php/Teacher/studenttask/index/sid/1208010126/course/UNIX%E7%A8%8B%E5%BA%8F%E8%AE%BE%E8%AE%A1.shtml
ERR: 1060:Duplicate column name 'id'
 [ SQL语句 ] : select c.* from (select a.*,b.* from sm_ttask a left join sm_stask b on a.id=b.task_id where a.course='UNIX程序设计' and a.tname='曹玲'  order by a.start_time desc) as c where c.sid=1208010126

[ 2016-04-08T14:30:34+08:00 ] ::1 /studentMange/index.php/Teacher/studenttask/index/sid/1208010126/course/UNIX%E7%A8%8B%E5%BA%8F%E8%AE%BE%E8%AE%A1.shtml
ERR: 1064:You have an error in your SQL syntax; check the manual that corresponds to your MariaDB server version for the right syntax to use near 'as a1,b.sid as b1,b.score as b2 from sm_ttask a left join sm_stask b on a.id=b.t' at line 1
 [ SQL语句 ] : select a1,b1,b2 from (select a.* as a1,b.sid as b1,b.score as b2 from sm_ttask a left join sm_stask b on a.id=b.task_id where a.course='UNIX程序设计' and a.tname='曹玲'  order by a.start_time desc) as c where b1=1208010126

[ 2016-04-08T14:30:35+08:00 ] ::1 /studentMange/index.php/Teacher/studenttask/index/sid/1208010126/course/UNIX%E7%A8%8B%E5%BA%8F%E8%AE%BE%E8%AE%A1.shtml
ERR: 1064:You have an error in your SQL syntax; check the manual that corresponds to your MariaDB server version for the right syntax to use near 'as a1,b.sid as b1,b.score as b2 from sm_ttask a left join sm_stask b on a.id=b.t' at line 1
 [ SQL语句 ] : select a1,b1,b2 from (select a.* as a1,b.sid as b1,b.score as b2 from sm_ttask a left join sm_stask b on a.id=b.task_id where a.course='UNIX程序设计' and a.tname='曹玲'  order by a.start_time desc) as c where b1=1208010126

[ 2016-04-08T14:30:36+08:00 ] ::1 /studentMange/index.php/Teacher/studenttask/index/sid/1208010126/course/UNIX%E7%A8%8B%E5%BA%8F%E8%AE%BE%E8%AE%A1.shtml
ERR: 1064:You have an error in your SQL syntax; check the manual that corresponds to your MariaDB server version for the right syntax to use near 'as a1,b.sid as b1,b.score as b2 from sm_ttask a left join sm_stask b on a.id=b.t' at line 1
 [ SQL语句 ] : select a1,b1,b2 from (select a.* as a1,b.sid as b1,b.score as b2 from sm_ttask a left join sm_stask b on a.id=b.task_id where a.course='UNIX程序设计' and a.tname='曹玲'  order by a.start_time desc) as c where b1=1208010126

[ 2016-04-08T14:30:36+08:00 ] ::1 /studentMange/index.php/Teacher/studenttask/index/sid/1208010126/course/UNIX%E7%A8%8B%E5%BA%8F%E8%AE%BE%E8%AE%A1.shtml
ERR: 1064:You have an error in your SQL syntax; check the manual that corresponds to your MariaDB server version for the right syntax to use near 'as a1,b.sid as b1,b.score as b2 from sm_ttask a left join sm_stask b on a.id=b.t' at line 1
 [ SQL语句 ] : select a1,b1,b2 from (select a.* as a1,b.sid as b1,b.score as b2 from sm_ttask a left join sm_stask b on a.id=b.task_id where a.course='UNIX程序设计' and a.tname='曹玲'  order by a.start_time desc) as c where b1=1208010126

[ 2016-04-08T14:54:38+08:00 ] ::1 /studentMange/index.php/Teacher/studenttask/index/sid/1208010126/course/UNIX%E7%A8%8B%E5%BA%8F%E8%AE%BE%E8%AE%A1.shtml
ERR: 1064:You have an error in your SQL syntax; check the manual that corresponds to your MariaDB server version for the right syntax to use near 'form (select title as a1,id as a2 from sm_ttask  where course='UNIX程序设计'' at line 1
 [ SQL语句 ] : select a1,a2 ,b.* form (select title as a1,id as a2 from sm_ttask  where course='UNIX程序设计' and tname='曹玲') left join sm_stask as b on a2=b.task_id where b.sid=1208010126

[ 2016-04-08T14:55:21+08:00 ] ::1 /studentMange/index.php/Teacher/studenttask/index/sid/1208010126/course/UNIX%E7%A8%8B%E5%BA%8F%E8%AE%BE%E8%AE%A1.shtml
ERR: 1064:You have an error in your SQL syntax; check the manual that corresponds to your MariaDB server version for the right syntax to use near 'form (select a.title as a1,a.id as a2 from sm_ttask a  where a.course='UNIX程' at line 1
 [ SQL语句 ] : select a1,a2 ,b.* form (select a.title as a1,a.id as a2 from sm_ttask a  where a.course='UNIX程序设计' and a.tname='曹玲') as c left join sm_stask as b on a2=b.task_id where b.sid=1208010126

[ 2016-04-08T14:55:22+08:00 ] ::1 /studentMange/index.php/Teacher/studenttask/index/sid/1208010126/course/UNIX%E7%A8%8B%E5%BA%8F%E8%AE%BE%E8%AE%A1.shtml
ERR: 1064:You have an error in your SQL syntax; check the manual that corresponds to your MariaDB server version for the right syntax to use near 'form (select a.title as a1,a.id as a2 from sm_ttask a  where a.course='UNIX程' at line 1
 [ SQL语句 ] : select a1,a2 ,b.* form (select a.title as a1,a.id as a2 from sm_ttask a  where a.course='UNIX程序设计' and a.tname='曹玲') as c left join sm_stask as b on a2=b.task_id where b.sid=1208010126

[ 2016-04-08T14:57:11+08:00 ] ::1 /studentMange/index.php/Teacher/studenttask/index/sid/1208010126/course/UNIX%E7%A8%8B%E5%BA%8F%E8%AE%BE%E8%AE%A1.shtml
ERR: 1064:You have an error in your SQL syntax; check the manual that corresponds to your MariaDB server version for the right syntax to use near 'form (select a.title as a1,a.id as a2 from sm_ttask a  where a.course='UNIX程' at line 1
 [ SQL语句 ] : select a1,a2,b.* form (select a.title as a1,a.id as a2 from sm_ttask a  where a.course='UNIX程序设计' and a.tname='曹玲')  left join sm_stask as b on a2=b.task_id where b.sid=1208010126

[ 2016-04-08T14:57:12+08:00 ] ::1 /studentMange/index.php/Teacher/studenttask/index/sid/1208010126/course/UNIX%E7%A8%8B%E5%BA%8F%E8%AE%BE%E8%AE%A1.shtml
ERR: 1064:You have an error in your SQL syntax; check the manual that corresponds to your MariaDB server version for the right syntax to use near 'form (select a.title as a1,a.id as a2 from sm_ttask a  where a.course='UNIX程' at line 1
 [ SQL语句 ] : select a1,a2,b.* form (select a.title as a1,a.id as a2 from sm_ttask a  where a.course='UNIX程序设计' and a.tname='曹玲')  left join sm_stask as b on a2=b.task_id where b.sid=1208010126

[ 2016-04-08T14:57:12+08:00 ] ::1 /studentMange/index.php/Teacher/studenttask/index/sid/1208010126/course/UNIX%E7%A8%8B%E5%BA%8F%E8%AE%BE%E8%AE%A1.shtml
ERR: 1064:You have an error in your SQL syntax; check the manual that corresponds to your MariaDB server version for the right syntax to use near 'form (select a.title as a1,a.id as a2 from sm_ttask a  where a.course='UNIX程' at line 1
 [ SQL语句 ] : select a1,a2,b.* form (select a.title as a1,a.id as a2 from sm_ttask a  where a.course='UNIX程序设计' and a.tname='曹玲')  left join sm_stask as b on a2=b.task_id where b.sid=1208010126

[ 2016-04-08T14:57:17+08:00 ] ::1 /studentMange/index.php/Teacher/studenttask/index/sid/1208010126/course/UNIX%E7%A8%8B%E5%BA%8F%E8%AE%BE%E8%AE%A1.shtml
ERR: 1064:You have an error in your SQL syntax; check the manual that corresponds to your MariaDB server version for the right syntax to use near 'form (select a.title as a1,a.id as a2 from sm_ttask a  where a.course='UNIX程' at line 1
 [ SQL语句 ] : select a1,a2,b.* form (select a.title as a1,a.id as a2 from sm_ttask a  where a.course='UNIX程序设计' and a.tname='曹玲')  left join sm_stask as b on a2=b.task_id where b.sid=1208010126

[ 2016-04-08T14:57:18+08:00 ] ::1 /studentMange/index.php/Teacher/studenttask/index/sid/1208010126/course/UNIX%E7%A8%8B%E5%BA%8F%E8%AE%BE%E8%AE%A1.shtml
ERR: 1064:You have an error in your SQL syntax; check the manual that corresponds to your MariaDB server version for the right syntax to use near 'form (select a.title as a1,a.id as a2 from sm_ttask a  where a.course='UNIX程' at line 1
 [ SQL语句 ] : select a1,a2,b.* form (select a.title as a1,a.id as a2 from sm_ttask a  where a.course='UNIX程序设计' and a.tname='曹玲')  left join sm_stask as b on a2=b.task_id where b.sid=1208010126

[ 2016-04-08T14:57:52+08:00 ] ::1 /studentMange/index.php/Teacher/studenttask/index/sid/1208010126/course/UNIX%E7%A8%8B%E5%BA%8F%E8%AE%BE%E8%AE%A1.shtml
ERR: 1248:Every derived table must have its own alias
 [ SQL语句 ] : select a1,a2,b.* from (select a.title as a1,a.id as a2 from sm_ttask a  where a.course='UNIX程序设计' and a.tname='曹玲')  left join sm_stask as b on a2=b.task_id where b.sid=1208010126

[ 2016-04-08T15:10:55+08:00 ] ::1 /studentMange/index.php/Teacher/studenttask/index/sid/1208010126/course/UNIX%E7%A8%8B%E5%BA%8F%E8%AE%BE%E8%AE%A1.shtml
ERR: 1064:You have an error in your SQL syntax; check the manual that corresponds to your MariaDB server version for the right syntax to use near 'sm_stask as b on c.a2=b.task_id where b.sid=1208010126 order by c.a2' at line 1
 [ SQL语句 ] : select c.*,b.* from (select title as a1,id as a2 from sm_ttask  where course='UNIX程序设计' and tname='曹玲')as c union sm_stask as b on c.a2=b.task_id where b.sid=1208010126 order by c.a2

[ 2016-04-08T15:12:41+08:00 ] ::1 /studentMange/index.php/Teacher/studenttask/index/sid/1208010126/course/UNIX%E7%A8%8B%E5%BA%8F%E8%AE%BE%E8%AE%A1.shtml
ERR: 1064:You have an error in your SQL syntax; check the manual that corresponds to your MariaDB server version for the right syntax to use near 'sm_stask as b on c.a2=b.task_id  order by c.a2' at line 1
 [ SQL语句 ] : select c.*,b.* from (select title as a1,id as a2 from sm_ttask  where course='UNIX程序设计' and tname='曹玲')as c union sm_stask as b on c.a2=b.task_id  order by c.a2

[ 2016-04-08T15:42:16+08:00 ] ::1 /studentMange/index.php/Teacher/studenttask/index/sid/1208010126/course/UNIX%E7%A8%8B%E5%BA%8F%E8%AE%BE%E8%AE%A1.shtml
ERR: 1054:Unknown column 'c.a2' in 'on clause'
 [ SQL语句 ] : select c.*,b.submit_time,b.is_mark,b.score from (select title as title,id as tid from sm_ttask  where course='UNIX程序设计' and tname='曹玲')as c LEFT JOIN sm_stask as b ON c.a2=b.task_id and b.sid=1208010126  order by c.a2

[ 2016-04-08T16:04:41+08:00 ] ::1 /studentMange/index.php/Teacher/viewtask/mark_task
INFO: [ app_begin ] --START--
INFO: Run Behavior\ReadHtmlCacheBehavior [ RunTime:0.001000s ]
INFO: [ app_begin ] --END-- [ RunTime:0.001000s ]
SQL: SHOW COLUMNS FROM `sm_stask` [ RunTime:0.0030s ]
SQL: UPDATE `sm_stask` SET `mark_reply`='已批改',`is_mark`='1',`score`='11' WHERE ( id=6 ) [ RunTime:0.0000s ]

[ 2016-04-08T16:09:30+08:00 ] ::1 /studentMange/index.php/Teacher/Course/send_content/course/UNIX%E7%A8%8B%E5%BA%8F%E8%AE%BE%E8%AE%A1
INFO: [ app_begin ] --START--
INFO: Run Behavior\ReadHtmlCacheBehavior [ RunTime:0.002000s ]
INFO: [ app_begin ] --END-- [ RunTime:0.002000s ]
SQL: SHOW COLUMNS FROM `sm_ttask` [ RunTime:0.0020s ]
SQL: SHOW COLUMNS FROM `sm_student` [ RunTime:0.0020s ]
SQL: SHOW COLUMNS FROM `sm_student_course` [ RunTime:0.0020s ]
SQL: SELECT `sid` FROM `sm_student_course` WHERE ( cname='UNIX程序设计' )  [ RunTime:0.0000s ]
SQL: SELECT `sname`,`class` FROM `sm_student` WHERE ( sid=1332527405 )  [ RunTime:0.0000s ]
NOTIC: [8] Undefined variable: class_data E:\xampp0\htdocs\studentMange\Application\Common\Common\function.php 第 60 行.
NOTIC: [2] in_array() expects parameter 2 to be array, null given E:\xampp0\htdocs\studentMange\Application\Common\Common\function.php 第 60 行.
SQL: SELECT `sname`,`class` FROM `sm_student` WHERE ( sid=1291868759 )  [ RunTime:0.0000s ]
SQL: SELECT `sname`,`class` FROM `sm_student` WHERE ( sid=1329336283 )  [ RunTime:0.0000s ]
SQL: SELECT `sname`,`class` FROM `sm_student` WHERE ( sid=1149219358 )  [ RunTime:0.0000s ]
SQL: SELECT `sname`,`class` FROM `sm_student` WHERE ( sid=1026780394 )  [ RunTime:0.0000s ]
SQL: SELECT `sname`,`class` FROM `sm_student` WHERE ( sid=1105457189 )  [ RunTime:0.0000s ]
SQL: SELECT `sname`,`class` FROM `sm_student` WHERE ( sid=1006482357 )  [ RunTime:0.0000s ]
SQL: SELECT `sname`,`class` FROM `sm_student` WHERE ( sid=1282933618 )  [ RunTime:0.0000s ]
SQL: SELECT `sname`,`class` FROM `sm_student` WHERE ( sid=1033075038 )  [ RunTime:0.0000s ]
SQL: SELECT `sname`,`class` FROM `sm_student` WHERE ( sid=1295597992 )  [ RunTime:0.0000s ]
SQL: SELECT `sname`,`class` FROM `sm_student` WHERE ( sid=1053360562 )  [ RunTime:0.0000s ]
SQL: SELECT `sname`,`class` FROM `sm_student` WHERE ( sid=1251973479 )  [ RunTime:0.0010s ]
SQL: SELECT `sname`,`class` FROM `sm_student` WHERE ( sid=1374575127 )  [ RunTime:0.0000s ]
SQL: SELECT `sname`,`class` FROM `sm_student` WHERE ( sid=1363374916 )  [ RunTime:0.0000s ]
SQL: SELECT `sname`,`class` FROM `sm_student` WHERE ( sid=1265826702 )  [ RunTime:0.0000s ]
SQL: SELECT `sname`,`class` FROM `sm_student` WHERE ( sid=1299802764 )  [ RunTime:0.0000s ]
SQL: SELECT `sname`,`class` FROM `sm_student` WHERE ( sid=1145715381 )  [ RunTime:0.0010s ]
SQL: SELECT `sname`,`class` FROM `sm_student` WHERE ( sid=1309288530 )  [ RunTime:0.0000s ]
SQL: SELECT `sname`,`class` FROM `sm_student` WHERE ( sid=1184209070 )  [ RunTime:0.0010s ]
SQL: SELECT `sname`,`class` FROM `sm_student` WHERE ( sid=1053435647 )  [ RunTime:0.0000s ]
SQL: SELECT `sname`,`class` FROM `sm_student` WHERE ( sid=1070705247 )  [ RunTime:0.0010s ]
SQL: SELECT `sname`,`class` FROM `sm_student` WHERE ( sid=1392758265 )  [ RunTime:0.0000s ]
SQL: SELECT `sname`,`class` FROM `sm_student` WHERE ( sid=1160331970 )  [ RunTime:0.0010s ]
SQL: SELECT `sname`,`class` FROM `sm_student` WHERE ( sid=1289466032 )  [ RunTime:0.0010s ]
SQL: SELECT `sname`,`class` FROM `sm_student` WHERE ( sid=1301817550 )  [ RunTime:0.0010s ]
SQL: SELECT `sname`,`class` FROM `sm_student` WHERE ( sid=1103104519 )  [ RunTime:0.0010s ]
SQL: SELECT `sname`,`class` FROM `sm_student` WHERE ( sid=1317973387 )  [ RunTime:0.0000s ]
SQL: SELECT `sname`,`class` FROM `sm_student` WHERE ( sid=1053911187 )  [ RunTime:0.0000s ]
SQL: SELECT `sname`,`class` FROM `sm_student` WHERE ( sid=1150996374 )  [ RunTime:0.0000s ]
SQL: SELECT `sname`,`class` FROM `sm_student` WHERE ( sid=1368130313 )  [ RunTime:0.0000s ]
SQL: SELECT `sname`,`class` FROM `sm_student` WHERE ( sid=1008359487 )  [ RunTime:0.0000s ]
SQL: SELECT `sname`,`class` FROM `sm_student` WHERE ( sid=1014816816 )  [ RunTime:0.0010s ]
SQL: SELECT `sname`,`class` FROM `sm_student` WHERE ( sid=1126193224 )  [ RunTime:0.0000s ]
SQL: SELECT `sname`,`class` FROM `sm_student` WHERE ( sid=1363850455 )  [ RunTime:0.0000s ]
SQL: SELECT `sname`,`class` FROM `sm_student` WHERE ( sid=1030497113 )  [ RunTime:0.0010s ]
SQL: SELECT `sname`,`class` FROM `sm_student` WHERE ( sid=1372247486 )  [ RunTime:0.0000s ]
SQL: SELECT `sname`,`class` FROM `sm_student` WHERE ( sid=1099863340 )  [ RunTime:0.0000s ]
SQL: SELECT `sname`,`class` FROM `sm_student` WHERE ( sid=1006344700 )  [ RunTime:0.0010s ]
SQL: SELECT `sname`,`class` FROM `sm_student` WHERE ( sid=1315032549 )  [ RunTime:0.0000s ]
SQL: SELECT `sname`,`class` FROM `sm_student` WHERE ( sid=1208010126 )  [ RunTime:0.0000s ]
SQL: INSERT INTO `sm_ttask` (`title`,`content`,`course`,`tid`,`tname`,`start_time`,`total_number`,`complete_number`,`status`,`type`) VALUES ('第一次作业测试','&lt;p&gt;第一次作业测试&lt;/p&gt;','UNIX程序设计','80135','曹玲','1460102970','40','0','0','课前') [ RunTime:0.0010s ]

[ 2016-04-08T16:10:44+08:00 ] ::1 /studentMange/index.php/Teacher/viewtask/mark_task
INFO: [ app_begin ] --START--
INFO: Run Behavior\ReadHtmlCacheBehavior [ RunTime:0.001000s ]
INFO: [ app_begin ] --END-- [ RunTime:0.001000s ]
SQL: SHOW COLUMNS FROM `sm_stask` [ RunTime:0.0030s ]
SQL: UPDATE `sm_stask` SET `mark_reply`='已批改',`is_mark`='1',`score`='100' WHERE ( id=371 ) [ RunTime:0.0000s ]

[ 2016-04-08T16:10:46+08:00 ] ::1 /studentMange/index.php/Teacher/viewtask/next_student_task
INFO: [ app_begin ] --START--
INFO: Run Behavior\ReadHtmlCacheBehavior [ RunTime:0.001000s ]
INFO: [ app_begin ] --END-- [ RunTime:0.001000s ]
SQL: SHOW COLUMNS FROM `sm_stask` [ RunTime:0.0020s ]
SQL: select a.*,b.title,c.class from sm_stask a join sm_ttask b on a.task_id=b.id join  sm_student c on a.sid=c.sid  where a.is_mark=0 and a.task_id=33 order by c.class ,c.sid limit 3  [ RunTime:0.0020s ]

[ 2016-04-08T16:11:10+08:00 ] ::1 /studentMange/index.php/Teacher/viewtask/mark_task
INFO: [ app_begin ] --START--
INFO: Run Behavior\ReadHtmlCacheBehavior [ RunTime:0.001000s ]
INFO: [ app_begin ] --END-- [ RunTime:0.001000s ]
SQL: SHOW COLUMNS FROM `sm_stask` [ RunTime:0.0020s ]
SQL: UPDATE `sm_stask` SET `mark_reply`='已批改',`is_mark`='1',`score`='100' WHERE ( id=371 ) [ RunTime:0.0000s ]

[ 2016-04-08T16:11:19+08:00 ] ::1 /studentMange/index.php/Teacher/viewtask/mark_task
INFO: [ app_begin ] --START--
INFO: Run Behavior\ReadHtmlCacheBehavior [ RunTime:0.002000s ]
INFO: [ app_begin ] --END-- [ RunTime:0.002000s ]
SQL: SHOW COLUMNS FROM `sm_stask` [ RunTime:0.0020s ]
SQL: UPDATE `sm_stask` SET `mark_reply`='已批改',`is_mark`='1',`score`='99' WHERE ( id=371 ) [ RunTime:0.0000s ]

[ 2016-04-08T16:18:09+08:00 ] ::1 /studentMange/index.php/Teacher/Course/send_content/course/UNIX%E7%A8%8B%E5%BA%8F%E8%AE%BE%E8%AE%A1
INFO: [ app_begin ] --START--
INFO: Run Behavior\ReadHtmlCacheBehavior [ RunTime:0.000000s ]
INFO: [ app_begin ] --END-- [ RunTime:0.000000s ]
SQL: SHOW COLUMNS FROM `sm_ttask` [ RunTime:0.0060s ]
SQL: SHOW COLUMNS FROM `sm_student` [ RunTime:0.0030s ]
SQL: SHOW COLUMNS FROM `sm_student_course` [ RunTime:0.0030s ]
SQL: SELECT `sid` FROM `sm_student_course` WHERE ( cname='UNIX程序设计' )  [ RunTime:0.0010s ]
SQL: SELECT `sname`,`class` FROM `sm_student` WHERE ( sid=1332527405 )  [ RunTime:0.0010s ]
NOTIC: [8] Undefined variable: class_data E:\xampp0\htdocs\studentMange\Application\Common\Common\function.php 第 60 行.
NOTIC: [2] in_array() expects parameter 2 to be array, null given E:\xampp0\htdocs\studentMange\Application\Common\Common\function.php 第 60 行.
SQL: SELECT `sname`,`class` FROM `sm_student` WHERE ( sid=1291868759 )  [ RunTime:0.0000s ]
SQL: SELECT `sname`,`class` FROM `sm_student` WHERE ( sid=1329336283 )  [ RunTime:0.0000s ]
SQL: SELECT `sname`,`class` FROM `sm_student` WHERE ( sid=1149219358 )  [ RunTime:0.0010s ]
SQL: SELECT `sname`,`class` FROM `sm_student` WHERE ( sid=1026780394 )  [ RunTime:0.0000s ]
SQL: SELECT `sname`,`class` FROM `sm_student` WHERE ( sid=1105457189 )  [ RunTime:0.0000s ]
SQL: SELECT `sname`,`class` FROM `sm_student` WHERE ( sid=1006482357 )  [ RunTime:0.0000s ]
SQL: SELECT `sname`,`class` FROM `sm_student` WHERE ( sid=1282933618 )  [ RunTime:0.0010s ]
SQL: SELECT `sname`,`class` FROM `sm_student` WHERE ( sid=1033075038 )  [ RunTime:0.0000s ]
SQL: SELECT `sname`,`class` FROM `sm_student` WHERE ( sid=1295597992 )  [ RunTime:0.0000s ]
SQL: SELECT `sname`,`class` FROM `sm_student` WHERE ( sid=1053360562 )  [ RunTime:0.0000s ]
SQL: SELECT `sname`,`class` FROM `sm_student` WHERE ( sid=1251973479 )  [ RunTime:0.0000s ]
SQL: SELECT `sname`,`class` FROM `sm_student` WHERE ( sid=1374575127 )  [ RunTime:0.0000s ]
SQL: SELECT `sname`,`class` FROM `sm_student` WHERE ( sid=1363374916 )  [ RunTime:0.0010s ]
SQL: SELECT `sname`,`class` FROM `sm_student` WHERE ( sid=1265826702 )  [ RunTime:0.0000s ]
SQL: SELECT `sname`,`class` FROM `sm_student` WHERE ( sid=1299802764 )  [ RunTime:0.0010s ]
SQL: SELECT `sname`,`class` FROM `sm_student` WHERE ( sid=1145715381 )  [ RunTime:0.0000s ]
SQL: SELECT `sname`,`class` FROM `sm_student` WHERE ( sid=1309288530 )  [ RunTime:0.0010s ]
SQL: SELECT `sname`,`class` FROM `sm_student` WHERE ( sid=1184209070 )  [ RunTime:0.0010s ]
SQL: SELECT `sname`,`class` FROM `sm_student` WHERE ( sid=1053435647 )  [ RunTime:0.0010s ]
SQL: SELECT `sname`,`class` FROM `sm_student` WHERE ( sid=1070705247 )  [ RunTime:0.0000s ]
SQL: SELECT `sname`,`class` FROM `sm_student` WHERE ( sid=1392758265 )  [ RunTime:0.0000s ]
SQL: SELECT `sname`,`class` FROM `sm_student` WHERE ( sid=1160331970 )  [ RunTime:0.0000s ]
SQL: SELECT `sname`,`class` FROM `sm_student` WHERE ( sid=1289466032 )  [ RunTime:0.0000s ]
SQL: SELECT `sname`,`class` FROM `sm_student` WHERE ( sid=1301817550 )  [ RunTime:0.0000s ]
SQL: SELECT `sname`,`class` FROM `sm_student` WHERE ( sid=1103104519 )  [ RunTime:0.0010s ]
SQL: SELECT `sname`,`class` FROM `sm_student` WHERE ( sid=1317973387 )  [ RunTime:0.0000s ]
SQL: SELECT `sname`,`class` FROM `sm_student` WHERE ( sid=1053911187 )  [ RunTime:0.0010s ]
SQL: SELECT `sname`,`class` FROM `sm_student` WHERE ( sid=1150996374 )  [ RunTime:0.0000s ]
SQL: SELECT `sname`,`class` FROM `sm_student` WHERE ( sid=1368130313 )  [ RunTime:0.0000s ]
SQL: SELECT `sname`,`class` FROM `sm_student` WHERE ( sid=1008359487 )  [ RunTime:0.0000s ]
SQL: SELECT `sname`,`class` FROM `sm_student` WHERE ( sid=1014816816 )  [ RunTime:0.0000s ]
SQL: SELECT `sname`,`class` FROM `sm_student` WHERE ( sid=1126193224 )  [ RunTime:0.0000s ]
SQL: SELECT `sname`,`class` FROM `sm_student` WHERE ( sid=1363850455 )  [ RunTime:0.0000s ]
SQL: SELECT `sname`,`class` FROM `sm_student` WHERE ( sid=1030497113 )  [ RunTime:0.0000s ]
SQL: SELECT `sname`,`class` FROM `sm_student` WHERE ( sid=1372247486 )  [ RunTime:0.0010s ]
SQL: SELECT `sname`,`class` FROM `sm_student` WHERE ( sid=1099863340 )  [ RunTime:0.0000s ]
SQL: SELECT `sname`,`class` FROM `sm_student` WHERE ( sid=1006344700 )  [ RunTime:0.0000s ]
SQL: SELECT `sname`,`class` FROM `sm_student` WHERE ( sid=1315032549 )  [ RunTime:0.0000s ]
SQL: SELECT `sname`,`class` FROM `sm_student` WHERE ( sid=1208010126 )  [ RunTime:0.0000s ]
SQL: INSERT INTO `sm_ttask` (`title`,`content`,`course`,`tid`,`tname`,`start_time`,`total_number`,`complete_number`,`status`,`type`) VALUES ('第二次作业测试','&lt;p&gt;第二次作业测试&lt;/p&gt;','UNIX程序设计','80135','曹玲','1460103489','40','0','0','课后') [ RunTime:0.0000s ]

[ 2016-04-08T16:47:39+08:00 ] ::1 /studentMange/index.php/Teacher/Course/send_content/course/UNIX%E7%A8%8B%E5%BA%8F%E8%AE%BE%E8%AE%A1
INFO: [ app_begin ] --START--
INFO: Run Behavior\ReadHtmlCacheBehavior [ RunTime:0.001000s ]
INFO: [ app_begin ] --END-- [ RunTime:0.001000s ]
SQL: SHOW COLUMNS FROM `sm_ttask` [ RunTime:0.0030s ]
SQL: SHOW COLUMNS FROM `sm_student` [ RunTime:0.0030s ]
SQL: SHOW COLUMNS FROM `sm_student_course` [ RunTime:0.0010s ]
SQL: SELECT `sid` FROM `sm_student_course` WHERE ( cname='UNIX程序设计' )  [ RunTime:0.0000s ]
SQL: SELECT `sname`,`class` FROM `sm_student` WHERE ( sid=1332527405 )  [ RunTime:0.0000s ]
NOTIC: [8] Undefined variable: class_data E:\xampp0\htdocs\studentMange\Application\Common\Common\function.php 第 60 行.
NOTIC: [2] in_array() expects parameter 2 to be array, null given E:\xampp0\htdocs\studentMange\Application\Common\Common\function.php 第 60 行.
SQL: SELECT `sname`,`class` FROM `sm_student` WHERE ( sid=1291868759 )  [ RunTime:0.0010s ]
SQL: SELECT `sname`,`class` FROM `sm_student` WHERE ( sid=1329336283 )  [ RunTime:0.0000s ]
SQL: SELECT `sname`,`class` FROM `sm_student` WHERE ( sid=1149219358 )  [ RunTime:0.0000s ]
SQL: SELECT `sname`,`class` FROM `sm_student` WHERE ( sid=1026780394 )  [ RunTime:0.0010s ]
SQL: SELECT `sname`,`class` FROM `sm_student` WHERE ( sid=1105457189 )  [ RunTime:0.0000s ]
SQL: SELECT `sname`,`class` FROM `sm_student` WHERE ( sid=1006482357 )  [ RunTime:0.0000s ]
SQL: SELECT `sname`,`class` FROM `sm_student` WHERE ( sid=1282933618 )  [ RunTime:0.0000s ]
SQL: SELECT `sname`,`class` FROM `sm_student` WHERE ( sid=1033075038 )  [ RunTime:0.0000s ]
SQL: SELECT `sname`,`class` FROM `sm_student` WHERE ( sid=1295597992 )  [ RunTime:0.0000s ]
SQL: SELECT `sname`,`class` FROM `sm_student` WHERE ( sid=1053360562 )  [ RunTime:0.0000s ]
SQL: SELECT `sname`,`class` FROM `sm_student` WHERE ( sid=1251973479 )  [ RunTime:0.0010s ]
SQL: SELECT `sname`,`class` FROM `sm_student` WHERE ( sid=1374575127 )  [ RunTime:0.0000s ]
SQL: SELECT `sname`,`class` FROM `sm_student` WHERE ( sid=1363374916 )  [ RunTime:0.0000s ]
SQL: SELECT `sname`,`class` FROM `sm_student` WHERE ( sid=1265826702 )  [ RunTime:0.0010s ]
SQL: SELECT `sname`,`class` FROM `sm_student` WHERE ( sid=1299802764 )  [ RunTime:0.0000s ]
SQL: SELECT `sname`,`class` FROM `sm_student` WHERE ( sid=1145715381 )  [ RunTime:0.0000s ]
SQL: SELECT `sname`,`class` FROM `sm_student` WHERE ( sid=1309288530 )  [ RunTime:0.0000s ]
SQL: SELECT `sname`,`class` FROM `sm_student` WHERE ( sid=1184209070 )  [ RunTime:0.0000s ]
SQL: SELECT `sname`,`class` FROM `sm_student` WHERE ( sid=1053435647 )  [ RunTime:0.0000s ]
SQL: SELECT `sname`,`class` FROM `sm_student` WHERE ( sid=1070705247 )  [ RunTime:0.0000s ]
SQL: SELECT `sname`,`class` FROM `sm_student` WHERE ( sid=1392758265 )  [ RunTime:0.0010s ]
SQL: SELECT `sname`,`class` FROM `sm_student` WHERE ( sid=1160331970 )  [ RunTime:0.0000s ]
SQL: SELECT `sname`,`class` FROM `sm_student` WHERE ( sid=1289466032 )  [ RunTime:0.0010s ]
SQL: SELECT `sname`,`class` FROM `sm_student` WHERE ( sid=1301817550 )  [ RunTime:0.0000s ]
SQL: SELECT `sname`,`class` FROM `sm_student` WHERE ( sid=1103104519 )  [ RunTime:0.0000s ]
SQL: SELECT `sname`,`class` FROM `sm_student` WHERE ( sid=1317973387 )  [ RunTime:0.0000s ]
SQL: SELECT `sname`,`class` FROM `sm_student` WHERE ( sid=1053911187 )  [ RunTime:0.0000s ]
SQL: SELECT `sname`,`class` FROM `sm_student` WHERE ( sid=1150996374 )  [ RunTime:0.0000s ]
SQL: SELECT `sname`,`class` FROM `sm_student` WHERE ( sid=1368130313 )  [ RunTime:0.0010s ]
SQL: SELECT `sname`,`class` FROM `sm_student` WHERE ( sid=1008359487 )  [ RunTime:0.0000s ]
SQL: SELECT `sname`,`class` FROM `sm_student` WHERE ( sid=1014816816 )  [ RunTime:0.0000s ]
SQL: SELECT `sname`,`class` FROM `sm_student` WHERE ( sid=1126193224 )  [ RunTime:0.0010s ]
SQL: SELECT `sname`,`class` FROM `sm_student` WHERE ( sid=1363850455 )  [ RunTime:0.0000s ]
SQL: SELECT `sname`,`class` FROM `sm_student` WHERE ( sid=1030497113 )  [ RunTime:0.0000s ]
SQL: SELECT `sname`,`class` FROM `sm_student` WHERE ( sid=1372247486 )  [ RunTime:0.0000s ]
SQL: SELECT `sname`,`class` FROM `sm_student` WHERE ( sid=1099863340 )  [ RunTime:0.0010s ]
SQL: SELECT `sname`,`class` FROM `sm_student` WHERE ( sid=1006344700 )  [ RunTime:0.0000s ]
SQL: SELECT `sname`,`class` FROM `sm_student` WHERE ( sid=1315032549 )  [ RunTime:0.0000s ]
SQL: SELECT `sname`,`class` FROM `sm_student` WHERE ( sid=1208010126 )  [ RunTime:0.0000s ]
SQL: INSERT INTO `sm_ttask` (`title`,`content`,`course`,`tid`,`tname`,`start_time`,`total_number`,`complete_number`,`status`,`type`) VALUES ('1111','','UNIX程序设计','80135','曹玲','1460105259','40','0','0','课前') [ RunTime:0.0000s ]

[ 2016-04-08T16:54:54+08:00 ] ::1 /studentMange/index.php/Teacher/viewtask/mark_task
INFO: [ app_begin ] --START--
INFO: Run Behavior\ReadHtmlCacheBehavior [ RunTime:0.001000s ]
INFO: [ app_begin ] --END-- [ RunTime:0.001000s ]
SQL: SHOW COLUMNS FROM `sm_stask` [ RunTime:0.0020s ]
SQL: UPDATE `sm_stask` SET `mark_reply`='已批改',`is_mark`='1',`score`='99' WHERE ( id=372 ) [ RunTime:0.0010s ]

